{"log_source": "syslog", "Computer": "FIN-WS-022", "TimeCreated": "2026-06-17T13:26:13.314662", "event_id": "evt-normal-119525", "ground_truth": false, "attack_stage": null, "scenario": null, "mitre": null, "attacker": null, "victim": null, "confidence": 0, "message": "2026-06-17T13:26:13.314662 FIN-WS-022 systemd[1]: Started SOCForge Simulated Activity."}
{"Source": "Microsoft-Windows-Sysmon", "ProviderName": "Microsoft-Windows-Sysmon", "Computer": "FIN-SRV-FILE", "TimeCreated": "2026-06-17T13:26:13.330315", "Channel": "Microsoft-Windows-Sysmon/Operational", "event_id": "evt-normal-785842", "ground_truth": false, "attack_stage": null, "scenario": null, "mitre": null, "attacker": null, "victim": null, "confidence": 0, "EventID": 11, "Description": "File created", "EventData": {"UtcTime": "2026-06-17T13:26:13.330315", "ProcessGuid": "{A2C21C30-D321-6B65-0000-0010DF6D2000}", "ProcessId": 4820, "Image": "C:\\Windows\\System32\\notepad.exe", "TargetFilename": "C:\\Users\\mford\\Documents\\report.txt", "CreationUtcTime": "2026-06-17T13:26:13.330315"}}
{"Source": "Microsoft-Windows-Security-Auditing", "ProviderName": "Microsoft-Windows-Security-Auditing", "Computer": "FIN-WS-024", "TimeCreated": "2026-06-17T13:28:13.324518", "Channel": "Security", "event_id": "evt-normal-435378", "ground_truth": false, "attack_stage": null, "scenario": null, "mitre": null, "attacker": null, "victim": null, "confidence": 0, "EventID": 4624, "Description": "An account was successfully logged on.", "EventData": {"TargetUserName": "jboyd", "TargetDomainName": "WORKGROUP", "LogonType": 2, "IpAddress": "10.44.2.74", "IpPort": "0"}}
{"Source": "Microsoft-Windows-Security-Auditing", "ProviderName": "Microsoft-Windows-Security-Auditing", "Computer": "FIN-WS-024", "TimeCreated": "2026-06-17T13:33:43.314662", "Channel": "Security", "event_id": "evt-normal-419913", "ground_truth": false, "attack_stage": null, "scenario": null, "mitre": null, "attacker": null, "victim": null, "confidence": 0, "EventID": 9999, "Description": "Generic Windows Log", "EventData": {"event_id": "evt-normal-419913", "timestamp": "2026-06-17T13:33:43.314662", "company_id": "9321a010-865d-4c55-933c-3b8f57176f37", "host": "FIN-WS-024", "ip_address": "10.44.2.74", "username": "mford", "user_role": "Helpdesk", "os_type": "Windows", "ground_truth": false, "scenario": null, "mitre": null, "attacker": null, "victim": null, "confidence": 0, "event_type": "DNSQuery", "query": "internal-wiki.local", "record_type": "A", "resolved_ip": "192.168.35.87"}}
{"Source": "Microsoft-Windows-Security-Auditing", "ProviderName": "Microsoft-Windows-Security-Auditing", "Computer": "FIN-WS-013", "TimeCreated": "2026-06-17T13:35:43.330315", "Channel": "Security", "event_id": "evt-normal-280717", "ground_truth": false, "attack_stage": null, "scenario": null, "mitre": null, "attacker": null, "victim": null, "confidence": 0, "EventID": 9999, "Description": "Generic Windows Log", "EventData": {"event_id": "evt-normal-280717", "timestamp": "2026-06-17T13:35:43.330315", "company_id": "9321a010-865d-4c55-933c-3b8f57176f37", "host": "FIN-WS-013", "ip_address": "10.44.2.63", "username": "cstephenson", "user_role": "CFO", "os_type": "Windows", "ground_truth": false, "scenario": null, "mitre": null, "attacker": null, "victim": null, "confidence": 0, "event_type": "USBInsert", "device_id": "USBSTOR\\DISK&VEN_SANDISK&PROD_CRUZER\\fdced9c5-2f41-480f-bf3e-18c5a160237a", "drive_letter": "F:"}}
{"Source": "Microsoft-Windows-Security-Auditing", "ProviderName": "Microsoft-Windows-Security-Auditing", "Computer": "FIN-WS-006", "TimeCreated": "2026-06-17T13:41:43.314662", "Channel": "Security", "event_id": "evt-normal-790046", "ground_truth": false, "attack_stage": null, "scenario": null, "mitre": null, "attacker": null, "victim": null, "confidence": 0, "EventID": 9999, "Description": "Generic Windows Log", "EventData": {"event_id": "evt-normal-790046", "timestamp": "2026-06-17T13:41:43.314662", "company_id": "9321a010-865d-4c55-933c-3b8f57176f37", "host": "FIN-WS-006", "ip_address": "10.44.2.56", "username": "kdecker", "user_role": "Sales_Rep", "os_type": "Windows", "ground_truth": false, "scenario": null, "mitre": null, "attacker": null, "victim": null, "confidence": 0, "event_type": "NetworkConnection", "destination_ip": "192.168.205.153", "destination_port": 80, "direction": "Outbound", "protocol": "TCP"}}
{"Source": "Microsoft-Windows-Security-Auditing", "ProviderName": "Microsoft-Windows-Security-Auditing", "Computer": "FIN-SRV-FILE", "TimeCreated": "2026-06-17T13:43:43.324518", "Channel": "Security", "event_id": "evt-normal-934088", "ground_truth": false, "attack_stage": null, "scenario": null, "mitre": null, "attacker": null, "victim": null, "confidence": 0, "EventID": 9999, "Description": "Generic Windows Log", "EventData": {"event_id": "evt-normal-934088", "timestamp": "2026-06-17T13:43:43.324518", "company_id": "9321a010-865d-4c55-933c-3b8f57176f37", "host": "FIN-SRV-FILE", "ip_address": "10.44.1.20", "username": "cstephenson", "user_role": "CFO", "os_type": "Windows", "ground_truth": false, "scenario": null, "mitre": null, "attacker": null, "victim": null, "confidence": 0, "event_type": "NetworkConnection", "destination_ip": "192.168.128.217", "destination_port": 443, "direction": "Outbound", "protocol": "TCP"}}
{"Source": "Microsoft-Windows-Security-Auditing", "ProviderName": "Microsoft-Windows-Security-Auditing", "Computer": "FIN-WS-013", "TimeCreated": "2026-06-17T13:46:43.314662", "Channel": "Security", "event_id": "evt-normal-203406", "ground_truth": false, "attack_stage": null, "scenario": null, "mitre": null, "attacker": null, "victim": null, "confidence": 0, "EventID": 9999, "Description": "Generic Windows Log", "EventData": {"event_id": "evt-normal-203406", "timestamp": "2026-06-17T13:46:43.314662", "company_id": "9321a010-865d-4c55-933c-3b8f57176f37", "host": "FIN-WS-013", "ip_address": "10.44.2.63", "username": "dcoleman", "user_role": "HR_Manager", "os_type": "Windows", "ground_truth": false, "scenario": null, "mitre": null, "attacker": null, "victim": null, "confidence": 0, "event_type": "DNSQuery", "query": "internal-wiki.local", "record_type": "A", "resolved_ip": "192.168.185.127"}}
{"log_source": "syslog", "Computer": "FIN-WS-020", "TimeCreated": "2026-06-17T13:47:13.330315", "event_id": "evt-normal-773436", "ground_truth": false, "attack_stage": null, "scenario": null, "mitre": null, "attacker": null, "victim": null, "confidence": 0, "message": "2026-06-17T13:47:13.330315 FIN-WS-020 systemd[1]: Started SOCForge Simulated Activity."}
{"Source": "Microsoft-Windows-Security-Auditing", "ProviderName": "Microsoft-Windows-Security-Auditing", "Computer": "FIN-WS-019", "TimeCreated": "2026-06-17T13:48:13.324518", "Channel": "Security", "event_id": "evt-normal-269535", "ground_truth": false, "attack_stage": null, "scenario": null, "mitre": null, "attacker": null, "victim": null, "confidence": 0, "EventID": 9999, "Description": "Generic Windows Log", "EventData": {"event_id": "evt-normal-269535", "timestamp": "2026-06-17T13:48:13.324518", "company_id": "9321a010-865d-4c55-933c-3b8f57176f37", "host": "FIN-WS-019", "ip_address": "10.44.2.69", "username": "kdecker", "user_role": "Sales_Rep", "os_type": "Windows", "ground_truth": false, "scenario": null, "mitre": null, "attacker": null, "victim": null, "confidence": 0, "event_type": "NetworkConnection", "destination_ip": "192.168.229.81", "destination_port": 443, "direction": "Outbound", "protocol": "TCP"}}
{"Source": "Microsoft-Windows-Security-Auditing", "ProviderName": "Microsoft-Windows-Security-Auditing", "Computer": "FIN-WS-010", "TimeCreated": "2026-06-17T13:49:13.330315", "Channel": "Security", "event_id": "evt-normal-411955", "ground_truth": false, "attack_stage": null, "scenario": null, "mitre": null, "attacker": null, "victim": null, "confidence": 0, "EventID": 9999, "Description": "Generic Windows Log", "EventData": {"event_id": "evt-normal-411955", "timestamp": "2026-06-17T13:49:13.330315", "company_id": "9321a010-865d-4c55-933c-3b8f57176f37", "host": "FIN-WS-010", "ip_address": "10.44.2.60", "username": "mford", "user_role": "Helpdesk", "os_type": "Windows", "ground_truth": false, "scenario": null, "mitre": null, "attacker": null, "victim": null, "confidence": 0, "event_type": "NetworkConnection", "destination_ip": "192.168.120.226", "destination_port": 443, "direction": "Outbound", "protocol": "TCP"}}
{"log_source": "syslog", "Computer": "FIN-SRV-WEB", "TimeCreated": "2026-06-17T13:53:13.324518", "event_id": "evt-normal-543349", "ground_truth": false, "attack_stage": null, "scenario": null, "mitre": null, "attacker": null, "victim": null, "confidence": 0, "message": "2026-06-17T13:53:13.324518 FIN-SRV-WEB systemd[1]: Started SOCForge Simulated Activity."}
{"Source": "Microsoft-Windows-Security-Auditing", "ProviderName": "Microsoft-Windows-Security-Auditing", "Computer": "FIN-WS-019", "TimeCreated": "2026-06-17T13:53:43.324518", "Channel": "Security", "event_id": "evt-normal-841702", "ground_truth": false, "attack_stage": null, "scenario": null, "mitre": null, "attacker": null, "victim": null, "confidence": 0, "EventID": 9999, "Description": "Generic Windows Log", "EventData": {"event_id": "evt-normal-841702", "timestamp": "2026-06-17T13:53:43.324518", "company_id": "9321a010-865d-4c55-933c-3b8f57176f37", "host": "FIN-WS-019", "ip_address": "10.44.2.69", "username": "afuentes", "user_role": "Helpdesk", "os_type": "Windows", "ground_truth": false, "scenario": null, "mitre": null, "attacker": null, "victim": null, "confidence": 0, "event_type": "NetworkConnection", "destination_ip": "192.168.167.104", "destination_port": 80, "direction": "Outbound", "protocol": "TCP"}}
{"log_source": "syslog", "Computer": "FIN-WS-020", "TimeCreated": "2026-06-17T13:54:13.330315", "event_id": "evt-normal-927917", "ground_truth": false, "attack_stage": null, "scenario": null, "mitre": null, "attacker": null, "victim": null, "confidence": 0, "message": "2026-06-17T13:54:13.330315 FIN-WS-020 systemd[1]: Started SOCForge Simulated Activity."}
{"Source": "Microsoft-Windows-Security-Auditing", "ProviderName": "Microsoft-Windows-Security-Auditing", "Computer": "FIN-WS-009", "TimeCreated": "2026-06-17T13:54:43.324518", "Channel": "Security", "event_id": "evt-normal-379113", "ground_truth": false, "attack_stage": null, "scenario": null, "mitre": null, "attacker": null, "victim": null, "confidence": 0, "EventID": 9999, "Description": "Generic Windows Log", "EventData": {"event_id": "evt-normal-379113", "timestamp": "2026-06-17T13:54:43.324518", "company_id": "9321a010-865d-4c55-933c-3b8f57176f37", "host": "FIN-WS-009", "ip_address": "10.44.2.59", "username": "jboyd", "user_role": "Helpdesk", "os_type": "Windows", "ground_truth": false, "scenario": null, "mitre": null, "attacker": null, "victim": null, "confidence": 0, "event_type": "USBInsert", "device_id": "USBSTOR\\DISK&VEN_SANDISK&PROD_CRUZER\\7673dd04-37e6-4216-811b-bd72c1155676", "drive_letter": "E:"}}
{"Source": "Microsoft-Windows-Security-Auditing", "ProviderName": "Microsoft-Windows-Security-Auditing", "Computer": "FIN-WS-008", "TimeCreated": "2026-06-17T13:55:43.330315", "Channel": "Security", "event_id": "evt-normal-287319", "ground_truth": false, "attack_stage": null, "scenario": null, "mitre": null, "attacker": null, "victim": null, "confidence": 0, "EventID": 9999, "Description": "Generic Windows Log", "EventData": {"event_id": "evt-normal-287319", "timestamp": "2026-06-17T13:55:43.330315", "company_id": "9321a010-865d-4c55-933c-3b8f57176f37", "host": "FIN-WS-008", "ip_address": "10.44.2.58", "username": "jwiggins", "user_role": "Sales_Rep", "os_type": "Windows", "ground_truth": false, "scenario": null, "mitre": null, "attacker": null, "victim": null, "confidence": 0, "event_type": "NetworkConnection", "destination_ip": "192.168.221.156", "destination_port": 443, "direction": "Outbound", "protocol": "TCP"}}
{"log_source": "syslog", "Computer": "FIN-WS-014", "TimeCreated": "2026-06-17T13:56:13.330315", "event_id": "evt-normal-384629", "ground_truth": false, "attack_stage": null, "scenario": null, "mitre": null, "attacker": null, "victim": null, "confidence": 0, "message": "2026-06-17T13:56:13.330315 FIN-WS-014 systemd[1]: Started SOCForge Simulated Activity."}
{"log_source": "syslog", "Computer": "FIN-WS-014", "TimeCreated": "2026-06-17T13:57:43.330315", "event_id": "evt-normal-623165", "ground_truth": false, "attack_stage": null, "scenario": null, "mitre": null, "attacker": null, "victim": null, "confidence": 0, "message": "2026-06-17T13:57:43.330315 FIN-WS-014 systemd[1]: Started SOCForge Simulated Activity."}
{"Source": "Microsoft-Windows-Sysmon", "ProviderName": "Microsoft-Windows-Sysmon", "Computer": "FIN-WS-008", "TimeCreated": "2026-06-17T14:01:13.330315", "Channel": "Microsoft-Windows-Sysmon/Operational", "event_id": "evt-normal-264634", "ground_truth": false, "attack_stage": null, "scenario": null, "mitre": null, "attacker": null, "victim": null, "confidence": 0, "EventID": 11, "Description": "File created", "EventData": {"UtcTime": "2026-06-17T14:01:13.330315", "ProcessGuid": "{A2C21C30-D321-6B65-0000-0010DF6D2000}", "ProcessId": 4820, "Image": "C:\\Windows\\System32\\notepad.exe", "TargetFilename": "C:\\Users\\mmoore\\Documents\\report.txt", "CreationUtcTime": "2026-06-17T14:01:13.330315"}}
{"Source": "Microsoft-Windows-Sysmon", "ProviderName": "Microsoft-Windows-Sysmon", "Computer": "FIN-WS-005", "TimeCreated": "2026-06-17T14:02:43.314662", "Channel": "Microsoft-Windows-Sysmon/Operational", "event_id": "evt-normal-249773", "ground_truth": false, "attack_stage": null, "scenario": null, "mitre": null, "attacker": null, "victim": null, "confidence": 0, "EventID": 1, "Description": "Process Create", "EventData": {"UtcTime": "2026-06-17T14:02:43.314662", "ProcessGuid": "{A2C21C30-D321-6B65-0000-0010DF6D2000}", "ProcessId": 4820, "Image": "C:\\Windows\\System32\\explorer.exe", "CommandLine": "C:\\Windows\\System32\\explorer.exe", "CurrentDirectory": "C:\\Windows\\system32\\", "User": "CORP\\cstephenson", "ParentProcessGuid": "{A2C21C30-D320-6B65-0000-0010C46D2000}", "ParentProcessId": 1024, "ParentImage": "C:\\Windows\\explorer.exe", "ParentCommandLine": "C:\\Windows\\explorer.exe"}}
{"Source": "Microsoft-Windows-Sysmon", "ProviderName": "Microsoft-Windows-Sysmon", "Computer": "FIN-WS-006", "TimeCreated": "2026-06-17T14:05:43.314662", "Channel": "Microsoft-Windows-Sysmon/Operational", "event_id": "evt-normal-670056", "ground_truth": false, "attack_stage": null, "scenario": null, "mitre": null, "attacker": null, "victim": null, "confidence": 0, "EventID": 11, "Description": "File created", "EventData": {"UtcTime": "2026-06-17T14:05:43.314662", "ProcessGuid": "{A2C21C30-D321-6B65-0000-0010DF6D2000}", "ProcessId": 4820, "Image": "C:\\Windows\\System32\\notepad.exe", "TargetFilename": "C:\\Users\\jespinoza\\Documents\\report.docx", "CreationUtcTime": "2026-06-17T14:05:43.314662"}}
{"Source": "Microsoft-Windows-Security-Auditing", "ProviderName": "Microsoft-Windows-Security-Auditing", "Computer": "FIN-WS-010", "TimeCreated": "2026-06-17T14:07:13.330315", "Channel": "Security", "event_id": "evt-normal-996551", "ground_truth": false, "attack_stage": null, "scenario": null, "mitre": null, "attacker": null, "victim": null, "confidence": 0, "EventID": 9999, "Description": "Generic Windows Log", "EventData": {"event_id": "evt-normal-996551", "timestamp": "2026-06-17T14:07:13.330315", "company_id": "9321a010-865d-4c55-933c-3b8f57176f37", "host": "FIN-WS-010", "ip_address": "10.44.2.60", "username": "dcoleman", "user_role": "HR_Manager", "os_type": "Windows", "ground_truth": false, "scenario": null, "mitre": null, "attacker": null, "victim": null, "confidence": 0, "event_type": "USBInsert", "device_id": "USBSTOR\\DISK&VEN_SANDISK&PROD_CRUZER\\73420d4a-aeb5-4eb2-9771-a79be84cd68f", "drive_letter": "E:"}}
{"log_source": "syslog", "Computer": "FIN-WS-004", "TimeCreated": "2026-06-17T14:10:43.314662", "event_id": "evt-normal-143848", "ground_truth": false, "attack_stage": null, "scenario": null, "mitre": null, "attacker": null, "victim": null, "confidence": 0, "message": "2026-06-17T14:10:43.314662 FIN-WS-004 systemd[1]: Started SOCForge Simulated Activity."}
{"Source": "Microsoft-Windows-Security-Auditing", "ProviderName": "Microsoft-Windows-Security-Auditing", "Computer": "FIN-WS-021", "TimeCreated": "2026-06-17T14:12:13.314662", "Channel": "Security", "event_id": "evt-normal-975689", "ground_truth": false, "attack_stage": null, "scenario": null, "mitre": null, "attacker": null, "victim": null, "confidence": 0, "EventID": 9999, "Description": "Generic Windows Log", "EventData": {"event_id": "evt-normal-975689", "timestamp": "2026-06-17T14:12:13.314662", "company_id": "9321a010-865d-4c55-933c-3b8f57176f37", "host": "FIN-WS-021", "ip_address": "10.44.2.71", "username": "sbowman", "user_role": "Assistant", "os_type": "Windows", "ground_truth": false, "scenario": null, "mitre": null, "attacker": null, "victim": null, "confidence": 0, "event_type": "PrintJob", "document_name": "Monthly_Review.pdf", "printer_name": "PRN-OFFICE-COLOR-01", "pages": 2}}
{"Source": "Microsoft-Windows-Security-Auditing", "ProviderName": "Microsoft-Windows-Security-Auditing", "Computer": "FIN-DC-01", "TimeCreated": "2026-06-17T14:12:13.324518", "Channel": "Security", "event_id": "evt-normal-878253", "ground_truth": false, "attack_stage": null, "scenario": null, "mitre": null, "attacker": null, "victim": null, "confidence": 0, "EventID": 9999, "Description": "Generic Windows Log", "EventData": {"event_id": "evt-normal-878253", "timestamp": "2026-06-17T14:12:13.324518", "company_id": "9321a010-865d-4c55-933c-3b8f57176f37", "host": "FIN-DC-01", "ip_address": "10.44.1.10", "username": "kdecker", "user_role": "Sales_Rep", "os_type": "Windows", "ground_truth": false, "scenario": null, "mitre": null, "attacker": null, "victim": null, "confidence": 0, "event_type": "DNSQuery", "query": "github.com", "record_type": "A", "resolved_ip": "192.168.202.232"}}
{"Source": "Microsoft-Windows-Security-Auditing", "ProviderName": "Microsoft-Windows-Security-Auditing", "Computer": "FIN-WS-008", "TimeCreated": "2026-06-17T14:15:13.324518", "Channel": "Security", "event_id": "evt-normal-938206", "ground_truth": false, "attack_stage": null, "scenario": null, "mitre": null, "attacker": null, "victim": null, "confidence": 0, "EventID": 9999, "Description": "Generic Windows Log", "EventData": {"event_id": "evt-normal-938206", "timestamp": "2026-06-17T14:15:13.324518", "company_id": "9321a010-865d-4c55-933c-3b8f57176f37", "host": "FIN-WS-008", "ip_address": "10.44.2.58", "username": "kryan", "user_role": "HR_Manager", "os_type": "Windows", "ground_truth": false, "scenario": null, "mitre": null, "attacker": null, "victim": null, "confidence": 0, "event_type": "PrintJob", "document_name": "Monthly_Review.pdf", "printer_name": "PRN-OFFICE-COLOR-01", "pages": 9}}
{"Source": "Microsoft-Windows-Security-Auditing", "ProviderName": "Microsoft-Windows-Security-Auditing", "Computer": "FIN-SRV-FILE", "TimeCreated": "2026-06-17T14:18:13.314662", "Channel": "Security", "event_id": "evt-normal-897954", "ground_truth": false, "attack_stage": null, "scenario": null, "mitre": null, "attacker": null, "victim": null, "confidence": 0, "EventID": 9999, "Description": "Generic Windows Log", "EventData": {"event_id": "evt-normal-897954", "timestamp": "2026-06-17T14:18:13.314662", "company_id": "9321a010-865d-4c55-933c-3b8f57176f37", "host": "FIN-SRV-FILE", "ip_address": "10.44.1.20", "username": "kdecker", "user_role": "Sales_Rep", "os_type": "Windows", "ground_truth": false, "scenario": null, "mitre": null, "attacker": null, "victim": null, "confidence": 0, "event_type": "PrintJob", "document_name": "Monthly_Review.pdf", "printer_name": "PRN-OFFICE-COLOR-01", "pages": 4}}
{"Source": "Microsoft-Windows-Security-Auditing", "ProviderName": "Microsoft-Windows-Security-Auditing", "Computer": "FIN-WS-007", "TimeCreated": "2026-06-17T14:18:43.314662", "Channel": "Security", "event_id": "evt-normal-919487", "ground_truth": false, "attack_stage": null, "scenario": null, "mitre": null, "attacker": null, "victim": null, "confidence": 0, "EventID": 9999, "Description": "Generic Windows Log", "EventData": {"event_id": "evt-normal-919487", "timestamp": "2026-06-17T14:18:43.314662", "company_id": "9321a010-865d-4c55-933c-3b8f57176f37", "host": "FIN-WS-007", "ip_address": "10.44.2.57", "username": "kryan", "user_role": "HR_Manager", "os_type": "Windows", "ground_truth": false, "scenario": null, "mitre": null, "attacker": null, "victim": null, "confidence": 0, "event_type": "DNSQuery", "query": "slack.com", "record_type": "A", "resolved_ip": "192.168.160.226"}}
{"Source": "Microsoft-Windows-Sysmon", "ProviderName": "Microsoft-Windows-Sysmon", "Computer": "FIN-WS-005", "TimeCreated": "2026-06-17T14:19:43.330315", "Channel": "Microsoft-Windows-Sysmon/Operational", "event_id": "evt-normal-761310", "ground_truth": false, "attack_stage": null, "scenario": null, "mitre": null, "attacker": null, "victim": null, "confidence": 0, "EventID": 11, "Description": "File created", "EventData": {"UtcTime": "2026-06-17T14:19:43.330315", "ProcessGuid": "{A2C21C30-D321-6B65-0000-0010DF6D2000}", "ProcessId": 4820, "Image": "C:\\Windows\\System32\\notepad.exe", "TargetFilename": "C:\\Users\\cstephenson\\Documents\\report.txt", "CreationUtcTime": "2026-06-17T14:19:43.330315"}}
{"Source": "Microsoft-Windows-Security-Auditing", "ProviderName": "Microsoft-Windows-Security-Auditing", "Computer": "FIN-WS-008", "TimeCreated": "2026-06-17T14:21:43.330315", "Channel": "Security", "event_id": "evt-normal-563061", "ground_truth": false, "attack_stage": null, "scenario": null, "mitre": null, "attacker": null, "victim": null, "confidence": 0, "EventID": 9999, "Description": "Generic Windows Log", "EventData": {"event_id": "evt-normal-563061", "timestamp": "2026-06-17T14:21:43.330315", "company_id": "9321a010-865d-4c55-933c-3b8f57176f37", "host": "FIN-WS-008", "ip_address": "10.44.2.58", "username": "mford", "user_role": "Helpdesk", "os_type": "Windows", "ground_truth": false, "scenario": null, "mitre": null, "attacker": null, "victim": null, "confidence": 0, "event_type": "PrintJob", "document_name": "Monthly_Review.pdf", "printer_name": "PRN-OFFICE-COLOR-01", "pages": 3}}
{"log_source": "syslog", "Computer": "FIN-WS-023", "TimeCreated": "2026-06-17T14:22:13.330315", "event_id": "evt-normal-933838", "ground_truth": false, "attack_stage": null, "scenario": null, "mitre": null, "attacker": null, "victim": null, "confidence": 0, "message": "2026-06-17T14:22:13.330315 FIN-WS-023 systemd[1]: Started SOCForge Simulated Activity."}
{"Source": "Microsoft-Windows-Sysmon", "ProviderName": "Microsoft-Windows-Sysmon", "Computer": "FIN-WS-005", "TimeCreated": "2026-06-17T14:23:13.324518", "Channel": "Microsoft-Windows-Sysmon/Operational", "event_id": "evt-normal-982725", "ground_truth": false, "attack_stage": null, "scenario": null, "mitre": null, "attacker": null, "victim": null, "confidence": 0, "EventID": 11, "Description": "File created", "EventData": {"UtcTime": "2026-06-17T14:23:13.324518", "ProcessGuid": "{A2C21C30-D321-6B65-0000-0010DF6D2000}", "ProcessId": 4820, "Image": "C:\\Windows\\System32\\notepad.exe", "TargetFilename": "C:\\Users\\mmoore\\Documents\\report.txt", "CreationUtcTime": "2026-06-17T14:23:13.324518"}}
{"Source": "Microsoft-Windows-Sysmon", "ProviderName": "Microsoft-Windows-Sysmon", "Computer": "FIN-WS-015", "TimeCreated": "2026-06-17T14:25:13.330315", "Channel": "Microsoft-Windows-Sysmon/Operational", "event_id": "evt-normal-642981", "ground_truth": false, "attack_stage": null, "scenario": null, "mitre": null, "attacker": null, "victim": null, "confidence": 0, "EventID": 1, "Description": "Process Create", "EventData": {"UtcTime": "2026-06-17T14:25:13.330315", "ProcessGuid": "{A2C21C30-D321-6B65-0000-0010DF6D2000}", "ProcessId": 4820, "Image": "C:\\Windows\\System32\\explorer.exe", "CommandLine": "C:\\Windows\\System32\\explorer.exe", "CurrentDirectory": "C:\\Windows\\system32\\", "User": "CORP\\jwiggins", "ParentProcessGuid": "{A2C21C30-D320-6B65-0000-0010C46D2000}", "ParentProcessId": 1024, "ParentImage": "C:\\Windows\\explorer.exe", "ParentCommandLine": "C:\\Windows\\explorer.exe"}}
{"Source": "Microsoft-Windows-Security-Auditing", "ProviderName": "Microsoft-Windows-Security-Auditing", "Computer": "FIN-WS-011", "TimeCreated": "2026-06-17T14:26:13.324518", "Channel": "Security", "event_id": "evt-normal-282268", "ground_truth": false, "attack_stage": null, "scenario": null, "mitre": null, "attacker": null, "victim": null, "confidence": 0, "EventID": 9999, "Description": "Generic Windows Log", "EventData": {"event_id": "evt-normal-282268", "timestamp": "2026-06-17T14:26:13.324518", "company_id": "9321a010-865d-4c55-933c-3b8f57176f37", "host": "FIN-WS-011", "ip_address": "10.44.2.61", "username": "afuentes", "user_role": "Helpdesk", "os_type": "Windows", "ground_truth": false, "scenario": null, "mitre": null, "attacker": null, "victim": null, "confidence": 0, "event_type": "DNSQuery", "query": "outlook.office365.com", "record_type": "A", "resolved_ip": "192.168.44.177"}}
{"Source": "Microsoft-Windows-Sysmon", "ProviderName": "Microsoft-Windows-Sysmon", "Computer": "FIN-WS-006", "TimeCreated": "2026-06-17T14:28:43.330315", "Channel": "Microsoft-Windows-Sysmon/Operational", "event_id": "evt-normal-385156", "ground_truth": false, "attack_stage": null, "scenario": null, "mitre": null, "attacker": null, "victim": null, "confidence": 0, "EventID": 11, "Description": "File created", "EventData": {"UtcTime": "2026-06-17T14:28:43.330315", "ProcessGuid": "{A2C21C30-D321-6B65-0000-0010DF6D2000}", "ProcessId": 4820, "Image": "C:\\Windows\\System32\\notepad.exe", "TargetFilename": "C:\\Users\\mmoore\\Documents\\report.txt", "CreationUtcTime": "2026-06-17T14:28:43.330315"}}
{"Source": "Microsoft-Windows-Security-Auditing", "ProviderName": "Microsoft-Windows-Security-Auditing", "Computer": "FIN-WS-002", "TimeCreated": "2026-06-17T14:31:43.314662", "Channel": "Security", "event_id": "evt-normal-823590", "ground_truth": false, "attack_stage": null, "scenario": null, "mitre": null, "attacker": null, "victim": null, "confidence": 0, "EventID": 9999, "Description": "Generic Windows Log", "EventData": {"event_id": "evt-normal-823590", "timestamp": "2026-06-17T14:31:43.314662", "company_id": "9321a010-865d-4c55-933c-3b8f57176f37", "host": "FIN-WS-002", "ip_address": "10.44.2.52", "username": "jwiggins", "user_role": "Sales_Rep", "os_type": "Windows", "ground_truth": false, "scenario": null, "mitre": null, "attacker": null, "victim": null, "confidence": 0, "event_type": "USBInsert", "device_id": "USBSTOR\\DISK&VEN_SANDISK&PROD_CRUZER\\688dbb07-f015-40d7-a614-f39478706651", "drive_letter": "E:"}}
{"Source": "Microsoft-Windows-Sysmon", "ProviderName": "Microsoft-Windows-Sysmon", "Computer": "FIN-WS-013", "TimeCreated": "2026-06-17T14:33:13.324518", "Channel": "Microsoft-Windows-Sysmon/Operational", "event_id": "evt-normal-626281", "ground_truth": false, "attack_stage": null, "scenario": null, "mitre": null, "attacker": null, "victim": null, "confidence": 0, "EventID": 11, "Description": "File created", "EventData": {"UtcTime": "2026-06-17T14:33:13.324518", "ProcessGuid": "{A2C21C30-D321-6B65-0000-0010DF6D2000}", "ProcessId": 4820, "Image": "C:\\Windows\\System32\\notepad.exe", "TargetFilename": "C:\\Users\\tstewart\\Documents\\report.txt", "CreationUtcTime": "2026-06-17T14:33:13.324518"}}
{"Source": "Microsoft-Windows-Security-Auditing", "ProviderName": "Microsoft-Windows-Security-Auditing", "Computer": "FIN-WS-001", "TimeCreated": "2026-06-17T14:33:13.330315", "Channel": "Security", "event_id": "evt-normal-966193", "ground_truth": false, "attack_stage": null, "scenario": null, "mitre": null, "attacker": null, "victim": null, "confidence": 0, "EventID": 4624, "Description": "An account was successfully logged on.", "EventData": {"TargetUserName": "mmoore", "TargetDomainName": "WORKGROUP", "LogonType": 2, "IpAddress": "10.44.2.51", "IpPort": "0"}}
{"Source": "Microsoft-Windows-Security-Auditing", "ProviderName": "Microsoft-Windows-Security-Auditing", "Computer": "FIN-WS-003", "TimeCreated": "2026-06-17T14:34:13.330315", "Channel": "Security", "event_id": "evt-normal-702369", "ground_truth": false, "attack_stage": null, "scenario": null, "mitre": null, "attacker": null, "victim": null, "confidence": 0, "EventID": 9999, "Description": "Generic Windows Log", "EventData": {"event_id": "evt-normal-702369", "timestamp": "2026-06-17T14:34:13.330315", "company_id": "9321a010-865d-4c55-933c-3b8f57176f37", "host": "FIN-WS-003", "ip_address": "10.44.2.53", "username": "cstephenson", "user_role": "CFO", "os_type": "Windows", "ground_truth": false, "scenario": null, "mitre": null, "attacker": null, "victim": null, "confidence": 0, "event_type": "NetworkConnection", "destination_ip": "192.168.153.105", "destination_port": 80, "direction": "Outbound", "protocol": "TCP"}}
{"Source": "Microsoft-Windows-Security-Auditing", "ProviderName": "Microsoft-Windows-Security-Auditing", "Computer": "FIN-WS-003", "TimeCreated": "2026-06-17T14:35:43.330315", "Channel": "Security", "event_id": "evt-normal-194548", "ground_truth": false, "attack_stage": null, "scenario": null, "mitre": null, "attacker": null, "victim": null, "confidence": 0, "EventID": 9999, "Description": "Generic Windows Log", "EventData": {"event_id": "evt-normal-194548", "timestamp": "2026-06-17T14:35:43.330315", "company_id": "9321a010-865d-4c55-933c-3b8f57176f37", "host": "FIN-WS-003", "ip_address": "10.44.2.53", "username": "bsmith", "user_role": "Assistant", "os_type": "Windows", "ground_truth": false, "scenario": null, "mitre": null, "attacker": null, "victim": null, "confidence": 0, "event_type": "NetworkConnection", "destination_ip": "192.168.154.248", "destination_port": 80, "direction": "Outbound", "protocol": "TCP"}}
{"Source": "Microsoft-Windows-Security-Auditing", "ProviderName": "Microsoft-Windows-Security-Auditing", "Computer": "FIN-WS-005", "TimeCreated": "2026-06-17T14:36:13.314662", "Channel": "Security", "event_id": "evt-normal-172115", "ground_truth": false, "attack_stage": null, "scenario": null, "mitre": null, "attacker": null, "victim": null, "confidence": 0, "EventID": 9999, "Description": "Generic Windows Log", "EventData": {"event_id": "evt-normal-172115", "timestamp": "2026-06-17T14:36:13.314662", "company_id": "9321a010-865d-4c55-933c-3b8f57176f37", "host": "FIN-WS-005", "ip_address": "10.44.2.55", "username": "afuentes", "user_role": "Helpdesk", "os_type": "Windows", "ground_truth": false, "scenario": null, "mitre": null, "attacker": null, "victim": null, "confidence": 0, "event_type": "NetworkConnection", "destination_ip": "192.168.88.103", "destination_port": 80, "direction": "Outbound", "protocol": "TCP"}}
{"Source": "Microsoft-Windows-Security-Auditing", "ProviderName": "Microsoft-Windows-Security-Auditing", "Computer": "FIN-WS-013", "TimeCreated": "2026-06-17T14:37:13.314662", "Channel": "Security", "event_id": "evt-normal-519644", "ground_truth": false, "attack_stage": null, "scenario": null, "mitre": null, "attacker": null, "victim": null, "confidence": 0, "EventID": 9999, "Description": "Generic Windows Log", "EventData": {"event_id": "evt-normal-519644", "timestamp": "2026-06-17T14:37:13.314662", "company_id": "9321a010-865d-4c55-933c-3b8f57176f37", "host": "FIN-WS-013", "ip_address": "10.44.2.63", "username": "kryan", "user_role": "HR_Manager", "os_type": "Windows", "ground_truth": false, "scenario": null, "mitre": null, "attacker": null, "victim": null, "confidence": 0, "event_type": "NetworkConnection", "destination_ip": "192.168.42.83", "destination_port": 443, "direction": "Outbound", "protocol": "TCP"}}
{"Source": "Microsoft-Windows-Sysmon", "ProviderName": "Microsoft-Windows-Sysmon", "Computer": "FIN-WS-021", "TimeCreated": "2026-06-17T14:38:13.330315", "Channel": "Microsoft-Windows-Sysmon/Operational", "event_id": "evt-normal-956833", "ground_truth": false, "attack_stage": null, "scenario": null, "mitre": null, "attacker": null, "victim": null, "confidence": 0, "EventID": 11, "Description": "File created", "EventData": {"UtcTime": "2026-06-17T14:38:13.330315", "ProcessGuid": "{A2C21C30-D321-6B65-0000-0010DF6D2000}", "ProcessId": 4820, "Image": "C:\\Windows\\System32\\notepad.exe", "TargetFilename": "C:\\Users\\jwiggins\\Documents\\report.txt", "CreationUtcTime": "2026-06-17T14:38:13.330315"}}
{"log_source": "syslog", "Computer": "FIN-WS-020", "TimeCreated": "2026-06-17T14:40:13.330315", "event_id": "evt-normal-204078", "ground_truth": false, "attack_stage": null, "scenario": null, "mitre": null, "attacker": null, "victim": null, "confidence": 0, "message": "2026-06-17T14:40:13.330315 FIN-WS-020 systemd[1]: Started SOCForge Simulated Activity."}
{"log_source": "syslog", "Computer": "FIN-WS-020", "TimeCreated": "2026-06-17T14:41:13.330315", "event_id": "evt-normal-805691", "ground_truth": false, "attack_stage": null, "scenario": null, "mitre": null, "attacker": null, "victim": null, "confidence": 0, "message": "2026-06-17T14:41:13.330315 FIN-WS-020 systemd[1]: Started SOCForge Simulated Activity."}
{"Source": "Microsoft-Windows-Security-Auditing", "ProviderName": "Microsoft-Windows-Security-Auditing", "Computer": "FIN-DC-01", "TimeCreated": "2026-06-17T14:41:43.314662", "Channel": "Security", "event_id": "evt-normal-897033", "ground_truth": false, "attack_stage": null, "scenario": null, "mitre": null, "attacker": null, "victim": null, "confidence": 0, "EventID": 9999, "Description": "Generic Windows Log", "EventData": {"event_id": "evt-normal-897033", "timestamp": "2026-06-17T14:41:43.314662", "company_id": "9321a010-865d-4c55-933c-3b8f57176f37", "host": "FIN-DC-01", "ip_address": "10.44.1.10", "username": "sbowman", "user_role": "Assistant", "os_type": "Windows", "ground_truth": false, "scenario": null, "mitre": null, "attacker": null, "victim": null, "confidence": 0, "event_type": "NetworkConnection", "destination_ip": "192.168.231.129", "destination_port": 443, "direction": "Outbound", "protocol": "TCP"}}
{"Source": "Microsoft-Windows-Sysmon", "ProviderName": "Microsoft-Windows-Sysmon", "Computer": "FIN-WS-006", "TimeCreated": "2026-06-17T14:42:43.314662", "Channel": "Microsoft-Windows-Sysmon/Operational", "event_id": "evt-normal-474717", "ground_truth": false, "attack_stage": null, "scenario": null, "mitre": null, "attacker": null, "victim": null, "confidence": 0, "EventID": 1, "Description": "Process Create", "EventData": {"UtcTime": "2026-06-17T14:42:43.314662", "ProcessGuid": "{A2C21C30-D321-6B65-0000-0010DF6D2000}", "ProcessId": 4820, "Image": "C:\\Windows\\System32\\word.exe", "CommandLine": "C:\\Windows\\System32\\word.exe", "CurrentDirectory": "C:\\Windows\\system32\\", "User": "CORP\\kryan", "ParentProcessGuid": "{A2C21C30-D320-6B65-0000-0010C46D2000}", "ParentProcessId": 1024, "ParentImage": "C:\\Windows\\explorer.exe", "ParentCommandLine": "C:\\Windows\\explorer.exe"}}
{"Source": "Microsoft-Windows-Security-Auditing", "ProviderName": "Microsoft-Windows-Security-Auditing", "Computer": "FIN-WS-013", "TimeCreated": "2026-06-17T14:45:13.324518", "Channel": "Security", "event_id": "evt-normal-816196", "ground_truth": false, "attack_stage": null, "scenario": null, "mitre": null, "attacker": null, "victim": null, "confidence": 0, "EventID": 9999, "Description": "Generic Windows Log", "EventData": {"event_id": "evt-normal-816196", "timestamp": "2026-06-17T14:45:13.324518", "company_id": "9321a010-865d-4c55-933c-3b8f57176f37", "host": "FIN-WS-013", "ip_address": "10.44.2.63", "username": "bsmith", "user_role": "Assistant", "os_type": "Windows", "ground_truth": false, "scenario": null, "mitre": null, "attacker": null, "victim": null, "confidence": 0, "event_type": "PrintJob", "document_name": "Monthly_Review.pdf", "printer_name": "PRN-OFFICE-COLOR-01", "pages": 8}}
{"Source": "Microsoft-Windows-Security-Auditing", "ProviderName": "Microsoft-Windows-Security-Auditing", "Computer": "FIN-WS-005", "TimeCreated": "2026-06-17T14:47:13.324518", "Channel": "Security", "event_id": "evt-normal-297585", "ground_truth": false, "attack_stage": null, "scenario": null, "mitre": null, "attacker": null, "victim": null, "confidence": 0, "EventID": 4624, "Description": "An account was successfully logged on.", "EventData": {"TargetUserName": "kdecker", "TargetDomainName": "WORKGROUP", "LogonType": 2, "IpAddress": "10.68.200.7", "IpPort": "0"}}
{"Source": "Microsoft-Windows-Sysmon", "ProviderName": "Microsoft-Windows-Sysmon", "Computer": "FIN-WS-001", "TimeCreated": "2026-06-17T14:50:43.324518", "Channel": "Microsoft-Windows-Sysmon/Operational", "event_id": "evt-normal-343466", "ground_truth": false, "attack_stage": null, "scenario": null, "mitre": null, "attacker": null, "victim": null, "confidence": 0, "EventID": 1, "Description": "Process Create", "EventData": {"UtcTime": "2026-06-17T14:50:43.324518", "ProcessGuid": "{A2C21C30-D321-6B65-0000-0010DF6D2000}", "ProcessId": 4820, "Image": "C:\\Windows\\System32\\powershell.exe", "CommandLine": "C:\\Windows\\System32\\powershell.exe", "CurrentDirectory": "C:\\Windows\\system32\\", "User": "CORP\\jriley", "ParentProcessGuid": "{A2C21C30-D320-6B65-0000-0010C46D2000}", "ParentProcessId": 1024, "ParentImage": "C:\\Windows\\explorer.exe", "ParentCommandLine": "C:\\Windows\\explorer.exe"}}
{"Source": "Microsoft-Windows-Security-Auditing", "ProviderName": "Microsoft-Windows-Security-Auditing", "Computer": "FIN-WS-009", "TimeCreated": "2026-06-17T14:52:13.314662", "Channel": "Security", "event_id": "evt-normal-951193", "ground_truth": false, "attack_stage": null, "scenario": null, "mitre": null, "attacker": null, "victim": null, "confidence": 0, "EventID": 9999, "Description": "Generic Windows Log", "EventData": {"event_id": "evt-normal-951193", "timestamp": "2026-06-17T14:52:13.314662", "company_id": "9321a010-865d-4c55-933c-3b8f57176f37", "host": "FIN-WS-009", "ip_address": "10.44.2.59", "username": "mmoore", "user_role": "SysAdmin", "os_type": "Windows", "ground_truth": false, "scenario": null, "mitre": null, "attacker": null, "victim": null, "confidence": 0, "event_type": "DNSQuery", "query": "aws.amazon.com", "record_type": "A", "resolved_ip": "192.168.30.238"}}
{"Source": "Microsoft-Windows-Security-Auditing", "ProviderName": "Microsoft-Windows-Security-Auditing", "Computer": "FIN-WS-018", "TimeCreated": "2026-06-17T14:55:13.314662", "Channel": "Security", "event_id": "evt-normal-687608", "ground_truth": false, "attack_stage": null, "scenario": null, "mitre": null, "attacker": null, "victim": null, "confidence": 0, "EventID": 9999, "Description": "Generic Windows Log", "EventData": {"event_id": "evt-normal-687608", "timestamp": "2026-06-17T14:55:13.314662", "company_id": "9321a010-865d-4c55-933c-3b8f57176f37", "host": "FIN-WS-018", "ip_address": "10.44.2.68", "username": "afuentes", "user_role": "Helpdesk", "os_type": "Windows", "ground_truth": false, "scenario": null, "mitre": null, "attacker": null, "victim": null, "confidence": 0, "event_type": "DNSQuery", "query": "linkedin.com", "record_type": "A", "resolved_ip": "192.168.101.211"}}
{"Source": "Microsoft-Windows-Security-Auditing", "ProviderName": "Microsoft-Windows-Security-Auditing", "Computer": "FIN-WS-003", "TimeCreated": "2026-06-17T14:56:43.314662", "Channel": "Security", "event_id": "evt-normal-244242", "ground_truth": false, "attack_stage": null, "scenario": null, "mitre": null, "attacker": null, "victim": null, "confidence": 0, "EventID": 9999, "Description": "Generic Windows Log", "EventData": {"event_id": "evt-normal-244242", "timestamp": "2026-06-17T14:56:43.314662", "company_id": "9321a010-865d-4c55-933c-3b8f57176f37", "host": "FIN-WS-003", "ip_address": "10.44.2.53", "username": "sbowman", "user_role": "Assistant", "os_type": "Windows", "ground_truth": false, "scenario": null, "mitre": null, "attacker": null, "victim": null, "confidence": 0, "event_type": "PrintJob", "document_name": "Monthly_Review.pdf", "printer_name": "PRN-OFFICE-COLOR-01", "pages": 5}}
{"log_source": "syslog", "Computer": "FIN-WS-012", "TimeCreated": "2026-06-17T15:01:13.324518", "event_id": "evt-normal-300821", "ground_truth": false, "attack_stage": null, "scenario": null, "mitre": null, "attacker": null, "victim": null, "confidence": 0, "message": "2026-06-17T15:01:13.324518 FIN-WS-012 systemd[1]: Started SOCForge Simulated Activity."}
{"Source": "Microsoft-Windows-Security-Auditing", "ProviderName": "Microsoft-Windows-Security-Auditing", "Computer": "FIN-WS-026", "TimeCreated": "2026-06-17T15:05:13.314662", "Channel": "Security", "event_id": "evt-normal-125800", "ground_truth": false, "attack_stage": null, "scenario": null, "mitre": null, "attacker": null, "victim": null, "confidence": 0, "EventID": 9999, "Description": "Generic Windows Log", "EventData": {"event_id": "evt-normal-125800", "timestamp": "2026-06-17T15:05:13.314662", "company_id": "9321a010-865d-4c55-933c-3b8f57176f37", "host": "FIN-WS-026", "ip_address": "10.44.2.76", "username": "mford", "user_role": "Helpdesk", "os_type": "Windows", "ground_truth": false, "scenario": null, "mitre": null, "attacker": null, "victim": null, "confidence": 0, "event_type": "PrintJob", "document_name": "Monthly_Review.pdf", "printer_name": "PRN-OFFICE-COLOR-01", "pages": 2}}
{"Source": "Microsoft-Windows-Sysmon", "ProviderName": "Microsoft-Windows-Sysmon", "Computer": "FIN-WS-016", "TimeCreated": "2026-06-17T15:12:13.324518", "Channel": "Microsoft-Windows-Sysmon/Operational", "event_id": "evt-normal-424105", "ground_truth": false, "attack_stage": null, "scenario": null, "mitre": null, "attacker": null, "victim": null, "confidence": 0, "EventID": 1, "Description": "Process Create", "EventData": {"UtcTime": "2026-06-17T15:12:13.324518", "ProcessGuid": "{A2C21C30-D321-6B65-0000-0010DF6D2000}", "ProcessId": 4820, "Image": "C:\\Windows\\System32\\resumes-viewer.exe", "CommandLine": "C:\\Windows\\System32\\resumes-viewer.exe", "CurrentDirectory": "C:\\Windows\\system32\\", "User": "CORP\\kryan", "ParentProcessGuid": "{A2C21C30-D320-6B65-0000-0010C46D2000}", "ParentProcessId": 1024, "ParentImage": "C:\\Windows\\explorer.exe", "ParentCommandLine": "C:\\Windows\\explorer.exe"}}
{"Source": "Microsoft-Windows-Security-Auditing", "ProviderName": "Microsoft-Windows-Security-Auditing", "Computer": "FIN-WS-003", "TimeCreated": "2026-06-17T15:13:43.324518", "Channel": "Security", "event_id": "evt-normal-403056", "ground_truth": false, "attack_stage": null, "scenario": null, "mitre": null, "attacker": null, "victim": null, "confidence": 0, "EventID": 9999, "Description": "Generic Windows Log", "EventData": {"event_id": "evt-normal-403056", "timestamp": "2026-06-17T15:13:43.324518", "company_id": "9321a010-865d-4c55-933c-3b8f57176f37", "host": "FIN-WS-003", "ip_address": "10.44.2.53", "username": "jboyd", "user_role": "Helpdesk", "os_type": "Windows", "ground_truth": false, "scenario": null, "mitre": null, "attacker": null, "victim": null, "confidence": 0, "event_type": "USBInsert", "device_id": "USBSTOR\\DISK&VEN_SANDISK&PROD_CRUZER\\1f4a1d97-2d88-40f0-bebf-840a3d204b07", "drive_letter": "F:"}}
{"log_source": "syslog", "Computer": "FIN-WS-022", "TimeCreated": "2026-06-17T15:14:13.314662", "event_id": "evt-normal-766234", "ground_truth": false, "attack_stage": null, "scenario": null, "mitre": null, "attacker": null, "victim": null, "confidence": 0, "message": "2026-06-17T15:14:13.314662 FIN-WS-022 systemd[1]: Started SOCForge Simulated Activity."}
{"Source": "Microsoft-Windows-Sysmon", "ProviderName": "Microsoft-Windows-Sysmon", "Computer": "FIN-WS-003", "TimeCreated": "2026-06-17T15:15:43.330315", "Channel": "Microsoft-Windows-Sysmon/Operational", "event_id": "evt-normal-346404", "ground_truth": false, "attack_stage": null, "scenario": null, "mitre": null, "attacker": null, "victim": null, "confidence": 0, "EventID": 11, "Description": "File created", "EventData": {"UtcTime": "2026-06-17T15:15:43.330315", "ProcessGuid": "{A2C21C30-D321-6B65-0000-0010DF6D2000}", "ProcessId": 4820, "Image": "C:\\Windows\\System32\\notepad.exe", "TargetFilename": "C:\\Users\\dcoleman\\Documents\\report.docx", "CreationUtcTime": "2026-06-17T15:15:43.330315"}}
{"Source": "Microsoft-Windows-Security-Auditing", "ProviderName": "Microsoft-Windows-Security-Auditing", "Computer": "FIN-WS-001", "TimeCreated": "2026-06-17T15:18:43.314662", "Channel": "Security", "event_id": "evt-normal-961797", "ground_truth": false, "attack_stage": null, "scenario": null, "mitre": null, "attacker": null, "victim": null, "confidence": 0, "EventID": 9999, "Description": "Generic Windows Log", "EventData": {"event_id": "evt-normal-961797", "timestamp": "2026-06-17T15:18:43.314662", "company_id": "9321a010-865d-4c55-933c-3b8f57176f37", "host": "FIN-WS-001", "ip_address": "10.44.2.51", "username": "jriley", "user_role": "Security_Analyst", "os_type": "Windows", "ground_truth": false, "scenario": null, "mitre": null, "attacker": null, "victim": null, "confidence": 0, "event_type": "PrintJob", "document_name": "Monthly_Review.pdf", "printer_name": "PRN-OFFICE-COLOR-01", "pages": 3}}
{"Source": "Microsoft-Windows-Sysmon", "ProviderName": "Microsoft-Windows-Sysmon", "Computer": "FIN-DC-01", "TimeCreated": "2026-06-17T15:20:43.324518", "Channel": "Microsoft-Windows-Sysmon/Operational", "event_id": "evt-normal-149439", "ground_truth": false, "attack_stage": null, "scenario": null, "mitre": null, "attacker": null, "victim": null, "confidence": 0, "EventID": 1, "Description": "Process Create", "EventData": {"UtcTime": "2026-06-17T15:20:43.324518", "ProcessGuid": "{A2C21C30-D321-6B65-0000-0010DF6D2000}", "ProcessId": 4820, "Image": "C:\\Windows\\System32\\excel.exe", "CommandLine": "C:\\Windows\\System32\\excel.exe", "CurrentDirectory": "C:\\Windows\\system32\\", "User": "CORP\\tstewart", "ParentProcessGuid": "{A2C21C30-D320-6B65-0000-0010C46D2000}", "ParentProcessId": 1024, "ParentImage": "C:\\Windows\\explorer.exe", "ParentCommandLine": "C:\\Windows\\explorer.exe"}}
{"Source": "Microsoft-Windows-Security-Auditing", "ProviderName": "Microsoft-Windows-Security-Auditing", "Computer": "FIN-WS-007", "TimeCreated": "2026-06-17T15:25:43.324518", "Channel": "Security", "event_id": "evt-normal-319328", "ground_truth": false, "attack_stage": null, "scenario": null, "mitre": null, "attacker": null, "victim": null, "confidence": 0, "EventID": 4624, "Description": "An account was successfully logged on.", "EventData": {"TargetUserName": "cstephenson", "TargetDomainName": "WORKGROUP", "LogonType": 2, "IpAddress": "10.44.2.57", "IpPort": "0"}}
{"Source": "Microsoft-Windows-Security-Auditing", "ProviderName": "Microsoft-Windows-Security-Auditing", "Computer": "FIN-WS-011", "TimeCreated": "2026-06-17T15:26:43.324518", "Channel": "Security", "event_id": "evt-normal-970717", "ground_truth": false, "attack_stage": null, "scenario": null, "mitre": null, "attacker": null, "victim": null, "confidence": 0, "EventID": 9999, "Description": "Generic Windows Log", "EventData": {"event_id": "evt-normal-970717", "timestamp": "2026-06-17T15:26:43.324518", "company_id": "9321a010-865d-4c55-933c-3b8f57176f37", "host": "FIN-WS-011", "ip_address": "10.44.2.61", "username": "mharrison", "user_role": "HR_Specialist", "os_type": "Windows", "ground_truth": false, "scenario": null, "mitre": null, "attacker": null, "victim": null, "confidence": 0, "event_type": "USBInsert", "device_id": "USBSTOR\\DISK&VEN_SANDISK&PROD_CRUZER\\f0e88e27-ea8a-40e5-a8b6-cfd21bbac216", "drive_letter": "G:"}}
{"log_source": "syslog", "Computer": "FIN-WS-017", "TimeCreated": "2026-06-17T15:29:13.314662", "event_id": "evt-normal-221235", "ground_truth": false, "attack_stage": null, "scenario": null, "mitre": null, "attacker": null, "victim": null, "confidence": 0, "message": "2026-06-17T15:29:13.314662 FIN-WS-017 systemd[1]: Started SOCForge Simulated Activity."}
{"Source": "Microsoft-Windows-Sysmon", "ProviderName": "Microsoft-Windows-Sysmon", "Computer": "FIN-DC-01", "TimeCreated": "2026-06-17T15:35:43.330315", "Channel": "Microsoft-Windows-Sysmon/Operational", "event_id": "evt-normal-713564", "ground_truth": false, "attack_stage": null, "scenario": null, "mitre": null, "attacker": null, "victim": null, "confidence": 0, "EventID": 11, "Description": "File created", "EventData": {"UtcTime": "2026-06-17T15:35:43.330315", "ProcessGuid": "{A2C21C30-D321-6B65-0000-0010DF6D2000}", "ProcessId": 4820, "Image": "C:\\Windows\\System32\\notepad.exe", "TargetFilename": "C:\\Users\\bsmith\\Documents\\report.txt", "CreationUtcTime": "2026-06-17T15:35:43.330315"}}
{"Source": "Microsoft-Windows-Security-Auditing", "ProviderName": "Microsoft-Windows-Security-Auditing", "Computer": "FIN-WS-007", "TimeCreated": "2026-06-17T15:39:13.324518", "Channel": "Security", "event_id": "evt-normal-659902", "ground_truth": false, "attack_stage": null, "scenario": null, "mitre": null, "attacker": null, "victim": null, "confidence": 0, "EventID": 4624, "Description": "An account was successfully logged on.", "EventData": {"TargetUserName": "mmoore", "TargetDomainName": "WORKGROUP", "LogonType": 2, "IpAddress": "10.44.2.57", "IpPort": "0"}}
