{"log_source": "syslog", "Computer": "FIN-WS-014", "TimeCreated": "2026-06-17T10:20:43.314662", "event_id": "evt-normal-156759", "ground_truth": false, "attack_stage": null, "scenario": null, "mitre": null, "attacker": null, "victim": null, "confidence": 0, "message": "2026-06-17T10:20:43.314662 FIN-WS-014 systemd[1]: Started SOCForge Simulated Activity."}
{"Source": "Microsoft-Windows-Security-Auditing", "ProviderName": "Microsoft-Windows-Security-Auditing", "Computer": "FIN-WS-019", "TimeCreated": "2026-06-17T10:21:43.314662", "Channel": "Security", "event_id": "evt-normal-961157", "ground_truth": false, "attack_stage": null, "scenario": null, "mitre": null, "attacker": null, "victim": null, "confidence": 0, "EventID": 9999, "Description": "Generic Windows Log", "EventData": {"event_id": "evt-normal-961157", "timestamp": "2026-06-17T10:21:43.314662", "company_id": "9321a010-865d-4c55-933c-3b8f57176f37", "host": "FIN-WS-019", "ip_address": "10.44.2.69", "username": "dcoleman", "user_role": "HR_Manager", "os_type": "Windows", "ground_truth": false, "scenario": null, "mitre": null, "attacker": null, "victim": null, "confidence": 0, "event_type": "PrintJob", "document_name": "Monthly_Review.pdf", "printer_name": "PRN-OFFICE-COLOR-01", "pages": 4}}
{"log_source": "syslog", "Computer": "FIN-WS-014", "TimeCreated": "2026-06-17T10:22:13.324518", "event_id": "evt-normal-924258", "ground_truth": false, "attack_stage": null, "scenario": null, "mitre": null, "attacker": null, "victim": null, "confidence": 0, "message": "2026-06-17T10:22:13.324518 FIN-WS-014 systemd[1]: Started SOCForge Simulated Activity."}
{"log_source": "syslog", "Computer": "FIN-WS-014", "TimeCreated": "2026-06-17T10:22:43.314662", "event_id": "evt-normal-613488", "ground_truth": false, "attack_stage": null, "scenario": null, "mitre": null, "attacker": null, "victim": null, "confidence": 0, "message": "2026-06-17T10:22:43.314662 FIN-WS-014 systemd[1]: Started SOCForge Simulated Activity."}
{"Source": "Microsoft-Windows-Security-Auditing", "ProviderName": "Microsoft-Windows-Security-Auditing", "Computer": "FIN-WS-005", "TimeCreated": "2026-06-17T10:30:13.324518", "Channel": "Security", "event_id": "evt-normal-469269", "ground_truth": false, "attack_stage": null, "scenario": null, "mitre": null, "attacker": null, "victim": null, "confidence": 0, "EventID": 9999, "Description": "Generic Windows Log", "EventData": {"event_id": "evt-normal-469269", "timestamp": "2026-06-17T10:30:13.324518", "company_id": "9321a010-865d-4c55-933c-3b8f57176f37", "host": "FIN-WS-005", "ip_address": "10.44.2.55", "username": "jwiggins", "user_role": "Sales_Rep", "os_type": "Windows", "ground_truth": false, "scenario": null, "mitre": null, "attacker": null, "victim": null, "confidence": 0, "event_type": "DNSQuery", "query": "zoom.us", "record_type": "A", "resolved_ip": "192.168.40.47"}}
{"log_source": "syslog", "Computer": "FIN-WS-017", "TimeCreated": "2026-06-17T10:32:13.324518", "event_id": "evt-normal-474597", "ground_truth": false, "attack_stage": null, "scenario": null, "mitre": null, "attacker": null, "victim": null, "confidence": 0, "message": "2026-06-17T10:32:13.324518 FIN-WS-017 systemd[1]: Started SOCForge Simulated Activity."}
{"log_source": "syslog", "Computer": "FIN-WS-017", "TimeCreated": "2026-06-17T10:33:43.314662", "event_id": "evt-normal-749846", "ground_truth": false, "attack_stage": null, "scenario": null, "mitre": null, "attacker": null, "victim": null, "confidence": 0, "message": "2026-06-17T10:33:43.314662 FIN-WS-017 systemd[1]: Started SOCForge Simulated Activity."}
{"Source": "Microsoft-Windows-Sysmon", "ProviderName": "Microsoft-Windows-Sysmon", "Computer": "FIN-WS-009", "TimeCreated": "2026-06-17T10:34:43.314662", "Channel": "Microsoft-Windows-Sysmon/Operational", "event_id": "evt-normal-762708", "ground_truth": false, "attack_stage": null, "scenario": null, "mitre": null, "attacker": null, "victim": null, "confidence": 0, "EventID": 11, "Description": "File created", "EventData": {"UtcTime": "2026-06-17T10:34:43.314662", "ProcessGuid": "{A2C21C30-D321-6B65-0000-0010DF6D2000}", "ProcessId": 4820, "Image": "C:\\Windows\\System32\\notepad.exe", "TargetFilename": "C:\\Users\\afuentes\\Documents\\report.txt", "CreationUtcTime": "2026-06-17T10:34:43.314662"}}
{"Source": "Microsoft-Windows-Sysmon", "ProviderName": "Microsoft-Windows-Sysmon", "Computer": "FIN-WS-003", "TimeCreated": "2026-06-17T10:35:13.314662", "Channel": "Microsoft-Windows-Sysmon/Operational", "event_id": "evt-normal-289534", "ground_truth": false, "attack_stage": null, "scenario": null, "mitre": null, "attacker": null, "victim": null, "confidence": 0, "EventID": 11, "Description": "File created", "EventData": {"UtcTime": "2026-06-17T10:35:13.314662", "ProcessGuid": "{A2C21C30-D321-6B65-0000-0010DF6D2000}", "ProcessId": 4820, "Image": "C:\\Windows\\System32\\notepad.exe", "TargetFilename": "C:\\Users\\jriley\\Documents\\report.txt", "CreationUtcTime": "2026-06-17T10:35:13.314662"}}
{"Source": "Microsoft-Windows-Security-Auditing", "ProviderName": "Microsoft-Windows-Security-Auditing", "Computer": "FIN-WS-021", "TimeCreated": "2026-06-17T10:36:13.314662", "Channel": "Security", "event_id": "evt-normal-694164", "ground_truth": false, "attack_stage": null, "scenario": null, "mitre": null, "attacker": null, "victim": null, "confidence": 0, "EventID": 9999, "Description": "Generic Windows Log", "EventData": {"event_id": "evt-normal-694164", "timestamp": "2026-06-17T10:36:13.314662", "company_id": "9321a010-865d-4c55-933c-3b8f57176f37", "host": "FIN-WS-021", "ip_address": "10.44.2.71", "username": "jboyd", "user_role": "Helpdesk", "os_type": "Windows", "ground_truth": false, "scenario": null, "mitre": null, "attacker": null, "victim": null, "confidence": 0, "event_type": "PrintJob", "document_name": "Monthly_Review.pdf", "printer_name": "PRN-OFFICE-COLOR-01", "pages": 1}}
{"Source": "Microsoft-Windows-Security-Auditing", "ProviderName": "Microsoft-Windows-Security-Auditing", "Computer": "FIN-WS-007", "TimeCreated": "2026-06-17T10:37:13.314662", "Channel": "Security", "event_id": "evt-normal-240837", "ground_truth": false, "attack_stage": null, "scenario": null, "mitre": null, "attacker": null, "victim": null, "confidence": 0, "EventID": 9999, "Description": "Generic Windows Log", "EventData": {"event_id": "evt-normal-240837", "timestamp": "2026-06-17T10:37:13.314662", "company_id": "9321a010-865d-4c55-933c-3b8f57176f37", "host": "FIN-WS-007", "ip_address": "10.44.2.57", "username": "dcoleman", "user_role": "HR_Manager", "os_type": "Windows", "ground_truth": false, "scenario": null, "mitre": null, "attacker": null, "victim": null, "confidence": 0, "event_type": "PrintJob", "document_name": "Monthly_Review.pdf", "printer_name": "PRN-OFFICE-COLOR-01", "pages": 10}}
{"log_source": "syslog", "Computer": "FIN-WS-020", "TimeCreated": "2026-06-17T10:38:43.330315", "event_id": "evt-normal-132727", "ground_truth": false, "attack_stage": null, "scenario": null, "mitre": null, "attacker": null, "victim": null, "confidence": 0, "message": "2026-06-17T10:38:43.330315 FIN-WS-020 systemd[1]: Started SOCForge Simulated Activity."}
{"Source": "Microsoft-Windows-Sysmon", "ProviderName": "Microsoft-Windows-Sysmon", "Computer": "FIN-DC-01", "TimeCreated": "2026-06-17T10:45:13.324518", "Channel": "Microsoft-Windows-Sysmon/Operational", "event_id": "evt-normal-363387", "ground_truth": false, "attack_stage": null, "scenario": null, "mitre": null, "attacker": null, "victim": null, "confidence": 0, "EventID": 1, "Description": "Process Create", "EventData": {"UtcTime": "2026-06-17T10:45:13.324518", "ProcessGuid": "{A2C21C30-D321-6B65-0000-0010DF6D2000}", "ProcessId": 4820, "Image": "C:\\Windows\\System32\\powershell.exe", "CommandLine": "C:\\Windows\\System32\\powershell.exe", "CurrentDirectory": "C:\\Windows\\system32\\", "User": "CORP\\mmoore", "ParentProcessGuid": "{A2C21C30-D320-6B65-0000-0010C46D2000}", "ParentProcessId": 1024, "ParentImage": "C:\\Windows\\explorer.exe", "ParentCommandLine": "C:\\Windows\\explorer.exe"}}
{"Source": "Microsoft-Windows-Sysmon", "ProviderName": "Microsoft-Windows-Sysmon", "Computer": "FIN-WS-005", "TimeCreated": "2026-06-17T10:45:13.330315", "Channel": "Microsoft-Windows-Sysmon/Operational", "event_id": "evt-normal-293882", "ground_truth": false, "attack_stage": null, "scenario": null, "mitre": null, "attacker": null, "victim": null, "confidence": 0, "EventID": 11, "Description": "File created", "EventData": {"UtcTime": "2026-06-17T10:45:13.330315", "ProcessGuid": "{A2C21C30-D321-6B65-0000-0010DF6D2000}", "ProcessId": 4820, "Image": "C:\\Windows\\System32\\notepad.exe", "TargetFilename": "C:\\Users\\jhernandez\\Documents\\report.txt", "CreationUtcTime": "2026-06-17T10:45:13.330315"}}
{"Source": "Microsoft-Windows-Security-Auditing", "ProviderName": "Microsoft-Windows-Security-Auditing", "Computer": "FIN-WS-013", "TimeCreated": "2026-06-17T10:47:13.314662", "Channel": "Security", "event_id": "evt-normal-319874", "ground_truth": false, "attack_stage": null, "scenario": null, "mitre": null, "attacker": null, "victim": null, "confidence": 0, "EventID": 4624, "Description": "An account was successfully logged on.", "EventData": {"TargetUserName": "afuentes", "TargetDomainName": "WORKGROUP", "LogonType": 2, "IpAddress": "10.44.2.63", "IpPort": "0"}}
{"Source": "Microsoft-Windows-Security-Auditing", "ProviderName": "Microsoft-Windows-Security-Auditing", "Computer": "FIN-WS-016", "TimeCreated": "2026-06-17T10:47:43.330315", "Channel": "Security", "event_id": "evt-normal-491398", "ground_truth": false, "attack_stage": null, "scenario": null, "mitre": null, "attacker": null, "victim": null, "confidence": 0, "EventID": 4624, "Description": "An account was successfully logged on.", "EventData": {"TargetUserName": "kryan", "TargetDomainName": "WORKGROUP", "LogonType": 2, "IpAddress": "10.44.2.66", "IpPort": "0"}}
{"Source": "Microsoft-Windows-Security-Auditing", "ProviderName": "Microsoft-Windows-Security-Auditing", "Computer": "FIN-WS-006", "TimeCreated": "2026-06-17T10:48:13.330315", "Channel": "Security", "event_id": "evt-normal-874171", "ground_truth": false, "attack_stage": null, "scenario": null, "mitre": null, "attacker": null, "victim": null, "confidence": 0, "EventID": 4624, "Description": "An account was successfully logged on.", "EventData": {"TargetUserName": "afuentes", "TargetDomainName": "WORKGROUP", "LogonType": 2, "IpAddress": "10.44.2.56", "IpPort": "0"}}
{"log_source": "auth.log", "Computer": "FIN-SRV-WEB", "TimeCreated": "2026-06-17T10:48:43.314662", "event_id": "evt-normal-259793", "ground_truth": false, "attack_stage": null, "scenario": null, "mitre": null, "attacker": null, "victim": null, "confidence": 0, "message": "2026-06-17T10:48:43.314662 FIN-SRV-WEB sshd[4102]: Accepted publickey for kryan from 10.56.63.251 port 51951 ssh2"}
{"Source": "Microsoft-Windows-Sysmon", "ProviderName": "Microsoft-Windows-Sysmon", "Computer": "FIN-WS-018", "TimeCreated": "2026-06-17T10:50:43.324518", "Channel": "Microsoft-Windows-Sysmon/Operational", "event_id": "evt-normal-170179", "ground_truth": false, "attack_stage": null, "scenario": null, "mitre": null, "attacker": null, "victim": null, "confidence": 0, "EventID": 1, "Description": "Process Create", "EventData": {"UtcTime": "2026-06-17T10:50:43.324518", "ProcessGuid": "{A2C21C30-D321-6B65-0000-0010DF6D2000}", "ProcessId": 4820, "Image": "C:\\Windows\\System32\\excel.exe", "CommandLine": "C:\\Windows\\System32\\excel.exe", "CurrentDirectory": "C:\\Windows\\system32\\", "User": "CORP\\jhernandez", "ParentProcessGuid": "{A2C21C30-D320-6B65-0000-0010C46D2000}", "ParentProcessId": 1024, "ParentImage": "C:\\Windows\\explorer.exe", "ParentCommandLine": "C:\\Windows\\explorer.exe"}}
{"Source": "Microsoft-Windows-Security-Auditing", "ProviderName": "Microsoft-Windows-Security-Auditing", "Computer": "FIN-WS-019", "TimeCreated": "2026-06-17T10:51:13.330315", "Channel": "Security", "event_id": "evt-normal-982706", "ground_truth": false, "attack_stage": null, "scenario": null, "mitre": null, "attacker": null, "victim": null, "confidence": 0, "EventID": 9999, "Description": "Generic Windows Log", "EventData": {"event_id": "evt-normal-982706", "timestamp": "2026-06-17T10:51:13.330315", "company_id": "9321a010-865d-4c55-933c-3b8f57176f37", "host": "FIN-WS-019", "ip_address": "10.44.2.69", "username": "afuentes", "user_role": "Helpdesk", "os_type": "Windows", "ground_truth": false, "scenario": null, "mitre": null, "attacker": null, "victim": null, "confidence": 0, "event_type": "USBInsert", "device_id": "USBSTOR\\DISK&VEN_SANDISK&PROD_CRUZER\\4f34cc85-9023-44ac-8eda-db4bce3231d2", "drive_letter": "E:"}}
{"Source": "Microsoft-Windows-Security-Auditing", "ProviderName": "Microsoft-Windows-Security-Auditing", "Computer": "FIN-WS-007", "TimeCreated": "2026-06-17T10:55:43.330315", "Channel": "Security", "event_id": "evt-normal-869614", "ground_truth": false, "attack_stage": null, "scenario": null, "mitre": null, "attacker": null, "victim": null, "confidence": 0, "EventID": 9999, "Description": "Generic Windows Log", "EventData": {"event_id": "evt-normal-869614", "timestamp": "2026-06-17T10:55:43.330315", "company_id": "9321a010-865d-4c55-933c-3b8f57176f37", "host": "FIN-WS-007", "ip_address": "10.44.2.57", "username": "mmoore", "user_role": "SysAdmin", "os_type": "Windows", "ground_truth": false, "scenario": null, "mitre": null, "attacker": null, "victim": null, "confidence": 0, "event_type": "PrintJob", "document_name": "Monthly_Review.pdf", "printer_name": "PRN-OFFICE-COLOR-01", "pages": 2}}
{"Source": "Microsoft-Windows-Sysmon", "ProviderName": "Microsoft-Windows-Sysmon", "Computer": "FIN-WS-010", "TimeCreated": "2026-06-17T11:01:13.330315", "Channel": "Microsoft-Windows-Sysmon/Operational", "event_id": "evt-normal-760413", "ground_truth": false, "attack_stage": null, "scenario": null, "mitre": null, "attacker": null, "victim": null, "confidence": 0, "EventID": 1, "Description": "Process Create", "EventData": {"UtcTime": "2026-06-17T11:01:13.330315", "ProcessGuid": "{A2C21C30-D321-6B65-0000-0010DF6D2000}", "ProcessId": 4820, "Image": "C:\\Windows\\System32\\chrome.exe", "CommandLine": "C:\\Windows\\System32\\chrome.exe", "CurrentDirectory": "C:\\Windows\\system32\\", "User": "CORP\\kdecker", "ParentProcessGuid": "{A2C21C30-D320-6B65-0000-0010C46D2000}", "ParentProcessId": 1024, "ParentImage": "C:\\Windows\\explorer.exe", "ParentCommandLine": "C:\\Windows\\explorer.exe"}}
{"Source": "Microsoft-Windows-Security-Auditing", "ProviderName": "Microsoft-Windows-Security-Auditing", "Computer": "FIN-WS-007", "TimeCreated": "2026-06-17T11:02:43.314662", "Channel": "Security", "event_id": "evt-normal-295611", "ground_truth": false, "attack_stage": null, "scenario": null, "mitre": null, "attacker": null, "victim": null, "confidence": 0, "EventID": 9999, "Description": "Generic Windows Log", "EventData": {"event_id": "evt-normal-295611", "timestamp": "2026-06-17T11:02:43.314662", "company_id": "9321a010-865d-4c55-933c-3b8f57176f37", "host": "FIN-WS-007", "ip_address": "10.44.2.57", "username": "jriley", "user_role": "Security_Analyst", "os_type": "Windows", "ground_truth": false, "scenario": null, "mitre": null, "attacker": null, "victim": null, "confidence": 0, "event_type": "USBInsert", "device_id": "USBSTOR\\DISK&VEN_SANDISK&PROD_CRUZER\\5765a8bb-62bb-48ef-9f6e-e92dd363af84", "drive_letter": "F:"}}
{"Source": "Microsoft-Windows-Security-Auditing", "ProviderName": "Microsoft-Windows-Security-Auditing", "Computer": "FIN-WS-002", "TimeCreated": "2026-06-17T11:05:13.330315", "Channel": "Security", "event_id": "evt-normal-321812", "ground_truth": false, "attack_stage": null, "scenario": null, "mitre": null, "attacker": null, "victim": null, "confidence": 0, "EventID": 9999, "Description": "Generic Windows Log", "EventData": {"event_id": "evt-normal-321812", "timestamp": "2026-06-17T11:05:13.330315", "company_id": "9321a010-865d-4c55-933c-3b8f57176f37", "host": "FIN-WS-002", "ip_address": "10.44.2.52", "username": "jespinoza", "user_role": "HR_Specialist", "os_type": "Windows", "ground_truth": false, "scenario": null, "mitre": null, "attacker": null, "victim": null, "confidence": 0, "event_type": "NetworkConnection", "destination_ip": "192.168.249.57", "destination_port": 443, "direction": "Outbound", "protocol": "TCP"}}
{"Source": "Microsoft-Windows-Security-Auditing", "ProviderName": "Microsoft-Windows-Security-Auditing", "Computer": "FIN-WS-019", "TimeCreated": "2026-06-17T11:09:43.314662", "Channel": "Security", "event_id": "evt-normal-788939", "ground_truth": false, "attack_stage": null, "scenario": null, "mitre": null, "attacker": null, "victim": null, "confidence": 0, "EventID": 9999, "Description": "Generic Windows Log", "EventData": {"event_id": "evt-normal-788939", "timestamp": "2026-06-17T11:09:43.314662", "company_id": "9321a010-865d-4c55-933c-3b8f57176f37", "host": "FIN-WS-019", "ip_address": "10.44.2.69", "username": "bsmith", "user_role": "Assistant", "os_type": "Windows", "ground_truth": false, "scenario": null, "mitre": null, "attacker": null, "victim": null, "confidence": 0, "event_type": "PrintJob", "document_name": "Monthly_Review.pdf", "printer_name": "PRN-OFFICE-COLOR-01", "pages": 8}}
{"Source": "Microsoft-Windows-Security-Auditing", "ProviderName": "Microsoft-Windows-Security-Auditing", "Computer": "FIN-WS-010", "TimeCreated": "2026-06-17T11:10:13.330315", "Channel": "Security", "event_id": "evt-normal-813770", "ground_truth": false, "attack_stage": null, "scenario": null, "mitre": null, "attacker": null, "victim": null, "confidence": 0, "EventID": 9999, "Description": "Generic Windows Log", "EventData": {"event_id": "evt-normal-813770", "timestamp": "2026-06-17T11:10:13.330315", "company_id": "9321a010-865d-4c55-933c-3b8f57176f37", "host": "FIN-WS-010", "ip_address": "10.44.2.60", "username": "jhernandez", "user_role": "Marketing_Specialist", "os_type": "Windows", "ground_truth": false, "scenario": null, "mitre": null, "attacker": null, "victim": null, "confidence": 0, "event_type": "USBInsert", "device_id": "USBSTOR\\DISK&VEN_SANDISK&PROD_CRUZER\\604efd8f-94ca-49c5-b2ec-b8854a26427c", "drive_letter": "E:"}}
{"Source": "Microsoft-Windows-Security-Auditing", "ProviderName": "Microsoft-Windows-Security-Auditing", "Computer": "FIN-WS-011", "TimeCreated": "2026-06-17T11:11:43.330315", "Channel": "Security", "event_id": "evt-normal-567087", "ground_truth": false, "attack_stage": null, "scenario": null, "mitre": null, "attacker": null, "victim": null, "confidence": 0, "EventID": 9999, "Description": "Generic Windows Log", "EventData": {"event_id": "evt-normal-567087", "timestamp": "2026-06-17T11:11:43.330315", "company_id": "9321a010-865d-4c55-933c-3b8f57176f37", "host": "FIN-WS-011", "ip_address": "10.44.2.61", "username": "mford", "user_role": "Helpdesk", "os_type": "Windows", "ground_truth": false, "scenario": null, "mitre": null, "attacker": null, "victim": null, "confidence": 0, "event_type": "DNSQuery", "query": "jira.atlassian.net", "record_type": "A", "resolved_ip": "192.168.101.8"}}
{"log_source": "auth.log", "Computer": "FIN-WS-020", "TimeCreated": "2026-06-17T11:13:43.314662", "event_id": "evt-normal-656555", "ground_truth": false, "attack_stage": null, "scenario": null, "mitre": null, "attacker": null, "victim": null, "confidence": 0, "message": "2026-06-17T11:13:43.314662 FIN-WS-020 sshd[4102]: Accepted publickey for kryan from 10.44.2.70 port 56087 ssh2"}
{"Source": "Microsoft-Windows-Sysmon", "ProviderName": "Microsoft-Windows-Sysmon", "Computer": "FIN-WS-003", "TimeCreated": "2026-06-17T11:14:13.324518", "Channel": "Microsoft-Windows-Sysmon/Operational", "event_id": "evt-normal-155324", "ground_truth": false, "attack_stage": null, "scenario": null, "mitre": null, "attacker": null, "victim": null, "confidence": 0, "EventID": 1, "Description": "Process Create", "EventData": {"UtcTime": "2026-06-17T11:14:13.324518", "ProcessGuid": "{A2C21C30-D321-6B65-0000-0010DF6D2000}", "ProcessId": 4820, "Image": "C:\\Windows\\System32\\resumes-viewer.exe", "CommandLine": "C:\\Windows\\System32\\resumes-viewer.exe", "CurrentDirectory": "C:\\Windows\\system32\\", "User": "CORP\\jespinoza", "ParentProcessGuid": "{A2C21C30-D320-6B65-0000-0010C46D2000}", "ParentProcessId": 1024, "ParentImage": "C:\\Windows\\explorer.exe", "ParentCommandLine": "C:\\Windows\\explorer.exe"}}
{"Source": "Microsoft-Windows-Security-Auditing", "ProviderName": "Microsoft-Windows-Security-Auditing", "Computer": "FIN-WS-021", "TimeCreated": "2026-06-17T11:16:13.314662", "Channel": "Security", "event_id": "evt-normal-438920", "ground_truth": false, "attack_stage": null, "scenario": null, "mitre": null, "attacker": null, "victim": null, "confidence": 0, "EventID": 9999, "Description": "Generic Windows Log", "EventData": {"event_id": "evt-normal-438920", "timestamp": "2026-06-17T11:16:13.314662", "company_id": "9321a010-865d-4c55-933c-3b8f57176f37", "host": "FIN-WS-021", "ip_address": "10.44.2.71", "username": "jwiggins", "user_role": "Sales_Rep", "os_type": "Windows", "ground_truth": false, "scenario": null, "mitre": null, "attacker": null, "victim": null, "confidence": 0, "event_type": "NetworkConnection", "destination_ip": "192.168.118.147", "destination_port": 80, "direction": "Outbound", "protocol": "TCP"}}
{"Source": "Microsoft-Windows-Security-Auditing", "ProviderName": "Microsoft-Windows-Security-Auditing", "Computer": "FIN-WS-016", "TimeCreated": "2026-06-17T11:18:43.330315", "Channel": "Security", "event_id": "evt-normal-896229", "ground_truth": false, "attack_stage": null, "scenario": null, "mitre": null, "attacker": null, "victim": null, "confidence": 0, "EventID": 9999, "Description": "Generic Windows Log", "EventData": {"event_id": "evt-normal-896229", "timestamp": "2026-06-17T11:18:43.330315", "company_id": "9321a010-865d-4c55-933c-3b8f57176f37", "host": "FIN-WS-016", "ip_address": "10.44.2.66", "username": "afuentes", "user_role": "Helpdesk", "os_type": "Windows", "ground_truth": false, "scenario": null, "mitre": null, "attacker": null, "victim": null, "confidence": 0, "event_type": "USBInsert", "device_id": "USBSTOR\\DISK&VEN_SANDISK&PROD_CRUZER\\dc321e6c-9f38-40b1-aa8d-f3f5df2cc876", "drive_letter": "G:"}}
{"Source": "Microsoft-Windows-Security-Auditing", "ProviderName": "Microsoft-Windows-Security-Auditing", "Computer": "FIN-WS-024", "TimeCreated": "2026-06-17T11:19:13.324518", "Channel": "Security", "event_id": "evt-normal-174355", "ground_truth": false, "attack_stage": null, "scenario": null, "mitre": null, "attacker": null, "victim": null, "confidence": 0, "EventID": 9999, "Description": "Generic Windows Log", "EventData": {"event_id": "evt-normal-174355", "timestamp": "2026-06-17T11:19:13.324518", "company_id": "9321a010-865d-4c55-933c-3b8f57176f37", "host": "FIN-WS-024", "ip_address": "10.44.2.74", "username": "mmoore", "user_role": "SysAdmin", "os_type": "Windows", "ground_truth": false, "scenario": null, "mitre": null, "attacker": null, "victim": null, "confidence": 0, "event_type": "DNSQuery", "query": "google.com", "record_type": "A", "resolved_ip": "192.168.75.228"}}
{"Source": "Microsoft-Windows-Security-Auditing", "ProviderName": "Microsoft-Windows-Security-Auditing", "Computer": "FIN-WS-010", "TimeCreated": "2026-06-17T11:20:13.314662", "Channel": "Security", "event_id": "evt-normal-106285", "ground_truth": false, "attack_stage": null, "scenario": null, "mitre": null, "attacker": null, "victim": null, "confidence": 0, "EventID": 9999, "Description": "Generic Windows Log", "EventData": {"event_id": "evt-normal-106285", "timestamp": "2026-06-17T11:20:13.314662", "company_id": "9321a010-865d-4c55-933c-3b8f57176f37", "host": "FIN-WS-010", "ip_address": "10.44.2.60", "username": "jboyd", "user_role": "Helpdesk", "os_type": "Windows", "ground_truth": false, "scenario": null, "mitre": null, "attacker": null, "victim": null, "confidence": 0, "event_type": "NetworkConnection", "destination_ip": "192.168.88.131", "destination_port": 443, "direction": "Outbound", "protocol": "TCP"}}
{"log_source": "syslog", "Computer": "FIN-WS-023", "TimeCreated": "2026-06-17T11:21:43.314662", "event_id": "evt-normal-712812", "ground_truth": false, "attack_stage": null, "scenario": null, "mitre": null, "attacker": null, "victim": null, "confidence": 0, "message": "2026-06-17T11:21:43.314662 FIN-WS-023 systemd[1]: Started SOCForge Simulated Activity."}
{"Source": "Microsoft-Windows-Security-Auditing", "ProviderName": "Microsoft-Windows-Security-Auditing", "Computer": "FIN-WS-013", "TimeCreated": "2026-06-17T11:22:13.314662", "Channel": "Security", "event_id": "evt-normal-937656", "ground_truth": false, "attack_stage": null, "scenario": null, "mitre": null, "attacker": null, "victim": null, "confidence": 0, "EventID": 9999, "Description": "Generic Windows Log", "EventData": {"event_id": "evt-normal-937656", "timestamp": "2026-06-17T11:22:13.314662", "company_id": "9321a010-865d-4c55-933c-3b8f57176f37", "host": "FIN-WS-013", "ip_address": "10.44.2.63", "username": "sbowman", "user_role": "Assistant", "os_type": "Windows", "ground_truth": false, "scenario": null, "mitre": null, "attacker": null, "victim": null, "confidence": 0, "event_type": "NetworkConnection", "destination_ip": "192.168.247.222", "destination_port": 443, "direction": "Outbound", "protocol": "TCP"}}
{"Source": "Microsoft-Windows-Sysmon", "ProviderName": "Microsoft-Windows-Sysmon", "Computer": "FIN-WS-002", "TimeCreated": "2026-06-17T11:24:43.324518", "Channel": "Microsoft-Windows-Sysmon/Operational", "event_id": "evt-normal-110022", "ground_truth": false, "attack_stage": null, "scenario": null, "mitre": null, "attacker": null, "victim": null, "confidence": 0, "EventID": 1, "Description": "Process Create", "EventData": {"UtcTime": "2026-06-17T11:24:43.324518", "ProcessGuid": "{A2C21C30-D321-6B65-0000-0010DF6D2000}", "ProcessId": 4820, "Image": "C:\\Windows\\System32\\notepad.exe", "CommandLine": "C:\\Windows\\System32\\notepad.exe", "CurrentDirectory": "C:\\Windows\\system32\\", "User": "CORP\\jboyd", "ParentProcessGuid": "{A2C21C30-D320-6B65-0000-0010C46D2000}", "ParentProcessId": 1024, "ParentImage": "C:\\Windows\\explorer.exe", "ParentCommandLine": "C:\\Windows\\explorer.exe"}}
{"Source": "Microsoft-Windows-Sysmon", "ProviderName": "Microsoft-Windows-Sysmon", "Computer": "FIN-WS-016", "TimeCreated": "2026-06-17T11:25:13.330315", "Channel": "Microsoft-Windows-Sysmon/Operational", "event_id": "evt-normal-760047", "ground_truth": false, "attack_stage": null, "scenario": null, "mitre": null, "attacker": null, "victim": null, "confidence": 0, "EventID": 1, "Description": "Process Create", "EventData": {"UtcTime": "2026-06-17T11:25:13.330315", "ProcessGuid": "{A2C21C30-D321-6B65-0000-0010DF6D2000}", "ProcessId": 4820, "Image": "C:\\Windows\\System32\\chrome.exe", "CommandLine": "C:\\Windows\\System32\\chrome.exe", "CurrentDirectory": "C:\\Windows\\system32\\", "User": "CORP\\kdecker", "ParentProcessGuid": "{A2C21C30-D320-6B65-0000-0010C46D2000}", "ParentProcessId": 1024, "ParentImage": "C:\\Windows\\explorer.exe", "ParentCommandLine": "C:\\Windows\\explorer.exe"}}
{"Source": "Microsoft-Windows-Security-Auditing", "ProviderName": "Microsoft-Windows-Security-Auditing", "Computer": "FIN-WS-024", "TimeCreated": "2026-06-17T11:28:43.330315", "Channel": "Security", "event_id": "evt-normal-835237", "ground_truth": false, "attack_stage": null, "scenario": null, "mitre": null, "attacker": null, "victim": null, "confidence": 0, "EventID": 9999, "Description": "Generic Windows Log", "EventData": {"event_id": "evt-normal-835237", "timestamp": "2026-06-17T11:28:43.330315", "company_id": "9321a010-865d-4c55-933c-3b8f57176f37", "host": "FIN-WS-024", "ip_address": "10.44.2.74", "username": "jhernandez", "user_role": "Marketing_Specialist", "os_type": "Windows", "ground_truth": false, "scenario": null, "mitre": null, "attacker": null, "victim": null, "confidence": 0, "event_type": "DNSQuery", "query": "stackoverflow.com", "record_type": "A", "resolved_ip": "192.168.215.51"}}
{"Source": "Microsoft-Windows-Sysmon", "ProviderName": "Microsoft-Windows-Sysmon", "Computer": "FIN-WS-024", "TimeCreated": "2026-06-17T11:35:43.324518", "Channel": "Microsoft-Windows-Sysmon/Operational", "event_id": "evt-normal-422345", "ground_truth": false, "attack_stage": null, "scenario": null, "mitre": null, "attacker": null, "victim": null, "confidence": 0, "EventID": 11, "Description": "File created", "EventData": {"UtcTime": "2026-06-17T11:35:43.324518", "ProcessGuid": "{A2C21C30-D321-6B65-0000-0010DF6D2000}", "ProcessId": 4820, "Image": "C:\\Windows\\System32\\notepad.exe", "TargetFilename": "C:\\Users\\tstewart\\Documents\\report.txt", "CreationUtcTime": "2026-06-17T11:35:43.324518"}}
{"log_source": "syslog", "Computer": "FIN-WS-020", "TimeCreated": "2026-06-17T11:36:13.314662", "event_id": "evt-normal-726856", "ground_truth": false, "attack_stage": null, "scenario": null, "mitre": null, "attacker": null, "victim": null, "confidence": 0, "message": "2026-06-17T11:36:13.314662 FIN-WS-020 systemd[1]: Started SOCForge Simulated Activity."}
{"log_source": "syslog", "Computer": "FIN-SRV-WEB", "TimeCreated": "2026-06-17T11:37:13.324518", "event_id": "evt-normal-271424", "ground_truth": false, "attack_stage": null, "scenario": null, "mitre": null, "attacker": null, "victim": null, "confidence": 0, "message": "2026-06-17T11:37:13.324518 FIN-SRV-WEB systemd[1]: Started SOCForge Simulated Activity."}
{"Source": "Microsoft-Windows-Security-Auditing", "ProviderName": "Microsoft-Windows-Security-Auditing", "Computer": "FIN-WS-026", "TimeCreated": "2026-06-17T11:38:13.314662", "Channel": "Security", "event_id": "evt-normal-277428", "ground_truth": false, "attack_stage": null, "scenario": null, "mitre": null, "attacker": null, "victim": null, "confidence": 0, "EventID": 9999, "Description": "Generic Windows Log", "EventData": {"event_id": "evt-normal-277428", "timestamp": "2026-06-17T11:38:13.314662", "company_id": "9321a010-865d-4c55-933c-3b8f57176f37", "host": "FIN-WS-026", "ip_address": "10.44.2.76", "username": "jriley", "user_role": "Security_Analyst", "os_type": "Windows", "ground_truth": false, "scenario": null, "mitre": null, "attacker": null, "victim": null, "confidence": 0, "event_type": "PrintJob", "document_name": "Monthly_Review.pdf", "printer_name": "PRN-OFFICE-COLOR-01", "pages": 5}}
{"log_source": "syslog", "Computer": "FIN-WS-014", "TimeCreated": "2026-06-17T11:42:43.314662", "event_id": "evt-normal-835323", "ground_truth": false, "attack_stage": null, "scenario": null, "mitre": null, "attacker": null, "victim": null, "confidence": 0, "message": "2026-06-17T11:42:43.314662 FIN-WS-014 systemd[1]: Started SOCForge Simulated Activity."}
{"log_source": "auth.log", "Computer": "FIN-WS-017", "TimeCreated": "2026-06-17T11:44:13.314662", "event_id": "evt-normal-716682", "ground_truth": false, "attack_stage": null, "scenario": null, "mitre": null, "attacker": null, "victim": null, "confidence": 0, "message": "2026-06-17T11:44:13.314662 FIN-WS-017 sshd[4102]: Accepted publickey for kdecker from 10.44.2.67 port 51992 ssh2"}
{"Source": "Microsoft-Windows-Security-Auditing", "ProviderName": "Microsoft-Windows-Security-Auditing", "Computer": "FIN-WS-006", "TimeCreated": "2026-06-17T11:44:43.314662", "Channel": "Security", "event_id": "evt-normal-988880", "ground_truth": false, "attack_stage": null, "scenario": null, "mitre": null, "attacker": null, "victim": null, "confidence": 0, "EventID": 9999, "Description": "Generic Windows Log", "EventData": {"event_id": "evt-normal-988880", "timestamp": "2026-06-17T11:44:43.314662", "company_id": "9321a010-865d-4c55-933c-3b8f57176f37", "host": "FIN-WS-006", "ip_address": "10.44.2.56", "username": "cstephenson", "user_role": "CFO", "os_type": "Windows", "ground_truth": false, "scenario": null, "mitre": null, "attacker": null, "victim": null, "confidence": 0, "event_type": "NetworkConnection", "destination_ip": "192.168.160.148", "destination_port": 443, "direction": "Outbound", "protocol": "TCP"}}
{"Source": "Microsoft-Windows-Security-Auditing", "ProviderName": "Microsoft-Windows-Security-Auditing", "Computer": "FIN-WS-003", "TimeCreated": "2026-06-17T11:46:43.314662", "Channel": "Security", "event_id": "evt-normal-846879", "ground_truth": false, "attack_stage": null, "scenario": null, "mitre": null, "attacker": null, "victim": null, "confidence": 0, "EventID": 9999, "Description": "Generic Windows Log", "EventData": {"event_id": "evt-normal-846879", "timestamp": "2026-06-17T11:46:43.314662", "company_id": "9321a010-865d-4c55-933c-3b8f57176f37", "host": "FIN-WS-003", "ip_address": "10.44.2.53", "username": "kdecker", "user_role": "Sales_Rep", "os_type": "Windows", "ground_truth": false, "scenario": null, "mitre": null, "attacker": null, "victim": null, "confidence": 0, "event_type": "NetworkConnection", "destination_ip": "192.168.228.131", "destination_port": 80, "direction": "Outbound", "protocol": "TCP"}}
{"Source": "Microsoft-Windows-Security-Auditing", "ProviderName": "Microsoft-Windows-Security-Auditing", "Computer": "FIN-WS-016", "TimeCreated": "2026-06-17T11:49:13.324518", "Channel": "Security", "event_id": "evt-normal-607089", "ground_truth": false, "attack_stage": null, "scenario": null, "mitre": null, "attacker": null, "victim": null, "confidence": 0, "EventID": 9999, "Description": "Generic Windows Log", "EventData": {"event_id": "evt-normal-607089", "timestamp": "2026-06-17T11:49:13.324518", "company_id": "9321a010-865d-4c55-933c-3b8f57176f37", "host": "FIN-WS-016", "ip_address": "10.44.2.66", "username": "dcoleman", "user_role": "HR_Manager", "os_type": "Windows", "ground_truth": false, "scenario": null, "mitre": null, "attacker": null, "victim": null, "confidence": 0, "event_type": "DNSQuery", "query": "zoom.us", "record_type": "A", "resolved_ip": "192.168.107.42"}}
{"log_source": "auth.log", "Computer": "FIN-WS-004", "TimeCreated": "2026-06-17T11:50:43.314662", "event_id": "evt-normal-351414", "ground_truth": false, "attack_stage": null, "scenario": null, "mitre": null, "attacker": null, "victim": null, "confidence": 0, "message": "2026-06-17T11:50:43.314662 FIN-WS-004 sshd[4102]: Accepted publickey for jboyd from 10.236.202.68 port 49193 ssh2"}
{"Source": "Microsoft-Windows-Security-Auditing", "ProviderName": "Microsoft-Windows-Security-Auditing", "Computer": "FIN-WS-003", "TimeCreated": "2026-06-17T11:52:43.324518", "Channel": "Security", "event_id": "evt-normal-154140", "ground_truth": false, "attack_stage": null, "scenario": null, "mitre": null, "attacker": null, "victim": null, "confidence": 0, "EventID": 9999, "Description": "Generic Windows Log", "EventData": {"event_id": "evt-normal-154140", "timestamp": "2026-06-17T11:52:43.324518", "company_id": "9321a010-865d-4c55-933c-3b8f57176f37", "host": "FIN-WS-003", "ip_address": "10.44.2.53", "username": "jboyd", "user_role": "Helpdesk", "os_type": "Windows", "ground_truth": false, "scenario": null, "mitre": null, "attacker": null, "victim": null, "confidence": 0, "event_type": "DNSQuery", "query": "slack.com", "record_type": "A", "resolved_ip": "192.168.149.238"}}
{"Source": "Microsoft-Windows-Security-Auditing", "ProviderName": "Microsoft-Windows-Security-Auditing", "Computer": "FIN-WS-015", "TimeCreated": "2026-06-17T11:54:43.324518", "Channel": "Security", "event_id": "evt-normal-982977", "ground_truth": false, "attack_stage": null, "scenario": null, "mitre": null, "attacker": null, "victim": null, "confidence": 0, "EventID": 9999, "Description": "Generic Windows Log", "EventData": {"event_id": "evt-normal-982977", "timestamp": "2026-06-17T11:54:43.324518", "company_id": "9321a010-865d-4c55-933c-3b8f57176f37", "host": "FIN-WS-015", "ip_address": "10.44.2.65", "username": "mmoore", "user_role": "SysAdmin", "os_type": "Windows", "ground_truth": false, "scenario": null, "mitre": null, "attacker": null, "victim": null, "confidence": 0, "event_type": "NetworkConnection", "destination_ip": "192.168.132.40", "destination_port": 443, "direction": "Outbound", "protocol": "TCP"}}
{"Source": "Microsoft-Windows-Security-Auditing", "ProviderName": "Microsoft-Windows-Security-Auditing", "Computer": "FIN-WS-015", "TimeCreated": "2026-06-17T11:59:13.324518", "Channel": "Security", "event_id": "evt-normal-290800", "ground_truth": false, "attack_stage": null, "scenario": null, "mitre": null, "attacker": null, "victim": null, "confidence": 0, "EventID": 9999, "Description": "Generic Windows Log", "EventData": {"event_id": "evt-normal-290800", "timestamp": "2026-06-17T11:59:13.324518", "company_id": "9321a010-865d-4c55-933c-3b8f57176f37", "host": "FIN-WS-015", "ip_address": "10.44.2.65", "username": "cstephenson", "user_role": "CFO", "os_type": "Windows", "ground_truth": false, "scenario": null, "mitre": null, "attacker": null, "victim": null, "confidence": 0, "event_type": "DNSQuery", "query": "nytimes.com", "record_type": "A", "resolved_ip": "192.168.20.166"}}
{"Source": "Microsoft-Windows-Security-Auditing", "ProviderName": "Microsoft-Windows-Security-Auditing", "Computer": "FIN-WS-008", "TimeCreated": "2026-06-17T11:59:43.324518", "Channel": "Security", "event_id": "evt-normal-585790", "ground_truth": false, "attack_stage": null, "scenario": null, "mitre": null, "attacker": null, "victim": null, "confidence": 0, "EventID": 9999, "Description": "Generic Windows Log", "EventData": {"event_id": "evt-normal-585790", "timestamp": "2026-06-17T11:59:43.324518", "company_id": "9321a010-865d-4c55-933c-3b8f57176f37", "host": "FIN-WS-008", "ip_address": "10.44.2.58", "username": "mford", "user_role": "Helpdesk", "os_type": "Windows", "ground_truth": false, "scenario": null, "mitre": null, "attacker": null, "victim": null, "confidence": 0, "event_type": "DNSQuery", "query": "internal-wiki.local", "record_type": "A", "resolved_ip": "192.168.137.200"}}
{"Source": "Microsoft-Windows-Security-Auditing", "ProviderName": "Microsoft-Windows-Security-Auditing", "Computer": "FIN-DC-01", "TimeCreated": "2026-06-17T12:24:13.324518", "Channel": "Security", "event_id": "evt-normal-866467", "ground_truth": false, "attack_stage": null, "scenario": null, "mitre": null, "attacker": null, "victim": null, "confidence": 0, "EventID": 9999, "Description": "Generic Windows Log", "EventData": {"event_id": "evt-normal-866467", "timestamp": "2026-06-17T12:24:13.324518", "company_id": "9321a010-865d-4c55-933c-3b8f57176f37", "host": "FIN-DC-01", "ip_address": "10.44.1.10", "username": "jhernandez", "user_role": "Marketing_Specialist", "os_type": "Windows", "ground_truth": false, "scenario": null, "mitre": null, "attacker": null, "victim": null, "confidence": 0, "event_type": "PrintJob", "document_name": "Monthly_Review.pdf", "printer_name": "PRN-OFFICE-COLOR-01", "pages": 1}}
{"Source": "Microsoft-Windows-Security-Auditing", "ProviderName": "Microsoft-Windows-Security-Auditing", "Computer": "FIN-WS-019", "TimeCreated": "2026-06-17T12:31:13.324518", "Channel": "Security", "event_id": "evt-normal-523862", "ground_truth": false, "attack_stage": null, "scenario": null, "mitre": null, "attacker": null, "victim": null, "confidence": 0, "EventID": 9999, "Description": "Generic Windows Log", "EventData": {"event_id": "evt-normal-523862", "timestamp": "2026-06-17T12:31:13.324518", "company_id": "9321a010-865d-4c55-933c-3b8f57176f37", "host": "FIN-WS-019", "ip_address": "10.44.2.69", "username": "jespinoza", "user_role": "HR_Specialist", "os_type": "Windows", "ground_truth": false, "scenario": null, "mitre": null, "attacker": null, "victim": null, "confidence": 0, "event_type": "DNSQuery", "query": "google.com", "record_type": "A", "resolved_ip": "192.168.172.185"}}
{"Source": "Microsoft-Windows-Security-Auditing", "ProviderName": "Microsoft-Windows-Security-Auditing", "Computer": "FIN-WS-015", "TimeCreated": "2026-06-17T12:50:13.324518", "Channel": "Security", "event_id": "evt-normal-449423", "ground_truth": false, "attack_stage": null, "scenario": null, "mitre": null, "attacker": null, "victim": null, "confidence": 0, "EventID": 9999, "Description": "Generic Windows Log", "EventData": {"event_id": "evt-normal-449423", "timestamp": "2026-06-17T12:50:13.324518", "company_id": "9321a010-865d-4c55-933c-3b8f57176f37", "host": "FIN-WS-015", "ip_address": "10.44.2.65", "username": "bsmith", "user_role": "Assistant", "os_type": "Windows", "ground_truth": false, "scenario": null, "mitre": null, "attacker": null, "victim": null, "confidence": 0, "event_type": "USBInsert", "device_id": "USBSTOR\\DISK&VEN_SANDISK&PROD_CRUZER\\782edea6-c526-4f96-a77d-f11f1ac0fb6c", "drive_letter": "E:"}}
{"Source": "Microsoft-Windows-Sysmon", "ProviderName": "Microsoft-Windows-Sysmon", "Computer": "FIN-WS-018", "TimeCreated": "2026-06-17T12:58:43.330315", "Channel": "Microsoft-Windows-Sysmon/Operational", "event_id": "evt-normal-417774", "ground_truth": false, "attack_stage": null, "scenario": null, "mitre": null, "attacker": null, "victim": null, "confidence": 0, "EventID": 1, "Description": "Process Create", "EventData": {"UtcTime": "2026-06-17T12:58:43.330315", "ProcessGuid": "{A2C21C30-D321-6B65-0000-0010DF6D2000}", "ProcessId": 4820, "Image": "C:\\Windows\\System32\\teams.exe", "CommandLine": "C:\\Windows\\System32\\teams.exe", "CurrentDirectory": "C:\\Windows\\system32\\", "User": "CORP\\jwiggins", "ParentProcessGuid": "{A2C21C30-D320-6B65-0000-0010C46D2000}", "ParentProcessId": 1024, "ParentImage": "C:\\Windows\\explorer.exe", "ParentCommandLine": "C:\\Windows\\explorer.exe"}}
{"Source": "Microsoft-Windows-Sysmon", "ProviderName": "Microsoft-Windows-Sysmon", "Computer": "FIN-DC-01", "TimeCreated": "2026-06-17T13:01:13.314662", "Channel": "Microsoft-Windows-Sysmon/Operational", "event_id": "evt-normal-925950", "ground_truth": false, "attack_stage": null, "scenario": null, "mitre": null, "attacker": null, "victim": null, "confidence": 0, "EventID": 11, "Description": "File created", "EventData": {"UtcTime": "2026-06-17T13:01:13.314662", "ProcessGuid": "{A2C21C30-D321-6B65-0000-0010DF6D2000}", "ProcessId": 4820, "Image": "C:\\Windows\\System32\\notepad.exe", "TargetFilename": "C:\\Users\\mmoore\\Documents\\report.txt", "CreationUtcTime": "2026-06-17T13:01:13.314662"}}
{"log_source": "auth.log", "Computer": "FIN-WS-017", "TimeCreated": "2026-06-17T13:02:13.324518", "event_id": "evt-normal-603520", "ground_truth": false, "attack_stage": null, "scenario": null, "mitre": null, "attacker": null, "victim": null, "confidence": 0, "message": "2026-06-17T13:02:13.324518 FIN-WS-017 sshd[4102]: Accepted publickey for jespinoza from 10.44.2.67 port 53235 ssh2"}
{"Source": "Microsoft-Windows-Security-Auditing", "ProviderName": "Microsoft-Windows-Security-Auditing", "Computer": "FIN-WS-003", "TimeCreated": "2026-06-17T13:05:13.330315", "Channel": "Security", "event_id": "evt-normal-872514", "ground_truth": false, "attack_stage": null, "scenario": null, "mitre": null, "attacker": null, "victim": null, "confidence": 0, "EventID": 9999, "Description": "Generic Windows Log", "EventData": {"event_id": "evt-normal-872514", "timestamp": "2026-06-17T13:05:13.330315", "company_id": "9321a010-865d-4c55-933c-3b8f57176f37", "host": "FIN-WS-003", "ip_address": "10.44.2.53", "username": "afuentes", "user_role": "Helpdesk", "os_type": "Windows", "ground_truth": false, "scenario": null, "mitre": null, "attacker": null, "victim": null, "confidence": 0, "event_type": "DNSQuery", "query": "stackoverflow.com", "record_type": "A", "resolved_ip": "192.168.222.36"}}
{"Source": "Microsoft-Windows-Security-Auditing", "ProviderName": "Microsoft-Windows-Security-Auditing", "Computer": "FIN-WS-008", "TimeCreated": "2026-06-17T13:06:13.314662", "Channel": "Security", "event_id": "evt-normal-972865", "ground_truth": false, "attack_stage": null, "scenario": null, "mitre": null, "attacker": null, "victim": null, "confidence": 0, "EventID": 9999, "Description": "Generic Windows Log", "EventData": {"event_id": "evt-normal-972865", "timestamp": "2026-06-17T13:06:13.314662", "company_id": "9321a010-865d-4c55-933c-3b8f57176f37", "host": "FIN-WS-008", "ip_address": "10.44.2.58", "username": "afuentes", "user_role": "Helpdesk", "os_type": "Windows", "ground_truth": false, "scenario": null, "mitre": null, "attacker": null, "victim": null, "confidence": 0, "event_type": "NetworkConnection", "destination_ip": "192.168.21.28", "destination_port": 443, "direction": "Outbound", "protocol": "TCP"}}
{"Source": "Microsoft-Windows-Security-Auditing", "ProviderName": "Microsoft-Windows-Security-Auditing", "Computer": "FIN-WS-013", "TimeCreated": "2026-06-17T13:06:43.324518", "Channel": "Security", "event_id": "evt-normal-460446", "ground_truth": false, "attack_stage": null, "scenario": null, "mitre": null, "attacker": null, "victim": null, "confidence": 0, "EventID": 9999, "Description": "Generic Windows Log", "EventData": {"event_id": "evt-normal-460446", "timestamp": "2026-06-17T13:06:43.324518", "company_id": "9321a010-865d-4c55-933c-3b8f57176f37", "host": "FIN-WS-013", "ip_address": "10.44.2.63", "username": "mmoore", "user_role": "SysAdmin", "os_type": "Windows", "ground_truth": false, "scenario": null, "mitre": null, "attacker": null, "victim": null, "confidence": 0, "event_type": "DNSQuery", "query": "slack.com", "record_type": "A", "resolved_ip": "192.168.133.149"}}
{"Source": "Microsoft-Windows-Security-Auditing", "ProviderName": "Microsoft-Windows-Security-Auditing", "Computer": "FIN-WS-006", "TimeCreated": "2026-06-17T13:11:13.324518", "Channel": "Security", "event_id": "evt-normal-654557", "ground_truth": false, "attack_stage": null, "scenario": null, "mitre": null, "attacker": null, "victim": null, "confidence": 0, "EventID": 9999, "Description": "Generic Windows Log", "EventData": {"event_id": "evt-normal-654557", "timestamp": "2026-06-17T13:11:13.324518", "company_id": "9321a010-865d-4c55-933c-3b8f57176f37", "host": "FIN-WS-006", "ip_address": "10.44.2.56", "username": "bsmith", "user_role": "Assistant", "os_type": "Windows", "ground_truth": false, "scenario": null, "mitre": null, "attacker": null, "victim": null, "confidence": 0, "event_type": "PrintJob", "document_name": "Monthly_Review.pdf", "printer_name": "PRN-OFFICE-COLOR-01", "pages": 7}}
{"Source": "Microsoft-Windows-Sysmon", "ProviderName": "Microsoft-Windows-Sysmon", "Computer": "FIN-WS-007", "TimeCreated": "2026-06-17T13:12:43.314662", "Channel": "Microsoft-Windows-Sysmon/Operational", "event_id": "evt-normal-900552", "ground_truth": false, "attack_stage": null, "scenario": null, "mitre": null, "attacker": null, "victim": null, "confidence": 0, "EventID": 1, "Description": "Process Create", "EventData": {"UtcTime": "2026-06-17T13:12:43.314662", "ProcessGuid": "{A2C21C30-D321-6B65-0000-0010DF6D2000}", "ProcessId": 4820, "Image": "C:\\Windows\\System32\\word.exe", "CommandLine": "C:\\Windows\\System32\\word.exe", "CurrentDirectory": "C:\\Windows\\system32\\", "User": "CORP\\jboyd", "ParentProcessGuid": "{A2C21C30-D320-6B65-0000-0010C46D2000}", "ParentProcessId": 1024, "ParentImage": "C:\\Windows\\explorer.exe", "ParentCommandLine": "C:\\Windows\\explorer.exe"}}
{"Source": "Microsoft-Windows-Security-Auditing", "ProviderName": "Microsoft-Windows-Security-Auditing", "Computer": "FIN-WS-015", "TimeCreated": "2026-06-17T13:15:13.330315", "Channel": "Security", "event_id": "evt-normal-299307", "ground_truth": false, "attack_stage": null, "scenario": null, "mitre": null, "attacker": null, "victim": null, "confidence": 0, "EventID": 9999, "Description": "Generic Windows Log", "EventData": {"event_id": "evt-normal-299307", "timestamp": "2026-06-17T13:15:13.330315", "company_id": "9321a010-865d-4c55-933c-3b8f57176f37", "host": "FIN-WS-015", "ip_address": "10.44.2.65", "username": "sbowman", "user_role": "Assistant", "os_type": "Windows", "ground_truth": false, "scenario": null, "mitre": null, "attacker": null, "victim": null, "confidence": 0, "event_type": "DNSQuery", "query": "wikipedia.org", "record_type": "A", "resolved_ip": "192.168.162.191"}}
{"log_source": "syslog", "Computer": "FIN-WS-025", "TimeCreated": "2026-06-17T13:20:13.330315", "event_id": "evt-normal-658636", "ground_truth": false, "attack_stage": null, "scenario": null, "mitre": null, "attacker": null, "victim": null, "confidence": 0, "message": "2026-06-17T13:20:13.330315 FIN-WS-025 systemd[1]: Started SOCForge Simulated Activity."}
{"log_source": "syslog", "Computer": "FIN-SRV-WEB", "TimeCreated": "2026-06-17T13:21:13.330315", "event_id": "evt-normal-324392", "ground_truth": false, "attack_stage": null, "scenario": null, "mitre": null, "attacker": null, "victim": null, "confidence": 0, "message": "2026-06-17T13:21:13.330315 FIN-SRV-WEB systemd[1]: Started SOCForge Simulated Activity."}
{"Source": "Microsoft-Windows-Security-Auditing", "ProviderName": "Microsoft-Windows-Security-Auditing", "Computer": "FIN-WS-006", "TimeCreated": "2026-06-17T13:22:43.330315", "Channel": "Security", "event_id": "evt-normal-966116", "ground_truth": false, "attack_stage": null, "scenario": null, "mitre": null, "attacker": null, "victim": null, "confidence": 0, "EventID": 9999, "Description": "Generic Windows Log", "EventData": {"event_id": "evt-normal-966116", "timestamp": "2026-06-17T13:22:43.330315", "company_id": "9321a010-865d-4c55-933c-3b8f57176f37", "host": "FIN-WS-006", "ip_address": "10.44.2.56", "username": "dcoleman", "user_role": "HR_Manager", "os_type": "Windows", "ground_truth": false, "scenario": null, "mitre": null, "attacker": null, "victim": null, "confidence": 0, "event_type": "DNSQuery", "query": "resumes-share.local", "record_type": "A", "resolved_ip": "192.168.244.169"}}
