{"log_source": "syslog", "Computer": "FIN-WS-012", "TimeCreated": "2026-06-18T09:11:43.330315", "event_id": "evt-normal-852403", "ground_truth": false, "attack_stage": null, "scenario": null, "mitre": null, "attacker": null, "victim": null, "confidence": 0, "message": "2026-06-18T09:11:43.330315 FIN-WS-012 systemd[1]: Started SOCForge Simulated Activity."}
{"log_source": "syslog", "Computer": "FIN-WS-014", "TimeCreated": "2026-06-18T09:12:13.330315", "event_id": "evt-normal-543145", "ground_truth": false, "attack_stage": null, "scenario": null, "mitre": null, "attacker": null, "victim": null, "confidence": 0, "message": "2026-06-18T09:12:13.330315 FIN-WS-014 systemd[1]: Started SOCForge Simulated Activity."}
{"Source": "Microsoft-Windows-Security-Auditing", "ProviderName": "Microsoft-Windows-Security-Auditing", "Computer": "FIN-WS-003", "TimeCreated": "2026-06-18T09:12:43.324518", "Channel": "Security", "event_id": "evt-normal-148677", "ground_truth": false, "attack_stage": null, "scenario": null, "mitre": null, "attacker": null, "victim": null, "confidence": 0, "EventID": 9999, "Description": "Generic Windows Log", "EventData": {"event_id": "evt-normal-148677", "timestamp": "2026-06-18T09:12:43.324518", "company_id": "9321a010-865d-4c55-933c-3b8f57176f37", "host": "FIN-WS-003", "ip_address": "10.44.2.53", "username": "kdecker", "user_role": "Sales_Rep", "os_type": "Windows", "ground_truth": false, "scenario": null, "mitre": null, "attacker": null, "victim": null, "confidence": 0, "event_type": "USBInsert", "device_id": "USBSTOR\\DISK&VEN_SANDISK&PROD_CRUZER\\a073610d-64e5-4962-bce8-384e9eaa7867", "drive_letter": "E:"}}
{"Source": "Microsoft-Windows-Security-Auditing", "ProviderName": "Microsoft-Windows-Security-Auditing", "Computer": "FIN-WS-013", "TimeCreated": "2026-06-18T09:15:13.314662", "Channel": "Security", "event_id": "evt-normal-686864", "ground_truth": false, "attack_stage": null, "scenario": null, "mitre": null, "attacker": null, "victim": null, "confidence": 0, "EventID": 9999, "Description": "Generic Windows Log", "EventData": {"event_id": "evt-normal-686864", "timestamp": "2026-06-18T09:15:13.314662", "company_id": "9321a010-865d-4c55-933c-3b8f57176f37", "host": "FIN-WS-013", "ip_address": "10.44.2.63", "username": "kryan", "user_role": "HR_Manager", "os_type": "Windows", "ground_truth": false, "scenario": null, "mitre": null, "attacker": null, "victim": null, "confidence": 0, "event_type": "PrintJob", "document_name": "Monthly_Review.pdf", "printer_name": "PRN-OFFICE-COLOR-01", "pages": 8}}
{"Source": "Microsoft-Windows-Security-Auditing", "ProviderName": "Microsoft-Windows-Security-Auditing", "Computer": "FIN-WS-016", "TimeCreated": "2026-06-18T09:18:43.314662", "Channel": "Security", "event_id": "evt-normal-833792", "ground_truth": false, "attack_stage": null, "scenario": null, "mitre": null, "attacker": null, "victim": null, "confidence": 0, "EventID": 9999, "Description": "Generic Windows Log", "EventData": {"event_id": "evt-normal-833792", "timestamp": "2026-06-18T09:18:43.314662", "company_id": "9321a010-865d-4c55-933c-3b8f57176f37", "host": "FIN-WS-016", "ip_address": "10.44.2.66", "username": "jriley", "user_role": "Security_Analyst", "os_type": "Windows", "ground_truth": false, "scenario": null, "mitre": null, "attacker": null, "victim": null, "confidence": 0, "event_type": "NetworkConnection", "destination_ip": "192.168.38.41", "destination_port": 80, "direction": "Outbound", "protocol": "TCP"}}
{"Source": "Microsoft-Windows-Sysmon", "ProviderName": "Microsoft-Windows-Sysmon", "Computer": "FIN-WS-021", "TimeCreated": "2026-06-18T09:19:43.330315", "Channel": "Microsoft-Windows-Sysmon/Operational", "event_id": "evt-normal-900021", "ground_truth": false, "attack_stage": null, "scenario": null, "mitre": null, "attacker": null, "victim": null, "confidence": 0, "EventID": 11, "Description": "File created", "EventData": {"UtcTime": "2026-06-18T09:19:43.330315", "ProcessGuid": "{A2C21C30-D321-6B65-0000-0010DF6D2000}", "ProcessId": 4820, "Image": "C:\\Windows\\System32\\notepad.exe", "TargetFilename": "C:\\Users\\sbowman\\Documents\\report.txt", "CreationUtcTime": "2026-06-18T09:19:43.330315"}}
{"Source": "Microsoft-Windows-Sysmon", "ProviderName": "Microsoft-Windows-Sysmon", "Computer": "FIN-WS-015", "TimeCreated": "2026-06-18T09:28:13.324518", "Channel": "Microsoft-Windows-Sysmon/Operational", "event_id": "evt-normal-714459", "ground_truth": false, "attack_stage": null, "scenario": null, "mitre": null, "attacker": null, "victim": null, "confidence": 0, "EventID": 1, "Description": "Process Create", "EventData": {"UtcTime": "2026-06-18T09:28:13.324518", "ProcessGuid": "{A2C21C30-D321-6B65-0000-0010DF6D2000}", "ProcessId": 4820, "Image": "C:\\Windows\\System32\\powershell.exe", "CommandLine": "C:\\Windows\\System32\\powershell.exe", "CurrentDirectory": "C:\\Windows\\system32\\", "User": "CORP\\jriley", "ParentProcessGuid": "{A2C21C30-D320-6B65-0000-0010C46D2000}", "ParentProcessId": 1024, "ParentImage": "C:\\Windows\\explorer.exe", "ParentCommandLine": "C:\\Windows\\explorer.exe"}}
{"Source": "Microsoft-Windows-Security-Auditing", "ProviderName": "Microsoft-Windows-Security-Auditing", "Computer": "FIN-WS-008", "TimeCreated": "2026-06-18T09:28:43.330315", "Channel": "Security", "event_id": "evt-normal-737368", "ground_truth": false, "attack_stage": null, "scenario": null, "mitre": null, "attacker": null, "victim": null, "confidence": 0, "EventID": 9999, "Description": "Generic Windows Log", "EventData": {"event_id": "evt-normal-737368", "timestamp": "2026-06-18T09:28:43.330315", "company_id": "9321a010-865d-4c55-933c-3b8f57176f37", "host": "FIN-WS-008", "ip_address": "10.44.2.58", "username": "sbowman", "user_role": "Assistant", "os_type": "Windows", "ground_truth": false, "scenario": null, "mitre": null, "attacker": null, "victim": null, "confidence": 0, "event_type": "USBInsert", "device_id": "USBSTOR\\DISK&VEN_SANDISK&PROD_CRUZER\\6145a94e-7f1a-4979-8f09-aca0896bcf15", "drive_letter": "E:"}}
{"log_source": "syslog", "Computer": "FIN-WS-017", "TimeCreated": "2026-06-18T09:29:43.324518", "event_id": "evt-normal-869394", "ground_truth": false, "attack_stage": null, "scenario": null, "mitre": null, "attacker": null, "victim": null, "confidence": 0, "message": "2026-06-18T09:29:43.324518 FIN-WS-017 systemd[1]: Started SOCForge Simulated Activity."}
{"Source": "Microsoft-Windows-Security-Auditing", "ProviderName": "Microsoft-Windows-Security-Auditing", "Computer": "FIN-WS-011", "TimeCreated": "2026-06-18T09:31:13.324518", "Channel": "Security", "event_id": "evt-normal-201165", "ground_truth": false, "attack_stage": null, "scenario": null, "mitre": null, "attacker": null, "victim": null, "confidence": 0, "EventID": 9999, "Description": "Generic Windows Log", "EventData": {"event_id": "evt-normal-201165", "timestamp": "2026-06-18T09:31:13.324518", "company_id": "9321a010-865d-4c55-933c-3b8f57176f37", "host": "FIN-WS-011", "ip_address": "10.44.2.61", "username": "kdecker", "user_role": "Sales_Rep", "os_type": "Windows", "ground_truth": false, "scenario": null, "mitre": null, "attacker": null, "victim": null, "confidence": 0, "event_type": "NetworkConnection", "destination_ip": "192.168.147.97", "destination_port": 80, "direction": "Outbound", "protocol": "TCP"}}
{"Source": "Microsoft-Windows-Security-Auditing", "ProviderName": "Microsoft-Windows-Security-Auditing", "Computer": "FIN-WS-002", "TimeCreated": "2026-06-18T09:31:43.314662", "Channel": "Security", "event_id": "evt-normal-501534", "ground_truth": false, "attack_stage": null, "scenario": null, "mitre": null, "attacker": null, "victim": null, "confidence": 0, "EventID": 9999, "Description": "Generic Windows Log", "EventData": {"event_id": "evt-normal-501534", "timestamp": "2026-06-18T09:31:43.314662", "company_id": "9321a010-865d-4c55-933c-3b8f57176f37", "host": "FIN-WS-002", "ip_address": "10.44.2.52", "username": "mford", "user_role": "Helpdesk", "os_type": "Windows", "ground_truth": false, "scenario": null, "mitre": null, "attacker": null, "victim": null, "confidence": 0, "event_type": "USBInsert", "device_id": "USBSTOR\\DISK&VEN_SANDISK&PROD_CRUZER\\b69203a3-3068-4045-ae5b-1252f127ab18", "drive_letter": "G:"}}
{"log_source": "auth.log", "Computer": "FIN-WS-022", "TimeCreated": "2026-06-18T09:32:43.330315", "event_id": "evt-normal-879557", "ground_truth": false, "attack_stage": null, "scenario": null, "mitre": null, "attacker": null, "victim": null, "confidence": 0, "message": "2026-06-18T09:32:43.330315 FIN-WS-022 sshd[4102]: Accepted publickey for sbowman from 10.44.2.72 port 50471 ssh2"}
{"log_source": "auth.log", "Computer": "FIN-WS-004", "TimeCreated": "2026-06-18T09:34:43.324518", "event_id": "evt-normal-629884", "ground_truth": false, "attack_stage": null, "scenario": null, "mitre": null, "attacker": null, "victim": null, "confidence": 0, "message": "2026-06-18T09:34:43.324518 FIN-WS-004 sshd[4102]: Accepted publickey for dcoleman from 10.44.2.54 port 50586 ssh2"}
{"Source": "Microsoft-Windows-Sysmon", "ProviderName": "Microsoft-Windows-Sysmon", "Computer": "FIN-WS-001", "TimeCreated": "2026-06-18T09:35:43.314662", "Channel": "Microsoft-Windows-Sysmon/Operational", "event_id": "evt-normal-164966", "ground_truth": false, "attack_stage": null, "scenario": null, "mitre": null, "attacker": null, "victim": null, "confidence": 0, "EventID": 11, "Description": "File created", "EventData": {"UtcTime": "2026-06-18T09:35:43.314662", "ProcessGuid": "{A2C21C30-D321-6B65-0000-0010DF6D2000}", "ProcessId": 4820, "Image": "C:\\Windows\\System32\\notepad.exe", "TargetFilename": "C:\\Users\\jwiggins\\Documents\\report.txt", "CreationUtcTime": "2026-06-18T09:35:43.314662"}}
{"Source": "Microsoft-Windows-Sysmon", "ProviderName": "Microsoft-Windows-Sysmon", "Computer": "FIN-WS-007", "TimeCreated": "2026-06-18T09:41:43.330315", "Channel": "Microsoft-Windows-Sysmon/Operational", "event_id": "evt-normal-813866", "ground_truth": false, "attack_stage": null, "scenario": null, "mitre": null, "attacker": null, "victim": null, "confidence": 0, "EventID": 1, "Description": "Process Create", "EventData": {"UtcTime": "2026-06-18T09:41:43.330315", "ProcessGuid": "{A2C21C30-D321-6B65-0000-0010DF6D2000}", "ProcessId": 4820, "Image": "C:\\Windows\\System32\\word.exe", "CommandLine": "C:\\Windows\\System32\\word.exe", "CurrentDirectory": "C:\\Windows\\system32\\", "User": "CORP\\bsmith", "ParentProcessGuid": "{A2C21C30-D320-6B65-0000-0010C46D2000}", "ParentProcessId": 1024, "ParentImage": "C:\\Windows\\explorer.exe", "ParentCommandLine": "C:\\Windows\\explorer.exe"}}
{"Source": "Microsoft-Windows-Security-Auditing", "ProviderName": "Microsoft-Windows-Security-Auditing", "Computer": "FIN-WS-001", "TimeCreated": "2026-06-18T09:44:13.314662", "Channel": "Security", "event_id": "evt-normal-651732", "ground_truth": false, "attack_stage": null, "scenario": null, "mitre": null, "attacker": null, "victim": null, "confidence": 0, "EventID": 9999, "Description": "Generic Windows Log", "EventData": {"event_id": "evt-normal-651732", "timestamp": "2026-06-18T09:44:13.314662", "company_id": "9321a010-865d-4c55-933c-3b8f57176f37", "host": "FIN-WS-001", "ip_address": "10.44.2.51", "username": "jriley", "user_role": "Security_Analyst", "os_type": "Windows", "ground_truth": false, "scenario": null, "mitre": null, "attacker": null, "victim": null, "confidence": 0, "event_type": "NetworkConnection", "destination_ip": "192.168.243.119", "destination_port": 80, "direction": "Outbound", "protocol": "TCP"}}
{"Source": "Microsoft-Windows-Sysmon", "ProviderName": "Microsoft-Windows-Sysmon", "Computer": "FIN-WS-005", "TimeCreated": "2026-06-18T09:44:43.330315", "Channel": "Microsoft-Windows-Sysmon/Operational", "event_id": "evt-normal-698544", "ground_truth": false, "attack_stage": null, "scenario": null, "mitre": null, "attacker": null, "victim": null, "confidence": 0, "EventID": 1, "Description": "Process Create", "EventData": {"UtcTime": "2026-06-18T09:44:43.330315", "ProcessGuid": "{A2C21C30-D321-6B65-0000-0010DF6D2000}", "ProcessId": 4820, "Image": "C:\\Windows\\System32\\powershell.exe", "CommandLine": "C:\\Windows\\System32\\powershell.exe", "CurrentDirectory": "C:\\Windows\\system32\\", "User": "CORP\\mmoore", "ParentProcessGuid": "{A2C21C30-D320-6B65-0000-0010C46D2000}", "ParentProcessId": 1024, "ParentImage": "C:\\Windows\\explorer.exe", "ParentCommandLine": "C:\\Windows\\explorer.exe"}}
{"Source": "Microsoft-Windows-Security-Auditing", "ProviderName": "Microsoft-Windows-Security-Auditing", "Computer": "FIN-WS-013", "TimeCreated": "2026-06-18T09:47:13.330315", "Channel": "Security", "event_id": "evt-normal-398984", "ground_truth": false, "attack_stage": null, "scenario": null, "mitre": null, "attacker": null, "victim": null, "confidence": 0, "EventID": 4624, "Description": "An account was successfully logged on.", "EventData": {"TargetUserName": "mharrison", "TargetDomainName": "WORKGROUP", "LogonType": 2, "IpAddress": "10.230.58.138", "IpPort": "0"}}
{"Source": "Microsoft-Windows-Security-Auditing", "ProviderName": "Microsoft-Windows-Security-Auditing", "Computer": "FIN-WS-015", "TimeCreated": "2026-06-18T09:49:13.330315", "Channel": "Security", "event_id": "evt-normal-122294", "ground_truth": false, "attack_stage": null, "scenario": null, "mitre": null, "attacker": null, "victim": null, "confidence": 0, "EventID": 4624, "Description": "An account was successfully logged on.", "EventData": {"TargetUserName": "mford", "TargetDomainName": "WORKGROUP", "LogonType": 2, "IpAddress": "10.44.2.65", "IpPort": "0"}}
{"Source": "Microsoft-Windows-Sysmon", "ProviderName": "Microsoft-Windows-Sysmon", "Computer": "FIN-SRV-FILE", "TimeCreated": "2026-06-18T09:49:43.314662", "Channel": "Microsoft-Windows-Sysmon/Operational", "event_id": "evt-normal-275696", "ground_truth": false, "attack_stage": null, "scenario": null, "mitre": null, "attacker": null, "victim": null, "confidence": 0, "EventID": 11, "Description": "File created", "EventData": {"UtcTime": "2026-06-18T09:49:43.314662", "ProcessGuid": "{A2C21C30-D321-6B65-0000-0010DF6D2000}", "ProcessId": 4820, "Image": "C:\\Windows\\System32\\notepad.exe", "TargetFilename": "C:\\Users\\bsmith\\Documents\\report.txt", "CreationUtcTime": "2026-06-18T09:49:43.314662"}}
{"Source": "Microsoft-Windows-Security-Auditing", "ProviderName": "Microsoft-Windows-Security-Auditing", "Computer": "FIN-WS-010", "TimeCreated": "2026-06-18T09:50:43.314662", "Channel": "Security", "event_id": "evt-normal-150190", "ground_truth": false, "attack_stage": null, "scenario": null, "mitre": null, "attacker": null, "victim": null, "confidence": 0, "EventID": 4624, "Description": "An account was successfully logged on.", "EventData": {"TargetUserName": "kryan", "TargetDomainName": "WORKGROUP", "LogonType": 2, "IpAddress": "10.44.2.60", "IpPort": "0"}}
{"Source": "Microsoft-Windows-Sysmon", "ProviderName": "Microsoft-Windows-Sysmon", "Computer": "FIN-WS-005", "TimeCreated": "2026-06-18T09:50:43.330315", "Channel": "Microsoft-Windows-Sysmon/Operational", "event_id": "evt-normal-166327", "ground_truth": false, "attack_stage": null, "scenario": null, "mitre": null, "attacker": null, "victim": null, "confidence": 0, "EventID": 11, "Description": "File created", "EventData": {"UtcTime": "2026-06-18T09:50:43.330315", "ProcessGuid": "{A2C21C30-D321-6B65-0000-0010DF6D2000}", "ProcessId": 4820, "Image": "C:\\Windows\\System32\\notepad.exe", "TargetFilename": "C:\\Users\\bsmith\\Documents\\report.txt", "CreationUtcTime": "2026-06-18T09:50:43.330315"}}
{"Source": "Microsoft-Windows-Security-Auditing", "ProviderName": "Microsoft-Windows-Security-Auditing", "Computer": "FIN-WS-007", "TimeCreated": "2026-06-18T09:54:43.314662", "Channel": "Security", "event_id": "evt-normal-150032", "ground_truth": false, "attack_stage": null, "scenario": null, "mitre": null, "attacker": null, "victim": null, "confidence": 0, "EventID": 9999, "Description": "Generic Windows Log", "EventData": {"event_id": "evt-normal-150032", "timestamp": "2026-06-18T09:54:43.314662", "company_id": "9321a010-865d-4c55-933c-3b8f57176f37", "host": "FIN-WS-007", "ip_address": "10.44.2.57", "username": "afuentes", "user_role": "Helpdesk", "os_type": "Windows", "ground_truth": false, "scenario": null, "mitre": null, "attacker": null, "victim": null, "confidence": 0, "event_type": "NetworkConnection", "destination_ip": "192.168.135.212", "destination_port": 80, "direction": "Outbound", "protocol": "TCP"}}
{"Source": "Microsoft-Windows-Security-Auditing", "ProviderName": "Microsoft-Windows-Security-Auditing", "Computer": "FIN-WS-013", "TimeCreated": "2026-06-18T09:54:43.330315", "Channel": "Security", "event_id": "evt-normal-611840", "ground_truth": false, "attack_stage": null, "scenario": null, "mitre": null, "attacker": null, "victim": null, "confidence": 0, "EventID": 9999, "Description": "Generic Windows Log", "EventData": {"event_id": "evt-normal-611840", "timestamp": "2026-06-18T09:54:43.330315", "company_id": "9321a010-865d-4c55-933c-3b8f57176f37", "host": "FIN-WS-013", "ip_address": "10.44.2.63", "username": "bsmith", "user_role": "Assistant", "os_type": "Windows", "ground_truth": false, "scenario": null, "mitre": null, "attacker": null, "victim": null, "confidence": 0, "event_type": "PrintJob", "document_name": "Monthly_Review.pdf", "printer_name": "PRN-OFFICE-COLOR-01", "pages": 4}}
{"log_source": "auth.log", "Computer": "FIN-SRV-WEB", "TimeCreated": "2026-06-18T09:56:13.324518", "event_id": "evt-normal-301365", "ground_truth": false, "attack_stage": null, "scenario": null, "mitre": null, "attacker": null, "victim": null, "confidence": 0, "message": "2026-06-18T09:56:13.324518 FIN-SRV-WEB sshd[4102]: Accepted publickey for dcoleman from 10.44.1.30 port 60799 ssh2"}
{"Source": "Microsoft-Windows-Sysmon", "ProviderName": "Microsoft-Windows-Sysmon", "Computer": "FIN-SRV-FILE", "TimeCreated": "2026-06-18T10:01:43.324518", "Channel": "Microsoft-Windows-Sysmon/Operational", "event_id": "evt-normal-845533", "ground_truth": false, "attack_stage": null, "scenario": null, "mitre": null, "attacker": null, "victim": null, "confidence": 0, "EventID": 1, "Description": "Process Create", "EventData": {"UtcTime": "2026-06-18T10:01:43.324518", "ProcessGuid": "{A2C21C30-D321-6B65-0000-0010DF6D2000}", "ProcessId": 4820, "Image": "C:\\Windows\\System32\\excel.exe", "CommandLine": "C:\\Windows\\System32\\excel.exe", "CurrentDirectory": "C:\\Windows\\system32\\", "User": "CORP\\sbowman", "ParentProcessGuid": "{A2C21C30-D320-6B65-0000-0010C46D2000}", "ParentProcessId": 1024, "ParentImage": "C:\\Windows\\explorer.exe", "ParentCommandLine": "C:\\Windows\\explorer.exe"}}
{"Source": "Microsoft-Windows-Sysmon", "ProviderName": "Microsoft-Windows-Sysmon", "Computer": "FIN-DC-01", "TimeCreated": "2026-06-18T10:02:43.314662", "Channel": "Microsoft-Windows-Sysmon/Operational", "event_id": "evt-normal-660918", "ground_truth": false, "attack_stage": null, "scenario": null, "mitre": null, "attacker": null, "victim": null, "confidence": 0, "EventID": 11, "Description": "File created", "EventData": {"UtcTime": "2026-06-18T10:02:43.314662", "ProcessGuid": "{A2C21C30-D321-6B65-0000-0010DF6D2000}", "ProcessId": 4820, "Image": "C:\\Windows\\System32\\notepad.exe", "TargetFilename": "C:\\Users\\asmith\\Documents\\report.docx", "CreationUtcTime": "2026-06-18T10:02:43.314662"}}
{"Source": "Microsoft-Windows-Security-Auditing", "ProviderName": "Microsoft-Windows-Security-Auditing", "Computer": "FIN-WS-018", "TimeCreated": "2026-06-18T10:05:13.314662", "Channel": "Security", "event_id": "evt-normal-810293", "ground_truth": false, "attack_stage": null, "scenario": null, "mitre": null, "attacker": null, "victim": null, "confidence": 0, "EventID": 9999, "Description": "Generic Windows Log", "EventData": {"event_id": "evt-normal-810293", "timestamp": "2026-06-18T10:05:13.314662", "company_id": "9321a010-865d-4c55-933c-3b8f57176f37", "host": "FIN-WS-018", "ip_address": "10.44.2.68", "username": "tstewart", "user_role": "Incident_Responder", "os_type": "Windows", "ground_truth": false, "scenario": null, "mitre": null, "attacker": null, "victim": null, "confidence": 0, "event_type": "PrintJob", "document_name": "Monthly_Review.pdf", "printer_name": "PRN-OFFICE-COLOR-01", "pages": 5}}
{"Source": "Microsoft-Windows-Security-Auditing", "ProviderName": "Microsoft-Windows-Security-Auditing", "Computer": "FIN-WS-003", "TimeCreated": "2026-06-18T10:08:13.330315", "Channel": "Security", "event_id": "evt-normal-561138", "ground_truth": false, "attack_stage": null, "scenario": null, "mitre": null, "attacker": null, "victim": null, "confidence": 0, "EventID": 9999, "Description": "Generic Windows Log", "EventData": {"event_id": "evt-normal-561138", "timestamp": "2026-06-18T10:08:13.330315", "company_id": "9321a010-865d-4c55-933c-3b8f57176f37", "host": "FIN-WS-003", "ip_address": "10.44.2.53", "username": "mford", "user_role": "Helpdesk", "os_type": "Windows", "ground_truth": false, "scenario": null, "mitre": null, "attacker": null, "victim": null, "confidence": 0, "event_type": "PrintJob", "document_name": "Monthly_Review.pdf", "printer_name": "PRN-OFFICE-COLOR-01", "pages": 5}}
{"Source": "Microsoft-Windows-Security-Auditing", "ProviderName": "Microsoft-Windows-Security-Auditing", "Computer": "FIN-WS-005", "TimeCreated": "2026-06-18T10:09:43.314662", "Channel": "Security", "event_id": "evt-normal-302769", "ground_truth": false, "attack_stage": null, "scenario": null, "mitre": null, "attacker": null, "victim": null, "confidence": 0, "EventID": 9999, "Description": "Generic Windows Log", "EventData": {"event_id": "evt-normal-302769", "timestamp": "2026-06-18T10:09:43.314662", "company_id": "9321a010-865d-4c55-933c-3b8f57176f37", "host": "FIN-WS-005", "ip_address": "10.44.2.55", "username": "sbowman", "user_role": "Assistant", "os_type": "Windows", "ground_truth": false, "scenario": null, "mitre": null, "attacker": null, "victim": null, "confidence": 0, "event_type": "NetworkConnection", "destination_ip": "192.168.49.46", "destination_port": 443, "direction": "Outbound", "protocol": "TCP"}}
{"log_source": "syslog", "Computer": "FIN-WS-014", "TimeCreated": "2026-06-18T10:10:43.314662", "event_id": "evt-normal-747802", "ground_truth": false, "attack_stage": null, "scenario": null, "mitre": null, "attacker": null, "victim": null, "confidence": 0, "message": "2026-06-18T10:10:43.314662 FIN-WS-014 systemd[1]: Started SOCForge Simulated Activity."}
{"log_source": "syslog", "Computer": "FIN-SRV-WEB", "TimeCreated": "2026-06-18T10:10:43.330315", "event_id": "evt-normal-842158", "ground_truth": false, "attack_stage": null, "scenario": null, "mitre": null, "attacker": null, "victim": null, "confidence": 0, "message": "2026-06-18T10:10:43.330315 FIN-SRV-WEB systemd[1]: Started SOCForge Simulated Activity."}
{"log_source": "syslog", "Computer": "FIN-WS-020", "TimeCreated": "2026-06-18T10:11:43.314662", "event_id": "evt-normal-823371", "ground_truth": false, "attack_stage": null, "scenario": null, "mitre": null, "attacker": null, "victim": null, "confidence": 0, "message": "2026-06-18T10:11:43.314662 FIN-WS-020 systemd[1]: Started SOCForge Simulated Activity."}
{"log_source": "syslog", "Computer": "FIN-WS-025", "TimeCreated": "2026-06-18T10:14:13.314662", "event_id": "evt-normal-645268", "ground_truth": false, "attack_stage": null, "scenario": null, "mitre": null, "attacker": null, "victim": null, "confidence": 0, "message": "2026-06-18T10:14:13.314662 FIN-WS-025 systemd[1]: Started SOCForge Simulated Activity."}
{"log_source": "syslog", "Computer": "MailServer", "TimeCreated": "2026-06-18T10:14:43.314662", "event_id": "evt-100001", "ground_truth": true, "attack_stage": "Initial Access", "scenario": "APT29", "mitre": "T1566", "attacker": "account-billing-alert.com", "victim": "asmith@financecorp.com", "confidence": 100, "message": "2026-06-18T10:14:43.314662 MailServer systemd[1]: Started SOCForge Simulated Activity."}
{"Source": "Microsoft-Windows-Security-Auditing", "ProviderName": "Microsoft-Windows-Security-Auditing", "Computer": "FIN-WS-026", "TimeCreated": "2026-06-18T10:14:43.324518", "Channel": "Security", "event_id": "evt-normal-672137", "ground_truth": false, "attack_stage": null, "scenario": null, "mitre": null, "attacker": null, "victim": null, "confidence": 0, "EventID": 9999, "Description": "Generic Windows Log", "EventData": {"event_id": "evt-normal-672137", "timestamp": "2026-06-18T10:14:43.324518", "company_id": "9321a010-865d-4c55-933c-3b8f57176f37", "host": "FIN-WS-026", "ip_address": "10.44.2.76", "username": "mmoore", "user_role": "SysAdmin", "os_type": "Windows", "ground_truth": false, "scenario": null, "mitre": null, "attacker": null, "victim": null, "confidence": 0, "event_type": "DNSQuery", "query": "aws.amazon.com", "record_type": "A", "resolved_ip": "192.168.120.174"}}
{"Source": "Microsoft-Windows-Security-Auditing", "ProviderName": "Microsoft-Windows-Security-Auditing", "Computer": "FIN-WS-001", "TimeCreated": "2026-06-18T10:14:43.324518", "Channel": "Security", "event_id": "evt-100004", "ground_truth": true, "attack_stage": "Lateral Movement", "scenario": "APT29", "mitre": "T1021", "attacker": "FIN-WS-001", "victim": "FIN-DC-01", "confidence": 100, "EventID": 9999, "Description": "Generic Windows Log", "EventData": {"event_id": "evt-100004", "timestamp": "2026-06-18T10:14:43.324518", "event_type": "NetworkConnection", "host": "FIN-WS-001", "ip_address": "10.44.2.51", "username": "cstephenson", "os_type": "Windows", "ground_truth": true, "attack_stage": "Lateral Movement", "scenario": "APT29", "mitre": "T1021", "attacker": "FIN-WS-001", "victim": "FIN-DC-01", "confidence": 100, "destination_ip": "10.44.1.10", "destination_port": 3389, "protocol": "TCP"}}
{"Source": "Microsoft-Windows-Sysmon", "ProviderName": "Microsoft-Windows-Sysmon", "Computer": "FIN-WS-001", "TimeCreated": "2026-06-18T10:14:43.330315", "Channel": "Microsoft-Windows-Sysmon/Operational", "event_id": "evt-100006", "ground_truth": true, "attack_stage": "Impact", "scenario": "RansomCrew", "mitre": "T1486", "attacker": "RansomCrew-RansomActor", "victim": "FIN-WS-001", "confidence": 100, "EventID": 1, "Description": "Process Create", "EventData": {"UtcTime": "2026-06-18T10:14:43.330315", "ProcessGuid": "{A2C21C30-D321-6B65-0000-0010DF6D2000}", "ProcessId": 4820, "Image": "C:\\Windows\\System32\\vssadmin.exe", "CommandLine": "vssadmin.exe delete shadows /all /quiet", "CurrentDirectory": "C:\\Windows\\system32\\", "User": "CORP\\afuentes", "ParentProcessGuid": "{A2C21C30-D320-6B65-0000-0010C46D2000}", "ParentProcessId": 1024, "ParentImage": "C:\\Windows\\explorer.exe", "ParentCommandLine": "C:\\Windows\\explorer.exe"}}
{"Source": "Microsoft-Windows-Sysmon", "ProviderName": "Microsoft-Windows-Sysmon", "Computer": "FIN-WS-001", "TimeCreated": "2026-06-18T10:14:43.530315", "Channel": "Microsoft-Windows-Sysmon/Operational", "event_id": "evt-100007", "ground_truth": true, "attack_stage": "Impact", "scenario": "RansomCrew", "mitre": "T1486", "attacker": "RansomCrew-RansomActor", "victim": "FIN-WS-001", "confidence": 100, "EventID": 11, "Description": "File created", "EventData": {"UtcTime": "2026-06-18T10:14:43.530315", "ProcessGuid": "{A2C21C30-D321-6B65-0000-0010DF6D2000}", "ProcessId": 4820, "Image": "C:\\Windows\\System32\\notepad.exe", "TargetFilename": "C:\\Users\\afuentes\\Documents\\document_0.docx.locked", "CreationUtcTime": "2026-06-18T10:14:43.530315"}}
{"Source": "Microsoft-Windows-Sysmon", "ProviderName": "Microsoft-Windows-Sysmon", "Computer": "FIN-WS-001", "TimeCreated": "2026-06-18T10:14:43.730315", "Channel": "Microsoft-Windows-Sysmon/Operational", "event_id": "evt-100008", "ground_truth": true, "attack_stage": "Impact", "scenario": "RansomCrew", "mitre": "T1486", "attacker": "RansomCrew-RansomActor", "victim": "FIN-WS-001", "confidence": 100, "EventID": 11, "Description": "File created", "EventData": {"UtcTime": "2026-06-18T10:14:43.730315", "ProcessGuid": "{A2C21C30-D321-6B65-0000-0010DF6D2000}", "ProcessId": 4820, "Image": "C:\\Windows\\System32\\notepad.exe", "TargetFilename": "C:\\Users\\afuentes\\Documents\\document_1.docx.locked", "CreationUtcTime": "2026-06-18T10:14:43.730315"}}
{"Source": "Microsoft-Windows-Sysmon", "ProviderName": "Microsoft-Windows-Sysmon", "Computer": "FIN-WS-001", "TimeCreated": "2026-06-18T10:14:43.930315", "Channel": "Microsoft-Windows-Sysmon/Operational", "event_id": "evt-100009", "ground_truth": true, "attack_stage": "Impact", "scenario": "RansomCrew", "mitre": "T1486", "attacker": "RansomCrew-RansomActor", "victim": "FIN-WS-001", "confidence": 100, "EventID": 11, "Description": "File created", "EventData": {"UtcTime": "2026-06-18T10:14:43.930315", "ProcessGuid": "{A2C21C30-D321-6B65-0000-0010DF6D2000}", "ProcessId": 4820, "Image": "C:\\Windows\\System32\\notepad.exe", "TargetFilename": "C:\\Users\\afuentes\\Documents\\document_2.docx.locked", "CreationUtcTime": "2026-06-18T10:14:43.930315"}}
{"Source": "Microsoft-Windows-Sysmon", "ProviderName": "Microsoft-Windows-Sysmon", "Computer": "FIN-WS-001", "TimeCreated": "2026-06-18T10:14:44.130315", "Channel": "Microsoft-Windows-Sysmon/Operational", "event_id": "evt-100010", "ground_truth": true, "attack_stage": "Impact", "scenario": "RansomCrew", "mitre": "T1486", "attacker": "RansomCrew-RansomActor", "victim": "FIN-WS-001", "confidence": 100, "EventID": 11, "Description": "File created", "EventData": {"UtcTime": "2026-06-18T10:14:44.130315", "ProcessGuid": "{A2C21C30-D321-6B65-0000-0010DF6D2000}", "ProcessId": 4820, "Image": "C:\\Windows\\System32\\notepad.exe", "TargetFilename": "C:\\Users\\afuentes\\Documents\\document_3.docx.locked", "CreationUtcTime": "2026-06-18T10:14:44.130315"}}
{"Source": "Microsoft-Windows-Sysmon", "ProviderName": "Microsoft-Windows-Sysmon", "Computer": "FIN-WS-001", "TimeCreated": "2026-06-18T10:14:44.330315", "Channel": "Microsoft-Windows-Sysmon/Operational", "event_id": "evt-100011", "ground_truth": true, "attack_stage": "Impact", "scenario": "RansomCrew", "mitre": "T1486", "attacker": "RansomCrew-RansomActor", "victim": "FIN-WS-001", "confidence": 100, "EventID": 11, "Description": "File created", "EventData": {"UtcTime": "2026-06-18T10:14:44.330315", "ProcessGuid": "{A2C21C30-D321-6B65-0000-0010DF6D2000}", "ProcessId": 4820, "Image": "C:\\Windows\\System32\\notepad.exe", "TargetFilename": "C:\\Users\\afuentes\\Documents\\document_4.docx.locked", "CreationUtcTime": "2026-06-18T10:14:44.330315"}}
{"Source": "Microsoft-Windows-Sysmon", "ProviderName": "Microsoft-Windows-Sysmon", "Computer": "FIN-WS-001", "TimeCreated": "2026-06-18T10:14:44.530315", "Channel": "Microsoft-Windows-Sysmon/Operational", "event_id": "evt-100012", "ground_truth": true, "attack_stage": "Impact", "scenario": "RansomCrew", "mitre": "T1486", "attacker": "RansomCrew-RansomActor", "victim": "FIN-WS-001", "confidence": 100, "EventID": 11, "Description": "File created", "EventData": {"UtcTime": "2026-06-18T10:14:44.530315", "ProcessGuid": "{A2C21C30-D321-6B65-0000-0010DF6D2000}", "ProcessId": 4820, "Image": "C:\\Windows\\System32\\notepad.exe", "TargetFilename": "C:\\Users\\afuentes\\Documents\\document_5.docx.locked", "CreationUtcTime": "2026-06-18T10:14:44.530315"}}
{"Source": "Microsoft-Windows-Sysmon", "ProviderName": "Microsoft-Windows-Sysmon", "Computer": "FIN-WS-001", "TimeCreated": "2026-06-18T10:14:44.730315", "Channel": "Microsoft-Windows-Sysmon/Operational", "event_id": "evt-100013", "ground_truth": true, "attack_stage": "Impact", "scenario": "RansomCrew", "mitre": "T1486", "attacker": "RansomCrew-RansomActor", "victim": "FIN-WS-001", "confidence": 100, "EventID": 11, "Description": "File created", "EventData": {"UtcTime": "2026-06-18T10:14:44.730315", "ProcessGuid": "{A2C21C30-D321-6B65-0000-0010DF6D2000}", "ProcessId": 4820, "Image": "C:\\Windows\\System32\\notepad.exe", "TargetFilename": "C:\\Users\\afuentes\\Documents\\document_6.docx.locked", "CreationUtcTime": "2026-06-18T10:14:44.730315"}}
{"Source": "Microsoft-Windows-Sysmon", "ProviderName": "Microsoft-Windows-Sysmon", "Computer": "FIN-WS-001", "TimeCreated": "2026-06-18T10:14:44.930315", "Channel": "Microsoft-Windows-Sysmon/Operational", "event_id": "evt-100014", "ground_truth": true, "attack_stage": "Impact", "scenario": "RansomCrew", "mitre": "T1486", "attacker": "RansomCrew-RansomActor", "victim": "FIN-WS-001", "confidence": 100, "EventID": 11, "Description": "File created", "EventData": {"UtcTime": "2026-06-18T10:14:44.930315", "ProcessGuid": "{A2C21C30-D321-6B65-0000-0010DF6D2000}", "ProcessId": 4820, "Image": "C:\\Windows\\System32\\notepad.exe", "TargetFilename": "C:\\Users\\afuentes\\Documents\\document_7.docx.locked", "CreationUtcTime": "2026-06-18T10:14:44.930315"}}
{"Source": "Microsoft-Windows-Sysmon", "ProviderName": "Microsoft-Windows-Sysmon", "Computer": "FIN-WS-001", "TimeCreated": "2026-06-18T10:14:45.130315", "Channel": "Microsoft-Windows-Sysmon/Operational", "event_id": "evt-100015", "ground_truth": true, "attack_stage": "Impact", "scenario": "RansomCrew", "mitre": "T1486", "attacker": "RansomCrew-RansomActor", "victim": "FIN-WS-001", "confidence": 100, "EventID": 11, "Description": "File created", "EventData": {"UtcTime": "2026-06-18T10:14:45.130315", "ProcessGuid": "{A2C21C30-D321-6B65-0000-0010DF6D2000}", "ProcessId": 4820, "Image": "C:\\Windows\\System32\\notepad.exe", "TargetFilename": "C:\\Users\\afuentes\\Documents\\document_8.docx.locked", "CreationUtcTime": "2026-06-18T10:14:45.130315"}}
{"Source": "Microsoft-Windows-Security-Auditing", "ProviderName": "Microsoft-Windows-Security-Auditing", "Computer": "FIN-DC-01", "TimeCreated": "2026-06-18T10:14:45.324518", "Channel": "Security", "event_id": "evt-100005", "ground_truth": true, "attack_stage": "Lateral Movement", "scenario": "APT29", "mitre": "T1021", "attacker": "10.44.2.51", "victim": "FIN-DC-01", "confidence": 100, "EventID": 4624, "Description": "An account was successfully logged on.", "EventData": {"TargetUserName": "cstephenson", "TargetDomainName": "WORKGROUP", "LogonType": 10, "IpAddress": "127.0.0.1", "IpPort": "0"}}
{"Source": "Microsoft-Windows-Sysmon", "ProviderName": "Microsoft-Windows-Sysmon", "Computer": "FIN-WS-001", "TimeCreated": "2026-06-18T10:14:45.330315", "Channel": "Microsoft-Windows-Sysmon/Operational", "event_id": "evt-100016", "ground_truth": true, "attack_stage": "Impact", "scenario": "RansomCrew", "mitre": "T1486", "attacker": "RansomCrew-RansomActor", "victim": "FIN-WS-001", "confidence": 100, "EventID": 11, "Description": "File created", "EventData": {"UtcTime": "2026-06-18T10:14:45.330315", "ProcessGuid": "{A2C21C30-D321-6B65-0000-0010DF6D2000}", "ProcessId": 4820, "Image": "C:\\Windows\\System32\\notepad.exe", "TargetFilename": "C:\\Users\\afuentes\\Documents\\document_9.docx.locked", "CreationUtcTime": "2026-06-18T10:14:45.330315"}}
{"Source": "Microsoft-Windows-Sysmon", "ProviderName": "Microsoft-Windows-Sysmon", "Computer": "FIN-WS-001", "TimeCreated": "2026-06-18T10:14:45.530315", "Channel": "Microsoft-Windows-Sysmon/Operational", "event_id": "evt-100017", "ground_truth": true, "attack_stage": "Impact", "scenario": "RansomCrew", "mitre": "T1486", "attacker": "RansomCrew-RansomActor", "victim": "FIN-WS-001", "confidence": 100, "EventID": 11, "Description": "File created", "EventData": {"UtcTime": "2026-06-18T10:14:45.530315", "ProcessGuid": "{A2C21C30-D321-6B65-0000-0010DF6D2000}", "ProcessId": 4820, "Image": "C:\\Windows\\System32\\notepad.exe", "TargetFilename": "C:\\Users\\afuentes\\Documents\\document_10.docx.locked", "CreationUtcTime": "2026-06-18T10:14:45.530315"}}
{"Source": "Microsoft-Windows-Sysmon", "ProviderName": "Microsoft-Windows-Sysmon", "Computer": "FIN-WS-001", "TimeCreated": "2026-06-18T10:14:45.730315", "Channel": "Microsoft-Windows-Sysmon/Operational", "event_id": "evt-100018", "ground_truth": true, "attack_stage": "Impact", "scenario": "RansomCrew", "mitre": "T1486", "attacker": "RansomCrew-RansomActor", "victim": "FIN-WS-001", "confidence": 100, "EventID": 11, "Description": "File created", "EventData": {"UtcTime": "2026-06-18T10:14:45.730315", "ProcessGuid": "{A2C21C30-D321-6B65-0000-0010DF6D2000}", "ProcessId": 4820, "Image": "C:\\Windows\\System32\\notepad.exe", "TargetFilename": "C:\\Users\\afuentes\\Documents\\document_11.docx.locked", "CreationUtcTime": "2026-06-18T10:14:45.730315"}}
{"Source": "Microsoft-Windows-Sysmon", "ProviderName": "Microsoft-Windows-Sysmon", "Computer": "FIN-WS-001", "TimeCreated": "2026-06-18T10:14:45.930315", "Channel": "Microsoft-Windows-Sysmon/Operational", "event_id": "evt-100019", "ground_truth": true, "attack_stage": "Impact", "scenario": "RansomCrew", "mitre": "T1486", "attacker": "RansomCrew-RansomActor", "victim": "FIN-WS-001", "confidence": 100, "EventID": 11, "Description": "File created", "EventData": {"UtcTime": "2026-06-18T10:14:45.930315", "ProcessGuid": "{A2C21C30-D321-6B65-0000-0010DF6D2000}", "ProcessId": 4820, "Image": "C:\\Windows\\System32\\notepad.exe", "TargetFilename": "C:\\Users\\afuentes\\Documents\\document_12.docx.locked", "CreationUtcTime": "2026-06-18T10:14:45.930315"}}
{"Source": "Microsoft-Windows-Sysmon", "ProviderName": "Microsoft-Windows-Sysmon", "Computer": "FIN-WS-001", "TimeCreated": "2026-06-18T10:14:46.130315", "Channel": "Microsoft-Windows-Sysmon/Operational", "event_id": "evt-100020", "ground_truth": true, "attack_stage": "Impact", "scenario": "RansomCrew", "mitre": "T1486", "attacker": "RansomCrew-RansomActor", "victim": "FIN-WS-001", "confidence": 100, "EventID": 11, "Description": "File created", "EventData": {"UtcTime": "2026-06-18T10:14:46.130315", "ProcessGuid": "{A2C21C30-D321-6B65-0000-0010DF6D2000}", "ProcessId": 4820, "Image": "C:\\Windows\\System32\\notepad.exe", "TargetFilename": "C:\\Users\\afuentes\\Documents\\document_13.docx.locked", "CreationUtcTime": "2026-06-18T10:14:46.130315"}}
{"Source": "Microsoft-Windows-Sysmon", "ProviderName": "Microsoft-Windows-Sysmon", "Computer": "FIN-WS-001", "TimeCreated": "2026-06-18T10:14:46.330315", "Channel": "Microsoft-Windows-Sysmon/Operational", "event_id": "evt-100021", "ground_truth": true, "attack_stage": "Impact", "scenario": "RansomCrew", "mitre": "T1486", "attacker": "RansomCrew-RansomActor", "victim": "FIN-WS-001", "confidence": 100, "EventID": 11, "Description": "File created", "EventData": {"UtcTime": "2026-06-18T10:14:46.330315", "ProcessGuid": "{A2C21C30-D321-6B65-0000-0010DF6D2000}", "ProcessId": 4820, "Image": "C:\\Windows\\System32\\notepad.exe", "TargetFilename": "C:\\Users\\afuentes\\Documents\\document_14.docx.locked", "CreationUtcTime": "2026-06-18T10:14:46.330315"}}
{"Source": "Microsoft-Windows-Sysmon", "ProviderName": "Microsoft-Windows-Sysmon", "Computer": "FIN-WS-001", "TimeCreated": "2026-06-18T10:16:13.314662", "Channel": "Microsoft-Windows-Sysmon/Operational", "event_id": "evt-normal-582949", "ground_truth": false, "attack_stage": null, "scenario": null, "mitre": null, "attacker": null, "victim": null, "confidence": 0, "EventID": 1, "Description": "Process Create", "EventData": {"UtcTime": "2026-06-18T10:16:13.314662", "ProcessGuid": "{A2C21C30-D321-6B65-0000-0010DF6D2000}", "ProcessId": 4820, "Image": "C:\\Windows\\System32\\notepad.exe", "CommandLine": "C:\\Windows\\System32\\notepad.exe", "CurrentDirectory": "C:\\Windows\\system32\\", "User": "CORP\\jhernandez", "ParentProcessGuid": "{A2C21C30-D320-6B65-0000-0010C46D2000}", "ParentProcessId": 1024, "ParentImage": "C:\\Windows\\explorer.exe", "ParentCommandLine": "C:\\Windows\\explorer.exe"}}
{"log_source": "syslog", "Computer": "FIN-WS-012", "TimeCreated": "2026-06-18T10:17:13.314662", "event_id": "evt-normal-974644", "ground_truth": false, "attack_stage": null, "scenario": null, "mitre": null, "attacker": null, "victim": null, "confidence": 0, "message": "2026-06-18T10:17:13.314662 FIN-WS-012 systemd[1]: Started SOCForge Simulated Activity."}
{"Source": "Microsoft-Windows-Security-Auditing", "ProviderName": "Microsoft-Windows-Security-Auditing", "Computer": "FIN-WS-001", "TimeCreated": "2026-06-18T10:18:43.314662", "Channel": "Security", "event_id": "evt-100002", "ground_truth": true, "attack_stage": "Initial Access", "scenario": "APT29", "mitre": "T1566", "attacker": "account-billing-alert.com", "victim": "FIN-WS-001", "confidence": 100, "EventID": 9999, "Description": "Generic Windows Log", "EventData": {"event_id": "evt-100002", "timestamp": "2026-06-18T10:18:43.314662", "event_type": "ProxyAccess", "host": "FIN-WS-001", "ip_address": "10.44.2.51", "username": "asmith", "os_type": "Windows", "ground_truth": true, "attack_stage": "Initial Access", "scenario": "APT29", "mitre": "T1566", "attacker": "account-billing-alert.com", "victim": "FIN-WS-001", "confidence": 100, "method": "GET", "url": "http://account-billing-alert.com/login.html", "user_agent": "Mozilla/5.0 (Windows NT 10.0; Win64; x64) Chrome/103.0.0.0", "status_code": 200}}
{"Source": "Microsoft-Windows-Security-Auditing", "ProviderName": "Microsoft-Windows-Security-Auditing", "Computer": "FIN-WS-001", "TimeCreated": "2026-06-18T10:19:13.314662", "Channel": "Security", "event_id": "evt-100003", "ground_truth": true, "attack_stage": "Initial Access", "scenario": "APT29", "mitre": "T1566", "attacker": "account-billing-alert.com", "victim": "FIN-WS-001", "confidence": 100, "EventID": 9999, "Description": "Generic Windows Log", "EventData": {"event_id": "evt-100003", "timestamp": "2026-06-18T10:19:13.314662", "event_type": "ProxyAccess", "host": "FIN-WS-001", "ip_address": "10.44.2.51", "username": "asmith", "os_type": "Windows", "ground_truth": true, "attack_stage": "Initial Access", "scenario": "APT29", "mitre": "T1566", "attacker": "account-billing-alert.com", "victim": "FIN-WS-001", "confidence": 100, "method": "POST", "url": "http://account-billing-alert.com/login.php"}}
{"Source": "Microsoft-Windows-Security-Auditing", "ProviderName": "Microsoft-Windows-Security-Auditing", "Computer": "FIN-WS-001", "TimeCreated": "2026-06-18T10:26:43.314662", "Channel": "Security", "event_id": "evt-normal-205626", "ground_truth": false, "attack_stage": null, "scenario": null, "mitre": null, "attacker": null, "victim": null, "confidence": 0, "EventID": 9999, "Description": "Generic Windows Log", "EventData": {"event_id": "evt-normal-205626", "timestamp": "2026-06-18T10:26:43.314662", "company_id": "9321a010-865d-4c55-933c-3b8f57176f37", "host": "FIN-WS-001", "ip_address": "10.44.2.51", "username": "jespinoza", "user_role": "HR_Specialist", "os_type": "Windows", "ground_truth": false, "scenario": null, "mitre": null, "attacker": null, "victim": null, "confidence": 0, "event_type": "USBInsert", "device_id": "USBSTOR\\DISK&VEN_SANDISK&PROD_CRUZER\\af531efc-2db9-41c0-abee-2794769a4a58", "drive_letter": "E:"}}
{"log_source": "syslog", "Computer": "FIN-WS-025", "TimeCreated": "2026-06-18T10:29:43.324518", "event_id": "evt-normal-340433", "ground_truth": false, "attack_stage": null, "scenario": null, "mitre": null, "attacker": null, "victim": null, "confidence": 0, "message": "2026-06-18T10:29:43.324518 FIN-WS-025 systemd[1]: Started SOCForge Simulated Activity."}
{"Source": "Microsoft-Windows-Security-Auditing", "ProviderName": "Microsoft-Windows-Security-Auditing", "Computer": "FIN-WS-011", "TimeCreated": "2026-06-18T10:31:13.324518", "Channel": "Security", "event_id": "evt-normal-514692", "ground_truth": false, "attack_stage": null, "scenario": null, "mitre": null, "attacker": null, "victim": null, "confidence": 0, "EventID": 9999, "Description": "Generic Windows Log", "EventData": {"event_id": "evt-normal-514692", "timestamp": "2026-06-18T10:31:13.324518", "company_id": "9321a010-865d-4c55-933c-3b8f57176f37", "host": "FIN-WS-011", "ip_address": "10.44.2.61", "username": "jespinoza", "user_role": "HR_Specialist", "os_type": "Windows", "ground_truth": false, "scenario": null, "mitre": null, "attacker": null, "victim": null, "confidence": 0, "event_type": "USBInsert", "device_id": "USBSTOR\\DISK&VEN_SANDISK&PROD_CRUZER\\a153e230-6e76-43d4-bca7-5e6f50821392", "drive_letter": "E:"}}
{"Source": "Microsoft-Windows-Sysmon", "ProviderName": "Microsoft-Windows-Sysmon", "Computer": "FIN-WS-018", "TimeCreated": "2026-06-18T10:35:13.314662", "Channel": "Microsoft-Windows-Sysmon/Operational", "event_id": "evt-normal-212660", "ground_truth": false, "attack_stage": null, "scenario": null, "mitre": null, "attacker": null, "victim": null, "confidence": 0, "EventID": 1, "Description": "Process Create", "EventData": {"UtcTime": "2026-06-18T10:35:13.314662", "ProcessGuid": "{A2C21C30-D321-6B65-0000-0010DF6D2000}", "ProcessId": 4820, "Image": "C:\\Windows\\System32\\word.exe", "CommandLine": "C:\\Windows\\System32\\word.exe", "CurrentDirectory": "C:\\Windows\\system32\\", "User": "CORP\\kryan", "ParentProcessGuid": "{A2C21C30-D320-6B65-0000-0010C46D2000}", "ParentProcessId": 1024, "ParentImage": "C:\\Windows\\explorer.exe", "ParentCommandLine": "C:\\Windows\\explorer.exe"}}
{"Source": "Microsoft-Windows-Sysmon", "ProviderName": "Microsoft-Windows-Sysmon", "Computer": "FIN-WS-003", "TimeCreated": "2026-06-18T10:36:13.330315", "Channel": "Microsoft-Windows-Sysmon/Operational", "event_id": "evt-normal-874557", "ground_truth": false, "attack_stage": null, "scenario": null, "mitre": null, "attacker": null, "victim": null, "confidence": 0, "EventID": 1, "Description": "Process Create", "EventData": {"UtcTime": "2026-06-18T10:36:13.330315", "ProcessGuid": "{A2C21C30-D321-6B65-0000-0010DF6D2000}", "ProcessId": 4820, "Image": "C:\\Windows\\System32\\word.exe", "CommandLine": "C:\\Windows\\System32\\word.exe", "CurrentDirectory": "C:\\Windows\\system32\\", "User": "CORP\\mharrison", "ParentProcessGuid": "{A2C21C30-D320-6B65-0000-0010C46D2000}", "ParentProcessId": 1024, "ParentImage": "C:\\Windows\\explorer.exe", "ParentCommandLine": "C:\\Windows\\explorer.exe"}}
{"Source": "Microsoft-Windows-Security-Auditing", "ProviderName": "Microsoft-Windows-Security-Auditing", "Computer": "FIN-WS-003", "TimeCreated": "2026-06-18T10:40:13.324518", "Channel": "Security", "event_id": "evt-normal-156933", "ground_truth": false, "attack_stage": null, "scenario": null, "mitre": null, "attacker": null, "victim": null, "confidence": 0, "EventID": 9999, "Description": "Generic Windows Log", "EventData": {"event_id": "evt-normal-156933", "timestamp": "2026-06-18T10:40:13.324518", "company_id": "9321a010-865d-4c55-933c-3b8f57176f37", "host": "FIN-WS-003", "ip_address": "10.44.2.53", "username": "asmith", "user_role": "HR_Manager", "os_type": "Windows", "ground_truth": false, "scenario": null, "mitre": null, "attacker": null, "victim": null, "confidence": 0, "event_type": "USBInsert", "device_id": "USBSTOR\\DISK&VEN_SANDISK&PROD_CRUZER\\c2485410-94cb-4bab-a3ca-a43de4cae33f", "drive_letter": "G:"}}
{"Source": "Microsoft-Windows-Sysmon", "ProviderName": "Microsoft-Windows-Sysmon", "Computer": "FIN-WS-006", "TimeCreated": "2026-06-18T10:43:43.314662", "Channel": "Microsoft-Windows-Sysmon/Operational", "event_id": "evt-normal-511690", "ground_truth": false, "attack_stage": null, "scenario": null, "mitre": null, "attacker": null, "victim": null, "confidence": 0, "EventID": 11, "Description": "File created", "EventData": {"UtcTime": "2026-06-18T10:43:43.314662", "ProcessGuid": "{A2C21C30-D321-6B65-0000-0010DF6D2000}", "ProcessId": 4820, "Image": "C:\\Windows\\System32\\notepad.exe", "TargetFilename": "C:\\Users\\dcoleman\\Documents\\report.docx", "CreationUtcTime": "2026-06-18T10:43:43.314662"}}
{"Source": "Microsoft-Windows-Security-Auditing", "ProviderName": "Microsoft-Windows-Security-Auditing", "Computer": "FIN-WS-013", "TimeCreated": "2026-06-18T10:44:13.314662", "Channel": "Security", "event_id": "evt-normal-919160", "ground_truth": false, "attack_stage": null, "scenario": null, "mitre": null, "attacker": null, "victim": null, "confidence": 0, "EventID": 9999, "Description": "Generic Windows Log", "EventData": {"event_id": "evt-normal-919160", "timestamp": "2026-06-18T10:44:13.314662", "company_id": "9321a010-865d-4c55-933c-3b8f57176f37", "host": "FIN-WS-013", "ip_address": "10.44.2.63", "username": "asmith", "user_role": "HR_Manager", "os_type": "Windows", "ground_truth": false, "scenario": null, "mitre": null, "attacker": null, "victim": null, "confidence": 0, "event_type": "USBInsert", "device_id": "USBSTOR\\DISK&VEN_SANDISK&PROD_CRUZER\\0811af71-00f5-4ecd-a341-6ed1e11c64a0", "drive_letter": "E:"}}
{"Source": "Microsoft-Windows-Security-Auditing", "ProviderName": "Microsoft-Windows-Security-Auditing", "Computer": "FIN-WS-002", "TimeCreated": "2026-06-18T10:45:43.314662", "Channel": "Security", "event_id": "evt-normal-634459", "ground_truth": false, "attack_stage": null, "scenario": null, "mitre": null, "attacker": null, "victim": null, "confidence": 0, "EventID": 9999, "Description": "Generic Windows Log", "EventData": {"event_id": "evt-normal-634459", "timestamp": "2026-06-18T10:45:43.314662", "company_id": "9321a010-865d-4c55-933c-3b8f57176f37", "host": "FIN-WS-002", "ip_address": "10.44.2.52", "username": "afuentes", "user_role": "Helpdesk", "os_type": "Windows", "ground_truth": false, "scenario": null, "mitre": null, "attacker": null, "victim": null, "confidence": 0, "event_type": "NetworkConnection", "destination_ip": "192.168.113.207", "destination_port": 443, "direction": "Outbound", "protocol": "TCP"}}
