{"Source": "Microsoft-Windows-Security-Auditing", "ProviderName": "Microsoft-Windows-Security-Auditing", "Computer": "FIN-SRV-FILE", "TimeCreated": "2026-06-18T15:59:43.314662", "Channel": "Security", "event_id": "evt-normal-787857", "ground_truth": false, "attack_stage": null, "scenario": null, "mitre": null, "attacker": null, "victim": null, "confidence": 0, "EventID": 9999, "Description": "Generic Windows Log", "EventData": {"event_id": "evt-normal-787857", "timestamp": "2026-06-18T15:59:43.314662", "company_id": "9321a010-865d-4c55-933c-3b8f57176f37", "host": "FIN-SRV-FILE", "ip_address": "10.44.1.20", "username": "kdecker", "user_role": "Sales_Rep", "os_type": "Windows", "ground_truth": false, "scenario": null, "mitre": null, "attacker": null, "victim": null, "confidence": 0, "event_type": "DNSQuery", "query": "aws.amazon.com", "record_type": "A", "resolved_ip": "192.168.185.11"}}
{"log_source": "syslog", "Computer": "FIN-WS-025", "TimeCreated": "2026-06-18T16:10:13.330315", "event_id": "evt-normal-320523", "ground_truth": false, "attack_stage": null, "scenario": null, "mitre": null, "attacker": null, "victim": null, "confidence": 0, "message": "2026-06-18T16:10:13.330315 FIN-WS-025 systemd[1]: Started SOCForge Simulated Activity."}
{"Source": "Microsoft-Windows-Security-Auditing", "ProviderName": "Microsoft-Windows-Security-Auditing", "Computer": "FIN-WS-002", "TimeCreated": "2026-06-18T16:11:13.330315", "Channel": "Security", "event_id": "evt-normal-242517", "ground_truth": false, "attack_stage": null, "scenario": null, "mitre": null, "attacker": null, "victim": null, "confidence": 0, "EventID": 9999, "Description": "Generic Windows Log", "EventData": {"event_id": "evt-normal-242517", "timestamp": "2026-06-18T16:11:13.330315", "company_id": "9321a010-865d-4c55-933c-3b8f57176f37", "host": "FIN-WS-002", "ip_address": "10.44.2.52", "username": "sbowman", "user_role": "Assistant", "os_type": "Windows", "ground_truth": false, "scenario": null, "mitre": null, "attacker": null, "victim": null, "confidence": 0, "event_type": "DNSQuery", "query": "jira.atlassian.net", "record_type": "A", "resolved_ip": "192.168.74.214"}}
{"Source": "Microsoft-Windows-Security-Auditing", "ProviderName": "Microsoft-Windows-Security-Auditing", "Computer": "FIN-WS-007", "TimeCreated": "2026-06-18T16:11:43.330315", "Channel": "Security", "event_id": "evt-normal-975998", "ground_truth": false, "attack_stage": null, "scenario": null, "mitre": null, "attacker": null, "victim": null, "confidence": 0, "EventID": 9999, "Description": "Generic Windows Log", "EventData": {"event_id": "evt-normal-975998", "timestamp": "2026-06-18T16:11:43.330315", "company_id": "9321a010-865d-4c55-933c-3b8f57176f37", "host": "FIN-WS-007", "ip_address": "10.44.2.57", "username": "bsmith", "user_role": "Assistant", "os_type": "Windows", "ground_truth": false, "scenario": null, "mitre": null, "attacker": null, "victim": null, "confidence": 0, "event_type": "DNSQuery", "query": "internal-wiki.local", "record_type": "A", "resolved_ip": "192.168.37.88"}}
{"Source": "Microsoft-Windows-Security-Auditing", "ProviderName": "Microsoft-Windows-Security-Auditing", "Computer": "FIN-SRV-FILE", "TimeCreated": "2026-06-18T16:14:43.314662", "Channel": "Security", "event_id": "evt-normal-349371", "ground_truth": false, "attack_stage": null, "scenario": null, "mitre": null, "attacker": null, "victim": null, "confidence": 0, "EventID": 9999, "Description": "Generic Windows Log", "EventData": {"event_id": "evt-normal-349371", "timestamp": "2026-06-18T16:14:43.314662", "company_id": "9321a010-865d-4c55-933c-3b8f57176f37", "host": "FIN-SRV-FILE", "ip_address": "10.44.1.20", "username": "jwiggins", "user_role": "Sales_Rep", "os_type": "Windows", "ground_truth": false, "scenario": null, "mitre": null, "attacker": null, "victim": null, "confidence": 0, "event_type": "NetworkConnection", "destination_ip": "192.168.132.201", "destination_port": 80, "direction": "Outbound", "protocol": "TCP"}}
{"Source": "Microsoft-Windows-Sysmon", "ProviderName": "Microsoft-Windows-Sysmon", "Computer": "FIN-WS-024", "TimeCreated": "2026-06-18T16:14:43.330315", "Channel": "Microsoft-Windows-Sysmon/Operational", "event_id": "evt-normal-326538", "ground_truth": false, "attack_stage": null, "scenario": null, "mitre": null, "attacker": null, "victim": null, "confidence": 0, "EventID": 1, "Description": "Process Create", "EventData": {"UtcTime": "2026-06-18T16:14:43.330315", "ProcessGuid": "{A2C21C30-D321-6B65-0000-0010DF6D2000}", "ProcessId": 4820, "Image": "C:\\Windows\\System32\\teams.exe", "CommandLine": "C:\\Windows\\System32\\teams.exe", "CurrentDirectory": "C:\\Windows\\system32\\", "User": "CORP\\sbowman", "ParentProcessGuid": "{A2C21C30-D320-6B65-0000-0010C46D2000}", "ParentProcessId": 1024, "ParentImage": "C:\\Windows\\explorer.exe", "ParentCommandLine": "C:\\Windows\\explorer.exe"}}
{"Source": "Microsoft-Windows-Security-Auditing", "ProviderName": "Microsoft-Windows-Security-Auditing", "Computer": "FIN-WS-015", "TimeCreated": "2026-06-18T16:15:13.324518", "Channel": "Security", "event_id": "evt-normal-371806", "ground_truth": false, "attack_stage": null, "scenario": null, "mitre": null, "attacker": null, "victim": null, "confidence": 0, "EventID": 9999, "Description": "Generic Windows Log", "EventData": {"event_id": "evt-normal-371806", "timestamp": "2026-06-18T16:15:13.324518", "company_id": "9321a010-865d-4c55-933c-3b8f57176f37", "host": "FIN-WS-015", "ip_address": "10.44.2.65", "username": "kdecker", "user_role": "Sales_Rep", "os_type": "Windows", "ground_truth": false, "scenario": null, "mitre": null, "attacker": null, "victim": null, "confidence": 0, "event_type": "DNSQuery", "query": "internal-wiki.local", "record_type": "A", "resolved_ip": "192.168.180.157"}}
{"Source": "Microsoft-Windows-Security-Auditing", "ProviderName": "Microsoft-Windows-Security-Auditing", "Computer": "FIN-WS-011", "TimeCreated": "2026-06-18T16:18:43.330315", "Channel": "Security", "event_id": "evt-normal-698682", "ground_truth": false, "attack_stage": null, "scenario": null, "mitre": null, "attacker": null, "victim": null, "confidence": 0, "EventID": 9999, "Description": "Generic Windows Log", "EventData": {"event_id": "evt-normal-698682", "timestamp": "2026-06-18T16:18:43.330315", "company_id": "9321a010-865d-4c55-933c-3b8f57176f37", "host": "FIN-WS-011", "ip_address": "10.44.2.61", "username": "jriley", "user_role": "Security_Analyst", "os_type": "Windows", "ground_truth": false, "scenario": null, "mitre": null, "attacker": null, "victim": null, "confidence": 0, "event_type": "USBInsert", "device_id": "USBSTOR\\DISK&VEN_SANDISK&PROD_CRUZER\\d75d0d20-4b5a-45c5-aec1-ed826313b995", "drive_letter": "E:"}}
{"Source": "Microsoft-Windows-Security-Auditing", "ProviderName": "Microsoft-Windows-Security-Auditing", "Computer": "FIN-WS-024", "TimeCreated": "2026-06-18T16:26:13.314662", "Channel": "Security", "event_id": "evt-normal-578247", "ground_truth": false, "attack_stage": null, "scenario": null, "mitre": null, "attacker": null, "victim": null, "confidence": 0, "EventID": 9999, "Description": "Generic Windows Log", "EventData": {"event_id": "evt-normal-578247", "timestamp": "2026-06-18T16:26:13.314662", "company_id": "9321a010-865d-4c55-933c-3b8f57176f37", "host": "FIN-WS-024", "ip_address": "10.44.2.74", "username": "sbowman", "user_role": "Assistant", "os_type": "Windows", "ground_truth": false, "scenario": null, "mitre": null, "attacker": null, "victim": null, "confidence": 0, "event_type": "DNSQuery", "query": "aws.amazon.com", "record_type": "A", "resolved_ip": "192.168.173.174"}}
{"log_source": "syslog", "Computer": "FIN-WS-023", "TimeCreated": "2026-06-18T16:28:13.324518", "event_id": "evt-normal-357288", "ground_truth": false, "attack_stage": null, "scenario": null, "mitre": null, "attacker": null, "victim": null, "confidence": 0, "message": "2026-06-18T16:28:13.324518 FIN-WS-023 systemd[1]: Started SOCForge Simulated Activity."}
{"log_source": "syslog", "Computer": "FIN-WS-025", "TimeCreated": "2026-06-18T16:28:43.314662", "event_id": "evt-normal-949553", "ground_truth": false, "attack_stage": null, "scenario": null, "mitre": null, "attacker": null, "victim": null, "confidence": 0, "message": "2026-06-18T16:28:43.314662 FIN-WS-025 systemd[1]: Started SOCForge Simulated Activity."}
{"Source": "Microsoft-Windows-Security-Auditing", "ProviderName": "Microsoft-Windows-Security-Auditing", "Computer": "FIN-WS-002", "TimeCreated": "2026-06-18T16:29:13.330315", "Channel": "Security", "event_id": "evt-normal-190515", "ground_truth": false, "attack_stage": null, "scenario": null, "mitre": null, "attacker": null, "victim": null, "confidence": 0, "EventID": 9999, "Description": "Generic Windows Log", "EventData": {"event_id": "evt-normal-190515", "timestamp": "2026-06-18T16:29:13.330315", "company_id": "9321a010-865d-4c55-933c-3b8f57176f37", "host": "FIN-WS-002", "ip_address": "10.44.2.52", "username": "mmoore", "user_role": "SysAdmin", "os_type": "Windows", "ground_truth": false, "scenario": null, "mitre": null, "attacker": null, "victim": null, "confidence": 0, "event_type": "USBInsert", "device_id": "USBSTOR\\DISK&VEN_SANDISK&PROD_CRUZER\\0e2c17f5-424e-4842-9427-e0e1349bca47", "drive_letter": "F:"}}
{"Source": "Microsoft-Windows-Security-Auditing", "ProviderName": "Microsoft-Windows-Security-Auditing", "Computer": "FIN-WS-005", "TimeCreated": "2026-06-18T16:29:43.330315", "Channel": "Security", "event_id": "evt-normal-103646", "ground_truth": false, "attack_stage": null, "scenario": null, "mitre": null, "attacker": null, "victim": null, "confidence": 0, "EventID": 9999, "Description": "Generic Windows Log", "EventData": {"event_id": "evt-normal-103646", "timestamp": "2026-06-18T16:29:43.330315", "company_id": "9321a010-865d-4c55-933c-3b8f57176f37", "host": "FIN-WS-005", "ip_address": "10.44.2.55", "username": "mmoore", "user_role": "SysAdmin", "os_type": "Windows", "ground_truth": false, "scenario": null, "mitre": null, "attacker": null, "victim": null, "confidence": 0, "event_type": "USBInsert", "device_id": "USBSTOR\\DISK&VEN_SANDISK&PROD_CRUZER\\cf78e771-ca03-4ebc-9c31-d04341f310b4", "drive_letter": "F:"}}
{"log_source": "syslog", "Computer": "FIN-WS-025", "TimeCreated": "2026-06-18T16:30:13.324518", "event_id": "evt-normal-573413", "ground_truth": false, "attack_stage": null, "scenario": null, "mitre": null, "attacker": null, "victim": null, "confidence": 0, "message": "2026-06-18T16:30:13.324518 FIN-WS-025 systemd[1]: Started SOCForge Simulated Activity."}
{"Source": "Microsoft-Windows-Security-Auditing", "ProviderName": "Microsoft-Windows-Security-Auditing", "Computer": "FIN-WS-021", "TimeCreated": "2026-06-18T16:30:13.330315", "Channel": "Security", "event_id": "evt-normal-122730", "ground_truth": false, "attack_stage": null, "scenario": null, "mitre": null, "attacker": null, "victim": null, "confidence": 0, "EventID": 9999, "Description": "Generic Windows Log", "EventData": {"event_id": "evt-normal-122730", "timestamp": "2026-06-18T16:30:13.330315", "company_id": "9321a010-865d-4c55-933c-3b8f57176f37", "host": "FIN-WS-021", "ip_address": "10.44.2.71", "username": "afuentes", "user_role": "Helpdesk", "os_type": "Windows", "ground_truth": false, "scenario": null, "mitre": null, "attacker": null, "victim": null, "confidence": 0, "event_type": "NetworkConnection", "destination_ip": "192.168.228.55", "destination_port": 443, "direction": "Outbound", "protocol": "TCP"}}
{"log_source": "auth.log", "Computer": "FIN-WS-017", "TimeCreated": "2026-06-18T16:32:43.324518", "event_id": "evt-normal-684574", "ground_truth": false, "attack_stage": null, "scenario": null, "mitre": null, "attacker": null, "victim": null, "confidence": 0, "message": "2026-06-18T16:32:43.324518 FIN-WS-017 sshd[4102]: Accepted publickey for jriley from 10.88.40.234 port 60680 ssh2"}
{"Source": "Microsoft-Windows-Security-Auditing", "ProviderName": "Microsoft-Windows-Security-Auditing", "Computer": "FIN-WS-007", "TimeCreated": "2026-06-18T16:33:13.324518", "Channel": "Security", "event_id": "evt-normal-261441", "ground_truth": false, "attack_stage": null, "scenario": null, "mitre": null, "attacker": null, "victim": null, "confidence": 0, "EventID": 9999, "Description": "Generic Windows Log", "EventData": {"event_id": "evt-normal-261441", "timestamp": "2026-06-18T16:33:13.324518", "company_id": "9321a010-865d-4c55-933c-3b8f57176f37", "host": "FIN-WS-007", "ip_address": "10.44.2.57", "username": "mharrison", "user_role": "HR_Specialist", "os_type": "Windows", "ground_truth": false, "scenario": null, "mitre": null, "attacker": null, "victim": null, "confidence": 0, "event_type": "NetworkConnection", "destination_ip": "192.168.20.18", "destination_port": 80, "direction": "Outbound", "protocol": "TCP"}}
{"log_source": "syslog", "Computer": "FIN-WS-004", "TimeCreated": "2026-06-18T16:38:13.330315", "event_id": "evt-normal-908906", "ground_truth": false, "attack_stage": null, "scenario": null, "mitre": null, "attacker": null, "victim": null, "confidence": 0, "message": "2026-06-18T16:38:13.330315 FIN-WS-004 systemd[1]: Started SOCForge Simulated Activity."}
{"Source": "Microsoft-Windows-Sysmon", "ProviderName": "Microsoft-Windows-Sysmon", "Computer": "FIN-WS-019", "TimeCreated": "2026-06-18T16:39:43.330315", "Channel": "Microsoft-Windows-Sysmon/Operational", "event_id": "evt-normal-982278", "ground_truth": false, "attack_stage": null, "scenario": null, "mitre": null, "attacker": null, "victim": null, "confidence": 0, "EventID": 11, "Description": "File created", "EventData": {"UtcTime": "2026-06-18T16:39:43.330315", "ProcessGuid": "{A2C21C30-D321-6B65-0000-0010DF6D2000}", "ProcessId": 4820, "Image": "C:\\Windows\\System32\\notepad.exe", "TargetFilename": "C:\\Users\\jhernandez\\Documents\\report.txt", "CreationUtcTime": "2026-06-18T16:39:43.330315"}}
{"Source": "Microsoft-Windows-Security-Auditing", "ProviderName": "Microsoft-Windows-Security-Auditing", "Computer": "FIN-WS-018", "TimeCreated": "2026-06-18T16:41:13.314662", "Channel": "Security", "event_id": "evt-normal-346165", "ground_truth": false, "attack_stage": null, "scenario": null, "mitre": null, "attacker": null, "victim": null, "confidence": 0, "EventID": 9999, "Description": "Generic Windows Log", "EventData": {"event_id": "evt-normal-346165", "timestamp": "2026-06-18T16:41:13.314662", "company_id": "9321a010-865d-4c55-933c-3b8f57176f37", "host": "FIN-WS-018", "ip_address": "10.44.2.68", "username": "sbowman", "user_role": "Assistant", "os_type": "Windows", "ground_truth": false, "scenario": null, "mitre": null, "attacker": null, "victim": null, "confidence": 0, "event_type": "NetworkConnection", "destination_ip": "192.168.179.166", "destination_port": 443, "direction": "Outbound", "protocol": "TCP"}}
{"Source": "Microsoft-Windows-Security-Auditing", "ProviderName": "Microsoft-Windows-Security-Auditing", "Computer": "FIN-WS-005", "TimeCreated": "2026-06-18T16:43:13.330315", "Channel": "Security", "event_id": "evt-normal-667541", "ground_truth": false, "attack_stage": null, "scenario": null, "mitre": null, "attacker": null, "victim": null, "confidence": 0, "EventID": 9999, "Description": "Generic Windows Log", "EventData": {"event_id": "evt-normal-667541", "timestamp": "2026-06-18T16:43:13.330315", "company_id": "9321a010-865d-4c55-933c-3b8f57176f37", "host": "FIN-WS-005", "ip_address": "10.44.2.55", "username": "mford", "user_role": "Helpdesk", "os_type": "Windows", "ground_truth": false, "scenario": null, "mitre": null, "attacker": null, "victim": null, "confidence": 0, "event_type": "DNSQuery", "query": "google.com", "record_type": "A", "resolved_ip": "192.168.182.227"}}
{"Source": "Microsoft-Windows-Security-Auditing", "ProviderName": "Microsoft-Windows-Security-Auditing", "Computer": "FIN-WS-024", "TimeCreated": "2026-06-18T16:47:13.324518", "Channel": "Security", "event_id": "evt-normal-366761", "ground_truth": false, "attack_stage": null, "scenario": null, "mitre": null, "attacker": null, "victim": null, "confidence": 0, "EventID": 9999, "Description": "Generic Windows Log", "EventData": {"event_id": "evt-normal-366761", "timestamp": "2026-06-18T16:47:13.324518", "company_id": "9321a010-865d-4c55-933c-3b8f57176f37", "host": "FIN-WS-024", "ip_address": "10.44.2.74", "username": "kryan", "user_role": "HR_Manager", "os_type": "Windows", "ground_truth": false, "scenario": null, "mitre": null, "attacker": null, "victim": null, "confidence": 0, "event_type": "USBInsert", "device_id": "USBSTOR\\DISK&VEN_SANDISK&PROD_CRUZER\\f310dd73-c757-444d-91fc-816f17775d9b", "drive_letter": "G:"}}
{"Source": "Microsoft-Windows-Security-Auditing", "ProviderName": "Microsoft-Windows-Security-Auditing", "Computer": "FIN-WS-016", "TimeCreated": "2026-06-18T16:48:13.314662", "Channel": "Security", "event_id": "evt-normal-429596", "ground_truth": false, "attack_stage": null, "scenario": null, "mitre": null, "attacker": null, "victim": null, "confidence": 0, "EventID": 9999, "Description": "Generic Windows Log", "EventData": {"event_id": "evt-normal-429596", "timestamp": "2026-06-18T16:48:13.314662", "company_id": "9321a010-865d-4c55-933c-3b8f57176f37", "host": "FIN-WS-016", "ip_address": "10.44.2.66", "username": "jboyd", "user_role": "Helpdesk", "os_type": "Windows", "ground_truth": false, "scenario": null, "mitre": null, "attacker": null, "victim": null, "confidence": 0, "event_type": "NetworkConnection", "destination_ip": "192.168.143.5", "destination_port": 443, "direction": "Outbound", "protocol": "TCP"}}
{"Source": "Microsoft-Windows-Security-Auditing", "ProviderName": "Microsoft-Windows-Security-Auditing", "Computer": "FIN-WS-018", "TimeCreated": "2026-06-18T16:48:13.324518", "Channel": "Security", "event_id": "evt-normal-498578", "ground_truth": false, "attack_stage": null, "scenario": null, "mitre": null, "attacker": null, "victim": null, "confidence": 0, "EventID": 9999, "Description": "Generic Windows Log", "EventData": {"event_id": "evt-normal-498578", "timestamp": "2026-06-18T16:48:13.324518", "company_id": "9321a010-865d-4c55-933c-3b8f57176f37", "host": "FIN-WS-018", "ip_address": "10.44.2.68", "username": "mmoore", "user_role": "SysAdmin", "os_type": "Windows", "ground_truth": false, "scenario": null, "mitre": null, "attacker": null, "victim": null, "confidence": 0, "event_type": "NetworkConnection", "destination_ip": "192.168.170.185", "destination_port": 443, "direction": "Outbound", "protocol": "TCP"}}
{"Source": "Microsoft-Windows-Security-Auditing", "ProviderName": "Microsoft-Windows-Security-Auditing", "Computer": "FIN-WS-015", "TimeCreated": "2026-06-18T16:53:13.330315", "Channel": "Security", "event_id": "evt-normal-452153", "ground_truth": false, "attack_stage": null, "scenario": null, "mitre": null, "attacker": null, "victim": null, "confidence": 0, "EventID": 9999, "Description": "Generic Windows Log", "EventData": {"event_id": "evt-normal-452153", "timestamp": "2026-06-18T16:53:13.330315", "company_id": "9321a010-865d-4c55-933c-3b8f57176f37", "host": "FIN-WS-015", "ip_address": "10.44.2.65", "username": "jhernandez", "user_role": "Marketing_Specialist", "os_type": "Windows", "ground_truth": false, "scenario": null, "mitre": null, "attacker": null, "victim": null, "confidence": 0, "event_type": "DNSQuery", "query": "zoom.us", "record_type": "A", "resolved_ip": "192.168.28.86"}}
{"Source": "Microsoft-Windows-Sysmon", "ProviderName": "Microsoft-Windows-Sysmon", "Computer": "FIN-SRV-FILE", "TimeCreated": "2026-06-18T16:57:43.324518", "Channel": "Microsoft-Windows-Sysmon/Operational", "event_id": "evt-normal-134089", "ground_truth": false, "attack_stage": null, "scenario": null, "mitre": null, "attacker": null, "victim": null, "confidence": 0, "EventID": 11, "Description": "File created", "EventData": {"UtcTime": "2026-06-18T16:57:43.324518", "ProcessGuid": "{A2C21C30-D321-6B65-0000-0010DF6D2000}", "ProcessId": 4820, "Image": "C:\\Windows\\System32\\notepad.exe", "TargetFilename": "C:\\Users\\kryan\\Documents\\report.docx", "CreationUtcTime": "2026-06-18T16:57:43.324518"}}
{"Source": "Microsoft-Windows-Sysmon", "ProviderName": "Microsoft-Windows-Sysmon", "Computer": "FIN-WS-016", "TimeCreated": "2026-06-18T17:00:43.330315", "Channel": "Microsoft-Windows-Sysmon/Operational", "event_id": "evt-normal-425895", "ground_truth": false, "attack_stage": null, "scenario": null, "mitre": null, "attacker": null, "victim": null, "confidence": 0, "EventID": 11, "Description": "File created", "EventData": {"UtcTime": "2026-06-18T17:00:43.330315", "ProcessGuid": "{A2C21C30-D321-6B65-0000-0010DF6D2000}", "ProcessId": 4820, "Image": "C:\\Windows\\System32\\notepad.exe", "TargetFilename": "C:\\Users\\mmoore\\Documents\\report.txt", "CreationUtcTime": "2026-06-18T17:00:43.330315"}}
{"log_source": "syslog", "Computer": "FIN-WS-017", "TimeCreated": "2026-06-18T17:08:13.324518", "event_id": "evt-normal-601760", "ground_truth": false, "attack_stage": null, "scenario": null, "mitre": null, "attacker": null, "victim": null, "confidence": 0, "message": "2026-06-18T17:08:13.324518 FIN-WS-017 systemd[1]: Started SOCForge Simulated Activity."}
{"Source": "Microsoft-Windows-Security-Auditing", "ProviderName": "Microsoft-Windows-Security-Auditing", "Computer": "FIN-WS-016", "TimeCreated": "2026-06-18T17:10:43.314662", "Channel": "Security", "event_id": "evt-normal-427426", "ground_truth": false, "attack_stage": null, "scenario": null, "mitre": null, "attacker": null, "victim": null, "confidence": 0, "EventID": 4624, "Description": "An account was successfully logged on.", "EventData": {"TargetUserName": "jboyd", "TargetDomainName": "WORKGROUP", "LogonType": 2, "IpAddress": "10.44.2.66", "IpPort": "0"}}
{"Source": "Microsoft-Windows-Security-Auditing", "ProviderName": "Microsoft-Windows-Security-Auditing", "Computer": "FIN-WS-016", "TimeCreated": "2026-06-18T17:11:13.330315", "Channel": "Security", "event_id": "evt-normal-475738", "ground_truth": false, "attack_stage": null, "scenario": null, "mitre": null, "attacker": null, "victim": null, "confidence": 0, "EventID": 4624, "Description": "An account was successfully logged on.", "EventData": {"TargetUserName": "sbowman", "TargetDomainName": "WORKGROUP", "LogonType": 2, "IpAddress": "10.44.2.66", "IpPort": "0"}}
{"Source": "Microsoft-Windows-Sysmon", "ProviderName": "Microsoft-Windows-Sysmon", "Computer": "FIN-WS-002", "TimeCreated": "2026-06-18T17:11:43.314662", "Channel": "Microsoft-Windows-Sysmon/Operational", "event_id": "evt-normal-650235", "ground_truth": false, "attack_stage": null, "scenario": null, "mitre": null, "attacker": null, "victim": null, "confidence": 0, "EventID": 1, "Description": "Process Create", "EventData": {"UtcTime": "2026-06-18T17:11:43.314662", "ProcessGuid": "{A2C21C30-D321-6B65-0000-0010DF6D2000}", "ProcessId": 4820, "Image": "C:\\Windows\\System32\\resumes-viewer.exe", "CommandLine": "C:\\Windows\\System32\\resumes-viewer.exe", "CurrentDirectory": "C:\\Windows\\system32\\", "User": "CORP\\jespinoza", "ParentProcessGuid": "{A2C21C30-D320-6B65-0000-0010C46D2000}", "ParentProcessId": 1024, "ParentImage": "C:\\Windows\\explorer.exe", "ParentCommandLine": "C:\\Windows\\explorer.exe"}}
{"Source": "Microsoft-Windows-Sysmon", "ProviderName": "Microsoft-Windows-Sysmon", "Computer": "FIN-WS-002", "TimeCreated": "2026-06-18T17:11:43.330315", "Channel": "Microsoft-Windows-Sysmon/Operational", "event_id": "evt-normal-330665", "ground_truth": false, "attack_stage": null, "scenario": null, "mitre": null, "attacker": null, "victim": null, "confidence": 0, "EventID": 11, "Description": "File created", "EventData": {"UtcTime": "2026-06-18T17:11:43.330315", "ProcessGuid": "{A2C21C30-D321-6B65-0000-0010DF6D2000}", "ProcessId": 4820, "Image": "C:\\Windows\\System32\\notepad.exe", "TargetFilename": "C:\\Users\\sbowman\\Documents\\report.txt", "CreationUtcTime": "2026-06-18T17:11:43.330315"}}
{"Source": "Microsoft-Windows-Security-Auditing", "ProviderName": "Microsoft-Windows-Security-Auditing", "Computer": "FIN-WS-001", "TimeCreated": "2026-06-18T17:14:43.330315", "Channel": "Security", "event_id": "evt-normal-334887", "ground_truth": false, "attack_stage": null, "scenario": null, "mitre": null, "attacker": null, "victim": null, "confidence": 0, "EventID": 9999, "Description": "Generic Windows Log", "EventData": {"event_id": "evt-normal-334887", "timestamp": "2026-06-18T17:14:43.330315", "company_id": "9321a010-865d-4c55-933c-3b8f57176f37", "host": "FIN-WS-001", "ip_address": "10.44.2.51", "username": "cstephenson", "user_role": "CFO", "os_type": "Windows", "ground_truth": false, "scenario": null, "mitre": null, "attacker": null, "victim": null, "confidence": 0, "event_type": "USBInsert", "device_id": "USBSTOR\\DISK&VEN_SANDISK&PROD_CRUZER\\9cfb9eff-12b2-4741-9848-6eb1973cdcf8", "drive_letter": "F:"}}
{"Source": "Microsoft-Windows-Security-Auditing", "ProviderName": "Microsoft-Windows-Security-Auditing", "Computer": "FIN-WS-001", "TimeCreated": "2026-06-18T17:15:43.324518", "Channel": "Security", "event_id": "evt-normal-570214", "ground_truth": false, "attack_stage": null, "scenario": null, "mitre": null, "attacker": null, "victim": null, "confidence": 0, "EventID": 9999, "Description": "Generic Windows Log", "EventData": {"event_id": "evt-normal-570214", "timestamp": "2026-06-18T17:15:43.324518", "company_id": "9321a010-865d-4c55-933c-3b8f57176f37", "host": "FIN-WS-001", "ip_address": "10.44.2.51", "username": "jwiggins", "user_role": "Sales_Rep", "os_type": "Windows", "ground_truth": false, "scenario": null, "mitre": null, "attacker": null, "victim": null, "confidence": 0, "event_type": "USBInsert", "device_id": "USBSTOR\\DISK&VEN_SANDISK&PROD_CRUZER\\bd51c4e2-5cae-4aec-8e20-d5f2c711c0da", "drive_letter": "F:"}}
{"Source": "Microsoft-Windows-Security-Auditing", "ProviderName": "Microsoft-Windows-Security-Auditing", "Computer": "FIN-WS-021", "TimeCreated": "2026-06-18T17:17:13.330315", "Channel": "Security", "event_id": "evt-normal-697566", "ground_truth": false, "attack_stage": null, "scenario": null, "mitre": null, "attacker": null, "victim": null, "confidence": 0, "EventID": 9999, "Description": "Generic Windows Log", "EventData": {"event_id": "evt-normal-697566", "timestamp": "2026-06-18T17:17:13.330315", "company_id": "9321a010-865d-4c55-933c-3b8f57176f37", "host": "FIN-WS-021", "ip_address": "10.44.2.71", "username": "asmith", "user_role": "HR_Manager", "os_type": "Windows", "ground_truth": false, "scenario": null, "mitre": null, "attacker": null, "victim": null, "confidence": 0, "event_type": "USBInsert", "device_id": "USBSTOR\\DISK&VEN_SANDISK&PROD_CRUZER\\3bec7883-57a6-4c91-a02e-08f92c0d38cf", "drive_letter": "G:"}}
{"Source": "Microsoft-Windows-Security-Auditing", "ProviderName": "Microsoft-Windows-Security-Auditing", "Computer": "FIN-WS-002", "TimeCreated": "2026-06-18T17:18:13.314662", "Channel": "Security", "event_id": "evt-normal-768037", "ground_truth": false, "attack_stage": null, "scenario": null, "mitre": null, "attacker": null, "victim": null, "confidence": 0, "EventID": 9999, "Description": "Generic Windows Log", "EventData": {"event_id": "evt-normal-768037", "timestamp": "2026-06-18T17:18:13.314662", "company_id": "9321a010-865d-4c55-933c-3b8f57176f37", "host": "FIN-WS-002", "ip_address": "10.44.2.52", "username": "afuentes", "user_role": "Helpdesk", "os_type": "Windows", "ground_truth": false, "scenario": null, "mitre": null, "attacker": null, "victim": null, "confidence": 0, "event_type": "PrintJob", "document_name": "Monthly_Review.pdf", "printer_name": "PRN-OFFICE-COLOR-01", "pages": 6}}
{"log_source": "syslog", "Computer": "FIN-WS-012", "TimeCreated": "2026-06-18T17:18:43.314662", "event_id": "evt-normal-403838", "ground_truth": false, "attack_stage": null, "scenario": null, "mitre": null, "attacker": null, "victim": null, "confidence": 0, "message": "2026-06-18T17:18:43.314662 FIN-WS-012 systemd[1]: Started SOCForge Simulated Activity."}
{"log_source": "syslog", "Computer": "FIN-WS-012", "TimeCreated": "2026-06-18T17:21:43.314662", "event_id": "evt-normal-332970", "ground_truth": false, "attack_stage": null, "scenario": null, "mitre": null, "attacker": null, "victim": null, "confidence": 0, "message": "2026-06-18T17:21:43.314662 FIN-WS-012 systemd[1]: Started SOCForge Simulated Activity."}
{"Source": "Microsoft-Windows-Security-Auditing", "ProviderName": "Microsoft-Windows-Security-Auditing", "Computer": "FIN-WS-016", "TimeCreated": "2026-06-18T17:22:13.330315", "Channel": "Security", "event_id": "evt-normal-439959", "ground_truth": false, "attack_stage": null, "scenario": null, "mitre": null, "attacker": null, "victim": null, "confidence": 0, "EventID": 9999, "Description": "Generic Windows Log", "EventData": {"event_id": "evt-normal-439959", "timestamp": "2026-06-18T17:22:13.330315", "company_id": "9321a010-865d-4c55-933c-3b8f57176f37", "host": "FIN-WS-016", "ip_address": "10.44.2.66", "username": "kdecker", "user_role": "Sales_Rep", "os_type": "Windows", "ground_truth": false, "scenario": null, "mitre": null, "attacker": null, "victim": null, "confidence": 0, "event_type": "NetworkConnection", "destination_ip": "192.168.135.95", "destination_port": 443, "direction": "Outbound", "protocol": "TCP"}}
{"Source": "Microsoft-Windows-Security-Auditing", "ProviderName": "Microsoft-Windows-Security-Auditing", "Computer": "FIN-WS-018", "TimeCreated": "2026-06-18T17:24:43.330315", "Channel": "Security", "event_id": "evt-normal-913948", "ground_truth": false, "attack_stage": null, "scenario": null, "mitre": null, "attacker": null, "victim": null, "confidence": 0, "EventID": 9999, "Description": "Generic Windows Log", "EventData": {"event_id": "evt-normal-913948", "timestamp": "2026-06-18T17:24:43.330315", "company_id": "9321a010-865d-4c55-933c-3b8f57176f37", "host": "FIN-WS-018", "ip_address": "10.44.2.68", "username": "jboyd", "user_role": "Helpdesk", "os_type": "Windows", "ground_truth": false, "scenario": null, "mitre": null, "attacker": null, "victim": null, "confidence": 0, "event_type": "DNSQuery", "query": "jira.atlassian.net", "record_type": "A", "resolved_ip": "192.168.220.95"}}
{"Source": "Microsoft-Windows-Security-Auditing", "ProviderName": "Microsoft-Windows-Security-Auditing", "Computer": "FIN-WS-019", "TimeCreated": "2026-06-18T17:25:43.330315", "Channel": "Security", "event_id": "evt-normal-446747", "ground_truth": false, "attack_stage": null, "scenario": null, "mitre": null, "attacker": null, "victim": null, "confidence": 0, "EventID": 9999, "Description": "Generic Windows Log", "EventData": {"event_id": "evt-normal-446747", "timestamp": "2026-06-18T17:25:43.330315", "company_id": "9321a010-865d-4c55-933c-3b8f57176f37", "host": "FIN-WS-019", "ip_address": "10.44.2.69", "username": "mford", "user_role": "Helpdesk", "os_type": "Windows", "ground_truth": false, "scenario": null, "mitre": null, "attacker": null, "victim": null, "confidence": 0, "event_type": "DNSQuery", "query": "linkedin.com", "record_type": "A", "resolved_ip": "192.168.19.144"}}
{"log_source": "syslog", "Computer": "FIN-SRV-WEB", "TimeCreated": "2026-06-18T17:28:43.324518", "event_id": "evt-normal-163596", "ground_truth": false, "attack_stage": null, "scenario": null, "mitre": null, "attacker": null, "victim": null, "confidence": 0, "message": "2026-06-18T17:28:43.324518 FIN-SRV-WEB systemd[1]: Started SOCForge Simulated Activity."}
{"Source": "Microsoft-Windows-Security-Auditing", "ProviderName": "Microsoft-Windows-Security-Auditing", "Computer": "FIN-WS-018", "TimeCreated": "2026-06-18T17:30:43.324518", "Channel": "Security", "event_id": "evt-normal-742262", "ground_truth": false, "attack_stage": null, "scenario": null, "mitre": null, "attacker": null, "victim": null, "confidence": 0, "EventID": 9999, "Description": "Generic Windows Log", "EventData": {"event_id": "evt-normal-742262", "timestamp": "2026-06-18T17:30:43.324518", "company_id": "9321a010-865d-4c55-933c-3b8f57176f37", "host": "FIN-WS-018", "ip_address": "10.44.2.68", "username": "kdecker", "user_role": "Sales_Rep", "os_type": "Windows", "ground_truth": false, "scenario": null, "mitre": null, "attacker": null, "victim": null, "confidence": 0, "event_type": "NetworkConnection", "destination_ip": "192.168.10.65", "destination_port": 80, "direction": "Outbound", "protocol": "TCP"}}
{"log_source": "syslog", "Computer": "FIN-WS-025", "TimeCreated": "2026-06-18T17:33:13.324518", "event_id": "evt-normal-261359", "ground_truth": false, "attack_stage": null, "scenario": null, "mitre": null, "attacker": null, "victim": null, "confidence": 0, "message": "2026-06-18T17:33:13.324518 FIN-WS-025 systemd[1]: Started SOCForge Simulated Activity."}
{"Source": "Microsoft-Windows-Security-Auditing", "ProviderName": "Microsoft-Windows-Security-Auditing", "Computer": "FIN-WS-013", "TimeCreated": "2026-06-18T17:36:13.324518", "Channel": "Security", "event_id": "evt-normal-211760", "ground_truth": false, "attack_stage": null, "scenario": null, "mitre": null, "attacker": null, "victim": null, "confidence": 0, "EventID": 9999, "Description": "Generic Windows Log", "EventData": {"event_id": "evt-normal-211760", "timestamp": "2026-06-18T17:36:13.324518", "company_id": "9321a010-865d-4c55-933c-3b8f57176f37", "host": "FIN-WS-013", "ip_address": "10.44.2.63", "username": "sbowman", "user_role": "Assistant", "os_type": "Windows", "ground_truth": false, "scenario": null, "mitre": null, "attacker": null, "victim": null, "confidence": 0, "event_type": "USBInsert", "device_id": "USBSTOR\\DISK&VEN_SANDISK&PROD_CRUZER\\a44860d3-59d4-46ec-a8b3-26c634277fc2", "drive_letter": "F:"}}
{"Source": "Microsoft-Windows-Security-Auditing", "ProviderName": "Microsoft-Windows-Security-Auditing", "Computer": "FIN-WS-019", "TimeCreated": "2026-06-18T17:36:43.314662", "Channel": "Security", "event_id": "evt-normal-159694", "ground_truth": false, "attack_stage": null, "scenario": null, "mitre": null, "attacker": null, "victim": null, "confidence": 0, "EventID": 9999, "Description": "Generic Windows Log", "EventData": {"event_id": "evt-normal-159694", "timestamp": "2026-06-18T17:36:43.314662", "company_id": "9321a010-865d-4c55-933c-3b8f57176f37", "host": "FIN-WS-019", "ip_address": "10.44.2.69", "username": "tstewart", "user_role": "Incident_Responder", "os_type": "Windows", "ground_truth": false, "scenario": null, "mitre": null, "attacker": null, "victim": null, "confidence": 0, "event_type": "DNSQuery", "query": "aws.amazon.com", "record_type": "A", "resolved_ip": "192.168.222.129"}}
{"Source": "Microsoft-Windows-Security-Auditing", "ProviderName": "Microsoft-Windows-Security-Auditing", "Computer": "FIN-WS-001", "TimeCreated": "2026-06-18T17:38:43.324518", "Channel": "Security", "event_id": "evt-normal-987954", "ground_truth": false, "attack_stage": null, "scenario": null, "mitre": null, "attacker": null, "victim": null, "confidence": 0, "EventID": 9999, "Description": "Generic Windows Log", "EventData": {"event_id": "evt-normal-987954", "timestamp": "2026-06-18T17:38:43.324518", "company_id": "9321a010-865d-4c55-933c-3b8f57176f37", "host": "FIN-WS-001", "ip_address": "10.44.2.51", "username": "tstewart", "user_role": "Incident_Responder", "os_type": "Windows", "ground_truth": false, "scenario": null, "mitre": null, "attacker": null, "victim": null, "confidence": 0, "event_type": "NetworkConnection", "destination_ip": "192.168.30.164", "destination_port": 80, "direction": "Outbound", "protocol": "TCP"}}
{"Source": "Microsoft-Windows-Security-Auditing", "ProviderName": "Microsoft-Windows-Security-Auditing", "Computer": "FIN-WS-009", "TimeCreated": "2026-06-18T17:40:13.314662", "Channel": "Security", "event_id": "evt-normal-269809", "ground_truth": false, "attack_stage": null, "scenario": null, "mitre": null, "attacker": null, "victim": null, "confidence": 0, "EventID": 9999, "Description": "Generic Windows Log", "EventData": {"event_id": "evt-normal-269809", "timestamp": "2026-06-18T17:40:13.314662", "company_id": "9321a010-865d-4c55-933c-3b8f57176f37", "host": "FIN-WS-009", "ip_address": "10.44.2.59", "username": "mford", "user_role": "Helpdesk", "os_type": "Windows", "ground_truth": false, "scenario": null, "mitre": null, "attacker": null, "victim": null, "confidence": 0, "event_type": "DNSQuery", "query": "aws.amazon.com", "record_type": "A", "resolved_ip": "192.168.82.128"}}
{"Source": "Microsoft-Windows-Sysmon", "ProviderName": "Microsoft-Windows-Sysmon", "Computer": "FIN-WS-002", "TimeCreated": "2026-06-18T17:49:43.324518", "Channel": "Microsoft-Windows-Sysmon/Operational", "event_id": "evt-normal-513593", "ground_truth": false, "attack_stage": null, "scenario": null, "mitre": null, "attacker": null, "victim": null, "confidence": 0, "EventID": 1, "Description": "Process Create", "EventData": {"UtcTime": "2026-06-18T17:49:43.324518", "ProcessGuid": "{A2C21C30-D321-6B65-0000-0010DF6D2000}", "ProcessId": 4820, "Image": "C:\\Windows\\System32\\chrome.exe", "CommandLine": "C:\\Windows\\System32\\chrome.exe", "CurrentDirectory": "C:\\Windows\\system32\\", "User": "CORP\\kdecker", "ParentProcessGuid": "{A2C21C30-D320-6B65-0000-0010C46D2000}", "ParentProcessId": 1024, "ParentImage": "C:\\Windows\\explorer.exe", "ParentCommandLine": "C:\\Windows\\explorer.exe"}}
{"Source": "Microsoft-Windows-Security-Auditing", "ProviderName": "Microsoft-Windows-Security-Auditing", "Computer": "FIN-WS-007", "TimeCreated": "2026-06-18T17:50:13.324518", "Channel": "Security", "event_id": "evt-normal-545646", "ground_truth": false, "attack_stage": null, "scenario": null, "mitre": null, "attacker": null, "victim": null, "confidence": 0, "EventID": 9999, "Description": "Generic Windows Log", "EventData": {"event_id": "evt-normal-545646", "timestamp": "2026-06-18T17:50:13.324518", "company_id": "9321a010-865d-4c55-933c-3b8f57176f37", "host": "FIN-WS-007", "ip_address": "10.44.2.57", "username": "jhernandez", "user_role": "Marketing_Specialist", "os_type": "Windows", "ground_truth": false, "scenario": null, "mitre": null, "attacker": null, "victim": null, "confidence": 0, "event_type": "DNSQuery", "query": "nytimes.com", "record_type": "A", "resolved_ip": "192.168.142.90"}}
{"Source": "Microsoft-Windows-Security-Auditing", "ProviderName": "Microsoft-Windows-Security-Auditing", "Computer": "FIN-WS-008", "TimeCreated": "2026-06-18T17:50:43.330315", "Channel": "Security", "event_id": "evt-normal-527293", "ground_truth": false, "attack_stage": null, "scenario": null, "mitre": null, "attacker": null, "victim": null, "confidence": 0, "EventID": 9999, "Description": "Generic Windows Log", "EventData": {"event_id": "evt-normal-527293", "timestamp": "2026-06-18T17:50:43.330315", "company_id": "9321a010-865d-4c55-933c-3b8f57176f37", "host": "FIN-WS-008", "ip_address": "10.44.2.58", "username": "jhernandez", "user_role": "Marketing_Specialist", "os_type": "Windows", "ground_truth": false, "scenario": null, "mitre": null, "attacker": null, "victim": null, "confidence": 0, "event_type": "USBInsert", "device_id": "USBSTOR\\DISK&VEN_SANDISK&PROD_CRUZER\\f4fabe6a-e78e-4eae-b76a-5fc6332a5503", "drive_letter": "E:"}}
{"Source": "Microsoft-Windows-Security-Auditing", "ProviderName": "Microsoft-Windows-Security-Auditing", "Computer": "FIN-WS-009", "TimeCreated": "2026-06-18T17:51:13.330315", "Channel": "Security", "event_id": "evt-normal-845835", "ground_truth": false, "attack_stage": null, "scenario": null, "mitre": null, "attacker": null, "victim": null, "confidence": 0, "EventID": 9999, "Description": "Generic Windows Log", "EventData": {"event_id": "evt-normal-845835", "timestamp": "2026-06-18T17:51:13.330315", "company_id": "9321a010-865d-4c55-933c-3b8f57176f37", "host": "FIN-WS-009", "ip_address": "10.44.2.59", "username": "cstephenson", "user_role": "CFO", "os_type": "Windows", "ground_truth": false, "scenario": null, "mitre": null, "attacker": null, "victim": null, "confidence": 0, "event_type": "DNSQuery", "query": "stackoverflow.com", "record_type": "A", "resolved_ip": "192.168.225.76"}}
{"log_source": "syslog", "Computer": "FIN-WS-017", "TimeCreated": "2026-06-18T17:52:13.314662", "event_id": "evt-normal-229083", "ground_truth": false, "attack_stage": null, "scenario": null, "mitre": null, "attacker": null, "victim": null, "confidence": 0, "message": "2026-06-18T17:52:13.314662 FIN-WS-017 systemd[1]: Started SOCForge Simulated Activity."}
{"Source": "Microsoft-Windows-Security-Auditing", "ProviderName": "Microsoft-Windows-Security-Auditing", "Computer": "FIN-WS-003", "TimeCreated": "2026-06-18T17:54:13.330315", "Channel": "Security", "event_id": "evt-normal-600669", "ground_truth": false, "attack_stage": null, "scenario": null, "mitre": null, "attacker": null, "victim": null, "confidence": 0, "EventID": 9999, "Description": "Generic Windows Log", "EventData": {"event_id": "evt-normal-600669", "timestamp": "2026-06-18T17:54:13.330315", "company_id": "9321a010-865d-4c55-933c-3b8f57176f37", "host": "FIN-WS-003", "ip_address": "10.44.2.53", "username": "afuentes", "user_role": "Helpdesk", "os_type": "Windows", "ground_truth": false, "scenario": null, "mitre": null, "attacker": null, "victim": null, "confidence": 0, "event_type": "DNSQuery", "query": "linkedin.com", "record_type": "A", "resolved_ip": "192.168.18.75"}}
{"Source": "Microsoft-Windows-Security-Auditing", "ProviderName": "Microsoft-Windows-Security-Auditing", "Computer": "FIN-WS-006", "TimeCreated": "2026-06-18T17:54:43.324518", "Channel": "Security", "event_id": "evt-normal-762456", "ground_truth": false, "attack_stage": null, "scenario": null, "mitre": null, "attacker": null, "victim": null, "confidence": 0, "EventID": 9999, "Description": "Generic Windows Log", "EventData": {"event_id": "evt-normal-762456", "timestamp": "2026-06-18T17:54:43.324518", "company_id": "9321a010-865d-4c55-933c-3b8f57176f37", "host": "FIN-WS-006", "ip_address": "10.44.2.56", "username": "cstephenson", "user_role": "CFO", "os_type": "Windows", "ground_truth": false, "scenario": null, "mitre": null, "attacker": null, "victim": null, "confidence": 0, "event_type": "DNSQuery", "query": "wikipedia.org", "record_type": "A", "resolved_ip": "192.168.162.25"}}
{"Source": "Microsoft-Windows-Sysmon", "ProviderName": "Microsoft-Windows-Sysmon", "Computer": "FIN-WS-011", "TimeCreated": "2026-06-18T17:55:13.314662", "Channel": "Microsoft-Windows-Sysmon/Operational", "event_id": "evt-normal-896426", "ground_truth": false, "attack_stage": null, "scenario": null, "mitre": null, "attacker": null, "victim": null, "confidence": 0, "EventID": 1, "Description": "Process Create", "EventData": {"UtcTime": "2026-06-18T17:55:13.314662", "ProcessGuid": "{A2C21C30-D321-6B65-0000-0010DF6D2000}", "ProcessId": 4820, "Image": "C:\\Windows\\System32\\outlook.exe", "CommandLine": "C:\\Windows\\System32\\outlook.exe", "CurrentDirectory": "C:\\Windows\\system32\\", "User": "CORP\\mford", "ParentProcessGuid": "{A2C21C30-D320-6B65-0000-0010C46D2000}", "ParentProcessId": 1024, "ParentImage": "C:\\Windows\\explorer.exe", "ParentCommandLine": "C:\\Windows\\explorer.exe"}}
{"Source": "Microsoft-Windows-Security-Auditing", "ProviderName": "Microsoft-Windows-Security-Auditing", "Computer": "FIN-WS-007", "TimeCreated": "2026-06-18T17:56:43.330315", "Channel": "Security", "event_id": "evt-normal-215584", "ground_truth": false, "attack_stage": null, "scenario": null, "mitre": null, "attacker": null, "victim": null, "confidence": 0, "EventID": 4624, "Description": "An account was successfully logged on.", "EventData": {"TargetUserName": "afuentes", "TargetDomainName": "WORKGROUP", "LogonType": 2, "IpAddress": "10.44.2.57", "IpPort": "0"}}
{"Source": "Microsoft-Windows-Security-Auditing", "ProviderName": "Microsoft-Windows-Security-Auditing", "Computer": "FIN-WS-010", "TimeCreated": "2026-06-18T18:02:13.324518", "Channel": "Security", "event_id": "evt-normal-366933", "ground_truth": false, "attack_stage": null, "scenario": null, "mitre": null, "attacker": null, "victim": null, "confidence": 0, "EventID": 4624, "Description": "An account was successfully logged on.", "EventData": {"TargetUserName": "asmith", "TargetDomainName": "WORKGROUP", "LogonType": 2, "IpAddress": "10.44.2.60", "IpPort": "0"}}
{"Source": "Microsoft-Windows-Security-Auditing", "ProviderName": "Microsoft-Windows-Security-Auditing", "Computer": "FIN-SRV-FILE", "TimeCreated": "2026-06-18T18:26:13.330315", "Channel": "Security", "event_id": "evt-normal-807063", "ground_truth": false, "attack_stage": null, "scenario": null, "mitre": null, "attacker": null, "victim": null, "confidence": 0, "EventID": 9999, "Description": "Generic Windows Log", "EventData": {"event_id": "evt-normal-807063", "timestamp": "2026-06-18T18:26:13.330315", "company_id": "9321a010-865d-4c55-933c-3b8f57176f37", "host": "FIN-SRV-FILE", "ip_address": "10.44.1.20", "username": "jriley", "user_role": "Security_Analyst", "os_type": "Windows", "ground_truth": false, "scenario": null, "mitre": null, "attacker": null, "victim": null, "confidence": 0, "event_type": "USBInsert", "device_id": "USBSTOR\\DISK&VEN_SANDISK&PROD_CRUZER\\7b201ed8-4b61-4193-a944-4121ad5f6c69", "drive_letter": "F:"}}
{"Source": "Microsoft-Windows-Security-Auditing", "ProviderName": "Microsoft-Windows-Security-Auditing", "Computer": "FIN-WS-001", "TimeCreated": "2026-06-18T18:53:13.330315", "Channel": "Security", "event_id": "evt-normal-155460", "ground_truth": false, "attack_stage": null, "scenario": null, "mitre": null, "attacker": null, "victim": null, "confidence": 0, "EventID": 9999, "Description": "Generic Windows Log", "EventData": {"event_id": "evt-normal-155460", "timestamp": "2026-06-18T18:53:13.330315", "company_id": "9321a010-865d-4c55-933c-3b8f57176f37", "host": "FIN-WS-001", "ip_address": "10.44.2.51", "username": "mford", "user_role": "Helpdesk", "os_type": "Windows", "ground_truth": false, "scenario": null, "mitre": null, "attacker": null, "victim": null, "confidence": 0, "event_type": "USBInsert", "device_id": "USBSTOR\\DISK&VEN_SANDISK&PROD_CRUZER\\33195ac7-f4d9-4298-b9b8-b1fcf152ba66", "drive_letter": "G:"}}
{"log_source": "syslog", "Computer": "FIN-WS-025", "TimeCreated": "2026-06-18T19:03:43.330315", "event_id": "evt-normal-661149", "ground_truth": false, "attack_stage": null, "scenario": null, "mitre": null, "attacker": null, "victim": null, "confidence": 0, "message": "2026-06-18T19:03:43.330315 FIN-WS-025 systemd[1]: Started SOCForge Simulated Activity."}
{"log_source": "syslog", "Computer": "FIN-WS-004", "TimeCreated": "2026-06-18T19:28:13.330315", "event_id": "evt-normal-927325", "ground_truth": false, "attack_stage": null, "scenario": null, "mitre": null, "attacker": null, "victim": null, "confidence": 0, "message": "2026-06-18T19:28:13.330315 FIN-WS-004 systemd[1]: Started SOCForge Simulated Activity."}
{"log_source": "syslog", "Computer": "FIN-WS-023", "TimeCreated": "2026-06-18T19:33:43.324518", "event_id": "evt-normal-830668", "ground_truth": false, "attack_stage": null, "scenario": null, "mitre": null, "attacker": null, "victim": null, "confidence": 0, "message": "2026-06-18T19:33:43.324518 FIN-WS-023 systemd[1]: Started SOCForge Simulated Activity."}
{"log_source": "syslog", "Computer": "FIN-WS-012", "TimeCreated": "2026-06-18T19:38:13.324518", "event_id": "evt-normal-263537", "ground_truth": false, "attack_stage": null, "scenario": null, "mitre": null, "attacker": null, "victim": null, "confidence": 0, "message": "2026-06-18T19:38:13.324518 FIN-WS-012 systemd[1]: Started SOCForge Simulated Activity."}
{"Source": "Microsoft-Windows-Security-Auditing", "ProviderName": "Microsoft-Windows-Security-Auditing", "Computer": "FIN-WS-003", "TimeCreated": "2026-06-18T19:40:43.330315", "Channel": "Security", "event_id": "evt-normal-811507", "ground_truth": false, "attack_stage": null, "scenario": null, "mitre": null, "attacker": null, "victim": null, "confidence": 0, "EventID": 4624, "Description": "An account was successfully logged on.", "EventData": {"TargetUserName": "jwiggins", "TargetDomainName": "WORKGROUP", "LogonType": 2, "IpAddress": "10.44.2.53", "IpPort": "0"}}
{"Source": "Microsoft-Windows-Security-Auditing", "ProviderName": "Microsoft-Windows-Security-Auditing", "Computer": "FIN-WS-016", "TimeCreated": "2026-06-18T19:42:13.314662", "Channel": "Security", "event_id": "evt-normal-412556", "ground_truth": false, "attack_stage": null, "scenario": null, "mitre": null, "attacker": null, "victim": null, "confidence": 0, "EventID": 9999, "Description": "Generic Windows Log", "EventData": {"event_id": "evt-normal-412556", "timestamp": "2026-06-18T19:42:13.314662", "company_id": "9321a010-865d-4c55-933c-3b8f57176f37", "host": "FIN-WS-016", "ip_address": "10.44.2.66", "username": "jwiggins", "user_role": "Sales_Rep", "os_type": "Windows", "ground_truth": false, "scenario": null, "mitre": null, "attacker": null, "victim": null, "confidence": 0, "event_type": "USBInsert", "device_id": "USBSTOR\\DISK&VEN_SANDISK&PROD_CRUZER\\2e60a066-3c4c-404d-baf3-c7ffbfed5394", "drive_letter": "E:"}}
{"Source": "Microsoft-Windows-Security-Auditing", "ProviderName": "Microsoft-Windows-Security-Auditing", "Computer": "FIN-WS-007", "TimeCreated": "2026-06-18T20:23:13.324518", "Channel": "Security", "event_id": "evt-normal-737295", "ground_truth": false, "attack_stage": null, "scenario": null, "mitre": null, "attacker": null, "victim": null, "confidence": 0, "EventID": 4624, "Description": "An account was successfully logged on.", "EventData": {"TargetUserName": "jhernandez", "TargetDomainName": "WORKGROUP", "LogonType": 2, "IpAddress": "10.44.2.57", "IpPort": "0"}}
