{"Source": "Microsoft-Windows-Security-Auditing", "ProviderName": "Microsoft-Windows-Security-Auditing", "Computer": "FIN-WS-002", "TimeCreated": "2026-06-17T17:53:13.314662", "Channel": "Security", "event_id": "evt-normal-871319", "ground_truth": false, "attack_stage": null, "scenario": null, "mitre": null, "attacker": null, "victim": null, "confidence": 0, "EventID": 9999, "Description": "Generic Windows Log", "EventData": {"event_id": "evt-normal-871319", "timestamp": "2026-06-17T17:53:13.314662", "company_id": "9321a010-865d-4c55-933c-3b8f57176f37", "host": "FIN-WS-002", "ip_address": "10.44.2.52", "username": "cstephenson", "user_role": "CFO", "os_type": "Windows", "ground_truth": false, "scenario": null, "mitre": null, "attacker": null, "victim": null, "confidence": 0, "event_type": "USBInsert", "device_id": "USBSTOR\\DISK&VEN_SANDISK&PROD_CRUZER\\d6172f48-3ae2-456f-be6b-ffc3e3575c27", "drive_letter": "F:"}}
{"Source": "Microsoft-Windows-Sysmon", "ProviderName": "Microsoft-Windows-Sysmon", "Computer": "FIN-WS-005", "TimeCreated": "2026-06-17T17:53:43.330315", "Channel": "Microsoft-Windows-Sysmon/Operational", "event_id": "evt-normal-840308", "ground_truth": false, "attack_stage": null, "scenario": null, "mitre": null, "attacker": null, "victim": null, "confidence": 0, "EventID": 11, "Description": "File created", "EventData": {"UtcTime": "2026-06-17T17:53:43.330315", "ProcessGuid": "{A2C21C30-D321-6B65-0000-0010DF6D2000}", "ProcessId": 4820, "Image": "C:\\Windows\\System32\\notepad.exe", "TargetFilename": "C:\\Users\\mharrison\\Documents\\report.docx", "CreationUtcTime": "2026-06-17T17:53:43.330315"}}
{"log_source": "syslog", "Computer": "FIN-WS-012", "TimeCreated": "2026-06-17T17:56:13.330315", "event_id": "evt-normal-614378", "ground_truth": false, "attack_stage": null, "scenario": null, "mitre": null, "attacker": null, "victim": null, "confidence": 0, "message": "2026-06-17T17:56:13.330315 FIN-WS-012 systemd[1]: Started SOCForge Simulated Activity."}
{"log_source": "syslog", "Computer": "FIN-WS-017", "TimeCreated": "2026-06-17T17:57:43.324518", "event_id": "evt-normal-917002", "ground_truth": false, "attack_stage": null, "scenario": null, "mitre": null, "attacker": null, "victim": null, "confidence": 0, "message": "2026-06-17T17:57:43.324518 FIN-WS-017 systemd[1]: Started SOCForge Simulated Activity."}
{"log_source": "auth.log", "Computer": "FIN-WS-022", "TimeCreated": "2026-06-17T18:06:43.324518", "event_id": "evt-normal-296082", "ground_truth": false, "attack_stage": null, "scenario": null, "mitre": null, "attacker": null, "victim": null, "confidence": 0, "message": "2026-06-17T18:06:43.324518 FIN-WS-022 sshd[4102]: Accepted publickey for jwiggins from 10.29.149.33 port 63480 ssh2"}
{"Source": "Microsoft-Windows-Security-Auditing", "ProviderName": "Microsoft-Windows-Security-Auditing", "Computer": "FIN-SRV-FILE", "TimeCreated": "2026-06-17T18:22:43.324518", "Channel": "Security", "event_id": "evt-normal-417704", "ground_truth": false, "attack_stage": null, "scenario": null, "mitre": null, "attacker": null, "victim": null, "confidence": 0, "EventID": 9999, "Description": "Generic Windows Log", "EventData": {"event_id": "evt-normal-417704", "timestamp": "2026-06-17T18:22:43.324518", "company_id": "9321a010-865d-4c55-933c-3b8f57176f37", "host": "FIN-SRV-FILE", "ip_address": "10.44.1.20", "username": "jriley", "user_role": "Security_Analyst", "os_type": "Windows", "ground_truth": false, "scenario": null, "mitre": null, "attacker": null, "victim": null, "confidence": 0, "event_type": "NetworkConnection", "destination_ip": "192.168.119.9", "destination_port": 80, "direction": "Outbound", "protocol": "TCP"}}
{"Source": "Microsoft-Windows-Sysmon", "ProviderName": "Microsoft-Windows-Sysmon", "Computer": "FIN-WS-009", "TimeCreated": "2026-06-17T18:36:43.324518", "Channel": "Microsoft-Windows-Sysmon/Operational", "event_id": "evt-normal-724062", "ground_truth": false, "attack_stage": null, "scenario": null, "mitre": null, "attacker": null, "victim": null, "confidence": 0, "EventID": 1, "Description": "Process Create", "EventData": {"UtcTime": "2026-06-17T18:36:43.324518", "ProcessGuid": "{A2C21C30-D321-6B65-0000-0010DF6D2000}", "ProcessId": 4820, "Image": "C:\\Windows\\System32\\powershell.exe", "CommandLine": "C:\\Windows\\System32\\powershell.exe", "CurrentDirectory": "C:\\Windows\\system32\\", "User": "CORP\\mmoore", "ParentProcessGuid": "{A2C21C30-D320-6B65-0000-0010C46D2000}", "ParentProcessId": 1024, "ParentImage": "C:\\Windows\\explorer.exe", "ParentCommandLine": "C:\\Windows\\explorer.exe"}}
{"Source": "Microsoft-Windows-Security-Auditing", "ProviderName": "Microsoft-Windows-Security-Auditing", "Computer": "FIN-WS-026", "TimeCreated": "2026-06-17T18:43:43.314662", "Channel": "Security", "event_id": "evt-normal-858968", "ground_truth": false, "attack_stage": null, "scenario": null, "mitre": null, "attacker": null, "victim": null, "confidence": 0, "EventID": 9999, "Description": "Generic Windows Log", "EventData": {"event_id": "evt-normal-858968", "timestamp": "2026-06-17T18:43:43.314662", "company_id": "9321a010-865d-4c55-933c-3b8f57176f37", "host": "FIN-WS-026", "ip_address": "10.44.2.76", "username": "tstewart", "user_role": "Incident_Responder", "os_type": "Windows", "ground_truth": false, "scenario": null, "mitre": null, "attacker": null, "victim": null, "confidence": 0, "event_type": "PrintJob", "document_name": "Monthly_Review.pdf", "printer_name": "PRN-OFFICE-COLOR-01", "pages": 1}}
{"Source": "Microsoft-Windows-Security-Auditing", "ProviderName": "Microsoft-Windows-Security-Auditing", "Computer": "FIN-WS-007", "TimeCreated": "2026-06-17T19:32:13.324518", "Channel": "Security", "event_id": "evt-normal-987282", "ground_truth": false, "attack_stage": null, "scenario": null, "mitre": null, "attacker": null, "victim": null, "confidence": 0, "EventID": 9999, "Description": "Generic Windows Log", "EventData": {"event_id": "evt-normal-987282", "timestamp": "2026-06-17T19:32:13.324518", "company_id": "9321a010-865d-4c55-933c-3b8f57176f37", "host": "FIN-WS-007", "ip_address": "10.44.2.57", "username": "mford", "user_role": "Helpdesk", "os_type": "Windows", "ground_truth": false, "scenario": null, "mitre": null, "attacker": null, "victim": null, "confidence": 0, "event_type": "NetworkConnection", "destination_ip": "192.168.155.216", "destination_port": 80, "direction": "Outbound", "protocol": "TCP"}}
{"Source": "Microsoft-Windows-Security-Auditing", "ProviderName": "Microsoft-Windows-Security-Auditing", "Computer": "FIN-WS-008", "TimeCreated": "2026-06-17T19:51:13.314662", "Channel": "Security", "event_id": "evt-normal-389120", "ground_truth": false, "attack_stage": null, "scenario": null, "mitre": null, "attacker": null, "victim": null, "confidence": 0, "EventID": 9999, "Description": "Generic Windows Log", "EventData": {"event_id": "evt-normal-389120", "timestamp": "2026-06-17T19:51:13.314662", "company_id": "9321a010-865d-4c55-933c-3b8f57176f37", "host": "FIN-WS-008", "ip_address": "10.44.2.58", "username": "jhernandez", "user_role": "Marketing_Specialist", "os_type": "Windows", "ground_truth": false, "scenario": null, "mitre": null, "attacker": null, "victim": null, "confidence": 0, "event_type": "USBInsert", "device_id": "USBSTOR\\DISK&VEN_SANDISK&PROD_CRUZER\\265f6d19-ea68-458f-9948-05203c0f1818", "drive_letter": "E:"}}
{"Source": "Microsoft-Windows-Security-Auditing", "ProviderName": "Microsoft-Windows-Security-Auditing", "Computer": "FIN-SRV-FILE", "TimeCreated": "2026-06-17T20:58:13.314662", "Channel": "Security", "event_id": "evt-normal-974734", "ground_truth": false, "attack_stage": null, "scenario": null, "mitre": null, "attacker": null, "victim": null, "confidence": 0, "EventID": 9999, "Description": "Generic Windows Log", "EventData": {"event_id": "evt-normal-974734", "timestamp": "2026-06-17T20:58:13.314662", "company_id": "9321a010-865d-4c55-933c-3b8f57176f37", "host": "FIN-SRV-FILE", "ip_address": "10.44.1.20", "username": "jboyd", "user_role": "Helpdesk", "os_type": "Windows", "ground_truth": false, "scenario": null, "mitre": null, "attacker": null, "victim": null, "confidence": 0, "event_type": "PrintJob", "document_name": "Monthly_Review.pdf", "printer_name": "PRN-OFFICE-COLOR-01", "pages": 4}}
{"log_source": "syslog", "Computer": "FIN-WS-012", "TimeCreated": "2026-06-17T21:02:13.324518", "event_id": "evt-normal-902144", "ground_truth": false, "attack_stage": null, "scenario": null, "mitre": null, "attacker": null, "victim": null, "confidence": 0, "message": "2026-06-17T21:02:13.324518 FIN-WS-012 systemd[1]: Started SOCForge Simulated Activity."}
{"Source": "Microsoft-Windows-Security-Auditing", "ProviderName": "Microsoft-Windows-Security-Auditing", "Computer": "FIN-WS-019", "TimeCreated": "2026-06-17T21:13:43.314662", "Channel": "Security", "event_id": "evt-normal-884074", "ground_truth": false, "attack_stage": null, "scenario": null, "mitre": null, "attacker": null, "victim": null, "confidence": 0, "EventID": 9999, "Description": "Generic Windows Log", "EventData": {"event_id": "evt-normal-884074", "timestamp": "2026-06-17T21:13:43.314662", "company_id": "9321a010-865d-4c55-933c-3b8f57176f37", "host": "FIN-WS-019", "ip_address": "10.44.2.69", "username": "bsmith", "user_role": "Assistant", "os_type": "Windows", "ground_truth": false, "scenario": null, "mitre": null, "attacker": null, "victim": null, "confidence": 0, "event_type": "NetworkConnection", "destination_ip": "192.168.33.28", "destination_port": 80, "direction": "Outbound", "protocol": "TCP"}}
{"Source": "Microsoft-Windows-Security-Auditing", "ProviderName": "Microsoft-Windows-Security-Auditing", "Computer": "FIN-DC-01", "TimeCreated": "2026-06-17T21:43:43.330315", "Channel": "Security", "event_id": "evt-normal-893944", "ground_truth": false, "attack_stage": null, "scenario": null, "mitre": null, "attacker": null, "victim": null, "confidence": 0, "EventID": 9999, "Description": "Generic Windows Log", "EventData": {"event_id": "evt-normal-893944", "timestamp": "2026-06-17T21:43:43.330315", "company_id": "9321a010-865d-4c55-933c-3b8f57176f37", "host": "FIN-DC-01", "ip_address": "10.44.1.10", "username": "tstewart", "user_role": "Incident_Responder", "os_type": "Windows", "ground_truth": false, "scenario": null, "mitre": null, "attacker": null, "victim": null, "confidence": 0, "event_type": "NetworkConnection", "destination_ip": "192.168.218.92", "destination_port": 443, "direction": "Outbound", "protocol": "TCP"}}
{"log_source": "syslog", "Computer": "FIN-SRV-WEB", "TimeCreated": "2026-06-17T22:47:43.324518", "event_id": "evt-normal-836928", "ground_truth": false, "attack_stage": null, "scenario": null, "mitre": null, "attacker": null, "victim": null, "confidence": 0, "message": "2026-06-17T22:47:43.324518 FIN-SRV-WEB systemd[1]: Started SOCForge Simulated Activity."}
{"Source": "Microsoft-Windows-Security-Auditing", "ProviderName": "Microsoft-Windows-Security-Auditing", "Computer": "FIN-WS-007", "TimeCreated": "2026-06-17T23:05:13.324518", "Channel": "Security", "event_id": "evt-normal-899667", "ground_truth": false, "attack_stage": null, "scenario": null, "mitre": null, "attacker": null, "victim": null, "confidence": 0, "EventID": 9999, "Description": "Generic Windows Log", "EventData": {"event_id": "evt-normal-899667", "timestamp": "2026-06-17T23:05:13.324518", "company_id": "9321a010-865d-4c55-933c-3b8f57176f37", "host": "FIN-WS-007", "ip_address": "10.44.2.57", "username": "jhernandez", "user_role": "Marketing_Specialist", "os_type": "Windows", "ground_truth": false, "scenario": null, "mitre": null, "attacker": null, "victim": null, "confidence": 0, "event_type": "PrintJob", "document_name": "Monthly_Review.pdf", "printer_name": "PRN-OFFICE-COLOR-01", "pages": 2}}
{"Source": "Microsoft-Windows-Sysmon", "ProviderName": "Microsoft-Windows-Sysmon", "Computer": "FIN-WS-015", "TimeCreated": "2026-06-17T23:32:13.314662", "Channel": "Microsoft-Windows-Sysmon/Operational", "event_id": "evt-normal-863204", "ground_truth": false, "attack_stage": null, "scenario": null, "mitre": null, "attacker": null, "victim": null, "confidence": 0, "EventID": 11, "Description": "File created", "EventData": {"UtcTime": "2026-06-17T23:32:13.314662", "ProcessGuid": "{A2C21C30-D321-6B65-0000-0010DF6D2000}", "ProcessId": 4820, "Image": "C:\\Windows\\System32\\notepad.exe", "TargetFilename": "C:\\Users\\mmoore\\Documents\\report.txt", "CreationUtcTime": "2026-06-17T23:32:13.314662"}}
{"Source": "Microsoft-Windows-Security-Auditing", "ProviderName": "Microsoft-Windows-Security-Auditing", "Computer": "FIN-WS-001", "TimeCreated": "2026-06-17T23:35:13.324518", "Channel": "Security", "event_id": "evt-normal-334033", "ground_truth": false, "attack_stage": null, "scenario": null, "mitre": null, "attacker": null, "victim": null, "confidence": 0, "EventID": 9999, "Description": "Generic Windows Log", "EventData": {"event_id": "evt-normal-334033", "timestamp": "2026-06-17T23:35:13.324518", "company_id": "9321a010-865d-4c55-933c-3b8f57176f37", "host": "FIN-WS-001", "ip_address": "10.44.2.51", "username": "cstephenson", "user_role": "CFO", "os_type": "Windows", "ground_truth": false, "scenario": null, "mitre": null, "attacker": null, "victim": null, "confidence": 0, "event_type": "NetworkConnection", "destination_ip": "192.168.20.2", "destination_port": 80, "direction": "Outbound", "protocol": "TCP"}}
{"Source": "Microsoft-Windows-Sysmon", "ProviderName": "Microsoft-Windows-Sysmon", "Computer": "FIN-WS-018", "TimeCreated": "2026-06-17T23:49:43.330315", "Channel": "Microsoft-Windows-Sysmon/Operational", "event_id": "evt-normal-560442", "ground_truth": false, "attack_stage": null, "scenario": null, "mitre": null, "attacker": null, "victim": null, "confidence": 0, "EventID": 1, "Description": "Process Create", "EventData": {"UtcTime": "2026-06-17T23:49:43.330315", "ProcessGuid": "{A2C21C30-D321-6B65-0000-0010DF6D2000}", "ProcessId": 4820, "Image": "C:\\Windows\\System32\\notepad.exe", "CommandLine": "C:\\Windows\\System32\\notepad.exe", "CurrentDirectory": "C:\\Windows\\system32\\", "User": "CORP\\kdecker", "ParentProcessGuid": "{A2C21C30-D320-6B65-0000-0010C46D2000}", "ParentProcessId": 1024, "ParentImage": "C:\\Windows\\explorer.exe", "ParentCommandLine": "C:\\Windows\\explorer.exe"}}
{"Source": "Microsoft-Windows-Sysmon", "ProviderName": "Microsoft-Windows-Sysmon", "Computer": "FIN-WS-007", "TimeCreated": "2026-06-18T00:07:43.314662", "Channel": "Microsoft-Windows-Sysmon/Operational", "event_id": "evt-normal-705554", "ground_truth": false, "attack_stage": null, "scenario": null, "mitre": null, "attacker": null, "victim": null, "confidence": 0, "EventID": 11, "Description": "File created", "EventData": {"UtcTime": "2026-06-18T00:07:43.314662", "ProcessGuid": "{A2C21C30-D321-6B65-0000-0010DF6D2000}", "ProcessId": 4820, "Image": "C:\\Windows\\System32\\notepad.exe", "TargetFilename": "C:\\Users\\kdecker\\Documents\\report.txt", "CreationUtcTime": "2026-06-18T00:07:43.314662"}}
{"log_source": "auth.log", "Computer": "FIN-WS-023", "TimeCreated": "2026-06-18T01:15:13.324518", "event_id": "evt-normal-563623", "ground_truth": false, "attack_stage": null, "scenario": null, "mitre": null, "attacker": null, "victim": null, "confidence": 0, "message": "2026-06-18T01:15:13.324518 FIN-WS-023 sshd[4102]: Accepted publickey for jboyd from 10.44.2.73 port 64786 ssh2"}
{"log_source": "syslog", "Computer": "FIN-WS-014", "TimeCreated": "2026-06-18T01:16:13.330315", "event_id": "evt-normal-937904", "ground_truth": false, "attack_stage": null, "scenario": null, "mitre": null, "attacker": null, "victim": null, "confidence": 0, "message": "2026-06-18T01:16:13.330315 FIN-WS-014 systemd[1]: Started SOCForge Simulated Activity."}
{"log_source": "syslog", "Computer": "FIN-WS-023", "TimeCreated": "2026-06-18T01:22:13.324518", "event_id": "evt-normal-502131", "ground_truth": false, "attack_stage": null, "scenario": null, "mitre": null, "attacker": null, "victim": null, "confidence": 0, "message": "2026-06-18T01:22:13.324518 FIN-WS-023 systemd[1]: Started SOCForge Simulated Activity."}
{"Source": "Microsoft-Windows-Security-Auditing", "ProviderName": "Microsoft-Windows-Security-Auditing", "Computer": "FIN-WS-008", "TimeCreated": "2026-06-18T01:32:43.314662", "Channel": "Security", "event_id": "evt-normal-839252", "ground_truth": false, "attack_stage": null, "scenario": null, "mitre": null, "attacker": null, "victim": null, "confidence": 0, "EventID": 9999, "Description": "Generic Windows Log", "EventData": {"event_id": "evt-normal-839252", "timestamp": "2026-06-18T01:32:43.314662", "company_id": "9321a010-865d-4c55-933c-3b8f57176f37", "host": "FIN-WS-008", "ip_address": "10.44.2.58", "username": "jwiggins", "user_role": "Sales_Rep", "os_type": "Windows", "ground_truth": false, "scenario": null, "mitre": null, "attacker": null, "victim": null, "confidence": 0, "event_type": "NetworkConnection", "destination_ip": "192.168.89.149", "destination_port": 80, "direction": "Outbound", "protocol": "TCP"}}
{"Source": "Microsoft-Windows-Security-Auditing", "ProviderName": "Microsoft-Windows-Security-Auditing", "Computer": "FIN-WS-018", "TimeCreated": "2026-06-18T01:57:43.314662", "Channel": "Security", "event_id": "evt-normal-882650", "ground_truth": false, "attack_stage": null, "scenario": null, "mitre": null, "attacker": null, "victim": null, "confidence": 0, "EventID": 9999, "Description": "Generic Windows Log", "EventData": {"event_id": "evt-normal-882650", "timestamp": "2026-06-18T01:57:43.314662", "company_id": "9321a010-865d-4c55-933c-3b8f57176f37", "host": "FIN-WS-018", "ip_address": "10.44.2.68", "username": "sbowman", "user_role": "Assistant", "os_type": "Windows", "ground_truth": false, "scenario": null, "mitre": null, "attacker": null, "victim": null, "confidence": 0, "event_type": "NetworkConnection", "destination_ip": "192.168.26.27", "destination_port": 80, "direction": "Outbound", "protocol": "TCP"}}
{"Source": "Microsoft-Windows-Sysmon", "ProviderName": "Microsoft-Windows-Sysmon", "Computer": "FIN-SRV-FILE", "TimeCreated": "2026-06-18T02:25:43.314662", "Channel": "Microsoft-Windows-Sysmon/Operational", "event_id": "evt-normal-603784", "ground_truth": false, "attack_stage": null, "scenario": null, "mitre": null, "attacker": null, "victim": null, "confidence": 0, "EventID": 1, "Description": "Process Create", "EventData": {"UtcTime": "2026-06-18T02:25:43.314662", "ProcessGuid": "{A2C21C30-D321-6B65-0000-0010DF6D2000}", "ProcessId": 4820, "Image": "C:\\Windows\\System32\\resumes-viewer.exe", "CommandLine": "C:\\Windows\\System32\\resumes-viewer.exe", "CurrentDirectory": "C:\\Windows\\system32\\", "User": "CORP\\asmith", "ParentProcessGuid": "{A2C21C30-D320-6B65-0000-0010C46D2000}", "ParentProcessId": 1024, "ParentImage": "C:\\Windows\\explorer.exe", "ParentCommandLine": "C:\\Windows\\explorer.exe"}}
{"Source": "Microsoft-Windows-Sysmon", "ProviderName": "Microsoft-Windows-Sysmon", "Computer": "FIN-WS-005", "TimeCreated": "2026-06-18T02:48:13.314662", "Channel": "Microsoft-Windows-Sysmon/Operational", "event_id": "evt-normal-891703", "ground_truth": false, "attack_stage": null, "scenario": null, "mitre": null, "attacker": null, "victim": null, "confidence": 0, "EventID": 11, "Description": "File created", "EventData": {"UtcTime": "2026-06-18T02:48:13.314662", "ProcessGuid": "{A2C21C30-D321-6B65-0000-0010DF6D2000}", "ProcessId": 4820, "Image": "C:\\Windows\\System32\\notepad.exe", "TargetFilename": "C:\\Users\\tstewart\\Documents\\report.txt", "CreationUtcTime": "2026-06-18T02:48:13.314662"}}
{"Source": "Microsoft-Windows-Sysmon", "ProviderName": "Microsoft-Windows-Sysmon", "Computer": "FIN-WS-009", "TimeCreated": "2026-06-18T03:05:43.314662", "Channel": "Microsoft-Windows-Sysmon/Operational", "event_id": "evt-normal-487646", "ground_truth": false, "attack_stage": null, "scenario": null, "mitre": null, "attacker": null, "victim": null, "confidence": 0, "EventID": 11, "Description": "File created", "EventData": {"UtcTime": "2026-06-18T03:05:43.314662", "ProcessGuid": "{A2C21C30-D321-6B65-0000-0010DF6D2000}", "ProcessId": 4820, "Image": "C:\\Windows\\System32\\notepad.exe", "TargetFilename": "C:\\Users\\kdecker\\Documents\\report.txt", "CreationUtcTime": "2026-06-18T03:05:43.314662"}}
{"log_source": "syslog", "Computer": "FIN-WS-004", "TimeCreated": "2026-06-18T03:44:13.314662", "event_id": "evt-normal-415047", "ground_truth": false, "attack_stage": null, "scenario": null, "mitre": null, "attacker": null, "victim": null, "confidence": 0, "message": "2026-06-18T03:44:13.314662 FIN-WS-004 systemd[1]: Started SOCForge Simulated Activity."}
{"log_source": "syslog", "Computer": "FIN-WS-014", "TimeCreated": "2026-06-18T04:02:43.314662", "event_id": "evt-normal-429011", "ground_truth": false, "attack_stage": null, "scenario": null, "mitre": null, "attacker": null, "victim": null, "confidence": 0, "message": "2026-06-18T04:02:43.314662 FIN-WS-014 systemd[1]: Started SOCForge Simulated Activity."}
{"log_source": "auth.log", "Computer": "FIN-WS-004", "TimeCreated": "2026-06-18T04:09:13.330315", "event_id": "evt-normal-417822", "ground_truth": false, "attack_stage": null, "scenario": null, "mitre": null, "attacker": null, "victim": null, "confidence": 0, "message": "2026-06-18T04:09:13.330315 FIN-WS-004 sshd[4102]: Accepted publickey for cstephenson from 10.44.2.54 port 54653 ssh2"}
{"Source": "Microsoft-Windows-Security-Auditing", "ProviderName": "Microsoft-Windows-Security-Auditing", "Computer": "FIN-WS-013", "TimeCreated": "2026-06-18T04:44:43.314662", "Channel": "Security", "event_id": "evt-normal-116799", "ground_truth": false, "attack_stage": null, "scenario": null, "mitre": null, "attacker": null, "victim": null, "confidence": 0, "EventID": 9999, "Description": "Generic Windows Log", "EventData": {"event_id": "evt-normal-116799", "timestamp": "2026-06-18T04:44:43.314662", "company_id": "9321a010-865d-4c55-933c-3b8f57176f37", "host": "FIN-WS-013", "ip_address": "10.44.2.63", "username": "mmoore", "user_role": "SysAdmin", "os_type": "Windows", "ground_truth": false, "scenario": null, "mitre": null, "attacker": null, "victim": null, "confidence": 0, "event_type": "DNSQuery", "query": "kubernetes.io", "record_type": "A", "resolved_ip": "192.168.84.211"}}
{"log_source": "auth.log", "Computer": "FIN-WS-004", "TimeCreated": "2026-06-18T05:19:13.324518", "event_id": "evt-normal-950413", "ground_truth": false, "attack_stage": null, "scenario": null, "mitre": null, "attacker": null, "victim": null, "confidence": 0, "message": "2026-06-18T05:19:13.324518 FIN-WS-004 sshd[4102]: Accepted publickey for jhernandez from 10.44.2.54 port 55926 ssh2"}
{"Source": "Microsoft-Windows-Sysmon", "ProviderName": "Microsoft-Windows-Sysmon", "Computer": "FIN-WS-021", "TimeCreated": "2026-06-18T05:19:43.324518", "Channel": "Microsoft-Windows-Sysmon/Operational", "event_id": "evt-normal-496746", "ground_truth": false, "attack_stage": null, "scenario": null, "mitre": null, "attacker": null, "victim": null, "confidence": 0, "EventID": 1, "Description": "Process Create", "EventData": {"UtcTime": "2026-06-18T05:19:43.324518", "ProcessGuid": "{A2C21C30-D321-6B65-0000-0010DF6D2000}", "ProcessId": 4820, "Image": "C:\\Windows\\System32\\notepad.exe", "CommandLine": "C:\\Windows\\System32\\notepad.exe", "CurrentDirectory": "C:\\Windows\\system32\\", "User": "CORP\\afuentes", "ParentProcessGuid": "{A2C21C30-D320-6B65-0000-0010C46D2000}", "ParentProcessId": 1024, "ParentImage": "C:\\Windows\\explorer.exe", "ParentCommandLine": "C:\\Windows\\explorer.exe"}}
{"Source": "Microsoft-Windows-Sysmon", "ProviderName": "Microsoft-Windows-Sysmon", "Computer": "FIN-DC-01", "TimeCreated": "2026-06-18T05:27:43.314662", "Channel": "Microsoft-Windows-Sysmon/Operational", "event_id": "evt-normal-441374", "ground_truth": false, "attack_stage": null, "scenario": null, "mitre": null, "attacker": null, "victim": null, "confidence": 0, "EventID": 11, "Description": "File created", "EventData": {"UtcTime": "2026-06-18T05:27:43.314662", "ProcessGuid": "{A2C21C30-D321-6B65-0000-0010DF6D2000}", "ProcessId": 4820, "Image": "C:\\Windows\\System32\\notepad.exe", "TargetFilename": "C:\\Users\\mford\\Documents\\report.txt", "CreationUtcTime": "2026-06-18T05:27:43.314662"}}
{"Source": "Microsoft-Windows-Security-Auditing", "ProviderName": "Microsoft-Windows-Security-Auditing", "Computer": "FIN-WS-019", "TimeCreated": "2026-06-18T06:08:13.324518", "Channel": "Security", "event_id": "evt-normal-393815", "ground_truth": false, "attack_stage": null, "scenario": null, "mitre": null, "attacker": null, "victim": null, "confidence": 0, "EventID": 9999, "Description": "Generic Windows Log", "EventData": {"event_id": "evt-normal-393815", "timestamp": "2026-06-18T06:08:13.324518", "company_id": "9321a010-865d-4c55-933c-3b8f57176f37", "host": "FIN-WS-019", "ip_address": "10.44.2.69", "username": "jwiggins", "user_role": "Sales_Rep", "os_type": "Windows", "ground_truth": false, "scenario": null, "mitre": null, "attacker": null, "victim": null, "confidence": 0, "event_type": "PrintJob", "document_name": "Monthly_Review.pdf", "printer_name": "PRN-OFFICE-COLOR-01", "pages": 3}}
{"Source": "Microsoft-Windows-Security-Auditing", "ProviderName": "Microsoft-Windows-Security-Auditing", "Computer": "FIN-WS-007", "TimeCreated": "2026-06-18T06:13:13.330315", "Channel": "Security", "event_id": "evt-normal-364601", "ground_truth": false, "attack_stage": null, "scenario": null, "mitre": null, "attacker": null, "victim": null, "confidence": 0, "EventID": 9999, "Description": "Generic Windows Log", "EventData": {"event_id": "evt-normal-364601", "timestamp": "2026-06-18T06:13:13.330315", "company_id": "9321a010-865d-4c55-933c-3b8f57176f37", "host": "FIN-WS-007", "ip_address": "10.44.2.57", "username": "dcoleman", "user_role": "HR_Manager", "os_type": "Windows", "ground_truth": false, "scenario": null, "mitre": null, "attacker": null, "victim": null, "confidence": 0, "event_type": "DNSQuery", "query": "zoom.us", "record_type": "A", "resolved_ip": "192.168.11.123"}}
{"Source": "Microsoft-Windows-Security-Auditing", "ProviderName": "Microsoft-Windows-Security-Auditing", "Computer": "FIN-WS-018", "TimeCreated": "2026-06-18T06:13:43.330315", "Channel": "Security", "event_id": "evt-normal-179674", "ground_truth": false, "attack_stage": null, "scenario": null, "mitre": null, "attacker": null, "victim": null, "confidence": 0, "EventID": 9999, "Description": "Generic Windows Log", "EventData": {"event_id": "evt-normal-179674", "timestamp": "2026-06-18T06:13:43.330315", "company_id": "9321a010-865d-4c55-933c-3b8f57176f37", "host": "FIN-WS-018", "ip_address": "10.44.2.68", "username": "jriley", "user_role": "Security_Analyst", "os_type": "Windows", "ground_truth": false, "scenario": null, "mitre": null, "attacker": null, "victim": null, "confidence": 0, "event_type": "DNSQuery", "query": "github.com", "record_type": "A", "resolved_ip": "192.168.233.112"}}
{"Source": "Microsoft-Windows-Security-Auditing", "ProviderName": "Microsoft-Windows-Security-Auditing", "Computer": "FIN-WS-001", "TimeCreated": "2026-06-18T06:30:43.330315", "Channel": "Security", "event_id": "evt-normal-899779", "ground_truth": false, "attack_stage": null, "scenario": null, "mitre": null, "attacker": null, "victim": null, "confidence": 0, "EventID": 4624, "Description": "An account was successfully logged on.", "EventData": {"TargetUserName": "cstephenson", "TargetDomainName": "WORKGROUP", "LogonType": 2, "IpAddress": "10.44.2.51", "IpPort": "0"}}
{"Source": "Microsoft-Windows-Security-Auditing", "ProviderName": "Microsoft-Windows-Security-Auditing", "Computer": "FIN-WS-006", "TimeCreated": "2026-06-18T06:43:13.324518", "Channel": "Security", "event_id": "evt-normal-647864", "ground_truth": false, "attack_stage": null, "scenario": null, "mitre": null, "attacker": null, "victim": null, "confidence": 0, "EventID": 9999, "Description": "Generic Windows Log", "EventData": {"event_id": "evt-normal-647864", "timestamp": "2026-06-18T06:43:13.324518", "company_id": "9321a010-865d-4c55-933c-3b8f57176f37", "host": "FIN-WS-006", "ip_address": "10.44.2.56", "username": "mharrison", "user_role": "HR_Specialist", "os_type": "Windows", "ground_truth": false, "scenario": null, "mitre": null, "attacker": null, "victim": null, "confidence": 0, "event_type": "DNSQuery", "query": "aws.amazon.com", "record_type": "A", "resolved_ip": "192.168.139.198"}}
{"Source": "Microsoft-Windows-Sysmon", "ProviderName": "Microsoft-Windows-Sysmon", "Computer": "FIN-WS-008", "TimeCreated": "2026-06-18T07:18:43.314662", "Channel": "Microsoft-Windows-Sysmon/Operational", "event_id": "evt-normal-622482", "ground_truth": false, "attack_stage": null, "scenario": null, "mitre": null, "attacker": null, "victim": null, "confidence": 0, "EventID": 1, "Description": "Process Create", "EventData": {"UtcTime": "2026-06-18T07:18:43.314662", "ProcessGuid": "{A2C21C30-D321-6B65-0000-0010DF6D2000}", "ProcessId": 4820, "Image": "C:\\Windows\\System32\\teams.exe", "CommandLine": "C:\\Windows\\System32\\teams.exe", "CurrentDirectory": "C:\\Windows\\system32\\", "User": "CORP\\afuentes", "ParentProcessGuid": "{A2C21C30-D320-6B65-0000-0010C46D2000}", "ParentProcessId": 1024, "ParentImage": "C:\\Windows\\explorer.exe", "ParentCommandLine": "C:\\Windows\\explorer.exe"}}
{"Source": "Microsoft-Windows-Security-Auditing", "ProviderName": "Microsoft-Windows-Security-Auditing", "Computer": "FIN-SRV-FILE", "TimeCreated": "2026-06-18T07:46:13.330315", "Channel": "Security", "event_id": "evt-normal-371916", "ground_truth": false, "attack_stage": null, "scenario": null, "mitre": null, "attacker": null, "victim": null, "confidence": 0, "EventID": 9999, "Description": "Generic Windows Log", "EventData": {"event_id": "evt-normal-371916", "timestamp": "2026-06-18T07:46:13.330315", "company_id": "9321a010-865d-4c55-933c-3b8f57176f37", "host": "FIN-SRV-FILE", "ip_address": "10.44.1.20", "username": "mharrison", "user_role": "HR_Specialist", "os_type": "Windows", "ground_truth": false, "scenario": null, "mitre": null, "attacker": null, "victim": null, "confidence": 0, "event_type": "PrintJob", "document_name": "Monthly_Review.pdf", "printer_name": "PRN-OFFICE-COLOR-01", "pages": 9}}
{"Source": "Microsoft-Windows-Security-Auditing", "ProviderName": "Microsoft-Windows-Security-Auditing", "Computer": "FIN-WS-011", "TimeCreated": "2026-06-18T07:51:13.314662", "Channel": "Security", "event_id": "evt-normal-237265", "ground_truth": false, "attack_stage": null, "scenario": null, "mitre": null, "attacker": null, "victim": null, "confidence": 0, "EventID": 9999, "Description": "Generic Windows Log", "EventData": {"event_id": "evt-normal-237265", "timestamp": "2026-06-18T07:51:13.314662", "company_id": "9321a010-865d-4c55-933c-3b8f57176f37", "host": "FIN-WS-011", "ip_address": "10.44.2.61", "username": "jhernandez", "user_role": "Marketing_Specialist", "os_type": "Windows", "ground_truth": false, "scenario": null, "mitre": null, "attacker": null, "victim": null, "confidence": 0, "event_type": "DNSQuery", "query": "zoom.us", "record_type": "A", "resolved_ip": "192.168.39.221"}}
{"Source": "Microsoft-Windows-Security-Auditing", "ProviderName": "Microsoft-Windows-Security-Auditing", "Computer": "FIN-WS-011", "TimeCreated": "2026-06-18T07:51:43.314662", "Channel": "Security", "event_id": "evt-normal-552381", "ground_truth": false, "attack_stage": null, "scenario": null, "mitre": null, "attacker": null, "victim": null, "confidence": 0, "EventID": 9999, "Description": "Generic Windows Log", "EventData": {"event_id": "evt-normal-552381", "timestamp": "2026-06-18T07:51:43.314662", "company_id": "9321a010-865d-4c55-933c-3b8f57176f37", "host": "FIN-WS-011", "ip_address": "10.44.2.61", "username": "jriley", "user_role": "Security_Analyst", "os_type": "Windows", "ground_truth": false, "scenario": null, "mitre": null, "attacker": null, "victim": null, "confidence": 0, "event_type": "NetworkConnection", "destination_ip": "192.168.174.119", "destination_port": 80, "direction": "Outbound", "protocol": "TCP"}}
{"Source": "Microsoft-Windows-Security-Auditing", "ProviderName": "Microsoft-Windows-Security-Auditing", "Computer": "FIN-SRV-FILE", "TimeCreated": "2026-06-18T08:04:43.324518", "Channel": "Security", "event_id": "evt-normal-669567", "ground_truth": false, "attack_stage": null, "scenario": null, "mitre": null, "attacker": null, "victim": null, "confidence": 0, "EventID": 9999, "Description": "Generic Windows Log", "EventData": {"event_id": "evt-normal-669567", "timestamp": "2026-06-18T08:04:43.324518", "company_id": "9321a010-865d-4c55-933c-3b8f57176f37", "host": "FIN-SRV-FILE", "ip_address": "10.44.1.20", "username": "mmoore", "user_role": "SysAdmin", "os_type": "Windows", "ground_truth": false, "scenario": null, "mitre": null, "attacker": null, "victim": null, "confidence": 0, "event_type": "NetworkConnection", "destination_ip": "192.168.204.192", "destination_port": 80, "direction": "Outbound", "protocol": "TCP"}}
{"Source": "Microsoft-Windows-Sysmon", "ProviderName": "Microsoft-Windows-Sysmon", "Computer": "FIN-SRV-FILE", "TimeCreated": "2026-06-18T08:05:43.324518", "Channel": "Microsoft-Windows-Sysmon/Operational", "event_id": "evt-normal-123901", "ground_truth": false, "attack_stage": null, "scenario": null, "mitre": null, "attacker": null, "victim": null, "confidence": 0, "EventID": 11, "Description": "File created", "EventData": {"UtcTime": "2026-06-18T08:05:43.324518", "ProcessGuid": "{A2C21C30-D321-6B65-0000-0010DF6D2000}", "ProcessId": 4820, "Image": "C:\\Windows\\System32\\notepad.exe", "TargetFilename": "C:\\Users\\jwiggins\\Documents\\report.txt", "CreationUtcTime": "2026-06-18T08:05:43.324518"}}
{"log_source": "syslog", "Computer": "FIN-WS-012", "TimeCreated": "2026-06-18T08:07:13.314662", "event_id": "evt-normal-564755", "ground_truth": false, "attack_stage": null, "scenario": null, "mitre": null, "attacker": null, "victim": null, "confidence": 0, "message": "2026-06-18T08:07:13.314662 FIN-WS-012 systemd[1]: Started SOCForge Simulated Activity."}
{"Source": "Microsoft-Windows-Security-Auditing", "ProviderName": "Microsoft-Windows-Security-Auditing", "Computer": "FIN-WS-007", "TimeCreated": "2026-06-18T08:12:13.330315", "Channel": "Security", "event_id": "evt-normal-768575", "ground_truth": false, "attack_stage": null, "scenario": null, "mitre": null, "attacker": null, "victim": null, "confidence": 0, "EventID": 4624, "Description": "An account was successfully logged on.", "EventData": {"TargetUserName": "cstephenson", "TargetDomainName": "WORKGROUP", "LogonType": 2, "IpAddress": "10.44.2.57", "IpPort": "0"}}
{"log_source": "syslog", "Computer": "FIN-WS-012", "TimeCreated": "2026-06-18T08:14:43.314662", "event_id": "evt-normal-208731", "ground_truth": false, "attack_stage": null, "scenario": null, "mitre": null, "attacker": null, "victim": null, "confidence": 0, "message": "2026-06-18T08:14:43.314662 FIN-WS-012 systemd[1]: Started SOCForge Simulated Activity."}
{"log_source": "syslog", "Computer": "FIN-WS-017", "TimeCreated": "2026-06-18T08:14:43.324518", "event_id": "evt-normal-763482", "ground_truth": false, "attack_stage": null, "scenario": null, "mitre": null, "attacker": null, "victim": null, "confidence": 0, "message": "2026-06-18T08:14:43.324518 FIN-WS-017 systemd[1]: Started SOCForge Simulated Activity."}
{"Source": "Microsoft-Windows-Security-Auditing", "ProviderName": "Microsoft-Windows-Security-Auditing", "Computer": "FIN-WS-009", "TimeCreated": "2026-06-18T08:16:43.314662", "Channel": "Security", "event_id": "evt-normal-206130", "ground_truth": false, "attack_stage": null, "scenario": null, "mitre": null, "attacker": null, "victim": null, "confidence": 0, "EventID": 4624, "Description": "An account was successfully logged on.", "EventData": {"TargetUserName": "kdecker", "TargetDomainName": "WORKGROUP", "LogonType": 2, "IpAddress": "10.44.2.59", "IpPort": "0"}}
{"Source": "Microsoft-Windows-Security-Auditing", "ProviderName": "Microsoft-Windows-Security-Auditing", "Computer": "FIN-SRV-FILE", "TimeCreated": "2026-06-18T08:22:43.330315", "Channel": "Security", "event_id": "evt-normal-460211", "ground_truth": false, "attack_stage": null, "scenario": null, "mitre": null, "attacker": null, "victim": null, "confidence": 0, "EventID": 4624, "Description": "An account was successfully logged on.", "EventData": {"TargetUserName": "jespinoza", "TargetDomainName": "WORKGROUP", "LogonType": 2, "IpAddress": "10.217.74.104", "IpPort": "0"}}
{"Source": "Microsoft-Windows-Security-Auditing", "ProviderName": "Microsoft-Windows-Security-Auditing", "Computer": "FIN-WS-005", "TimeCreated": "2026-06-18T08:24:43.314662", "Channel": "Security", "event_id": "evt-normal-400945", "ground_truth": false, "attack_stage": null, "scenario": null, "mitre": null, "attacker": null, "victim": null, "confidence": 0, "EventID": 9999, "Description": "Generic Windows Log", "EventData": {"event_id": "evt-normal-400945", "timestamp": "2026-06-18T08:24:43.314662", "company_id": "9321a010-865d-4c55-933c-3b8f57176f37", "host": "FIN-WS-005", "ip_address": "10.44.2.55", "username": "kdecker", "user_role": "Sales_Rep", "os_type": "Windows", "ground_truth": false, "scenario": null, "mitre": null, "attacker": null, "victim": null, "confidence": 0, "event_type": "DNSQuery", "query": "zoom.us", "record_type": "A", "resolved_ip": "192.168.247.94"}}
{"Source": "Microsoft-Windows-Security-Auditing", "ProviderName": "Microsoft-Windows-Security-Auditing", "Computer": "FIN-WS-008", "TimeCreated": "2026-06-18T08:28:43.330315", "Channel": "Security", "event_id": "evt-normal-758613", "ground_truth": false, "attack_stage": null, "scenario": null, "mitre": null, "attacker": null, "victim": null, "confidence": 0, "EventID": 9999, "Description": "Generic Windows Log", "EventData": {"event_id": "evt-normal-758613", "timestamp": "2026-06-18T08:28:43.330315", "company_id": "9321a010-865d-4c55-933c-3b8f57176f37", "host": "FIN-WS-008", "ip_address": "10.44.2.58", "username": "bsmith", "user_role": "Assistant", "os_type": "Windows", "ground_truth": false, "scenario": null, "mitre": null, "attacker": null, "victim": null, "confidence": 0, "event_type": "NetworkConnection", "destination_ip": "192.168.126.220", "destination_port": 443, "direction": "Outbound", "protocol": "TCP"}}
{"Source": "Microsoft-Windows-Security-Auditing", "ProviderName": "Microsoft-Windows-Security-Auditing", "Computer": "FIN-WS-007", "TimeCreated": "2026-06-18T08:31:13.330315", "Channel": "Security", "event_id": "evt-normal-666591", "ground_truth": false, "attack_stage": null, "scenario": null, "mitre": null, "attacker": null, "victim": null, "confidence": 0, "EventID": 9999, "Description": "Generic Windows Log", "EventData": {"event_id": "evt-normal-666591", "timestamp": "2026-06-18T08:31:13.330315", "company_id": "9321a010-865d-4c55-933c-3b8f57176f37", "host": "FIN-WS-007", "ip_address": "10.44.2.57", "username": "sbowman", "user_role": "Assistant", "os_type": "Windows", "ground_truth": false, "scenario": null, "mitre": null, "attacker": null, "victim": null, "confidence": 0, "event_type": "PrintJob", "document_name": "Monthly_Review.pdf", "printer_name": "PRN-OFFICE-COLOR-01", "pages": 3}}
{"Source": "Microsoft-Windows-Security-Auditing", "ProviderName": "Microsoft-Windows-Security-Auditing", "Computer": "FIN-WS-008", "TimeCreated": "2026-06-18T08:34:13.330315", "Channel": "Security", "event_id": "evt-normal-323849", "ground_truth": false, "attack_stage": null, "scenario": null, "mitre": null, "attacker": null, "victim": null, "confidence": 0, "EventID": 9999, "Description": "Generic Windows Log", "EventData": {"event_id": "evt-normal-323849", "timestamp": "2026-06-18T08:34:13.330315", "company_id": "9321a010-865d-4c55-933c-3b8f57176f37", "host": "FIN-WS-008", "ip_address": "10.44.2.58", "username": "mford", "user_role": "Helpdesk", "os_type": "Windows", "ground_truth": false, "scenario": null, "mitre": null, "attacker": null, "victim": null, "confidence": 0, "event_type": "PrintJob", "document_name": "Monthly_Review.pdf", "printer_name": "PRN-OFFICE-COLOR-01", "pages": 7}}
{"Source": "Microsoft-Windows-Security-Auditing", "ProviderName": "Microsoft-Windows-Security-Auditing", "Computer": "FIN-WS-010", "TimeCreated": "2026-06-18T08:40:43.330315", "Channel": "Security", "event_id": "evt-normal-958275", "ground_truth": false, "attack_stage": null, "scenario": null, "mitre": null, "attacker": null, "victim": null, "confidence": 0, "EventID": 9999, "Description": "Generic Windows Log", "EventData": {"event_id": "evt-normal-958275", "timestamp": "2026-06-18T08:40:43.330315", "company_id": "9321a010-865d-4c55-933c-3b8f57176f37", "host": "FIN-WS-010", "ip_address": "10.44.2.60", "username": "jespinoza", "user_role": "HR_Specialist", "os_type": "Windows", "ground_truth": false, "scenario": null, "mitre": null, "attacker": null, "victim": null, "confidence": 0, "event_type": "USBInsert", "device_id": "USBSTOR\\DISK&VEN_SANDISK&PROD_CRUZER\\884bb135-463b-44e5-b452-f2a8e2855763", "drive_letter": "G:"}}
{"Source": "Microsoft-Windows-Security-Auditing", "ProviderName": "Microsoft-Windows-Security-Auditing", "Computer": "FIN-WS-005", "TimeCreated": "2026-06-18T08:42:43.330315", "Channel": "Security", "event_id": "evt-normal-873950", "ground_truth": false, "attack_stage": null, "scenario": null, "mitre": null, "attacker": null, "victim": null, "confidence": 0, "EventID": 9999, "Description": "Generic Windows Log", "EventData": {"event_id": "evt-normal-873950", "timestamp": "2026-06-18T08:42:43.330315", "company_id": "9321a010-865d-4c55-933c-3b8f57176f37", "host": "FIN-WS-005", "ip_address": "10.44.2.55", "username": "jhernandez", "user_role": "Marketing_Specialist", "os_type": "Windows", "ground_truth": false, "scenario": null, "mitre": null, "attacker": null, "victim": null, "confidence": 0, "event_type": "PrintJob", "document_name": "Monthly_Review.pdf", "printer_name": "PRN-OFFICE-COLOR-01", "pages": 4}}
{"log_source": "syslog", "Computer": "FIN-WS-017", "TimeCreated": "2026-06-18T08:43:13.330315", "event_id": "evt-normal-878231", "ground_truth": false, "attack_stage": null, "scenario": null, "mitre": null, "attacker": null, "victim": null, "confidence": 0, "message": "2026-06-18T08:43:13.330315 FIN-WS-017 systemd[1]: Started SOCForge Simulated Activity."}
{"Source": "Microsoft-Windows-Security-Auditing", "ProviderName": "Microsoft-Windows-Security-Auditing", "Computer": "FIN-WS-015", "TimeCreated": "2026-06-18T08:51:43.324518", "Channel": "Security", "event_id": "evt-normal-355180", "ground_truth": false, "attack_stage": null, "scenario": null, "mitre": null, "attacker": null, "victim": null, "confidence": 0, "EventID": 9999, "Description": "Generic Windows Log", "EventData": {"event_id": "evt-normal-355180", "timestamp": "2026-06-18T08:51:43.324518", "company_id": "9321a010-865d-4c55-933c-3b8f57176f37", "host": "FIN-WS-015", "ip_address": "10.44.2.65", "username": "mmoore", "user_role": "SysAdmin", "os_type": "Windows", "ground_truth": false, "scenario": null, "mitre": null, "attacker": null, "victim": null, "confidence": 0, "event_type": "NetworkConnection", "destination_ip": "192.168.206.139", "destination_port": 443, "direction": "Outbound", "protocol": "TCP"}}
{"Source": "Microsoft-Windows-Sysmon", "ProviderName": "Microsoft-Windows-Sysmon", "Computer": "FIN-WS-008", "TimeCreated": "2026-06-18T08:51:43.330315", "Channel": "Microsoft-Windows-Sysmon/Operational", "event_id": "evt-normal-758542", "ground_truth": false, "attack_stage": null, "scenario": null, "mitre": null, "attacker": null, "victim": null, "confidence": 0, "EventID": 11, "Description": "File created", "EventData": {"UtcTime": "2026-06-18T08:51:43.330315", "ProcessGuid": "{A2C21C30-D321-6B65-0000-0010DF6D2000}", "ProcessId": 4820, "Image": "C:\\Windows\\System32\\notepad.exe", "TargetFilename": "C:\\Users\\jhernandez\\Documents\\report.txt", "CreationUtcTime": "2026-06-18T08:51:43.330315"}}
{"Source": "Microsoft-Windows-Sysmon", "ProviderName": "Microsoft-Windows-Sysmon", "Computer": "FIN-WS-026", "TimeCreated": "2026-06-18T08:55:43.330315", "Channel": "Microsoft-Windows-Sysmon/Operational", "event_id": "evt-normal-204787", "ground_truth": false, "attack_stage": null, "scenario": null, "mitre": null, "attacker": null, "victim": null, "confidence": 0, "EventID": 1, "Description": "Process Create", "EventData": {"UtcTime": "2026-06-18T08:55:43.330315", "ProcessGuid": "{A2C21C30-D321-6B65-0000-0010DF6D2000}", "ProcessId": 4820, "Image": "C:\\Windows\\System32\\resumes-viewer.exe", "CommandLine": "C:\\Windows\\System32\\resumes-viewer.exe", "CurrentDirectory": "C:\\Windows\\system32\\", "User": "CORP\\dcoleman", "ParentProcessGuid": "{A2C21C30-D320-6B65-0000-0010C46D2000}", "ParentProcessId": 1024, "ParentImage": "C:\\Windows\\explorer.exe", "ParentCommandLine": "C:\\Windows\\explorer.exe"}}
{"Source": "Microsoft-Windows-Security-Auditing", "ProviderName": "Microsoft-Windows-Security-Auditing", "Computer": "FIN-WS-013", "TimeCreated": "2026-06-18T08:56:43.324518", "Channel": "Security", "event_id": "evt-normal-895295", "ground_truth": false, "attack_stage": null, "scenario": null, "mitre": null, "attacker": null, "victim": null, "confidence": 0, "EventID": 9999, "Description": "Generic Windows Log", "EventData": {"event_id": "evt-normal-895295", "timestamp": "2026-06-18T08:56:43.324518", "company_id": "9321a010-865d-4c55-933c-3b8f57176f37", "host": "FIN-WS-013", "ip_address": "10.44.2.63", "username": "mmoore", "user_role": "SysAdmin", "os_type": "Windows", "ground_truth": false, "scenario": null, "mitre": null, "attacker": null, "victim": null, "confidence": 0, "event_type": "PrintJob", "document_name": "Monthly_Review.pdf", "printer_name": "PRN-OFFICE-COLOR-01", "pages": 3}}
{"Source": "Microsoft-Windows-Security-Auditing", "ProviderName": "Microsoft-Windows-Security-Auditing", "Computer": "FIN-WS-013", "TimeCreated": "2026-06-18T08:57:13.330315", "Channel": "Security", "event_id": "evt-normal-865060", "ground_truth": false, "attack_stage": null, "scenario": null, "mitre": null, "attacker": null, "victim": null, "confidence": 0, "EventID": 9999, "Description": "Generic Windows Log", "EventData": {"event_id": "evt-normal-865060", "timestamp": "2026-06-18T08:57:13.330315", "company_id": "9321a010-865d-4c55-933c-3b8f57176f37", "host": "FIN-WS-013", "ip_address": "10.44.2.63", "username": "mmoore", "user_role": "SysAdmin", "os_type": "Windows", "ground_truth": false, "scenario": null, "mitre": null, "attacker": null, "victim": null, "confidence": 0, "event_type": "NetworkConnection", "destination_ip": "192.168.213.232", "destination_port": 443, "direction": "Outbound", "protocol": "TCP"}}
{"log_source": "auth.log", "Computer": "FIN-WS-014", "TimeCreated": "2026-06-18T08:58:13.314662", "event_id": "evt-normal-742426", "ground_truth": false, "attack_stage": null, "scenario": null, "mitre": null, "attacker": null, "victim": null, "confidence": 0, "message": "2026-06-18T08:58:13.314662 FIN-WS-014 sshd[4102]: Accepted publickey for dcoleman from 10.44.2.64 port 49667 ssh2"}
{"log_source": "syslog", "Computer": "FIN-WS-014", "TimeCreated": "2026-06-18T09:07:13.314662", "event_id": "evt-normal-501595", "ground_truth": false, "attack_stage": null, "scenario": null, "mitre": null, "attacker": null, "victim": null, "confidence": 0, "message": "2026-06-18T09:07:13.314662 FIN-WS-014 systemd[1]: Started SOCForge Simulated Activity."}
{"Source": "Microsoft-Windows-Security-Auditing", "ProviderName": "Microsoft-Windows-Security-Auditing", "Computer": "FIN-WS-024", "TimeCreated": "2026-06-18T09:09:13.330315", "Channel": "Security", "event_id": "evt-normal-914698", "ground_truth": false, "attack_stage": null, "scenario": null, "mitre": null, "attacker": null, "victim": null, "confidence": 0, "EventID": 9999, "Description": "Generic Windows Log", "EventData": {"event_id": "evt-normal-914698", "timestamp": "2026-06-18T09:09:13.330315", "company_id": "9321a010-865d-4c55-933c-3b8f57176f37", "host": "FIN-WS-024", "ip_address": "10.44.2.74", "username": "kdecker", "user_role": "Sales_Rep", "os_type": "Windows", "ground_truth": false, "scenario": null, "mitre": null, "attacker": null, "victim": null, "confidence": 0, "event_type": "NetworkConnection", "destination_ip": "192.168.108.22", "destination_port": 80, "direction": "Outbound", "protocol": "TCP"}}
{"Source": "Microsoft-Windows-Security-Auditing", "ProviderName": "Microsoft-Windows-Security-Auditing", "Computer": "FIN-WS-003", "TimeCreated": "2026-06-18T09:10:43.330315", "Channel": "Security", "event_id": "evt-normal-802008", "ground_truth": false, "attack_stage": null, "scenario": null, "mitre": null, "attacker": null, "victim": null, "confidence": 0, "EventID": 9999, "Description": "Generic Windows Log", "EventData": {"event_id": "evt-normal-802008", "timestamp": "2026-06-18T09:10:43.330315", "company_id": "9321a010-865d-4c55-933c-3b8f57176f37", "host": "FIN-WS-003", "ip_address": "10.44.2.53", "username": "tstewart", "user_role": "Incident_Responder", "os_type": "Windows", "ground_truth": false, "scenario": null, "mitre": null, "attacker": null, "victim": null, "confidence": 0, "event_type": "PrintJob", "document_name": "Monthly_Review.pdf", "printer_name": "PRN-OFFICE-COLOR-01", "pages": 1}}
