{"Source": "Microsoft-Windows-Security-Auditing", "ProviderName": "Microsoft-Windows-Security-Auditing", "Computer": "FIN-WS-004", "TimeCreated": "2026-06-16T14:45:33.584020", "Channel": "Security", "event_id": "evt-normal-701663", "ground_truth": false, "attack_stage": null, "scenario": null, "mitre": null, "attacker": null, "victim": null, "confidence": 0, "EventID": 9999, "Description": "Generic Windows Log", "EventData": {"event_id": "evt-normal-701663", "timestamp": "2026-06-16T14:45:33.584020", "company_id": "06992447-dfb8-467b-9a68-e403e3958657", "host": "FIN-WS-004", "ip_address": "10.71.2.54", "username": "jsmith", "user_role": "Assistant", "os_type": "Windows", "ground_truth": false, "scenario": null, "mitre": null, "attacker": null, "victim": null, "confidence": 0, "event_type": "USBInsert", "device_id": "USBSTOR\\DISK&VEN_SANDISK&PROD_CRUZER\\14f5c667-8467-4b51-853c-91b44210cb4f", "drive_letter": "G:"}}
{"Source": "Microsoft-Windows-Security-Auditing", "ProviderName": "Microsoft-Windows-Security-Auditing", "Computer": "FIN-WS-017", "TimeCreated": "2026-06-16T15:04:03.584020", "Channel": "Security", "event_id": "evt-normal-478071", "ground_truth": false, "attack_stage": null, "scenario": null, "mitre": null, "attacker": null, "victim": null, "confidence": 0, "EventID": 9999, "Description": "Generic Windows Log", "EventData": {"event_id": "evt-normal-478071", "timestamp": "2026-06-16T15:04:03.584020", "company_id": "06992447-dfb8-467b-9a68-e403e3958657", "host": "FIN-WS-017", "ip_address": "10.71.2.67", "username": "mgriffith", "user_role": "HR_Specialist", "os_type": "Windows", "ground_truth": false, "scenario": null, "mitre": null, "attacker": null, "victim": null, "confidence": 0, "event_type": "PrintJob", "document_name": "Monthly_Review.pdf", "printer_name": "PRN-OFFICE-COLOR-01", "pages": 9}}
{"Source": "Microsoft-Windows-Sysmon", "ProviderName": "Microsoft-Windows-Sysmon", "Computer": "FIN-WS-005", "TimeCreated": "2026-06-16T15:11:33.584020", "Channel": "Microsoft-Windows-Sysmon/Operational", "event_id": "evt-normal-775439", "ground_truth": false, "attack_stage": null, "scenario": null, "mitre": null, "attacker": null, "victim": null, "confidence": 0, "EventID": 11, "Description": "File created", "EventData": {"UtcTime": "2026-06-16T15:11:33.584020", "ProcessGuid": "{A2C21C30-D321-6B65-0000-0010DF6D2000}", "ProcessId": 4820, "Image": "C:\\Windows\\System32\\notepad.exe", "TargetFilename": "C:\\Users\\dbooth\\Documents\\report.txt", "CreationUtcTime": "2026-06-16T15:11:33.584020"}}
{"Source": "Microsoft-Windows-Security-Auditing", "ProviderName": "Microsoft-Windows-Security-Auditing", "Computer": "FIN-WS-011", "TimeCreated": "2026-06-16T15:15:03.584020", "Channel": "Security", "event_id": "evt-normal-528384", "ground_truth": false, "attack_stage": null, "scenario": null, "mitre": null, "attacker": null, "victim": null, "confidence": 0, "EventID": 9999, "Description": "Generic Windows Log", "EventData": {"event_id": "evt-normal-528384", "timestamp": "2026-06-16T15:15:03.584020", "company_id": "06992447-dfb8-467b-9a68-e403e3958657", "host": "FIN-WS-011", "ip_address": "10.71.2.61", "username": "rmcclure", "user_role": "SysAdmin", "os_type": "Windows", "ground_truth": false, "scenario": null, "mitre": null, "attacker": null, "victim": null, "confidence": 0, "event_type": "NetworkConnection", "destination_ip": "192.168.62.243", "destination_port": 443, "direction": "Outbound", "protocol": "TCP"}}
{"Source": "Microsoft-Windows-Security-Auditing", "ProviderName": "Microsoft-Windows-Security-Auditing", "Computer": "FIN-WS-027", "TimeCreated": "2026-06-16T15:18:33.584020", "Channel": "Security", "event_id": "evt-normal-723346", "ground_truth": false, "attack_stage": null, "scenario": null, "mitre": null, "attacker": null, "victim": null, "confidence": 0, "EventID": 9999, "Description": "Generic Windows Log", "EventData": {"event_id": "evt-normal-723346", "timestamp": "2026-06-16T15:18:33.584020", "company_id": "06992447-dfb8-467b-9a68-e403e3958657", "host": "FIN-WS-027", "ip_address": "10.71.2.77", "username": "kbuchanan", "user_role": "Marketing_Specialist", "os_type": "Windows", "ground_truth": false, "scenario": null, "mitre": null, "attacker": null, "victim": null, "confidence": 0, "event_type": "DNSQuery", "query": "github.com", "record_type": "A", "resolved_ip": "192.168.235.150"}}
{"Source": "Microsoft-Windows-Sysmon", "ProviderName": "Microsoft-Windows-Sysmon", "Computer": "FIN-SRV-FILE", "TimeCreated": "2026-06-16T15:27:03.584020", "Channel": "Microsoft-Windows-Sysmon/Operational", "event_id": "evt-normal-599740", "ground_truth": false, "attack_stage": null, "scenario": null, "mitre": null, "attacker": null, "victim": null, "confidence": 0, "EventID": 1, "Description": "Process Create", "EventData": {"UtcTime": "2026-06-16T15:27:03.584020", "ProcessGuid": "{A2C21C30-D321-6B65-0000-0010DF6D2000}", "ProcessId": 4820, "Image": "C:\\Windows\\System32\\explorer.exe", "CommandLine": "C:\\Windows\\System32\\explorer.exe", "CurrentDirectory": "C:\\Windows\\system32\\", "User": "CORP\\jsmith", "ParentProcessGuid": "{A2C21C30-D320-6B65-0000-0010C46D2000}", "ParentProcessId": 1024, "ParentImage": "C:\\Windows\\explorer.exe", "ParentCommandLine": "C:\\Windows\\explorer.exe"}}
{"Source": "Microsoft-Windows-Sysmon", "ProviderName": "Microsoft-Windows-Sysmon", "Computer": "FIN-WS-013", "TimeCreated": "2026-06-16T15:37:03.584020", "Channel": "Microsoft-Windows-Sysmon/Operational", "event_id": "evt-normal-775101", "ground_truth": false, "attack_stage": null, "scenario": null, "mitre": null, "attacker": null, "victim": null, "confidence": 0, "EventID": 1, "Description": "Process Create", "EventData": {"UtcTime": "2026-06-16T15:37:03.584020", "ProcessGuid": "{A2C21C30-D321-6B65-0000-0010DF6D2000}", "ProcessId": 4820, "Image": "C:\\Windows\\System32\\powershell.exe", "CommandLine": "C:\\Windows\\System32\\powershell.exe", "CurrentDirectory": "C:\\Windows\\system32\\", "User": "CORP\\kmeyer", "ParentProcessGuid": "{A2C21C30-D320-6B65-0000-0010C46D2000}", "ParentProcessId": 1024, "ParentImage": "C:\\Windows\\explorer.exe", "ParentCommandLine": "C:\\Windows\\explorer.exe"}}
{"Source": "Microsoft-Windows-Security-Auditing", "ProviderName": "Microsoft-Windows-Security-Auditing", "Computer": "FIN-WS-034", "TimeCreated": "2026-06-16T15:44:33.584020", "Channel": "Security", "event_id": "evt-normal-462675", "ground_truth": false, "attack_stage": null, "scenario": null, "mitre": null, "attacker": null, "victim": null, "confidence": 0, "EventID": 9999, "Description": "Generic Windows Log", "EventData": {"event_id": "evt-normal-462675", "timestamp": "2026-06-16T15:44:33.584020", "company_id": "06992447-dfb8-467b-9a68-e403e3958657", "host": "FIN-WS-034", "ip_address": "10.71.2.84", "username": "cjones", "user_role": "Accountant", "os_type": "Windows", "ground_truth": false, "scenario": null, "mitre": null, "attacker": null, "victim": null, "confidence": 0, "event_type": "USBInsert", "device_id": "USBSTOR\\DISK&VEN_SANDISK&PROD_CRUZER\\a342b066-8511-416e-8f76-2a778509b5dd", "drive_letter": "E:"}}
{"Source": "Microsoft-Windows-Security-Auditing", "ProviderName": "Microsoft-Windows-Security-Auditing", "Computer": "FIN-WS-032", "TimeCreated": "2026-06-16T15:45:33.584020", "Channel": "Security", "event_id": "evt-normal-574028", "ground_truth": false, "attack_stage": null, "scenario": null, "mitre": null, "attacker": null, "victim": null, "confidence": 0, "EventID": 9999, "Description": "Generic Windows Log", "EventData": {"event_id": "evt-normal-574028", "timestamp": "2026-06-16T15:45:33.584020", "company_id": "06992447-dfb8-467b-9a68-e403e3958657", "host": "FIN-WS-032", "ip_address": "10.71.2.82", "username": "tjones", "user_role": "Executive", "os_type": "Windows", "ground_truth": false, "scenario": null, "mitre": null, "attacker": null, "victim": null, "confidence": 0, "event_type": "NetworkConnection", "destination_ip": "192.168.182.5", "destination_port": 443, "direction": "Outbound", "protocol": "TCP"}}
{"Source": "Microsoft-Windows-Sysmon", "ProviderName": "Microsoft-Windows-Sysmon", "Computer": "FIN-WS-027", "TimeCreated": "2026-06-16T15:47:03.584020", "Channel": "Microsoft-Windows-Sysmon/Operational", "event_id": "evt-normal-172163", "ground_truth": false, "attack_stage": null, "scenario": null, "mitre": null, "attacker": null, "victim": null, "confidence": 0, "EventID": 11, "Description": "File created", "EventData": {"UtcTime": "2026-06-16T15:47:03.584020", "ProcessGuid": "{A2C21C30-D321-6B65-0000-0010DF6D2000}", "ProcessId": 4820, "Image": "C:\\Windows\\System32\\notepad.exe", "TargetFilename": "C:\\Users\\cyork\\Documents\\report.txt", "CreationUtcTime": "2026-06-16T15:47:03.584020"}}
{"Source": "Microsoft-Windows-Security-Auditing", "ProviderName": "Microsoft-Windows-Security-Auditing", "Computer": "FIN-WS-047", "TimeCreated": "2026-06-16T15:50:33.584020", "Channel": "Security", "event_id": "evt-normal-662699", "ground_truth": false, "attack_stage": null, "scenario": null, "mitre": null, "attacker": null, "victim": null, "confidence": 0, "EventID": 4624, "Description": "An account was successfully logged on.", "EventData": {"TargetUserName": "rsimpson", "TargetDomainName": "WORKGROUP", "LogonType": 2, "IpAddress": "10.71.2.97", "IpPort": "0"}}
{"Source": "Microsoft-Windows-Sysmon", "ProviderName": "Microsoft-Windows-Sysmon", "Computer": "FIN-WS-003", "TimeCreated": "2026-06-16T16:00:33.584020", "Channel": "Microsoft-Windows-Sysmon/Operational", "event_id": "evt-normal-640791", "ground_truth": false, "attack_stage": null, "scenario": null, "mitre": null, "attacker": null, "victim": null, "confidence": 0, "EventID": 11, "Description": "File created", "EventData": {"UtcTime": "2026-06-16T16:00:33.584020", "ProcessGuid": "{A2C21C30-D321-6B65-0000-0010DF6D2000}", "ProcessId": 4820, "Image": "C:\\Windows\\System32\\notepad.exe", "TargetFilename": "C:\\Users\\dmosley\\Documents\\report.txt", "CreationUtcTime": "2026-06-16T16:00:33.584020"}}
{"log_source": "auth.log", "Computer": "FIN-SRV-WEB", "TimeCreated": "2026-06-16T16:01:33.584020", "event_id": "evt-normal-173129", "ground_truth": false, "attack_stage": null, "scenario": null, "mitre": null, "attacker": null, "victim": null, "confidence": 0, "message": "2026-06-16T16:01:33.584020 FIN-SRV-WEB sshd[4102]: Accepted publickey for kcunningham from 10.71.1.30 port 63467 ssh2"}
{"Source": "Microsoft-Windows-Sysmon", "ProviderName": "Microsoft-Windows-Sysmon", "Computer": "FIN-WS-011", "TimeCreated": "2026-06-16T16:10:33.584020", "Channel": "Microsoft-Windows-Sysmon/Operational", "event_id": "evt-normal-642688", "ground_truth": false, "attack_stage": null, "scenario": null, "mitre": null, "attacker": null, "victim": null, "confidence": 0, "EventID": 11, "Description": "File created", "EventData": {"UtcTime": "2026-06-16T16:10:33.584020", "ProcessGuid": "{A2C21C30-D321-6B65-0000-0010DF6D2000}", "ProcessId": 4820, "Image": "C:\\Windows\\System32\\notepad.exe", "TargetFilename": "C:\\Users\\perickson\\Documents\\report.txt", "CreationUtcTime": "2026-06-16T16:10:33.584020"}}
{"Source": "Microsoft-Windows-Security-Auditing", "ProviderName": "Microsoft-Windows-Security-Auditing", "Computer": "FIN-WS-035", "TimeCreated": "2026-06-16T16:20:03.584020", "Channel": "Security", "event_id": "evt-normal-156300", "ground_truth": false, "attack_stage": null, "scenario": null, "mitre": null, "attacker": null, "victim": null, "confidence": 0, "EventID": 4624, "Description": "An account was successfully logged on.", "EventData": {"TargetUserName": "eosborn", "TargetDomainName": "WORKGROUP", "LogonType": 2, "IpAddress": "10.71.2.85", "IpPort": "0"}}
{"log_source": "syslog", "Computer": "FIN-WS-026", "TimeCreated": "2026-06-16T16:27:03.584020", "event_id": "evt-normal-905093", "ground_truth": false, "attack_stage": null, "scenario": null, "mitre": null, "attacker": null, "victim": null, "confidence": 0, "message": "2026-06-16T16:27:03.584020 FIN-WS-026 systemd[1]: Started SOCForge Simulated Activity."}
{"Source": "Microsoft-Windows-Security-Auditing", "ProviderName": "Microsoft-Windows-Security-Auditing", "Computer": "FIN-WS-038", "TimeCreated": "2026-06-16T16:35:03.584020", "Channel": "Security", "event_id": "evt-normal-541286", "ground_truth": false, "attack_stage": null, "scenario": null, "mitre": null, "attacker": null, "victim": null, "confidence": 0, "EventID": 9999, "Description": "Generic Windows Log", "EventData": {"event_id": "evt-normal-541286", "timestamp": "2026-06-16T16:35:03.584020", "company_id": "06992447-dfb8-467b-9a68-e403e3958657", "host": "FIN-WS-038", "ip_address": "10.71.2.88", "username": "bmartinez", "user_role": "Helpdesk", "os_type": "Windows", "ground_truth": false, "scenario": null, "mitre": null, "attacker": null, "victim": null, "confidence": 0, "event_type": "NetworkConnection", "destination_ip": "192.168.228.139", "destination_port": 80, "direction": "Outbound", "protocol": "TCP"}}
{"log_source": "syslog", "Computer": "FIN-WS-002", "TimeCreated": "2026-06-16T16:38:03.584020", "event_id": "evt-normal-100469", "ground_truth": false, "attack_stage": null, "scenario": null, "mitre": null, "attacker": null, "victim": null, "confidence": 0, "message": "2026-06-16T16:38:03.584020 FIN-WS-002 systemd[1]: Started SOCForge Simulated Activity."}
{"Source": "Microsoft-Windows-Security-Auditing", "ProviderName": "Microsoft-Windows-Security-Auditing", "Computer": "FIN-WS-012", "TimeCreated": "2026-06-16T16:50:03.584020", "Channel": "Security", "event_id": "evt-normal-350107", "ground_truth": false, "attack_stage": null, "scenario": null, "mitre": null, "attacker": null, "victim": null, "confidence": 0, "EventID": 4624, "Description": "An account was successfully logged on.", "EventData": {"TargetUserName": "ralvarado", "TargetDomainName": "WORKGROUP", "LogonType": 2, "IpAddress": "10.71.2.62", "IpPort": "0"}}
{"Source": "Microsoft-Windows-Sysmon", "ProviderName": "Microsoft-Windows-Sysmon", "Computer": "FIN-WS-030", "TimeCreated": "2026-06-16T17:11:33.584020", "Channel": "Microsoft-Windows-Sysmon/Operational", "event_id": "evt-normal-327625", "ground_truth": false, "attack_stage": null, "scenario": null, "mitre": null, "attacker": null, "victim": null, "confidence": 0, "EventID": 11, "Description": "File created", "EventData": {"UtcTime": "2026-06-16T17:11:33.584020", "ProcessGuid": "{A2C21C30-D321-6B65-0000-0010DF6D2000}", "ProcessId": 4820, "Image": "C:\\Windows\\System32\\notepad.exe", "TargetFilename": "C:\\Users\\mgriffith\\Documents\\report.docx", "CreationUtcTime": "2026-06-16T17:11:33.584020"}}
{"Source": "Microsoft-Windows-Sysmon", "ProviderName": "Microsoft-Windows-Sysmon", "Computer": "FIN-WS-015", "TimeCreated": "2026-06-16T17:14:33.584020", "Channel": "Microsoft-Windows-Sysmon/Operational", "event_id": "evt-normal-925003", "ground_truth": false, "attack_stage": null, "scenario": null, "mitre": null, "attacker": null, "victim": null, "confidence": 0, "EventID": 1, "Description": "Process Create", "EventData": {"UtcTime": "2026-06-16T17:14:33.584020", "ProcessGuid": "{A2C21C30-D321-6B65-0000-0010DF6D2000}", "ProcessId": 4820, "Image": "C:\\Windows\\System32\\notepad.exe", "CommandLine": "C:\\Windows\\System32\\notepad.exe", "CurrentDirectory": "C:\\Windows\\system32\\", "User": "CORP\\newing", "ParentProcessGuid": "{A2C21C30-D320-6B65-0000-0010C46D2000}", "ParentProcessId": 1024, "ParentImage": "C:\\Windows\\explorer.exe", "ParentCommandLine": "C:\\Windows\\explorer.exe"}}
{"log_source": "auth.log", "Computer": "FIN-WS-048", "TimeCreated": "2026-06-16T17:18:33.584020", "event_id": "evt-normal-336661", "ground_truth": false, "attack_stage": null, "scenario": null, "mitre": null, "attacker": null, "victim": null, "confidence": 0, "message": "2026-06-16T17:18:33.584020 FIN-WS-048 sshd[4102]: Accepted publickey for mwhitaker from 10.71.2.98 port 55118 ssh2"}
{"log_source": "auth.log", "Computer": "FIN-WS-041", "TimeCreated": "2026-06-16T17:22:33.584020", "event_id": "evt-normal-935663", "ground_truth": false, "attack_stage": null, "scenario": null, "mitre": null, "attacker": null, "victim": null, "confidence": 0, "message": "2026-06-16T17:22:33.584020 FIN-WS-041 sshd[4102]: Accepted publickey for mgriffith from 10.71.2.91 port 63662 ssh2"}
{"Source": "Microsoft-Windows-Security-Auditing", "ProviderName": "Microsoft-Windows-Security-Auditing", "Computer": "FIN-WS-007", "TimeCreated": "2026-06-16T17:25:03.584020", "Channel": "Security", "event_id": "evt-normal-504991", "ground_truth": false, "attack_stage": null, "scenario": null, "mitre": null, "attacker": null, "victim": null, "confidence": 0, "EventID": 4624, "Description": "An account was successfully logged on.", "EventData": {"TargetUserName": "kfisher", "TargetDomainName": "WORKGROUP", "LogonType": 2, "IpAddress": "10.71.2.57", "IpPort": "0"}}
{"log_source": "syslog", "Computer": "FIN-WS-036", "TimeCreated": "2026-06-16T17:28:33.584020", "event_id": "evt-normal-938444", "ground_truth": false, "attack_stage": null, "scenario": null, "mitre": null, "attacker": null, "victim": null, "confidence": 0, "message": "2026-06-16T17:28:33.584020 FIN-WS-036 systemd[1]: Started SOCForge Simulated Activity."}
{"Source": "Microsoft-Windows-Security-Auditing", "ProviderName": "Microsoft-Windows-Security-Auditing", "Computer": "FIN-WS-044", "TimeCreated": "2026-06-16T17:37:03.584020", "Channel": "Security", "event_id": "evt-normal-411492", "ground_truth": false, "attack_stage": null, "scenario": null, "mitre": null, "attacker": null, "victim": null, "confidence": 0, "EventID": 9999, "Description": "Generic Windows Log", "EventData": {"event_id": "evt-normal-411492", "timestamp": "2026-06-16T17:37:03.584020", "company_id": "06992447-dfb8-467b-9a68-e403e3958657", "host": "FIN-WS-044", "ip_address": "10.71.2.94", "username": "rfuller", "user_role": "CFO", "os_type": "Windows", "ground_truth": false, "scenario": null, "mitre": null, "attacker": null, "victim": null, "confidence": 0, "event_type": "DNSQuery", "query": "outlook.office365.com", "record_type": "A", "resolved_ip": "192.168.240.161"}}
{"Source": "Microsoft-Windows-Security-Auditing", "ProviderName": "Microsoft-Windows-Security-Auditing", "Computer": "FIN-WS-027", "TimeCreated": "2026-06-16T17:53:03.584020", "Channel": "Security", "event_id": "evt-normal-471619", "ground_truth": false, "attack_stage": null, "scenario": null, "mitre": null, "attacker": null, "victim": null, "confidence": 0, "EventID": 9999, "Description": "Generic Windows Log", "EventData": {"event_id": "evt-normal-471619", "timestamp": "2026-06-16T17:53:03.584020", "company_id": "06992447-dfb8-467b-9a68-e403e3958657", "host": "FIN-WS-027", "ip_address": "10.71.2.77", "username": "dbooth", "user_role": "Helpdesk", "os_type": "Windows", "ground_truth": false, "scenario": null, "mitre": null, "attacker": null, "victim": null, "confidence": 0, "event_type": "NetworkConnection", "destination_ip": "192.168.225.143", "destination_port": 80, "direction": "Outbound", "protocol": "TCP"}}
{"Source": "Microsoft-Windows-Security-Auditing", "ProviderName": "Microsoft-Windows-Security-Auditing", "Computer": "FIN-WS-042", "TimeCreated": "2026-06-16T17:56:33.584020", "Channel": "Security", "event_id": "evt-normal-719088", "ground_truth": false, "attack_stage": null, "scenario": null, "mitre": null, "attacker": null, "victim": null, "confidence": 0, "EventID": 9999, "Description": "Generic Windows Log", "EventData": {"event_id": "evt-normal-719088", "timestamp": "2026-06-16T17:56:33.584020", "company_id": "06992447-dfb8-467b-9a68-e403e3958657", "host": "FIN-WS-042", "ip_address": "10.71.2.92", "username": "jbrown", "user_role": "Executive", "os_type": "Windows", "ground_truth": false, "scenario": null, "mitre": null, "attacker": null, "victim": null, "confidence": 0, "event_type": "PrintJob", "document_name": "Monthly_Review.pdf", "printer_name": "PRN-OFFICE-COLOR-01", "pages": 8}}
{"Source": "Microsoft-Windows-Security-Auditing", "ProviderName": "Microsoft-Windows-Security-Auditing", "Computer": "FIN-WS-042", "TimeCreated": "2026-06-16T18:10:03.584020", "Channel": "Security", "event_id": "evt-normal-899639", "ground_truth": false, "attack_stage": null, "scenario": null, "mitre": null, "attacker": null, "victim": null, "confidence": 0, "EventID": 4624, "Description": "An account was successfully logged on.", "EventData": {"TargetUserName": "agraves", "TargetDomainName": "WORKGROUP", "LogonType": 2, "IpAddress": "10.71.2.92", "IpPort": "0"}}
{"Source": "Microsoft-Windows-Security-Auditing", "ProviderName": "Microsoft-Windows-Security-Auditing", "Computer": "FIN-WS-050", "TimeCreated": "2026-06-16T19:45:33.584020", "Channel": "Security", "event_id": "evt-normal-396548", "ground_truth": false, "attack_stage": null, "scenario": null, "mitre": null, "attacker": null, "victim": null, "confidence": 0, "EventID": 9999, "Description": "Generic Windows Log", "EventData": {"event_id": "evt-normal-396548", "timestamp": "2026-06-16T19:45:33.584020", "company_id": "06992447-dfb8-467b-9a68-e403e3958657", "host": "FIN-WS-050", "ip_address": "10.71.2.100", "username": "sarroyo", "user_role": "Marketing_Specialist", "os_type": "Windows", "ground_truth": false, "scenario": null, "mitre": null, "attacker": null, "victim": null, "confidence": 0, "event_type": "DNSQuery", "query": "nytimes.com", "record_type": "A", "resolved_ip": "192.168.101.2"}}
{"Source": "Microsoft-Windows-Sysmon", "ProviderName": "Microsoft-Windows-Sysmon", "Computer": "FIN-WS-029", "TimeCreated": "2026-06-16T20:11:03.584020", "Channel": "Microsoft-Windows-Sysmon/Operational", "event_id": "evt-normal-310603", "ground_truth": false, "attack_stage": null, "scenario": null, "mitre": null, "attacker": null, "victim": null, "confidence": 0, "EventID": 1, "Description": "Process Create", "EventData": {"UtcTime": "2026-06-16T20:11:03.584020", "ProcessGuid": "{A2C21C30-D321-6B65-0000-0010DF6D2000}", "ProcessId": 4820, "Image": "C:\\Windows\\System32\\qb-client.exe", "CommandLine": "C:\\Windows\\System32\\qb-client.exe", "CurrentDirectory": "C:\\Windows\\system32\\", "User": "CORP\\mwhitaker", "ParentProcessGuid": "{A2C21C30-D320-6B65-0000-0010C46D2000}", "ParentProcessId": 1024, "ParentImage": "C:\\Windows\\explorer.exe", "ParentCommandLine": "C:\\Windows\\explorer.exe"}}
{"Source": "Microsoft-Windows-Security-Auditing", "ProviderName": "Microsoft-Windows-Security-Auditing", "Computer": "FIN-WS-001", "TimeCreated": "2026-06-17T01:01:03.584020", "Channel": "Security", "event_id": "evt-normal-220504", "ground_truth": false, "attack_stage": null, "scenario": null, "mitre": null, "attacker": null, "victim": null, "confidence": 0, "EventID": 9999, "Description": "Generic Windows Log", "EventData": {"event_id": "evt-normal-220504", "timestamp": "2026-06-17T01:01:03.584020", "company_id": "06992447-dfb8-467b-9a68-e403e3958657", "host": "FIN-WS-001", "ip_address": "10.71.2.51", "username": "bvelazquez", "user_role": "Accountant", "os_type": "Windows", "ground_truth": false, "scenario": null, "mitre": null, "attacker": null, "victim": null, "confidence": 0, "event_type": "NetworkConnection", "destination_ip": "192.168.76.80", "destination_port": 443, "direction": "Outbound", "protocol": "TCP"}}
{"Source": "Microsoft-Windows-Security-Auditing", "ProviderName": "Microsoft-Windows-Security-Auditing", "Computer": "FIN-WS-032", "TimeCreated": "2026-06-17T02:18:03.584020", "Channel": "Security", "event_id": "evt-normal-114195", "ground_truth": false, "attack_stage": null, "scenario": null, "mitre": null, "attacker": null, "victim": null, "confidence": 0, "EventID": 9999, "Description": "Generic Windows Log", "EventData": {"event_id": "evt-normal-114195", "timestamp": "2026-06-17T02:18:03.584020", "company_id": "06992447-dfb8-467b-9a68-e403e3958657", "host": "FIN-WS-032", "ip_address": "10.71.2.82", "username": "rmcclure", "user_role": "SysAdmin", "os_type": "Windows", "ground_truth": false, "scenario": null, "mitre": null, "attacker": null, "victim": null, "confidence": 0, "event_type": "NetworkConnection", "destination_ip": "192.168.84.234", "destination_port": 443, "direction": "Outbound", "protocol": "TCP"}}
{"Source": "Microsoft-Windows-Security-Auditing", "ProviderName": "Microsoft-Windows-Security-Auditing", "Computer": "FIN-WS-011", "TimeCreated": "2026-06-17T02:33:33.584020", "Channel": "Security", "event_id": "evt-normal-403527", "ground_truth": false, "attack_stage": null, "scenario": null, "mitre": null, "attacker": null, "victim": null, "confidence": 0, "EventID": 4624, "Description": "An account was successfully logged on.", "EventData": {"TargetUserName": "aharris", "TargetDomainName": "WORKGROUP", "LogonType": 2, "IpAddress": "10.179.240.80", "IpPort": "0"}}
{"Source": "Microsoft-Windows-Security-Auditing", "ProviderName": "Microsoft-Windows-Security-Auditing", "Computer": "FIN-WS-030", "TimeCreated": "2026-06-17T04:35:33.584020", "Channel": "Security", "event_id": "evt-normal-787119", "ground_truth": false, "attack_stage": null, "scenario": null, "mitre": null, "attacker": null, "victim": null, "confidence": 0, "EventID": 4624, "Description": "An account was successfully logged on.", "EventData": {"TargetUserName": "dpowell", "TargetDomainName": "WORKGROUP", "LogonType": 2, "IpAddress": "10.71.2.80", "IpPort": "0"}}
{"Source": "Microsoft-Windows-Security-Auditing", "ProviderName": "Microsoft-Windows-Security-Auditing", "Computer": "FIN-WS-015", "TimeCreated": "2026-06-17T06:59:33.584020", "Channel": "Security", "event_id": "evt-normal-831419", "ground_truth": false, "attack_stage": null, "scenario": null, "mitre": null, "attacker": null, "victim": null, "confidence": 0, "EventID": 4624, "Description": "An account was successfully logged on.", "EventData": {"TargetUserName": "dstewart", "TargetDomainName": "WORKGROUP", "LogonType": 2, "IpAddress": "10.71.2.65", "IpPort": "0"}}
{"Source": "Microsoft-Windows-Security-Auditing", "ProviderName": "Microsoft-Windows-Security-Auditing", "Computer": "FIN-WS-008", "TimeCreated": "2026-06-17T07:32:03.584020", "Channel": "Security", "event_id": "evt-normal-588342", "ground_truth": false, "attack_stage": null, "scenario": null, "mitre": null, "attacker": null, "victim": null, "confidence": 0, "EventID": 9999, "Description": "Generic Windows Log", "EventData": {"event_id": "evt-normal-588342", "timestamp": "2026-06-17T07:32:03.584020", "company_id": "06992447-dfb8-467b-9a68-e403e3958657", "host": "FIN-WS-008", "ip_address": "10.71.2.58", "username": "dmosley", "user_role": "Security_Analyst", "os_type": "Windows", "ground_truth": false, "scenario": null, "mitre": null, "attacker": null, "victim": null, "confidence": 0, "event_type": "USBInsert", "device_id": "USBSTOR\\DISK&VEN_SANDISK&PROD_CRUZER\\b5f1c1d5-bbe4-4494-a20b-5fc1c0f4130c", "drive_letter": "G:"}}
{"Source": "Microsoft-Windows-Security-Auditing", "ProviderName": "Microsoft-Windows-Security-Auditing", "Computer": "FIN-WS-052", "TimeCreated": "2026-06-17T07:40:33.584020", "Channel": "Security", "event_id": "evt-normal-112138", "ground_truth": false, "attack_stage": null, "scenario": null, "mitre": null, "attacker": null, "victim": null, "confidence": 0, "EventID": 9999, "Description": "Generic Windows Log", "EventData": {"event_id": "evt-normal-112138", "timestamp": "2026-06-17T07:40:33.584020", "company_id": "06992447-dfb8-467b-9a68-e403e3958657", "host": "FIN-WS-052", "ip_address": "10.71.2.102", "username": "rschmidt", "user_role": "Network_Admin", "os_type": "Windows", "ground_truth": false, "scenario": null, "mitre": null, "attacker": null, "victim": null, "confidence": 0, "event_type": "DNSQuery", "query": "google.com", "record_type": "A", "resolved_ip": "192.168.84.236"}}
{"Source": "Microsoft-Windows-Security-Auditing", "ProviderName": "Microsoft-Windows-Security-Auditing", "Computer": "FIN-WS-038", "TimeCreated": "2026-06-17T08:18:33.584020", "Channel": "Security", "event_id": "evt-normal-999856", "ground_truth": false, "attack_stage": null, "scenario": null, "mitre": null, "attacker": null, "victim": null, "confidence": 0, "EventID": 9999, "Description": "Generic Windows Log", "EventData": {"event_id": "evt-normal-999856", "timestamp": "2026-06-17T08:18:33.584020", "company_id": "06992447-dfb8-467b-9a68-e403e3958657", "host": "FIN-WS-038", "ip_address": "10.71.2.88", "username": "mrussell", "user_role": "Sales_Rep", "os_type": "Windows", "ground_truth": false, "scenario": null, "mitre": null, "attacker": null, "victim": null, "confidence": 0, "event_type": "NetworkConnection", "destination_ip": "192.168.82.89", "destination_port": 443, "direction": "Outbound", "protocol": "TCP"}}
{"Source": "Microsoft-Windows-Security-Auditing", "ProviderName": "Microsoft-Windows-Security-Auditing", "Computer": "FIN-WS-042", "TimeCreated": "2026-06-17T08:28:33.584020", "Channel": "Security", "event_id": "evt-normal-236777", "ground_truth": false, "attack_stage": null, "scenario": null, "mitre": null, "attacker": null, "victim": null, "confidence": 0, "EventID": 9999, "Description": "Generic Windows Log", "EventData": {"event_id": "evt-normal-236777", "timestamp": "2026-06-17T08:28:33.584020", "company_id": "06992447-dfb8-467b-9a68-e403e3958657", "host": "FIN-WS-042", "ip_address": "10.71.2.92", "username": "kmurphy", "user_role": "Marketing_Specialist", "os_type": "Windows", "ground_truth": false, "scenario": null, "mitre": null, "attacker": null, "victim": null, "confidence": 0, "event_type": "PrintJob", "document_name": "Monthly_Review.pdf", "printer_name": "PRN-OFFICE-COLOR-01", "pages": 5}}
{"Source": "Microsoft-Windows-Security-Auditing", "ProviderName": "Microsoft-Windows-Security-Auditing", "Computer": "FIN-WS-020", "TimeCreated": "2026-06-17T08:33:33.584020", "Channel": "Security", "event_id": "evt-normal-263244", "ground_truth": false, "attack_stage": null, "scenario": null, "mitre": null, "attacker": null, "victim": null, "confidence": 0, "EventID": 9999, "Description": "Generic Windows Log", "EventData": {"event_id": "evt-normal-263244", "timestamp": "2026-06-17T08:33:33.584020", "company_id": "06992447-dfb8-467b-9a68-e403e3958657", "host": "FIN-WS-020", "ip_address": "10.71.2.70", "username": "cjones", "user_role": "Accountant", "os_type": "Windows", "ground_truth": false, "scenario": null, "mitre": null, "attacker": null, "victim": null, "confidence": 0, "event_type": "DNSQuery", "query": "stackoverflow.com", "record_type": "A", "resolved_ip": "192.168.140.87"}}
{"Source": "Microsoft-Windows-Security-Auditing", "ProviderName": "Microsoft-Windows-Security-Auditing", "Computer": "FIN-WS-013", "TimeCreated": "2026-06-17T08:36:03.584020", "Channel": "Security", "event_id": "evt-normal-284695", "ground_truth": false, "attack_stage": null, "scenario": null, "mitre": null, "attacker": null, "victim": null, "confidence": 0, "EventID": 9999, "Description": "Generic Windows Log", "EventData": {"event_id": "evt-normal-284695", "timestamp": "2026-06-17T08:36:03.584020", "company_id": "06992447-dfb8-467b-9a68-e403e3958657", "host": "FIN-WS-013", "ip_address": "10.71.2.63", "username": "nstout", "user_role": "CFO", "os_type": "Windows", "ground_truth": false, "scenario": null, "mitre": null, "attacker": null, "victim": null, "confidence": 0, "event_type": "DNSQuery", "query": "internal-wiki.local", "record_type": "A", "resolved_ip": "192.168.84.88"}}
{"Source": "Microsoft-Windows-Sysmon", "ProviderName": "Microsoft-Windows-Sysmon", "Computer": "FIN-DC-01", "TimeCreated": "2026-06-17T08:44:33.584020", "Channel": "Microsoft-Windows-Sysmon/Operational", "event_id": "evt-normal-612575", "ground_truth": false, "attack_stage": null, "scenario": null, "mitre": null, "attacker": null, "victim": null, "confidence": 0, "EventID": 1, "Description": "Process Create", "EventData": {"UtcTime": "2026-06-17T08:44:33.584020", "ProcessGuid": "{A2C21C30-D321-6B65-0000-0010DF6D2000}", "ProcessId": 4820, "Image": "C:\\Windows\\System32\\chrome.exe", "CommandLine": "C:\\Windows\\System32\\chrome.exe", "CurrentDirectory": "C:\\Windows\\system32\\", "User": "CORP\\landerson", "ParentProcessGuid": "{A2C21C30-D320-6B65-0000-0010C46D2000}", "ParentProcessId": 1024, "ParentImage": "C:\\Windows\\explorer.exe", "ParentCommandLine": "C:\\Windows\\explorer.exe"}}
{"Source": "Microsoft-Windows-Sysmon", "ProviderName": "Microsoft-Windows-Sysmon", "Computer": "FIN-WS-011", "TimeCreated": "2026-06-17T08:47:33.584020", "Channel": "Microsoft-Windows-Sysmon/Operational", "event_id": "evt-normal-324654", "ground_truth": false, "attack_stage": null, "scenario": null, "mitre": null, "attacker": null, "victim": null, "confidence": 0, "EventID": 11, "Description": "File created", "EventData": {"UtcTime": "2026-06-17T08:47:33.584020", "ProcessGuid": "{A2C21C30-D321-6B65-0000-0010DF6D2000}", "ProcessId": 4820, "Image": "C:\\Windows\\System32\\notepad.exe", "TargetFilename": "C:\\Users\\ppierce\\Documents\\report.txt", "CreationUtcTime": "2026-06-17T08:47:33.584020"}}
{"Source": "Microsoft-Windows-Security-Auditing", "ProviderName": "Microsoft-Windows-Security-Auditing", "Computer": "FIN-WS-029", "TimeCreated": "2026-06-17T09:00:33.584020", "Channel": "Security", "event_id": "evt-normal-423869", "ground_truth": false, "attack_stage": null, "scenario": null, "mitre": null, "attacker": null, "victim": null, "confidence": 0, "EventID": 9999, "Description": "Generic Windows Log", "EventData": {"event_id": "evt-normal-423869", "timestamp": "2026-06-17T09:00:33.584020", "company_id": "06992447-dfb8-467b-9a68-e403e3958657", "host": "FIN-WS-029", "ip_address": "10.71.2.79", "username": "mrobinson", "user_role": "Assistant", "os_type": "Windows", "ground_truth": false, "scenario": null, "mitre": null, "attacker": null, "victim": null, "confidence": 0, "event_type": "PrintJob", "document_name": "Monthly_Review.pdf", "printer_name": "PRN-OFFICE-COLOR-01", "pages": 9}}
{"Source": "Microsoft-Windows-Security-Auditing", "ProviderName": "Microsoft-Windows-Security-Auditing", "Computer": "FIN-WS-013", "TimeCreated": "2026-06-17T09:03:33.584020", "Channel": "Security", "event_id": "evt-normal-138543", "ground_truth": false, "attack_stage": null, "scenario": null, "mitre": null, "attacker": null, "victim": null, "confidence": 0, "EventID": 4624, "Description": "An account was successfully logged on.", "EventData": {"TargetUserName": "landerson", "TargetDomainName": "WORKGROUP", "LogonType": 2, "IpAddress": "10.225.64.92", "IpPort": "0"}}
{"Source": "Microsoft-Windows-Security-Auditing", "ProviderName": "Microsoft-Windows-Security-Auditing", "Computer": "FIN-DC-01", "TimeCreated": "2026-06-17T09:13:33.584020", "Channel": "Security", "event_id": "evt-normal-427753", "ground_truth": false, "attack_stage": null, "scenario": null, "mitre": null, "attacker": null, "victim": null, "confidence": 0, "EventID": 9999, "Description": "Generic Windows Log", "EventData": {"event_id": "evt-normal-427753", "timestamp": "2026-06-17T09:13:33.584020", "company_id": "06992447-dfb8-467b-9a68-e403e3958657", "host": "FIN-DC-01", "ip_address": "10.71.1.10", "username": "ppierce", "user_role": "Security_Analyst", "os_type": "Windows", "ground_truth": false, "scenario": null, "mitre": null, "attacker": null, "victim": null, "confidence": 0, "event_type": "PrintJob", "document_name": "Monthly_Review.pdf", "printer_name": "PRN-OFFICE-COLOR-01", "pages": 7}}
{"Source": "Microsoft-Windows-Security-Auditing", "ProviderName": "Microsoft-Windows-Security-Auditing", "Computer": "FIN-WS-020", "TimeCreated": "2026-06-17T09:14:03.584020", "Channel": "Security", "event_id": "evt-normal-660222", "ground_truth": false, "attack_stage": null, "scenario": null, "mitre": null, "attacker": null, "victim": null, "confidence": 0, "EventID": 9999, "Description": "Generic Windows Log", "EventData": {"event_id": "evt-normal-660222", "timestamp": "2026-06-17T09:14:03.584020", "company_id": "06992447-dfb8-467b-9a68-e403e3958657", "host": "FIN-WS-020", "ip_address": "10.71.2.70", "username": "mmartin", "user_role": "CFO", "os_type": "Windows", "ground_truth": false, "scenario": null, "mitre": null, "attacker": null, "victim": null, "confidence": 0, "event_type": "NetworkConnection", "destination_ip": "192.168.172.144", "destination_port": 80, "direction": "Outbound", "protocol": "TCP"}}
{"log_source": "auth.log", "Computer": "FIN-WS-045", "TimeCreated": "2026-06-17T09:18:33.584020", "event_id": "evt-normal-941607", "ground_truth": false, "attack_stage": null, "scenario": null, "mitre": null, "attacker": null, "victim": null, "confidence": 0, "message": "2026-06-17T09:18:33.584020 FIN-WS-045 sshd[4102]: Accepted publickey for ledwards from 10.71.2.95 port 52687 ssh2"}
{"log_source": "auth.log", "Computer": "FIN-WS-028", "TimeCreated": "2026-06-17T09:19:03.584020", "event_id": "evt-normal-905651", "ground_truth": false, "attack_stage": null, "scenario": null, "mitre": null, "attacker": null, "victim": null, "confidence": 0, "message": "2026-06-17T09:19:03.584020 FIN-WS-028 sshd[4102]: Accepted publickey for acarter from 10.71.2.78 port 63222 ssh2"}
{"Source": "Microsoft-Windows-Security-Auditing", "ProviderName": "Microsoft-Windows-Security-Auditing", "Computer": "FIN-WS-022", "TimeCreated": "2026-06-17T09:21:33.584020", "Channel": "Security", "event_id": "evt-normal-414785", "ground_truth": false, "attack_stage": null, "scenario": null, "mitre": null, "attacker": null, "victim": null, "confidence": 0, "EventID": 9999, "Description": "Generic Windows Log", "EventData": {"event_id": "evt-normal-414785", "timestamp": "2026-06-17T09:21:33.584020", "company_id": "06992447-dfb8-467b-9a68-e403e3958657", "host": "FIN-WS-022", "ip_address": "10.71.2.72", "username": "bmartinez", "user_role": "Helpdesk", "os_type": "Windows", "ground_truth": false, "scenario": null, "mitre": null, "attacker": null, "victim": null, "confidence": 0, "event_type": "NetworkConnection", "destination_ip": "192.168.106.124", "destination_port": 80, "direction": "Outbound", "protocol": "TCP"}}
{"Source": "Microsoft-Windows-Sysmon", "ProviderName": "Microsoft-Windows-Sysmon", "Computer": "FIN-WS-001", "TimeCreated": "2026-06-17T09:28:03.584020", "Channel": "Microsoft-Windows-Sysmon/Operational", "event_id": "evt-normal-465617", "ground_truth": false, "attack_stage": null, "scenario": null, "mitre": null, "attacker": null, "victim": null, "confidence": 0, "EventID": 11, "Description": "File created", "EventData": {"UtcTime": "2026-06-17T09:28:03.584020", "ProcessGuid": "{A2C21C30-D321-6B65-0000-0010DF6D2000}", "ProcessId": 4820, "Image": "C:\\Windows\\System32\\notepad.exe", "TargetFilename": "C:\\Users\\dmosley\\Documents\\report.txt", "CreationUtcTime": "2026-06-17T09:28:03.584020"}}
{"Source": "Microsoft-Windows-Security-Auditing", "ProviderName": "Microsoft-Windows-Security-Auditing", "Computer": "FIN-WS-037", "TimeCreated": "2026-06-17T09:29:33.584020", "Channel": "Security", "event_id": "evt-normal-478860", "ground_truth": false, "attack_stage": null, "scenario": null, "mitre": null, "attacker": null, "victim": null, "confidence": 0, "EventID": 9999, "Description": "Generic Windows Log", "EventData": {"event_id": "evt-normal-478860", "timestamp": "2026-06-17T09:29:33.584020", "company_id": "06992447-dfb8-467b-9a68-e403e3958657", "host": "FIN-WS-037", "ip_address": "10.71.2.87", "username": "agraves", "user_role": "Helpdesk", "os_type": "Windows", "ground_truth": false, "scenario": null, "mitre": null, "attacker": null, "victim": null, "confidence": 0, "event_type": "NetworkConnection", "destination_ip": "192.168.24.199", "destination_port": 443, "direction": "Outbound", "protocol": "TCP"}}
{"Source": "Microsoft-Windows-Security-Auditing", "ProviderName": "Microsoft-Windows-Security-Auditing", "Computer": "FIN-WS-034", "TimeCreated": "2026-06-17T09:33:33.584020", "Channel": "Security", "event_id": "evt-normal-265476", "ground_truth": false, "attack_stage": null, "scenario": null, "mitre": null, "attacker": null, "victim": null, "confidence": 0, "EventID": 9999, "Description": "Generic Windows Log", "EventData": {"event_id": "evt-normal-265476", "timestamp": "2026-06-17T09:33:33.584020", "company_id": "06992447-dfb8-467b-9a68-e403e3958657", "host": "FIN-WS-034", "ip_address": "10.71.2.84", "username": "ledwards", "user_role": "HR_Specialist", "os_type": "Windows", "ground_truth": false, "scenario": null, "mitre": null, "attacker": null, "victim": null, "confidence": 0, "event_type": "USBInsert", "device_id": "USBSTOR\\DISK&VEN_SANDISK&PROD_CRUZER\\6cb5cd73-a4c1-4679-a805-04f121ca2935", "drive_letter": "E:"}}
{"Source": "Microsoft-Windows-Security-Auditing", "ProviderName": "Microsoft-Windows-Security-Auditing", "Computer": "FIN-WS-003", "TimeCreated": "2026-06-17T09:36:03.584020", "Channel": "Security", "event_id": "evt-normal-140452", "ground_truth": false, "attack_stage": null, "scenario": null, "mitre": null, "attacker": null, "victim": null, "confidence": 0, "EventID": 4624, "Description": "An account was successfully logged on.", "EventData": {"TargetUserName": "kwhite", "TargetDomainName": "WORKGROUP", "LogonType": 2, "IpAddress": "10.71.2.53", "IpPort": "0"}}
{"Source": "Microsoft-Windows-Security-Auditing", "ProviderName": "Microsoft-Windows-Security-Auditing", "Computer": "FIN-WS-005", "TimeCreated": "2026-06-17T09:37:03.584020", "Channel": "Security", "event_id": "evt-normal-759688", "ground_truth": false, "attack_stage": null, "scenario": null, "mitre": null, "attacker": null, "victim": null, "confidence": 0, "EventID": 9999, "Description": "Generic Windows Log", "EventData": {"event_id": "evt-normal-759688", "timestamp": "2026-06-17T09:37:03.584020", "company_id": "06992447-dfb8-467b-9a68-e403e3958657", "host": "FIN-WS-005", "ip_address": "10.71.2.55", "username": "dmosley", "user_role": "Security_Analyst", "os_type": "Windows", "ground_truth": false, "scenario": null, "mitre": null, "attacker": null, "victim": null, "confidence": 0, "event_type": "USBInsert", "device_id": "USBSTOR\\DISK&VEN_SANDISK&PROD_CRUZER\\951398eb-066d-4e81-bf5c-e509b31d2a20", "drive_letter": "G:"}}
{"Source": "Microsoft-Windows-Security-Auditing", "ProviderName": "Microsoft-Windows-Security-Auditing", "Computer": "FIN-WS-047", "TimeCreated": "2026-06-17T09:37:33.584020", "Channel": "Security", "event_id": "evt-normal-953286", "ground_truth": false, "attack_stage": null, "scenario": null, "mitre": null, "attacker": null, "victim": null, "confidence": 0, "EventID": 9999, "Description": "Generic Windows Log", "EventData": {"event_id": "evt-normal-953286", "timestamp": "2026-06-17T09:37:33.584020", "company_id": "06992447-dfb8-467b-9a68-e403e3958657", "host": "FIN-WS-047", "ip_address": "10.71.2.97", "username": "mmeyer", "user_role": "Incident_Responder", "os_type": "Windows", "ground_truth": false, "scenario": null, "mitre": null, "attacker": null, "victim": null, "confidence": 0, "event_type": "NetworkConnection", "destination_ip": "192.168.112.149", "destination_port": 80, "direction": "Outbound", "protocol": "TCP"}}
{"Source": "Microsoft-Windows-Security-Auditing", "ProviderName": "Microsoft-Windows-Security-Auditing", "Computer": "FIN-WS-012", "TimeCreated": "2026-06-17T09:50:03.584020", "Channel": "Security", "event_id": "evt-normal-603966", "ground_truth": false, "attack_stage": null, "scenario": null, "mitre": null, "attacker": null, "victim": null, "confidence": 0, "EventID": 9999, "Description": "Generic Windows Log", "EventData": {"event_id": "evt-normal-603966", "timestamp": "2026-06-17T09:50:03.584020", "company_id": "06992447-dfb8-467b-9a68-e403e3958657", "host": "FIN-WS-012", "ip_address": "10.71.2.62", "username": "jsmith", "user_role": "Assistant", "os_type": "Windows", "ground_truth": false, "scenario": null, "mitre": null, "attacker": null, "victim": null, "confidence": 0, "event_type": "PrintJob", "document_name": "Monthly_Review.pdf", "printer_name": "PRN-OFFICE-COLOR-01", "pages": 5}}
{"log_source": "auth.log", "Computer": "FIN-WS-043", "TimeCreated": "2026-06-17T09:52:33.584020", "event_id": "evt-normal-190637", "ground_truth": false, "attack_stage": null, "scenario": null, "mitre": null, "attacker": null, "victim": null, "confidence": 0, "message": "2026-06-17T09:52:33.584020 FIN-WS-043 sshd[4102]: Accepted publickey for amendoza from 10.71.2.93 port 58316 ssh2"}
{"Source": "Microsoft-Windows-Security-Auditing", "ProviderName": "Microsoft-Windows-Security-Auditing", "Computer": "FIN-WS-047", "TimeCreated": "2026-06-17T09:57:33.584020", "Channel": "Security", "event_id": "evt-normal-512552", "ground_truth": false, "attack_stage": null, "scenario": null, "mitre": null, "attacker": null, "victim": null, "confidence": 0, "EventID": 9999, "Description": "Generic Windows Log", "EventData": {"event_id": "evt-normal-512552", "timestamp": "2026-06-17T09:57:33.584020", "company_id": "06992447-dfb8-467b-9a68-e403e3958657", "host": "FIN-WS-047", "ip_address": "10.71.2.97", "username": "erowe", "user_role": "HR_Specialist", "os_type": "Windows", "ground_truth": false, "scenario": null, "mitre": null, "attacker": null, "victim": null, "confidence": 0, "event_type": "USBInsert", "device_id": "USBSTOR\\DISK&VEN_SANDISK&PROD_CRUZER\\408bc65d-5936-4762-9a4e-0a561b235126", "drive_letter": "F:"}}
{"Source": "Microsoft-Windows-Security-Auditing", "ProviderName": "Microsoft-Windows-Security-Auditing", "Computer": "FIN-WS-029", "TimeCreated": "2026-06-17T10:00:03.584020", "Channel": "Security", "event_id": "evt-normal-752545", "ground_truth": false, "attack_stage": null, "scenario": null, "mitre": null, "attacker": null, "victim": null, "confidence": 0, "EventID": 9999, "Description": "Generic Windows Log", "EventData": {"event_id": "evt-normal-752545", "timestamp": "2026-06-17T10:00:03.584020", "company_id": "06992447-dfb8-467b-9a68-e403e3958657", "host": "FIN-WS-029", "ip_address": "10.71.2.79", "username": "newing", "user_role": "Accountant", "os_type": "Windows", "ground_truth": false, "scenario": null, "mitre": null, "attacker": null, "victim": null, "confidence": 0, "event_type": "PrintJob", "document_name": "Monthly_Review.pdf", "printer_name": "PRN-OFFICE-COLOR-01", "pages": 2}}
{"Source": "Microsoft-Windows-Sysmon", "ProviderName": "Microsoft-Windows-Sysmon", "Computer": "FIN-WS-020", "TimeCreated": "2026-06-17T10:16:03.584020", "Channel": "Microsoft-Windows-Sysmon/Operational", "event_id": "evt-normal-649139", "ground_truth": false, "attack_stage": null, "scenario": null, "mitre": null, "attacker": null, "victim": null, "confidence": 0, "EventID": 11, "Description": "File created", "EventData": {"UtcTime": "2026-06-17T10:16:03.584020", "ProcessGuid": "{A2C21C30-D321-6B65-0000-0010DF6D2000}", "ProcessId": 4820, "Image": "C:\\Windows\\System32\\notepad.exe", "TargetFilename": "C:\\Users\\jsmith\\Documents\\report.txt", "CreationUtcTime": "2026-06-17T10:16:03.584020"}}
{"Source": "Microsoft-Windows-Sysmon", "ProviderName": "Microsoft-Windows-Sysmon", "Computer": "FIN-WS-051", "TimeCreated": "2026-06-17T10:31:03.584020", "Channel": "Microsoft-Windows-Sysmon/Operational", "event_id": "evt-normal-973223", "ground_truth": false, "attack_stage": null, "scenario": null, "mitre": null, "attacker": null, "victim": null, "confidence": 0, "EventID": 11, "Description": "File created", "EventData": {"UtcTime": "2026-06-17T10:31:03.584020", "ProcessGuid": "{A2C21C30-D321-6B65-0000-0010DF6D2000}", "ProcessId": 4820, "Image": "C:\\Windows\\System32\\notepad.exe", "TargetFilename": "C:\\Users\\rtaylor\\Documents\\report.txt", "CreationUtcTime": "2026-06-17T10:31:03.584020"}}
{"log_source": "syslog", "Computer": "FIN-WS-041", "TimeCreated": "2026-06-17T10:38:03.584020", "event_id": "evt-normal-961910", "ground_truth": false, "attack_stage": null, "scenario": null, "mitre": null, "attacker": null, "victim": null, "confidence": 0, "message": "2026-06-17T10:38:03.584020 FIN-WS-041 systemd[1]: Started SOCForge Simulated Activity."}
{"Source": "Microsoft-Windows-Security-Auditing", "ProviderName": "Microsoft-Windows-Security-Auditing", "Computer": "FIN-WS-009", "TimeCreated": "2026-06-17T10:39:03.584020", "Channel": "Security", "event_id": "evt-normal-944721", "ground_truth": false, "attack_stage": null, "scenario": null, "mitre": null, "attacker": null, "victim": null, "confidence": 0, "EventID": 9999, "Description": "Generic Windows Log", "EventData": {"event_id": "evt-normal-944721", "timestamp": "2026-06-17T10:39:03.584020", "company_id": "06992447-dfb8-467b-9a68-e403e3958657", "host": "FIN-WS-009", "ip_address": "10.71.2.59", "username": "ogonzalez", "user_role": "SysAdmin", "os_type": "Windows", "ground_truth": false, "scenario": null, "mitre": null, "attacker": null, "victim": null, "confidence": 0, "event_type": "DNSQuery", "query": "stackoverflow.com", "record_type": "A", "resolved_ip": "192.168.71.78"}}
{"Source": "Microsoft-Windows-Security-Auditing", "ProviderName": "Microsoft-Windows-Security-Auditing", "Computer": "FIN-WS-004", "TimeCreated": "2026-06-17T10:54:33.584020", "Channel": "Security", "event_id": "evt-normal-404740", "ground_truth": false, "attack_stage": null, "scenario": null, "mitre": null, "attacker": null, "victim": null, "confidence": 0, "EventID": 4624, "Description": "An account was successfully logged on.", "EventData": {"TargetUserName": "nstout", "TargetDomainName": "WORKGROUP", "LogonType": 2, "IpAddress": "10.71.2.54", "IpPort": "0"}}
