{"log_source": "auth.log", "Computer": "FIN-WS-036", "TimeCreated": "2026-06-18T16:55:33.584020", "event_id": "evt-normal-767140", "ground_truth": false, "attack_stage": null, "scenario": null, "mitre": null, "attacker": null, "victim": null, "confidence": 0, "message": "2026-06-18T16:55:33.584020 FIN-WS-036 sshd[4102]: Accepted publickey for gjensen from 10.71.2.86 port 55447 ssh2"}
{"Source": "Microsoft-Windows-Security-Auditing", "ProviderName": "Microsoft-Windows-Security-Auditing", "Computer": "FIN-WS-005", "TimeCreated": "2026-06-18T17:05:03.584020", "Channel": "Security", "event_id": "evt-normal-416977", "ground_truth": false, "attack_stage": null, "scenario": null, "mitre": null, "attacker": null, "victim": null, "confidence": 0, "EventID": 9999, "Description": "Generic Windows Log", "EventData": {"event_id": "evt-normal-416977", "timestamp": "2026-06-18T17:05:03.584020", "company_id": "06992447-dfb8-467b-9a68-e403e3958657", "host": "FIN-WS-005", "ip_address": "10.71.2.55", "username": "clara", "user_role": "Sales_Rep", "os_type": "Windows", "ground_truth": false, "scenario": null, "mitre": null, "attacker": null, "victim": null, "confidence": 0, "event_type": "PrintJob", "document_name": "Monthly_Review.pdf", "printer_name": "PRN-OFFICE-COLOR-01", "pages": 2}}
{"Source": "Microsoft-Windows-Security-Auditing", "ProviderName": "Microsoft-Windows-Security-Auditing", "Computer": "FIN-WS-039", "TimeCreated": "2026-06-18T17:05:33.584020", "Channel": "Security", "event_id": "evt-normal-634764", "ground_truth": false, "attack_stage": null, "scenario": null, "mitre": null, "attacker": null, "victim": null, "confidence": 0, "EventID": 9999, "Description": "Generic Windows Log", "EventData": {"event_id": "evt-normal-634764", "timestamp": "2026-06-18T17:05:33.584020", "company_id": "06992447-dfb8-467b-9a68-e403e3958657", "host": "FIN-WS-039", "ip_address": "10.71.2.89", "username": "kwhite", "user_role": "HR_Manager", "os_type": "Windows", "ground_truth": false, "scenario": null, "mitre": null, "attacker": null, "victim": null, "confidence": 0, "event_type": "DNSQuery", "query": "workday.com", "record_type": "A", "resolved_ip": "192.168.136.179"}}
{"Source": "Microsoft-Windows-Security-Auditing", "ProviderName": "Microsoft-Windows-Security-Auditing", "Computer": "FIN-WS-022", "TimeCreated": "2026-06-18T17:12:03.584020", "Channel": "Security", "event_id": "evt-normal-357024", "ground_truth": false, "attack_stage": null, "scenario": null, "mitre": null, "attacker": null, "victim": null, "confidence": 0, "EventID": 9999, "Description": "Generic Windows Log", "EventData": {"event_id": "evt-normal-357024", "timestamp": "2026-06-18T17:12:03.584020", "company_id": "06992447-dfb8-467b-9a68-e403e3958657", "host": "FIN-WS-022", "ip_address": "10.71.2.72", "username": "amendoza", "user_role": "Incident_Responder", "os_type": "Windows", "ground_truth": false, "scenario": null, "mitre": null, "attacker": null, "victim": null, "confidence": 0, "event_type": "USBInsert", "device_id": "USBSTOR\\DISK&VEN_SANDISK&PROD_CRUZER\\13f2bd46-2282-48f3-9d3d-252ae4a0b3b5", "drive_letter": "G:"}}
{"Source": "Microsoft-Windows-Security-Auditing", "ProviderName": "Microsoft-Windows-Security-Auditing", "Computer": "FIN-WS-008", "TimeCreated": "2026-06-18T17:34:33.584020", "Channel": "Security", "event_id": "evt-normal-766697", "ground_truth": false, "attack_stage": null, "scenario": null, "mitre": null, "attacker": null, "victim": null, "confidence": 0, "EventID": 4624, "Description": "An account was successfully logged on.", "EventData": {"TargetUserName": "eosborn", "TargetDomainName": "WORKGROUP", "LogonType": 2, "IpAddress": "10.71.2.58", "IpPort": "0"}}
{"Source": "Microsoft-Windows-Security-Auditing", "ProviderName": "Microsoft-Windows-Security-Auditing", "Computer": "FIN-WS-005", "TimeCreated": "2026-06-18T17:36:33.584020", "Channel": "Security", "event_id": "evt-normal-302881", "ground_truth": false, "attack_stage": null, "scenario": null, "mitre": null, "attacker": null, "victim": null, "confidence": 0, "EventID": 4624, "Description": "An account was successfully logged on.", "EventData": {"TargetUserName": "clara", "TargetDomainName": "WORKGROUP", "LogonType": 2, "IpAddress": "10.71.2.55", "IpPort": "0"}}
{"Source": "Microsoft-Windows-Security-Auditing", "ProviderName": "Microsoft-Windows-Security-Auditing", "Computer": "FIN-DC-01", "TimeCreated": "2026-06-18T17:44:03.584020", "Channel": "Security", "event_id": "evt-normal-556818", "ground_truth": false, "attack_stage": null, "scenario": null, "mitre": null, "attacker": null, "victim": null, "confidence": 0, "EventID": 9999, "Description": "Generic Windows Log", "EventData": {"event_id": "evt-normal-556818", "timestamp": "2026-06-18T17:44:03.584020", "company_id": "06992447-dfb8-467b-9a68-e403e3958657", "host": "FIN-DC-01", "ip_address": "10.71.1.10", "username": "spage", "user_role": "Finance_Analyst", "os_type": "Windows", "ground_truth": false, "scenario": null, "mitre": null, "attacker": null, "victim": null, "confidence": 0, "event_type": "USBInsert", "device_id": "USBSTOR\\DISK&VEN_SANDISK&PROD_CRUZER\\e8ec1af5-51f9-4e80-81d3-f3f68f7f90d7", "drive_letter": "F:"}}
{"Source": "Microsoft-Windows-Security-Auditing", "ProviderName": "Microsoft-Windows-Security-Auditing", "Computer": "FIN-WS-012", "TimeCreated": "2026-06-18T17:46:33.584020", "Channel": "Security", "event_id": "evt-normal-413736", "ground_truth": false, "attack_stage": null, "scenario": null, "mitre": null, "attacker": null, "victim": null, "confidence": 0, "EventID": 4624, "Description": "An account was successfully logged on.", "EventData": {"TargetUserName": "kmurphy", "TargetDomainName": "WORKGROUP", "LogonType": 2, "IpAddress": "10.71.2.62", "IpPort": "0"}}
{"Source": "Microsoft-Windows-Sysmon", "ProviderName": "Microsoft-Windows-Sysmon", "Computer": "FIN-WS-009", "TimeCreated": "2026-06-18T17:47:03.584020", "Channel": "Microsoft-Windows-Sysmon/Operational", "event_id": "evt-normal-455011", "ground_truth": false, "attack_stage": null, "scenario": null, "mitre": null, "attacker": null, "victim": null, "confidence": 0, "EventID": 1, "Description": "Process Create", "EventData": {"UtcTime": "2026-06-18T17:47:03.584020", "ProcessGuid": "{A2C21C30-D321-6B65-0000-0010DF6D2000}", "ProcessId": 4820, "Image": "C:\\Windows\\System32\\chrome.exe", "CommandLine": "C:\\Windows\\System32\\chrome.exe", "CurrentDirectory": "C:\\Windows\\system32\\", "User": "CORP\\gfisher", "ParentProcessGuid": "{A2C21C30-D320-6B65-0000-0010C46D2000}", "ParentProcessId": 1024, "ParentImage": "C:\\Windows\\explorer.exe", "ParentCommandLine": "C:\\Windows\\explorer.exe"}}
{"Source": "Microsoft-Windows-Security-Auditing", "ProviderName": "Microsoft-Windows-Security-Auditing", "Computer": "FIN-WS-032", "TimeCreated": "2026-06-18T21:13:33.584020", "Channel": "Security", "event_id": "evt-normal-798860", "ground_truth": false, "attack_stage": null, "scenario": null, "mitre": null, "attacker": null, "victim": null, "confidence": 0, "EventID": 9999, "Description": "Generic Windows Log", "EventData": {"event_id": "evt-normal-798860", "timestamp": "2026-06-18T21:13:33.584020", "company_id": "06992447-dfb8-467b-9a68-e403e3958657", "host": "FIN-WS-032", "ip_address": "10.71.2.82", "username": "tsullivan", "user_role": "Security_Analyst", "os_type": "Windows", "ground_truth": false, "scenario": null, "mitre": null, "attacker": null, "victim": null, "confidence": 0, "event_type": "DNSQuery", "query": "stackoverflow.com", "record_type": "A", "resolved_ip": "192.168.157.156"}}
{"Source": "Microsoft-Windows-Security-Auditing", "ProviderName": "Microsoft-Windows-Security-Auditing", "Computer": "FIN-WS-004", "TimeCreated": "2026-06-18T21:52:03.584020", "Channel": "Security", "event_id": "evt-normal-483703", "ground_truth": false, "attack_stage": null, "scenario": null, "mitre": null, "attacker": null, "victim": null, "confidence": 0, "EventID": 9999, "Description": "Generic Windows Log", "EventData": {"event_id": "evt-normal-483703", "timestamp": "2026-06-18T21:52:03.584020", "company_id": "06992447-dfb8-467b-9a68-e403e3958657", "host": "FIN-WS-004", "ip_address": "10.71.2.54", "username": "eosborn", "user_role": "Sales_Rep", "os_type": "Windows", "ground_truth": false, "scenario": null, "mitre": null, "attacker": null, "victim": null, "confidence": 0, "event_type": "NetworkConnection", "destination_ip": "192.168.105.233", "destination_port": 80, "direction": "Outbound", "protocol": "TCP"}}
{"Source": "Microsoft-Windows-Security-Auditing", "ProviderName": "Microsoft-Windows-Security-Auditing", "Computer": "FIN-WS-032", "TimeCreated": "2026-06-18T22:22:03.584020", "Channel": "Security", "event_id": "evt-normal-875233", "ground_truth": false, "attack_stage": null, "scenario": null, "mitre": null, "attacker": null, "victim": null, "confidence": 0, "EventID": 9999, "Description": "Generic Windows Log", "EventData": {"event_id": "evt-normal-875233", "timestamp": "2026-06-18T22:22:03.584020", "company_id": "06992447-dfb8-467b-9a68-e403e3958657", "host": "FIN-WS-032", "ip_address": "10.71.2.82", "username": "aharris", "user_role": "HR_Manager", "os_type": "Windows", "ground_truth": false, "scenario": null, "mitre": null, "attacker": null, "victim": null, "confidence": 0, "event_type": "USBInsert", "device_id": "USBSTOR\\DISK&VEN_SANDISK&PROD_CRUZER\\a4e2328b-3a11-4879-a186-dae3d6849721", "drive_letter": "E:"}}
{"Source": "Microsoft-Windows-Security-Auditing", "ProviderName": "Microsoft-Windows-Security-Auditing", "Computer": "FIN-WS-022", "TimeCreated": "2026-06-19T00:04:03.584020", "Channel": "Security", "event_id": "evt-normal-706354", "ground_truth": false, "attack_stage": null, "scenario": null, "mitre": null, "attacker": null, "victim": null, "confidence": 0, "EventID": 9999, "Description": "Generic Windows Log", "EventData": {"event_id": "evt-normal-706354", "timestamp": "2026-06-19T00:04:03.584020", "company_id": "06992447-dfb8-467b-9a68-e403e3958657", "host": "FIN-WS-022", "ip_address": "10.71.2.72", "username": "klee", "user_role": "Finance_Analyst", "os_type": "Windows", "ground_truth": false, "scenario": null, "mitre": null, "attacker": null, "victim": null, "confidence": 0, "event_type": "NetworkConnection", "destination_ip": "192.168.205.142", "destination_port": 80, "direction": "Outbound", "protocol": "TCP"}}
{"Source": "Microsoft-Windows-Security-Auditing", "ProviderName": "Microsoft-Windows-Security-Auditing", "Computer": "FIN-WS-012", "TimeCreated": "2026-06-19T00:43:03.584020", "Channel": "Security", "event_id": "evt-normal-939277", "ground_truth": false, "attack_stage": null, "scenario": null, "mitre": null, "attacker": null, "victim": null, "confidence": 0, "EventID": 4624, "Description": "An account was successfully logged on.", "EventData": {"TargetUserName": "kfisher", "TargetDomainName": "WORKGROUP", "LogonType": 2, "IpAddress": "10.71.2.62", "IpPort": "0"}}
{"Source": "Microsoft-Windows-Sysmon", "ProviderName": "Microsoft-Windows-Sysmon", "Computer": "FIN-WS-039", "TimeCreated": "2026-06-19T00:48:33.584020", "Channel": "Microsoft-Windows-Sysmon/Operational", "event_id": "evt-normal-965453", "ground_truth": false, "attack_stage": null, "scenario": null, "mitre": null, "attacker": null, "victim": null, "confidence": 0, "EventID": 1, "Description": "Process Create", "EventData": {"UtcTime": "2026-06-19T00:48:33.584020", "ProcessGuid": "{A2C21C30-D321-6B65-0000-0010DF6D2000}", "ProcessId": 4820, "Image": "C:\\Windows\\System32\\excel.exe", "CommandLine": "C:\\Windows\\System32\\excel.exe", "CurrentDirectory": "C:\\Windows\\system32\\", "User": "CORP\\kmurphy", "ParentProcessGuid": "{A2C21C30-D320-6B65-0000-0010C46D2000}", "ParentProcessId": 1024, "ParentImage": "C:\\Windows\\explorer.exe", "ParentCommandLine": "C:\\Windows\\explorer.exe"}}
{"Source": "Microsoft-Windows-Sysmon", "ProviderName": "Microsoft-Windows-Sysmon", "Computer": "FIN-WS-044", "TimeCreated": "2026-06-19T01:55:33.584020", "Channel": "Microsoft-Windows-Sysmon/Operational", "event_id": "evt-normal-445558", "ground_truth": false, "attack_stage": null, "scenario": null, "mitre": null, "attacker": null, "victim": null, "confidence": 0, "EventID": 11, "Description": "File created", "EventData": {"UtcTime": "2026-06-19T01:55:33.584020", "ProcessGuid": "{A2C21C30-D321-6B65-0000-0010DF6D2000}", "ProcessId": 4820, "Image": "C:\\Windows\\System32\\notepad.exe", "TargetFilename": "C:\\Users\\jluna\\Documents\\report.txt", "CreationUtcTime": "2026-06-19T01:55:33.584020"}}
{"log_source": "syslog", "Computer": "FIN-WS-028", "TimeCreated": "2026-06-19T06:25:03.584020", "event_id": "evt-normal-714885", "ground_truth": false, "attack_stage": null, "scenario": null, "mitre": null, "attacker": null, "victim": null, "confidence": 0, "message": "2026-06-19T06:25:03.584020 FIN-WS-028 systemd[1]: Started SOCForge Simulated Activity."}
{"Source": "Microsoft-Windows-Security-Auditing", "ProviderName": "Microsoft-Windows-Security-Auditing", "Computer": "FIN-WS-042", "TimeCreated": "2026-06-19T08:05:03.584020", "Channel": "Security", "event_id": "evt-normal-746394", "ground_truth": false, "attack_stage": null, "scenario": null, "mitre": null, "attacker": null, "victim": null, "confidence": 0, "EventID": 9999, "Description": "Generic Windows Log", "EventData": {"event_id": "evt-normal-746394", "timestamp": "2026-06-19T08:05:03.584020", "company_id": "06992447-dfb8-467b-9a68-e403e3958657", "host": "FIN-WS-042", "ip_address": "10.71.2.92", "username": "cjones", "user_role": "Accountant", "os_type": "Windows", "ground_truth": false, "scenario": null, "mitre": null, "attacker": null, "victim": null, "confidence": 0, "event_type": "DNSQuery", "query": "google.com", "record_type": "A", "resolved_ip": "192.168.38.185"}}
{"log_source": "syslog", "Computer": "FIN-WS-016", "TimeCreated": "2026-06-19T08:06:33.584020", "event_id": "evt-normal-459999", "ground_truth": false, "attack_stage": null, "scenario": null, "mitre": null, "attacker": null, "victim": null, "confidence": 0, "message": "2026-06-19T08:06:33.584020 FIN-WS-016 systemd[1]: Started SOCForge Simulated Activity."}
{"Source": "Microsoft-Windows-Sysmon", "ProviderName": "Microsoft-Windows-Sysmon", "Computer": "FIN-WS-029", "TimeCreated": "2026-06-19T08:07:03.584020", "Channel": "Microsoft-Windows-Sysmon/Operational", "event_id": "evt-normal-375869", "ground_truth": false, "attack_stage": null, "scenario": null, "mitre": null, "attacker": null, "victim": null, "confidence": 0, "EventID": 1, "Description": "Process Create", "EventData": {"UtcTime": "2026-06-19T08:07:03.584020", "ProcessGuid": "{A2C21C30-D321-6B65-0000-0010DF6D2000}", "ProcessId": 4820, "Image": "C:\\Windows\\System32\\excel.exe", "CommandLine": "C:\\Windows\\System32\\excel.exe", "CurrentDirectory": "C:\\Windows\\system32\\", "User": "CORP\\eosborn", "ParentProcessGuid": "{A2C21C30-D320-6B65-0000-0010C46D2000}", "ParentProcessId": 1024, "ParentImage": "C:\\Windows\\explorer.exe", "ParentCommandLine": "C:\\Windows\\explorer.exe"}}
{"Source": "Microsoft-Windows-Security-Auditing", "ProviderName": "Microsoft-Windows-Security-Auditing", "Computer": "FIN-WS-039", "TimeCreated": "2026-06-19T08:08:03.584020", "Channel": "Security", "event_id": "evt-normal-346689", "ground_truth": false, "attack_stage": null, "scenario": null, "mitre": null, "attacker": null, "victim": null, "confidence": 0, "EventID": 9999, "Description": "Generic Windows Log", "EventData": {"event_id": "evt-normal-346689", "timestamp": "2026-06-19T08:08:03.584020", "company_id": "06992447-dfb8-467b-9a68-e403e3958657", "host": "FIN-WS-039", "ip_address": "10.71.2.89", "username": "jsmith", "user_role": "Assistant", "os_type": "Windows", "ground_truth": false, "scenario": null, "mitre": null, "attacker": null, "victim": null, "confidence": 0, "event_type": "USBInsert", "device_id": "USBSTOR\\DISK&VEN_SANDISK&PROD_CRUZER\\475a57b8-e187-4ae6-96a6-64cbfaee22f4", "drive_letter": "E:"}}
{"Source": "Microsoft-Windows-Sysmon", "ProviderName": "Microsoft-Windows-Sysmon", "Computer": "FIN-WS-017", "TimeCreated": "2026-06-19T08:10:03.584020", "Channel": "Microsoft-Windows-Sysmon/Operational", "event_id": "evt-normal-656587", "ground_truth": false, "attack_stage": null, "scenario": null, "mitre": null, "attacker": null, "victim": null, "confidence": 0, "EventID": 11, "Description": "File created", "EventData": {"UtcTime": "2026-06-19T08:10:03.584020", "ProcessGuid": "{A2C21C30-D321-6B65-0000-0010DF6D2000}", "ProcessId": 4820, "Image": "C:\\Windows\\System32\\notepad.exe", "TargetFilename": "C:\\Users\\rschmidt\\Documents\\report.txt", "CreationUtcTime": "2026-06-19T08:10:03.584020"}}
{"Source": "Microsoft-Windows-Sysmon", "ProviderName": "Microsoft-Windows-Sysmon", "Computer": "FIN-WS-017", "TimeCreated": "2026-06-19T08:14:33.584020", "Channel": "Microsoft-Windows-Sysmon/Operational", "event_id": "evt-normal-963154", "ground_truth": false, "attack_stage": null, "scenario": null, "mitre": null, "attacker": null, "victim": null, "confidence": 0, "EventID": 11, "Description": "File created", "EventData": {"UtcTime": "2026-06-19T08:14:33.584020", "ProcessGuid": "{A2C21C30-D321-6B65-0000-0010DF6D2000}", "ProcessId": 4820, "Image": "C:\\Windows\\System32\\notepad.exe", "TargetFilename": "C:\\Users\\amendoza\\Documents\\report.txt", "CreationUtcTime": "2026-06-19T08:14:33.584020"}}
{"Source": "Microsoft-Windows-Security-Auditing", "ProviderName": "Microsoft-Windows-Security-Auditing", "Computer": "FIN-WS-021", "TimeCreated": "2026-06-19T08:22:03.584020", "Channel": "Security", "event_id": "evt-normal-710486", "ground_truth": false, "attack_stage": null, "scenario": null, "mitre": null, "attacker": null, "victim": null, "confidence": 0, "EventID": 9999, "Description": "Generic Windows Log", "EventData": {"event_id": "evt-normal-710486", "timestamp": "2026-06-19T08:22:03.584020", "company_id": "06992447-dfb8-467b-9a68-e403e3958657", "host": "FIN-WS-021", "ip_address": "10.71.2.71", "username": "dsilva", "user_role": "HR_Specialist", "os_type": "Windows", "ground_truth": false, "scenario": null, "mitre": null, "attacker": null, "victim": null, "confidence": 0, "event_type": "NetworkConnection", "destination_ip": "192.168.141.228", "destination_port": 443, "direction": "Outbound", "protocol": "TCP"}}
{"Source": "Microsoft-Windows-Security-Auditing", "ProviderName": "Microsoft-Windows-Security-Auditing", "Computer": "FIN-WS-044", "TimeCreated": "2026-06-19T08:23:33.584020", "Channel": "Security", "event_id": "evt-normal-623887", "ground_truth": false, "attack_stage": null, "scenario": null, "mitre": null, "attacker": null, "victim": null, "confidence": 0, "EventID": 4624, "Description": "An account was successfully logged on.", "EventData": {"TargetUserName": "mthompson", "TargetDomainName": "WORKGROUP", "LogonType": 2, "IpAddress": "10.71.2.94", "IpPort": "0"}}
{"Source": "Microsoft-Windows-Security-Auditing", "ProviderName": "Microsoft-Windows-Security-Auditing", "Computer": "FIN-WS-050", "TimeCreated": "2026-06-19T08:24:03.584020", "Channel": "Security", "event_id": "evt-normal-892009", "ground_truth": false, "attack_stage": null, "scenario": null, "mitre": null, "attacker": null, "victim": null, "confidence": 0, "EventID": 9999, "Description": "Generic Windows Log", "EventData": {"event_id": "evt-normal-892009", "timestamp": "2026-06-19T08:24:03.584020", "company_id": "06992447-dfb8-467b-9a68-e403e3958657", "host": "FIN-WS-050", "ip_address": "10.71.2.100", "username": "afreeman", "user_role": "Security_Analyst", "os_type": "Windows", "ground_truth": false, "scenario": null, "mitre": null, "attacker": null, "victim": null, "confidence": 0, "event_type": "PrintJob", "document_name": "Monthly_Review.pdf", "printer_name": "PRN-OFFICE-COLOR-01", "pages": 10}}
{"Source": "Microsoft-Windows-Security-Auditing", "ProviderName": "Microsoft-Windows-Security-Auditing", "Computer": "FIN-WS-022", "TimeCreated": "2026-06-19T08:24:33.584020", "Channel": "Security", "event_id": "evt-normal-942395", "ground_truth": false, "attack_stage": null, "scenario": null, "mitre": null, "attacker": null, "victim": null, "confidence": 0, "EventID": 9999, "Description": "Generic Windows Log", "EventData": {"event_id": "evt-normal-942395", "timestamp": "2026-06-19T08:24:33.584020", "company_id": "06992447-dfb8-467b-9a68-e403e3958657", "host": "FIN-WS-022", "ip_address": "10.71.2.72", "username": "kmurphy", "user_role": "Marketing_Specialist", "os_type": "Windows", "ground_truth": false, "scenario": null, "mitre": null, "attacker": null, "victim": null, "confidence": 0, "event_type": "PrintJob", "document_name": "Monthly_Review.pdf", "printer_name": "PRN-OFFICE-COLOR-01", "pages": 6}}
{"Source": "Microsoft-Windows-Security-Auditing", "ProviderName": "Microsoft-Windows-Security-Auditing", "Computer": "FIN-WS-011", "TimeCreated": "2026-06-19T08:29:33.584020", "Channel": "Security", "event_id": "evt-normal-878226", "ground_truth": false, "attack_stage": null, "scenario": null, "mitre": null, "attacker": null, "victim": null, "confidence": 0, "EventID": 9999, "Description": "Generic Windows Log", "EventData": {"event_id": "evt-normal-878226", "timestamp": "2026-06-19T08:29:33.584020", "company_id": "06992447-dfb8-467b-9a68-e403e3958657", "host": "FIN-WS-011", "ip_address": "10.71.2.61", "username": "landerson", "user_role": "Assistant", "os_type": "Windows", "ground_truth": false, "scenario": null, "mitre": null, "attacker": null, "victim": null, "confidence": 0, "event_type": "DNSQuery", "query": "slack.com", "record_type": "A", "resolved_ip": "192.168.212.102"}}
{"Source": "Microsoft-Windows-Security-Auditing", "ProviderName": "Microsoft-Windows-Security-Auditing", "Computer": "FIN-WS-015", "TimeCreated": "2026-06-19T08:31:03.584020", "Channel": "Security", "event_id": "evt-normal-975488", "ground_truth": false, "attack_stage": null, "scenario": null, "mitre": null, "attacker": null, "victim": null, "confidence": 0, "EventID": 9999, "Description": "Generic Windows Log", "EventData": {"event_id": "evt-normal-975488", "timestamp": "2026-06-19T08:31:03.584020", "company_id": "06992447-dfb8-467b-9a68-e403e3958657", "host": "FIN-WS-015", "ip_address": "10.71.2.65", "username": "tsullivan", "user_role": "Security_Analyst", "os_type": "Windows", "ground_truth": false, "scenario": null, "mitre": null, "attacker": null, "victim": null, "confidence": 0, "event_type": "NetworkConnection", "destination_ip": "192.168.123.141", "destination_port": 80, "direction": "Outbound", "protocol": "TCP"}}
{"Source": "Microsoft-Windows-Security-Auditing", "ProviderName": "Microsoft-Windows-Security-Auditing", "Computer": "FIN-WS-017", "TimeCreated": "2026-06-19T08:32:03.584020", "Channel": "Security", "event_id": "evt-normal-542143", "ground_truth": false, "attack_stage": null, "scenario": null, "mitre": null, "attacker": null, "victim": null, "confidence": 0, "EventID": 9999, "Description": "Generic Windows Log", "EventData": {"event_id": "evt-normal-542143", "timestamp": "2026-06-19T08:32:03.584020", "company_id": "06992447-dfb8-467b-9a68-e403e3958657", "host": "FIN-WS-017", "ip_address": "10.71.2.67", "username": "mcastro", "user_role": "CFO", "os_type": "Windows", "ground_truth": false, "scenario": null, "mitre": null, "attacker": null, "victim": null, "confidence": 0, "event_type": "NetworkConnection", "destination_ip": "192.168.245.216", "destination_port": 443, "direction": "Outbound", "protocol": "TCP"}}
{"log_source": "auth.log", "Computer": "FIN-WS-026", "TimeCreated": "2026-06-19T08:43:03.584020", "event_id": "evt-normal-714665", "ground_truth": false, "attack_stage": null, "scenario": null, "mitre": null, "attacker": null, "victim": null, "confidence": 0, "message": "2026-06-19T08:43:03.584020 FIN-WS-026 sshd[4102]: Accepted publickey for kcunningham from 10.71.2.76 port 55294 ssh2"}
{"log_source": "syslog", "Computer": "FIN-WS-045", "TimeCreated": "2026-06-19T08:48:03.584020", "event_id": "evt-normal-775458", "ground_truth": false, "attack_stage": null, "scenario": null, "mitre": null, "attacker": null, "victim": null, "confidence": 0, "message": "2026-06-19T08:48:03.584020 FIN-WS-045 systemd[1]: Started SOCForge Simulated Activity."}
{"Source": "Microsoft-Windows-Security-Auditing", "ProviderName": "Microsoft-Windows-Security-Auditing", "Computer": "FIN-WS-013", "TimeCreated": "2026-06-19T08:48:33.584020", "Channel": "Security", "event_id": "evt-normal-652955", "ground_truth": false, "attack_stage": null, "scenario": null, "mitre": null, "attacker": null, "victim": null, "confidence": 0, "EventID": 9999, "Description": "Generic Windows Log", "EventData": {"event_id": "evt-normal-652955", "timestamp": "2026-06-19T08:48:33.584020", "company_id": "06992447-dfb8-467b-9a68-e403e3958657", "host": "FIN-WS-013", "ip_address": "10.71.2.63", "username": "tsullivan", "user_role": "Security_Analyst", "os_type": "Windows", "ground_truth": false, "scenario": null, "mitre": null, "attacker": null, "victim": null, "confidence": 0, "event_type": "NetworkConnection", "destination_ip": "192.168.113.247", "destination_port": 443, "direction": "Outbound", "protocol": "TCP"}}
{"Source": "Microsoft-Windows-Security-Auditing", "ProviderName": "Microsoft-Windows-Security-Auditing", "Computer": "FIN-DC-01", "TimeCreated": "2026-06-19T08:49:03.584020", "Channel": "Security", "event_id": "evt-normal-236718", "ground_truth": false, "attack_stage": null, "scenario": null, "mitre": null, "attacker": null, "victim": null, "confidence": 0, "EventID": 4624, "Description": "An account was successfully logged on.", "EventData": {"TargetUserName": "gbrooks", "TargetDomainName": "WORKGROUP", "LogonType": 2, "IpAddress": "10.58.235.106", "IpPort": "0"}}
{"Source": "Microsoft-Windows-Security-Auditing", "ProviderName": "Microsoft-Windows-Security-Auditing", "Computer": "FIN-WS-047", "TimeCreated": "2026-06-19T08:54:03.584020", "Channel": "Security", "event_id": "evt-normal-745702", "ground_truth": false, "attack_stage": null, "scenario": null, "mitre": null, "attacker": null, "victim": null, "confidence": 0, "EventID": 9999, "Description": "Generic Windows Log", "EventData": {"event_id": "evt-normal-745702", "timestamp": "2026-06-19T08:54:03.584020", "company_id": "06992447-dfb8-467b-9a68-e403e3958657", "host": "FIN-WS-047", "ip_address": "10.71.2.97", "username": "dsilva", "user_role": "HR_Specialist", "os_type": "Windows", "ground_truth": false, "scenario": null, "mitre": null, "attacker": null, "victim": null, "confidence": 0, "event_type": "NetworkConnection", "destination_ip": "192.168.19.166", "destination_port": 443, "direction": "Outbound", "protocol": "TCP"}}
{"Source": "Microsoft-Windows-Security-Auditing", "ProviderName": "Microsoft-Windows-Security-Auditing", "Computer": "FIN-WS-021", "TimeCreated": "2026-06-19T08:57:33.584020", "Channel": "Security", "event_id": "evt-normal-603018", "ground_truth": false, "attack_stage": null, "scenario": null, "mitre": null, "attacker": null, "victim": null, "confidence": 0, "EventID": 9999, "Description": "Generic Windows Log", "EventData": {"event_id": "evt-normal-603018", "timestamp": "2026-06-19T08:57:33.584020", "company_id": "06992447-dfb8-467b-9a68-e403e3958657", "host": "FIN-WS-021", "ip_address": "10.71.2.71", "username": "lwalker", "user_role": "Marketing_Specialist", "os_type": "Windows", "ground_truth": false, "scenario": null, "mitre": null, "attacker": null, "victim": null, "confidence": 0, "event_type": "PrintJob", "document_name": "Monthly_Review.pdf", "printer_name": "PRN-OFFICE-COLOR-01", "pages": 6}}
{"Source": "Microsoft-Windows-Security-Auditing", "ProviderName": "Microsoft-Windows-Security-Auditing", "Computer": "FIN-WS-027", "TimeCreated": "2026-06-19T09:03:03.584020", "Channel": "Security", "event_id": "evt-normal-131029", "ground_truth": false, "attack_stage": null, "scenario": null, "mitre": null, "attacker": null, "victim": null, "confidence": 0, "EventID": 9999, "Description": "Generic Windows Log", "EventData": {"event_id": "evt-normal-131029", "timestamp": "2026-06-19T09:03:03.584020", "company_id": "06992447-dfb8-467b-9a68-e403e3958657", "host": "FIN-WS-027", "ip_address": "10.71.2.77", "username": "rfuller", "user_role": "CFO", "os_type": "Windows", "ground_truth": false, "scenario": null, "mitre": null, "attacker": null, "victim": null, "confidence": 0, "event_type": "DNSQuery", "query": "aws.amazon.com", "record_type": "A", "resolved_ip": "192.168.113.144"}}
{"Source": "Microsoft-Windows-Security-Auditing", "ProviderName": "Microsoft-Windows-Security-Auditing", "Computer": "FIN-WS-020", "TimeCreated": "2026-06-19T09:05:03.584020", "Channel": "Security", "event_id": "evt-normal-225627", "ground_truth": false, "attack_stage": null, "scenario": null, "mitre": null, "attacker": null, "victim": null, "confidence": 0, "EventID": 9999, "Description": "Generic Windows Log", "EventData": {"event_id": "evt-normal-225627", "timestamp": "2026-06-19T09:05:03.584020", "company_id": "06992447-dfb8-467b-9a68-e403e3958657", "host": "FIN-WS-020", "ip_address": "10.71.2.70", "username": "jbrown", "user_role": "Executive", "os_type": "Windows", "ground_truth": false, "scenario": null, "mitre": null, "attacker": null, "victim": null, "confidence": 0, "event_type": "PrintJob", "document_name": "Monthly_Review.pdf", "printer_name": "PRN-OFFICE-COLOR-01", "pages": 4}}
{"Source": "Microsoft-Windows-Security-Auditing", "ProviderName": "Microsoft-Windows-Security-Auditing", "Computer": "FIN-WS-005", "TimeCreated": "2026-06-19T09:11:03.584020", "Channel": "Security", "event_id": "evt-normal-216866", "ground_truth": false, "attack_stage": null, "scenario": null, "mitre": null, "attacker": null, "victim": null, "confidence": 0, "EventID": 9999, "Description": "Generic Windows Log", "EventData": {"event_id": "evt-normal-216866", "timestamp": "2026-06-19T09:11:03.584020", "company_id": "06992447-dfb8-467b-9a68-e403e3958657", "host": "FIN-WS-005", "ip_address": "10.71.2.55", "username": "mlopez", "user_role": "Security_Analyst", "os_type": "Windows", "ground_truth": false, "scenario": null, "mitre": null, "attacker": null, "victim": null, "confidence": 0, "event_type": "NetworkConnection", "destination_ip": "192.168.203.243", "destination_port": 443, "direction": "Outbound", "protocol": "TCP"}}
{"log_source": "auth.log", "Computer": "FIN-SRV-WEB", "TimeCreated": "2026-06-19T09:15:03.584020", "event_id": "evt-normal-703662", "ground_truth": false, "attack_stage": null, "scenario": null, "mitre": null, "attacker": null, "victim": null, "confidence": 0, "message": "2026-06-19T09:15:03.584020 FIN-SRV-WEB sshd[4102]: Accepted publickey for dmosley from 10.71.1.30 port 53777 ssh2"}
{"Source": "Microsoft-Windows-Sysmon", "ProviderName": "Microsoft-Windows-Sysmon", "Computer": "FIN-WS-022", "TimeCreated": "2026-06-19T09:19:03.584020", "Channel": "Microsoft-Windows-Sysmon/Operational", "event_id": "evt-normal-131526", "ground_truth": false, "attack_stage": null, "scenario": null, "mitre": null, "attacker": null, "victim": null, "confidence": 0, "EventID": 11, "Description": "File created", "EventData": {"UtcTime": "2026-06-19T09:19:03.584020", "ProcessGuid": "{A2C21C30-D321-6B65-0000-0010DF6D2000}", "ProcessId": 4820, "Image": "C:\\Windows\\System32\\notepad.exe", "TargetFilename": "C:\\Users\\gjensen\\Documents\\report.txt", "CreationUtcTime": "2026-06-19T09:19:03.584020"}}
{"Source": "Microsoft-Windows-Sysmon", "ProviderName": "Microsoft-Windows-Sysmon", "Computer": "FIN-WS-050", "TimeCreated": "2026-06-19T09:25:03.584020", "Channel": "Microsoft-Windows-Sysmon/Operational", "event_id": "evt-normal-356965", "ground_truth": false, "attack_stage": null, "scenario": null, "mitre": null, "attacker": null, "victim": null, "confidence": 0, "EventID": 11, "Description": "File created", "EventData": {"UtcTime": "2026-06-19T09:25:03.584020", "ProcessGuid": "{A2C21C30-D321-6B65-0000-0010DF6D2000}", "ProcessId": 4820, "Image": "C:\\Windows\\System32\\notepad.exe", "TargetFilename": "C:\\Users\\dpowell\\Documents\\report.txt", "CreationUtcTime": "2026-06-19T09:25:03.584020"}}
{"Source": "Microsoft-Windows-Security-Auditing", "ProviderName": "Microsoft-Windows-Security-Auditing", "Computer": "FIN-WS-019", "TimeCreated": "2026-06-19T09:29:33.584020", "Channel": "Security", "event_id": "evt-normal-872820", "ground_truth": false, "attack_stage": null, "scenario": null, "mitre": null, "attacker": null, "victim": null, "confidence": 0, "EventID": 9999, "Description": "Generic Windows Log", "EventData": {"event_id": "evt-normal-872820", "timestamp": "2026-06-19T09:29:33.584020", "company_id": "06992447-dfb8-467b-9a68-e403e3958657", "host": "FIN-WS-019", "ip_address": "10.71.2.69", "username": "klee", "user_role": "Finance_Analyst", "os_type": "Windows", "ground_truth": false, "scenario": null, "mitre": null, "attacker": null, "victim": null, "confidence": 0, "event_type": "NetworkConnection", "destination_ip": "192.168.19.173", "destination_port": 80, "direction": "Outbound", "protocol": "TCP"}}
{"Source": "Microsoft-Windows-Sysmon", "ProviderName": "Microsoft-Windows-Sysmon", "Computer": "FIN-WS-030", "TimeCreated": "2026-06-19T09:36:03.584020", "Channel": "Microsoft-Windows-Sysmon/Operational", "event_id": "evt-normal-203024", "ground_truth": false, "attack_stage": null, "scenario": null, "mitre": null, "attacker": null, "victim": null, "confidence": 0, "EventID": 1, "Description": "Process Create", "EventData": {"UtcTime": "2026-06-19T09:36:03.584020", "ProcessGuid": "{A2C21C30-D321-6B65-0000-0010DF6D2000}", "ProcessId": 4820, "Image": "C:\\Windows\\System32\\word.exe", "CommandLine": "C:\\Windows\\System32\\word.exe", "CurrentDirectory": "C:\\Windows\\system32\\", "User": "CORP\\dstewart", "ParentProcessGuid": "{A2C21C30-D320-6B65-0000-0010C46D2000}", "ParentProcessId": 1024, "ParentImage": "C:\\Windows\\explorer.exe", "ParentCommandLine": "C:\\Windows\\explorer.exe"}}
{"Source": "Microsoft-Windows-Security-Auditing", "ProviderName": "Microsoft-Windows-Security-Auditing", "Computer": "FIN-WS-032", "TimeCreated": "2026-06-19T09:37:03.584020", "Channel": "Security", "event_id": "evt-normal-541653", "ground_truth": false, "attack_stage": null, "scenario": null, "mitre": null, "attacker": null, "victim": null, "confidence": 0, "EventID": 9999, "Description": "Generic Windows Log", "EventData": {"event_id": "evt-normal-541653", "timestamp": "2026-06-19T09:37:03.584020", "company_id": "06992447-dfb8-467b-9a68-e403e3958657", "host": "FIN-WS-032", "ip_address": "10.71.2.82", "username": "pallen", "user_role": "Executive", "os_type": "Windows", "ground_truth": false, "scenario": null, "mitre": null, "attacker": null, "victim": null, "confidence": 0, "event_type": "DNSQuery", "query": "slack.com", "record_type": "A", "resolved_ip": "192.168.76.67"}}
{"Source": "Microsoft-Windows-Security-Auditing", "ProviderName": "Microsoft-Windows-Security-Auditing", "Computer": "FIN-WS-051", "TimeCreated": "2026-06-19T09:56:33.584020", "Channel": "Security", "event_id": "evt-normal-656479", "ground_truth": false, "attack_stage": null, "scenario": null, "mitre": null, "attacker": null, "victim": null, "confidence": 0, "EventID": 9999, "Description": "Generic Windows Log", "EventData": {"event_id": "evt-normal-656479", "timestamp": "2026-06-19T09:56:33.584020", "company_id": "06992447-dfb8-467b-9a68-e403e3958657", "host": "FIN-WS-051", "ip_address": "10.71.2.101", "username": "bvelazquez", "user_role": "Accountant", "os_type": "Windows", "ground_truth": false, "scenario": null, "mitre": null, "attacker": null, "victim": null, "confidence": 0, "event_type": "PrintJob", "document_name": "Monthly_Review.pdf", "printer_name": "PRN-OFFICE-COLOR-01", "pages": 10}}
{"Source": "Microsoft-Windows-Security-Auditing", "ProviderName": "Microsoft-Windows-Security-Auditing", "Computer": "FIN-WS-022", "TimeCreated": "2026-06-19T09:57:33.584020", "Channel": "Security", "event_id": "evt-normal-808477", "ground_truth": false, "attack_stage": null, "scenario": null, "mitre": null, "attacker": null, "victim": null, "confidence": 0, "EventID": 4624, "Description": "An account was successfully logged on.", "EventData": {"TargetUserName": "jbrown", "TargetDomainName": "WORKGROUP", "LogonType": 2, "IpAddress": "10.71.2.72", "IpPort": "0"}}
{"Source": "Microsoft-Windows-Security-Auditing", "ProviderName": "Microsoft-Windows-Security-Auditing", "Computer": "FIN-WS-005", "TimeCreated": "2026-06-19T10:07:33.584020", "Channel": "Security", "event_id": "evt-normal-571441", "ground_truth": false, "attack_stage": null, "scenario": null, "mitre": null, "attacker": null, "victim": null, "confidence": 0, "EventID": 9999, "Description": "Generic Windows Log", "EventData": {"event_id": "evt-normal-571441", "timestamp": "2026-06-19T10:07:33.584020", "company_id": "06992447-dfb8-467b-9a68-e403e3958657", "host": "FIN-WS-005", "ip_address": "10.71.2.55", "username": "kbuchanan", "user_role": "Marketing_Specialist", "os_type": "Windows", "ground_truth": false, "scenario": null, "mitre": null, "attacker": null, "victim": null, "confidence": 0, "event_type": "NetworkConnection", "destination_ip": "192.168.150.206", "destination_port": 443, "direction": "Outbound", "protocol": "TCP"}}
