{"log_source": "syslog", "Computer": "FIN-WS-028", "TimeCreated": "2026-06-15T13:52:03.584020", "event_id": "evt-normal-268647", "ground_truth": false, "attack_stage": null, "scenario": null, "mitre": null, "attacker": null, "victim": null, "confidence": 0, "message": "2026-06-15T13:52:03.584020 FIN-WS-028 systemd[1]: Started SOCForge Simulated Activity."}
{"Source": "Microsoft-Windows-Security-Auditing", "ProviderName": "Microsoft-Windows-Security-Auditing", "Computer": "FIN-WS-021", "TimeCreated": "2026-06-15T13:57:33.584020", "Channel": "Security", "event_id": "evt-normal-648051", "ground_truth": false, "attack_stage": null, "scenario": null, "mitre": null, "attacker": null, "victim": null, "confidence": 0, "EventID": 9999, "Description": "Generic Windows Log", "EventData": {"event_id": "evt-normal-648051", "timestamp": "2026-06-15T13:57:33.584020", "company_id": "06992447-dfb8-467b-9a68-e403e3958657", "host": "FIN-WS-021", "ip_address": "10.71.2.71", "username": "rfuller", "user_role": "CFO", "os_type": "Windows", "ground_truth": false, "scenario": null, "mitre": null, "attacker": null, "victim": null, "confidence": 0, "event_type": "DNSQuery", "query": "wikipedia.org", "record_type": "A", "resolved_ip": "192.168.110.152"}}
{"Source": "Microsoft-Windows-Sysmon", "ProviderName": "Microsoft-Windows-Sysmon", "Computer": "FIN-WS-047", "TimeCreated": "2026-06-15T13:59:33.584020", "Channel": "Microsoft-Windows-Sysmon/Operational", "event_id": "evt-normal-449449", "ground_truth": false, "attack_stage": null, "scenario": null, "mitre": null, "attacker": null, "victim": null, "confidence": 0, "EventID": 11, "Description": "File created", "EventData": {"UtcTime": "2026-06-15T13:59:33.584020", "ProcessGuid": "{A2C21C30-D321-6B65-0000-0010DF6D2000}", "ProcessId": 4820, "Image": "C:\\Windows\\System32\\notepad.exe", "TargetFilename": "C:\\Users\\tsullivan\\Documents\\report.txt", "CreationUtcTime": "2026-06-15T13:59:33.584020"}}
{"Source": "Microsoft-Windows-Security-Auditing", "ProviderName": "Microsoft-Windows-Security-Auditing", "Computer": "FIN-WS-017", "TimeCreated": "2026-06-15T14:12:33.584020", "Channel": "Security", "event_id": "evt-normal-869117", "ground_truth": false, "attack_stage": null, "scenario": null, "mitre": null, "attacker": null, "victim": null, "confidence": 0, "EventID": 9999, "Description": "Generic Windows Log", "EventData": {"event_id": "evt-normal-869117", "timestamp": "2026-06-15T14:12:33.584020", "company_id": "06992447-dfb8-467b-9a68-e403e3958657", "host": "FIN-WS-017", "ip_address": "10.71.2.67", "username": "lnelson", "user_role": "Sales_Rep", "os_type": "Windows", "ground_truth": false, "scenario": null, "mitre": null, "attacker": null, "victim": null, "confidence": 0, "event_type": "DNSQuery", "query": "linkedin.com", "record_type": "A", "resolved_ip": "192.168.129.252"}}
{"Source": "Microsoft-Windows-Security-Auditing", "ProviderName": "Microsoft-Windows-Security-Auditing", "Computer": "FIN-WS-042", "TimeCreated": "2026-06-15T14:14:33.584020", "Channel": "Security", "event_id": "evt-normal-202557", "ground_truth": false, "attack_stage": null, "scenario": null, "mitre": null, "attacker": null, "victim": null, "confidence": 0, "EventID": 9999, "Description": "Generic Windows Log", "EventData": {"event_id": "evt-normal-202557", "timestamp": "2026-06-15T14:14:33.584020", "company_id": "06992447-dfb8-467b-9a68-e403e3958657", "host": "FIN-WS-042", "ip_address": "10.71.2.92", "username": "lnelson", "user_role": "Sales_Rep", "os_type": "Windows", "ground_truth": false, "scenario": null, "mitre": null, "attacker": null, "victim": null, "confidence": 0, "event_type": "PrintJob", "document_name": "Monthly_Review.pdf", "printer_name": "PRN-OFFICE-COLOR-01", "pages": 4}}
{"Source": "Microsoft-Windows-Security-Auditing", "ProviderName": "Microsoft-Windows-Security-Auditing", "Computer": "FIN-DC-01", "TimeCreated": "2026-06-15T14:21:33.584020", "Channel": "Security", "event_id": "evt-normal-216661", "ground_truth": false, "attack_stage": null, "scenario": null, "mitre": null, "attacker": null, "victim": null, "confidence": 0, "EventID": 9999, "Description": "Generic Windows Log", "EventData": {"event_id": "evt-normal-216661", "timestamp": "2026-06-15T14:21:33.584020", "company_id": "06992447-dfb8-467b-9a68-e403e3958657", "host": "FIN-DC-01", "ip_address": "10.71.1.10", "username": "gbrooks", "user_role": "Security_Analyst", "os_type": "Windows", "ground_truth": false, "scenario": null, "mitre": null, "attacker": null, "victim": null, "confidence": 0, "event_type": "PrintJob", "document_name": "Monthly_Review.pdf", "printer_name": "PRN-OFFICE-COLOR-01", "pages": 2}}
{"Source": "Microsoft-Windows-Security-Auditing", "ProviderName": "Microsoft-Windows-Security-Auditing", "Computer": "FIN-WS-008", "TimeCreated": "2026-06-15T14:30:03.584020", "Channel": "Security", "event_id": "evt-normal-904596", "ground_truth": false, "attack_stage": null, "scenario": null, "mitre": null, "attacker": null, "victim": null, "confidence": 0, "EventID": 4624, "Description": "An account was successfully logged on.", "EventData": {"TargetUserName": "dpowell", "TargetDomainName": "WORKGROUP", "LogonType": 2, "IpAddress": "10.71.2.58", "IpPort": "0"}}
{"Source": "Microsoft-Windows-Security-Auditing", "ProviderName": "Microsoft-Windows-Security-Auditing", "Computer": "FIN-WS-027", "TimeCreated": "2026-06-15T14:38:33.584020", "Channel": "Security", "event_id": "evt-normal-553861", "ground_truth": false, "attack_stage": null, "scenario": null, "mitre": null, "attacker": null, "victim": null, "confidence": 0, "EventID": 9999, "Description": "Generic Windows Log", "EventData": {"event_id": "evt-normal-553861", "timestamp": "2026-06-15T14:38:33.584020", "company_id": "06992447-dfb8-467b-9a68-e403e3958657", "host": "FIN-WS-027", "ip_address": "10.71.2.77", "username": "pallen", "user_role": "Executive", "os_type": "Windows", "ground_truth": false, "scenario": null, "mitre": null, "attacker": null, "victim": null, "confidence": 0, "event_type": "PrintJob", "document_name": "Monthly_Review.pdf", "printer_name": "PRN-OFFICE-COLOR-01", "pages": 10}}
{"Source": "Microsoft-Windows-Security-Auditing", "ProviderName": "Microsoft-Windows-Security-Auditing", "Computer": "FIN-WS-037", "TimeCreated": "2026-06-15T14:40:03.584020", "Channel": "Security", "event_id": "evt-normal-917546", "ground_truth": false, "attack_stage": null, "scenario": null, "mitre": null, "attacker": null, "victim": null, "confidence": 0, "EventID": 4624, "Description": "An account was successfully logged on.", "EventData": {"TargetUserName": "spage", "TargetDomainName": "WORKGROUP", "LogonType": 2, "IpAddress": "10.71.2.87", "IpPort": "0"}}
{"Source": "Microsoft-Windows-Security-Auditing", "ProviderName": "Microsoft-Windows-Security-Auditing", "Computer": "FIN-WS-013", "TimeCreated": "2026-06-15T14:44:03.584020", "Channel": "Security", "event_id": "evt-normal-799759", "ground_truth": false, "attack_stage": null, "scenario": null, "mitre": null, "attacker": null, "victim": null, "confidence": 0, "EventID": 9999, "Description": "Generic Windows Log", "EventData": {"event_id": "evt-normal-799759", "timestamp": "2026-06-15T14:44:03.584020", "company_id": "06992447-dfb8-467b-9a68-e403e3958657", "host": "FIN-WS-013", "ip_address": "10.71.2.63", "username": "dbooth", "user_role": "Helpdesk", "os_type": "Windows", "ground_truth": false, "scenario": null, "mitre": null, "attacker": null, "victim": null, "confidence": 0, "event_type": "NetworkConnection", "destination_ip": "192.168.247.38", "destination_port": 80, "direction": "Outbound", "protocol": "TCP"}}
{"Source": "Microsoft-Windows-Security-Auditing", "ProviderName": "Microsoft-Windows-Security-Auditing", "Computer": "FIN-WS-018", "TimeCreated": "2026-06-15T14:50:33.584020", "Channel": "Security", "event_id": "evt-normal-595882", "ground_truth": false, "attack_stage": null, "scenario": null, "mitre": null, "attacker": null, "victim": null, "confidence": 0, "EventID": 9999, "Description": "Generic Windows Log", "EventData": {"event_id": "evt-normal-595882", "timestamp": "2026-06-15T14:50:33.584020", "company_id": "06992447-dfb8-467b-9a68-e403e3958657", "host": "FIN-WS-018", "ip_address": "10.71.2.68", "username": "dpowell", "user_role": "Executive", "os_type": "Windows", "ground_truth": false, "scenario": null, "mitre": null, "attacker": null, "victim": null, "confidence": 0, "event_type": "PrintJob", "document_name": "Monthly_Review.pdf", "printer_name": "PRN-OFFICE-COLOR-01", "pages": 5}}
{"Source": "Microsoft-Windows-Sysmon", "ProviderName": "Microsoft-Windows-Sysmon", "Computer": "FIN-WS-030", "TimeCreated": "2026-06-15T14:53:03.584020", "Channel": "Microsoft-Windows-Sysmon/Operational", "event_id": "evt-normal-698867", "ground_truth": false, "attack_stage": null, "scenario": null, "mitre": null, "attacker": null, "victim": null, "confidence": 0, "EventID": 1, "Description": "Process Create", "EventData": {"UtcTime": "2026-06-15T14:53:03.584020", "ProcessGuid": "{A2C21C30-D321-6B65-0000-0010DF6D2000}", "ProcessId": 4820, "Image": "C:\\Windows\\System32\\powershell.exe", "CommandLine": "C:\\Windows\\System32\\powershell.exe", "CurrentDirectory": "C:\\Windows\\system32\\", "User": "CORP\\mthompson", "ParentProcessGuid": "{A2C21C30-D320-6B65-0000-0010C46D2000}", "ParentProcessId": 1024, "ParentImage": "C:\\Windows\\explorer.exe", "ParentCommandLine": "C:\\Windows\\explorer.exe"}}
{"Source": "Microsoft-Windows-Security-Auditing", "ProviderName": "Microsoft-Windows-Security-Auditing", "Computer": "FIN-WS-035", "TimeCreated": "2026-06-15T14:54:03.584020", "Channel": "Security", "event_id": "evt-normal-689193", "ground_truth": false, "attack_stage": null, "scenario": null, "mitre": null, "attacker": null, "victim": null, "confidence": 0, "EventID": 9999, "Description": "Generic Windows Log", "EventData": {"event_id": "evt-normal-689193", "timestamp": "2026-06-15T14:54:03.584020", "company_id": "06992447-dfb8-467b-9a68-e403e3958657", "host": "FIN-WS-035", "ip_address": "10.71.2.85", "username": "sarroyo", "user_role": "Marketing_Specialist", "os_type": "Windows", "ground_truth": false, "scenario": null, "mitre": null, "attacker": null, "victim": null, "confidence": 0, "event_type": "USBInsert", "device_id": "USBSTOR\\DISK&VEN_SANDISK&PROD_CRUZER\\74472811-0761-46eb-b5d5-aad40e8b7c38", "drive_letter": "F:"}}
{"Source": "Microsoft-Windows-Security-Auditing", "ProviderName": "Microsoft-Windows-Security-Auditing", "Computer": "FIN-WS-009", "TimeCreated": "2026-06-15T14:57:33.584020", "Channel": "Security", "event_id": "evt-normal-739096", "ground_truth": false, "attack_stage": null, "scenario": null, "mitre": null, "attacker": null, "victim": null, "confidence": 0, "EventID": 9999, "Description": "Generic Windows Log", "EventData": {"event_id": "evt-normal-739096", "timestamp": "2026-06-15T14:57:33.584020", "company_id": "06992447-dfb8-467b-9a68-e403e3958657", "host": "FIN-WS-009", "ip_address": "10.71.2.59", "username": "cyork", "user_role": "Incident_Responder", "os_type": "Windows", "ground_truth": false, "scenario": null, "mitre": null, "attacker": null, "victim": null, "confidence": 0, "event_type": "PrintJob", "document_name": "Monthly_Review.pdf", "printer_name": "PRN-OFFICE-COLOR-01", "pages": 5}}
{"log_source": "syslog", "Computer": "FIN-WS-002", "TimeCreated": "2026-06-15T14:58:33.584020", "event_id": "evt-normal-798425", "ground_truth": false, "attack_stage": null, "scenario": null, "mitre": null, "attacker": null, "victim": null, "confidence": 0, "message": "2026-06-15T14:58:33.584020 FIN-WS-002 systemd[1]: Started SOCForge Simulated Activity."}
{"Source": "Microsoft-Windows-Security-Auditing", "ProviderName": "Microsoft-Windows-Security-Auditing", "Computer": "FIN-WS-022", "TimeCreated": "2026-06-15T15:02:03.584020", "Channel": "Security", "event_id": "evt-normal-120439", "ground_truth": false, "attack_stage": null, "scenario": null, "mitre": null, "attacker": null, "victim": null, "confidence": 0, "EventID": 9999, "Description": "Generic Windows Log", "EventData": {"event_id": "evt-normal-120439", "timestamp": "2026-06-15T15:02:03.584020", "company_id": "06992447-dfb8-467b-9a68-e403e3958657", "host": "FIN-WS-022", "ip_address": "10.71.2.72", "username": "cbrown", "user_role": "Marketing_Specialist", "os_type": "Windows", "ground_truth": false, "scenario": null, "mitre": null, "attacker": null, "victim": null, "confidence": 0, "event_type": "USBInsert", "device_id": "USBSTOR\\DISK&VEN_SANDISK&PROD_CRUZER\\c4a8574c-927a-4c0c-9b6b-fadb0e0c353f", "drive_letter": "F:"}}
{"log_source": "syslog", "Computer": "FIN-WS-028", "TimeCreated": "2026-06-15T15:05:33.584020", "event_id": "evt-normal-288567", "ground_truth": false, "attack_stage": null, "scenario": null, "mitre": null, "attacker": null, "victim": null, "confidence": 0, "message": "2026-06-15T15:05:33.584020 FIN-WS-028 systemd[1]: Started SOCForge Simulated Activity."}
{"log_source": "syslog", "Computer": "FIN-WS-031", "TimeCreated": "2026-06-15T15:17:33.584020", "event_id": "evt-normal-563287", "ground_truth": false, "attack_stage": null, "scenario": null, "mitre": null, "attacker": null, "victim": null, "confidence": 0, "message": "2026-06-15T15:17:33.584020 FIN-WS-031 systemd[1]: Started SOCForge Simulated Activity."}
{"Source": "Microsoft-Windows-Security-Auditing", "ProviderName": "Microsoft-Windows-Security-Auditing", "Computer": "FIN-SRV-FILE", "TimeCreated": "2026-06-15T15:22:33.584020", "Channel": "Security", "event_id": "evt-normal-726154", "ground_truth": false, "attack_stage": null, "scenario": null, "mitre": null, "attacker": null, "victim": null, "confidence": 0, "EventID": 9999, "Description": "Generic Windows Log", "EventData": {"event_id": "evt-normal-726154", "timestamp": "2026-06-15T15:22:33.584020", "company_id": "06992447-dfb8-467b-9a68-e403e3958657", "host": "FIN-SRV-FILE", "ip_address": "10.71.1.20", "username": "cbrown", "user_role": "Marketing_Specialist", "os_type": "Windows", "ground_truth": false, "scenario": null, "mitre": null, "attacker": null, "victim": null, "confidence": 0, "event_type": "PrintJob", "document_name": "Monthly_Review.pdf", "printer_name": "PRN-OFFICE-COLOR-01", "pages": 9}}
{"Source": "Microsoft-Windows-Security-Auditing", "ProviderName": "Microsoft-Windows-Security-Auditing", "Computer": "FIN-WS-005", "TimeCreated": "2026-06-15T15:23:33.584020", "Channel": "Security", "event_id": "evt-normal-580958", "ground_truth": false, "attack_stage": null, "scenario": null, "mitre": null, "attacker": null, "victim": null, "confidence": 0, "EventID": 9999, "Description": "Generic Windows Log", "EventData": {"event_id": "evt-normal-580958", "timestamp": "2026-06-15T15:23:33.584020", "company_id": "06992447-dfb8-467b-9a68-e403e3958657", "host": "FIN-WS-005", "ip_address": "10.71.2.55", "username": "bcastro", "user_role": "Executive", "os_type": "Windows", "ground_truth": false, "scenario": null, "mitre": null, "attacker": null, "victim": null, "confidence": 0, "event_type": "NetworkConnection", "destination_ip": "192.168.105.148", "destination_port": 80, "direction": "Outbound", "protocol": "TCP"}}
{"log_source": "syslog", "Computer": "FIN-WS-002", "TimeCreated": "2026-06-15T15:28:33.584020", "event_id": "evt-normal-979114", "ground_truth": false, "attack_stage": null, "scenario": null, "mitre": null, "attacker": null, "victim": null, "confidence": 0, "message": "2026-06-15T15:28:33.584020 FIN-WS-002 systemd[1]: Started SOCForge Simulated Activity."}
{"log_source": "syslog", "Computer": "FIN-WS-028", "TimeCreated": "2026-06-15T15:33:03.584020", "event_id": "evt-normal-436324", "ground_truth": false, "attack_stage": null, "scenario": null, "mitre": null, "attacker": null, "victim": null, "confidence": 0, "message": "2026-06-15T15:33:03.584020 FIN-WS-028 systemd[1]: Started SOCForge Simulated Activity."}
{"Source": "Microsoft-Windows-Sysmon", "ProviderName": "Microsoft-Windows-Sysmon", "Computer": "FIN-WS-027", "TimeCreated": "2026-06-15T15:38:03.584020", "Channel": "Microsoft-Windows-Sysmon/Operational", "event_id": "evt-normal-611379", "ground_truth": false, "attack_stage": null, "scenario": null, "mitre": null, "attacker": null, "victim": null, "confidence": 0, "EventID": 1, "Description": "Process Create", "EventData": {"UtcTime": "2026-06-15T15:38:03.584020", "ProcessGuid": "{A2C21C30-D321-6B65-0000-0010DF6D2000}", "ProcessId": 4820, "Image": "C:\\Windows\\System32\\outlook.exe", "CommandLine": "C:\\Windows\\System32\\outlook.exe", "CurrentDirectory": "C:\\Windows\\system32\\", "User": "CORP\\bnorman", "ParentProcessGuid": "{A2C21C30-D320-6B65-0000-0010C46D2000}", "ParentProcessId": 1024, "ParentImage": "C:\\Windows\\explorer.exe", "ParentCommandLine": "C:\\Windows\\explorer.exe"}}
{"Source": "Microsoft-Windows-Sysmon", "ProviderName": "Microsoft-Windows-Sysmon", "Computer": "FIN-WS-006", "TimeCreated": "2026-06-15T15:55:33.584020", "Channel": "Microsoft-Windows-Sysmon/Operational", "event_id": "evt-normal-932404", "ground_truth": false, "attack_stage": null, "scenario": null, "mitre": null, "attacker": null, "victim": null, "confidence": 0, "EventID": 11, "Description": "File created", "EventData": {"UtcTime": "2026-06-15T15:55:33.584020", "ProcessGuid": "{A2C21C30-D321-6B65-0000-0010DF6D2000}", "ProcessId": 4820, "Image": "C:\\Windows\\System32\\notepad.exe", "TargetFilename": "C:\\Users\\lstanley\\Documents\\report.txt", "CreationUtcTime": "2026-06-15T15:55:33.584020"}}
{"Source": "Microsoft-Windows-Security-Auditing", "ProviderName": "Microsoft-Windows-Security-Auditing", "Computer": "FIN-WS-010", "TimeCreated": "2026-06-15T15:56:33.584020", "Channel": "Security", "event_id": "evt-normal-649054", "ground_truth": false, "attack_stage": null, "scenario": null, "mitre": null, "attacker": null, "victim": null, "confidence": 0, "EventID": 9999, "Description": "Generic Windows Log", "EventData": {"event_id": "evt-normal-649054", "timestamp": "2026-06-15T15:56:33.584020", "company_id": "06992447-dfb8-467b-9a68-e403e3958657", "host": "FIN-WS-010", "ip_address": "10.71.2.60", "username": "chunt", "user_role": "HR_Specialist", "os_type": "Windows", "ground_truth": false, "scenario": null, "mitre": null, "attacker": null, "victim": null, "confidence": 0, "event_type": "PrintJob", "document_name": "Monthly_Review.pdf", "printer_name": "PRN-OFFICE-COLOR-01", "pages": 9}}
{"Source": "Microsoft-Windows-Security-Auditing", "ProviderName": "Microsoft-Windows-Security-Auditing", "Computer": "FIN-WS-030", "TimeCreated": "2026-06-15T15:57:03.584020", "Channel": "Security", "event_id": "evt-normal-422373", "ground_truth": false, "attack_stage": null, "scenario": null, "mitre": null, "attacker": null, "victim": null, "confidence": 0, "EventID": 9999, "Description": "Generic Windows Log", "EventData": {"event_id": "evt-normal-422373", "timestamp": "2026-06-15T15:57:03.584020", "company_id": "06992447-dfb8-467b-9a68-e403e3958657", "host": "FIN-WS-030", "ip_address": "10.71.2.80", "username": "jluna", "user_role": "Marketing_Specialist", "os_type": "Windows", "ground_truth": false, "scenario": null, "mitre": null, "attacker": null, "victim": null, "confidence": 0, "event_type": "PrintJob", "document_name": "Monthly_Review.pdf", "printer_name": "PRN-OFFICE-COLOR-01", "pages": 2}}
{"Source": "Microsoft-Windows-Security-Auditing", "ProviderName": "Microsoft-Windows-Security-Auditing", "Computer": "FIN-WS-018", "TimeCreated": "2026-06-15T16:01:33.584020", "Channel": "Security", "event_id": "evt-normal-374960", "ground_truth": false, "attack_stage": null, "scenario": null, "mitre": null, "attacker": null, "victim": null, "confidence": 0, "EventID": 9999, "Description": "Generic Windows Log", "EventData": {"event_id": "evt-normal-374960", "timestamp": "2026-06-15T16:01:33.584020", "company_id": "06992447-dfb8-467b-9a68-e403e3958657", "host": "FIN-WS-018", "ip_address": "10.71.2.68", "username": "dstewart", "user_role": "Sales_Rep", "os_type": "Windows", "ground_truth": false, "scenario": null, "mitre": null, "attacker": null, "victim": null, "confidence": 0, "event_type": "NetworkConnection", "destination_ip": "192.168.125.115", "destination_port": 443, "direction": "Outbound", "protocol": "TCP"}}
{"Source": "Microsoft-Windows-Security-Auditing", "ProviderName": "Microsoft-Windows-Security-Auditing", "Computer": "FIN-WS-034", "TimeCreated": "2026-06-15T16:06:03.584020", "Channel": "Security", "event_id": "evt-normal-144768", "ground_truth": false, "attack_stage": null, "scenario": null, "mitre": null, "attacker": null, "victim": null, "confidence": 0, "EventID": 4624, "Description": "An account was successfully logged on.", "EventData": {"TargetUserName": "newing", "TargetDomainName": "WORKGROUP", "LogonType": 2, "IpAddress": "10.71.2.84", "IpPort": "0"}}
{"Source": "Microsoft-Windows-Security-Auditing", "ProviderName": "Microsoft-Windows-Security-Auditing", "Computer": "FIN-WS-049", "TimeCreated": "2026-06-15T16:10:03.584020", "Channel": "Security", "event_id": "evt-normal-675508", "ground_truth": false, "attack_stage": null, "scenario": null, "mitre": null, "attacker": null, "victim": null, "confidence": 0, "EventID": 9999, "Description": "Generic Windows Log", "EventData": {"event_id": "evt-normal-675508", "timestamp": "2026-06-15T16:10:03.584020", "company_id": "06992447-dfb8-467b-9a68-e403e3958657", "host": "FIN-WS-049", "ip_address": "10.71.2.99", "username": "kmeyer", "user_role": "Security_Analyst", "os_type": "Windows", "ground_truth": false, "scenario": null, "mitre": null, "attacker": null, "victim": null, "confidence": 0, "event_type": "DNSQuery", "query": "google.com", "record_type": "A", "resolved_ip": "192.168.101.154"}}
{"Source": "Microsoft-Windows-Security-Auditing", "ProviderName": "Microsoft-Windows-Security-Auditing", "Computer": "FIN-WS-007", "TimeCreated": "2026-06-15T16:13:33.584020", "Channel": "Security", "event_id": "evt-normal-594683", "ground_truth": false, "attack_stage": null, "scenario": null, "mitre": null, "attacker": null, "victim": null, "confidence": 0, "EventID": 9999, "Description": "Generic Windows Log", "EventData": {"event_id": "evt-normal-594683", "timestamp": "2026-06-15T16:13:33.584020", "company_id": "06992447-dfb8-467b-9a68-e403e3958657", "host": "FIN-WS-007", "ip_address": "10.71.2.57", "username": "dmosley", "user_role": "Security_Analyst", "os_type": "Windows", "ground_truth": false, "scenario": null, "mitre": null, "attacker": null, "victim": null, "confidence": 0, "event_type": "USBInsert", "device_id": "USBSTOR\\DISK&VEN_SANDISK&PROD_CRUZER\\a10e1b94-6f1d-4d5d-9f76-62ce7e9659df", "drive_letter": "E:"}}
{"Source": "Microsoft-Windows-Security-Auditing", "ProviderName": "Microsoft-Windows-Security-Auditing", "Computer": "FIN-WS-047", "TimeCreated": "2026-06-15T16:16:03.584020", "Channel": "Security", "event_id": "evt-normal-422777", "ground_truth": false, "attack_stage": null, "scenario": null, "mitre": null, "attacker": null, "victim": null, "confidence": 0, "EventID": 9999, "Description": "Generic Windows Log", "EventData": {"event_id": "evt-normal-422777", "timestamp": "2026-06-15T16:16:03.584020", "company_id": "06992447-dfb8-467b-9a68-e403e3958657", "host": "FIN-WS-047", "ip_address": "10.71.2.97", "username": "klee", "user_role": "Finance_Analyst", "os_type": "Windows", "ground_truth": false, "scenario": null, "mitre": null, "attacker": null, "victim": null, "confidence": 0, "event_type": "DNSQuery", "query": "sec.gov", "record_type": "A", "resolved_ip": "192.168.161.152"}}
{"log_source": "syslog", "Computer": "FIN-WS-043", "TimeCreated": "2026-06-15T16:21:33.584020", "event_id": "evt-normal-221038", "ground_truth": false, "attack_stage": null, "scenario": null, "mitre": null, "attacker": null, "victim": null, "confidence": 0, "message": "2026-06-15T16:21:33.584020 FIN-WS-043 systemd[1]: Started SOCForge Simulated Activity."}
{"Source": "Microsoft-Windows-Security-Auditing", "ProviderName": "Microsoft-Windows-Security-Auditing", "Computer": "FIN-WS-047", "TimeCreated": "2026-06-15T16:26:03.584020", "Channel": "Security", "event_id": "evt-normal-640191", "ground_truth": false, "attack_stage": null, "scenario": null, "mitre": null, "attacker": null, "victim": null, "confidence": 0, "EventID": 9999, "Description": "Generic Windows Log", "EventData": {"event_id": "evt-normal-640191", "timestamp": "2026-06-15T16:26:03.584020", "company_id": "06992447-dfb8-467b-9a68-e403e3958657", "host": "FIN-WS-047", "ip_address": "10.71.2.97", "username": "dsmith", "user_role": "SysAdmin", "os_type": "Windows", "ground_truth": false, "scenario": null, "mitre": null, "attacker": null, "victim": null, "confidence": 0, "event_type": "DNSQuery", "query": "docker.com", "record_type": "A", "resolved_ip": "192.168.217.105"}}
{"Source": "Microsoft-Windows-Sysmon", "ProviderName": "Microsoft-Windows-Sysmon", "Computer": "FIN-WS-025", "TimeCreated": "2026-06-15T16:44:03.584020", "Channel": "Microsoft-Windows-Sysmon/Operational", "event_id": "evt-normal-737795", "ground_truth": false, "attack_stage": null, "scenario": null, "mitre": null, "attacker": null, "victim": null, "confidence": 0, "EventID": 1, "Description": "Process Create", "EventData": {"UtcTime": "2026-06-15T16:44:03.584020", "ProcessGuid": "{A2C21C30-D321-6B65-0000-0010DF6D2000}", "ProcessId": 4820, "Image": "C:\\Windows\\System32\\explorer.exe", "CommandLine": "C:\\Windows\\System32\\explorer.exe", "CurrentDirectory": "C:\\Windows\\system32\\", "User": "CORP\\tjones", "ParentProcessGuid": "{A2C21C30-D320-6B65-0000-0010C46D2000}", "ParentProcessId": 1024, "ParentImage": "C:\\Windows\\explorer.exe", "ParentCommandLine": "C:\\Windows\\explorer.exe"}}
{"Source": "Microsoft-Windows-Sysmon", "ProviderName": "Microsoft-Windows-Sysmon", "Computer": "FIN-WS-038", "TimeCreated": "2026-06-15T16:59:33.584020", "Channel": "Microsoft-Windows-Sysmon/Operational", "event_id": "evt-normal-883931", "ground_truth": false, "attack_stage": null, "scenario": null, "mitre": null, "attacker": null, "victim": null, "confidence": 0, "EventID": 11, "Description": "File created", "EventData": {"UtcTime": "2026-06-15T16:59:33.584020", "ProcessGuid": "{A2C21C30-D321-6B65-0000-0010DF6D2000}", "ProcessId": 4820, "Image": "C:\\Windows\\System32\\notepad.exe", "TargetFilename": "C:\\Users\\agraves\\Documents\\report.txt", "CreationUtcTime": "2026-06-15T16:59:33.584020"}}
{"Source": "Microsoft-Windows-Security-Auditing", "ProviderName": "Microsoft-Windows-Security-Auditing", "Computer": "FIN-WS-033", "TimeCreated": "2026-06-15T17:15:33.584020", "Channel": "Security", "event_id": "evt-normal-200078", "ground_truth": false, "attack_stage": null, "scenario": null, "mitre": null, "attacker": null, "victim": null, "confidence": 0, "EventID": 9999, "Description": "Generic Windows Log", "EventData": {"event_id": "evt-normal-200078", "timestamp": "2026-06-15T17:15:33.584020", "company_id": "06992447-dfb8-467b-9a68-e403e3958657", "host": "FIN-WS-033", "ip_address": "10.71.2.83", "username": "landerson", "user_role": "Assistant", "os_type": "Windows", "ground_truth": false, "scenario": null, "mitre": null, "attacker": null, "victim": null, "confidence": 0, "event_type": "PrintJob", "document_name": "Monthly_Review.pdf", "printer_name": "PRN-OFFICE-COLOR-01", "pages": 4}}
{"Source": "Microsoft-Windows-Security-Auditing", "ProviderName": "Microsoft-Windows-Security-Auditing", "Computer": "FIN-WS-010", "TimeCreated": "2026-06-15T17:20:33.584020", "Channel": "Security", "event_id": "evt-normal-150345", "ground_truth": false, "attack_stage": null, "scenario": null, "mitre": null, "attacker": null, "victim": null, "confidence": 0, "EventID": 4624, "Description": "An account was successfully logged on.", "EventData": {"TargetUserName": "dmosley", "TargetDomainName": "WORKGROUP", "LogonType": 2, "IpAddress": "10.131.42.247", "IpPort": "0"}}
{"Source": "Microsoft-Windows-Security-Auditing", "ProviderName": "Microsoft-Windows-Security-Auditing", "Computer": "FIN-WS-046", "TimeCreated": "2026-06-15T17:24:03.584020", "Channel": "Security", "event_id": "evt-normal-637774", "ground_truth": false, "attack_stage": null, "scenario": null, "mitre": null, "attacker": null, "victim": null, "confidence": 0, "EventID": 9999, "Description": "Generic Windows Log", "EventData": {"event_id": "evt-normal-637774", "timestamp": "2026-06-15T17:24:03.584020", "company_id": "06992447-dfb8-467b-9a68-e403e3958657", "host": "FIN-WS-046", "ip_address": "10.71.2.96", "username": "lnelson", "user_role": "Sales_Rep", "os_type": "Windows", "ground_truth": false, "scenario": null, "mitre": null, "attacker": null, "victim": null, "confidence": 0, "event_type": "DNSQuery", "query": "internal-wiki.local", "record_type": "A", "resolved_ip": "192.168.191.173"}}
{"Source": "Microsoft-Windows-Security-Auditing", "ProviderName": "Microsoft-Windows-Security-Auditing", "Computer": "FIN-WS-030", "TimeCreated": "2026-06-15T17:32:33.584020", "Channel": "Security", "event_id": "evt-normal-291883", "ground_truth": false, "attack_stage": null, "scenario": null, "mitre": null, "attacker": null, "victim": null, "confidence": 0, "EventID": 9999, "Description": "Generic Windows Log", "EventData": {"event_id": "evt-normal-291883", "timestamp": "2026-06-15T17:32:33.584020", "company_id": "06992447-dfb8-467b-9a68-e403e3958657", "host": "FIN-WS-030", "ip_address": "10.71.2.80", "username": "dpowell", "user_role": "Executive", "os_type": "Windows", "ground_truth": false, "scenario": null, "mitre": null, "attacker": null, "victim": null, "confidence": 0, "event_type": "PrintJob", "document_name": "Monthly_Review.pdf", "printer_name": "PRN-OFFICE-COLOR-01", "pages": 4}}
{"log_source": "syslog", "Computer": "FIN-WS-043", "TimeCreated": "2026-06-15T17:40:03.584020", "event_id": "evt-normal-241873", "ground_truth": false, "attack_stage": null, "scenario": null, "mitre": null, "attacker": null, "victim": null, "confidence": 0, "message": "2026-06-15T17:40:03.584020 FIN-WS-043 systemd[1]: Started SOCForge Simulated Activity."}
{"Source": "Microsoft-Windows-Security-Auditing", "ProviderName": "Microsoft-Windows-Security-Auditing", "Computer": "FIN-WS-050", "TimeCreated": "2026-06-15T17:48:33.584020", "Channel": "Security", "event_id": "evt-normal-348657", "ground_truth": false, "attack_stage": null, "scenario": null, "mitre": null, "attacker": null, "victim": null, "confidence": 0, "EventID": 9999, "Description": "Generic Windows Log", "EventData": {"event_id": "evt-normal-348657", "timestamp": "2026-06-15T17:48:33.584020", "company_id": "06992447-dfb8-467b-9a68-e403e3958657", "host": "FIN-WS-050", "ip_address": "10.71.2.100", "username": "rschmidt", "user_role": "Network_Admin", "os_type": "Windows", "ground_truth": false, "scenario": null, "mitre": null, "attacker": null, "victim": null, "confidence": 0, "event_type": "USBInsert", "device_id": "USBSTOR\\DISK&VEN_SANDISK&PROD_CRUZER\\4e71a3ad-9554-4d31-aae0-f5822464c545", "drive_letter": "E:"}}
{"Source": "Microsoft-Windows-Security-Auditing", "ProviderName": "Microsoft-Windows-Security-Auditing", "Computer": "FIN-WS-039", "TimeCreated": "2026-06-15T17:53:33.584020", "Channel": "Security", "event_id": "evt-normal-930885", "ground_truth": false, "attack_stage": null, "scenario": null, "mitre": null, "attacker": null, "victim": null, "confidence": 0, "EventID": 9999, "Description": "Generic Windows Log", "EventData": {"event_id": "evt-normal-930885", "timestamp": "2026-06-15T17:53:33.584020", "company_id": "06992447-dfb8-467b-9a68-e403e3958657", "host": "FIN-WS-039", "ip_address": "10.71.2.89", "username": "bbeck", "user_role": "HR_Specialist", "os_type": "Windows", "ground_truth": false, "scenario": null, "mitre": null, "attacker": null, "victim": null, "confidence": 0, "event_type": "PrintJob", "document_name": "Monthly_Review.pdf", "printer_name": "PRN-OFFICE-COLOR-01", "pages": 1}}
{"log_source": "syslog", "Computer": "FIN-WS-036", "TimeCreated": "2026-06-15T17:56:33.584020", "event_id": "evt-normal-683182", "ground_truth": false, "attack_stage": null, "scenario": null, "mitre": null, "attacker": null, "victim": null, "confidence": 0, "message": "2026-06-15T17:56:33.584020 FIN-WS-036 systemd[1]: Started SOCForge Simulated Activity."}
{"Source": "Microsoft-Windows-Security-Auditing", "ProviderName": "Microsoft-Windows-Security-Auditing", "Computer": "FIN-WS-051", "TimeCreated": "2026-06-15T18:10:33.584020", "Channel": "Security", "event_id": "evt-normal-373616", "ground_truth": false, "attack_stage": null, "scenario": null, "mitre": null, "attacker": null, "victim": null, "confidence": 0, "EventID": 9999, "Description": "Generic Windows Log", "EventData": {"event_id": "evt-normal-373616", "timestamp": "2026-06-15T18:10:33.584020", "company_id": "06992447-dfb8-467b-9a68-e403e3958657", "host": "FIN-WS-051", "ip_address": "10.71.2.101", "username": "chunt", "user_role": "HR_Specialist", "os_type": "Windows", "ground_truth": false, "scenario": null, "mitre": null, "attacker": null, "victim": null, "confidence": 0, "event_type": "NetworkConnection", "destination_ip": "192.168.246.31", "destination_port": 443, "direction": "Outbound", "protocol": "TCP"}}
{"Source": "Microsoft-Windows-Security-Auditing", "ProviderName": "Microsoft-Windows-Security-Auditing", "Computer": "FIN-WS-005", "TimeCreated": "2026-06-15T18:31:03.584020", "Channel": "Security", "event_id": "evt-normal-348323", "ground_truth": false, "attack_stage": null, "scenario": null, "mitre": null, "attacker": null, "victim": null, "confidence": 0, "EventID": 9999, "Description": "Generic Windows Log", "EventData": {"event_id": "evt-normal-348323", "timestamp": "2026-06-15T18:31:03.584020", "company_id": "06992447-dfb8-467b-9a68-e403e3958657", "host": "FIN-WS-005", "ip_address": "10.71.2.55", "username": "boliver", "user_role": "Marketing_Specialist", "os_type": "Windows", "ground_truth": false, "scenario": null, "mitre": null, "attacker": null, "victim": null, "confidence": 0, "event_type": "PrintJob", "document_name": "Monthly_Review.pdf", "printer_name": "PRN-OFFICE-COLOR-01", "pages": 5}}
{"Source": "Microsoft-Windows-Security-Auditing", "ProviderName": "Microsoft-Windows-Security-Auditing", "Computer": "FIN-WS-005", "TimeCreated": "2026-06-15T19:08:03.584020", "Channel": "Security", "event_id": "evt-normal-161631", "ground_truth": false, "attack_stage": null, "scenario": null, "mitre": null, "attacker": null, "victim": null, "confidence": 0, "EventID": 9999, "Description": "Generic Windows Log", "EventData": {"event_id": "evt-normal-161631", "timestamp": "2026-06-15T19:08:03.584020", "company_id": "06992447-dfb8-467b-9a68-e403e3958657", "host": "FIN-WS-005", "ip_address": "10.71.2.55", "username": "dstewart", "user_role": "Sales_Rep", "os_type": "Windows", "ground_truth": false, "scenario": null, "mitre": null, "attacker": null, "victim": null, "confidence": 0, "event_type": "NetworkConnection", "destination_ip": "192.168.244.116", "destination_port": 80, "direction": "Outbound", "protocol": "TCP"}}
{"Source": "Microsoft-Windows-Sysmon", "ProviderName": "Microsoft-Windows-Sysmon", "Computer": "FIN-WS-022", "TimeCreated": "2026-06-15T20:07:03.584020", "Channel": "Microsoft-Windows-Sysmon/Operational", "event_id": "evt-normal-981147", "ground_truth": false, "attack_stage": null, "scenario": null, "mitre": null, "attacker": null, "victim": null, "confidence": 0, "EventID": 1, "Description": "Process Create", "EventData": {"UtcTime": "2026-06-15T20:07:03.584020", "ProcessGuid": "{A2C21C30-D321-6B65-0000-0010DF6D2000}", "ProcessId": 4820, "Image": "C:\\Windows\\System32\\teams.exe", "CommandLine": "C:\\Windows\\System32\\teams.exe", "CurrentDirectory": "C:\\Windows\\system32\\", "User": "CORP\\sjordan", "ParentProcessGuid": "{A2C21C30-D320-6B65-0000-0010C46D2000}", "ParentProcessId": 1024, "ParentImage": "C:\\Windows\\explorer.exe", "ParentCommandLine": "C:\\Windows\\explorer.exe"}}
{"Source": "Microsoft-Windows-Security-Auditing", "ProviderName": "Microsoft-Windows-Security-Auditing", "Computer": "FIN-WS-001", "TimeCreated": "2026-06-15T22:19:03.584020", "Channel": "Security", "event_id": "evt-100001", "ground_truth": true, "attack_stage": "Initial Access", "scenario": "APT29", "mitre": "T1566", "attacker": "APT29-MalDomain", "victim": "FIN-WS-001", "confidence": 100, "EventID": 9999, "Description": "Generic Windows Log", "EventData": {"event_id": "evt-100001", "timestamp": "2026-06-15T22:19:03.584020", "event_type": "ProxyAccess", "host": "FIN-WS-001", "ip_address": "10.71.2.51", "username": "mmartin", "os_type": "Windows", "ground_truth": true, "attack_stage": "Initial Access", "scenario": "APT29", "mitre": "T1566", "attacker": "APT29-MalDomain", "victim": "FIN-WS-001", "confidence": 100, "method": "GET", "url": "http://malicious-update.com/payload.exe"}}
{"Source": "Microsoft-Windows-Sysmon", "ProviderName": "Microsoft-Windows-Sysmon", "Computer": "FIN-WS-008", "TimeCreated": "2026-06-15T22:30:03.584020", "Channel": "Microsoft-Windows-Sysmon/Operational", "event_id": "evt-normal-963340", "ground_truth": false, "attack_stage": null, "scenario": null, "mitre": null, "attacker": null, "victim": null, "confidence": 0, "EventID": 11, "Description": "File created", "EventData": {"UtcTime": "2026-06-15T22:30:03.584020", "ProcessGuid": "{A2C21C30-D321-6B65-0000-0010DF6D2000}", "ProcessId": 4820, "Image": "C:\\Windows\\System32\\notepad.exe", "TargetFilename": "C:\\Users\\mlopez\\Documents\\report.txt", "CreationUtcTime": "2026-06-15T22:30:03.584020"}}
{"Source": "Microsoft-Windows-Sysmon", "ProviderName": "Microsoft-Windows-Sysmon", "Computer": "FIN-WS-001", "TimeCreated": "2026-06-15T22:34:03.584020", "Channel": "Microsoft-Windows-Sysmon/Operational", "event_id": "evt-100002", "ground_truth": true, "attack_stage": "Persistence", "scenario": "APT29", "mitre": "T1053", "attacker": "APT29-Actor", "victim": "FIN-WS-001", "confidence": 100, "EventID": 1, "Description": "Process Create", "EventData": {"UtcTime": "2026-06-15T22:34:03.584020", "ProcessGuid": "{A2C21C30-D321-6B65-0000-0010DF6D2000}", "ProcessId": 4820, "Image": "C:\\Windows\\System32\\schtasks.exe", "CommandLine": "schtasks /create /tn \"WindowsUpdater\" /tr \"C:\\Windows\\Temp\\payload.exe\" /sc hourly", "CurrentDirectory": "C:\\Windows\\system32\\", "User": "CORP\\SYSTEM", "ParentProcessGuid": "{A2C21C30-D320-6B65-0000-0010C46D2000}", "ParentProcessId": 1024, "ParentImage": "C:\\Windows\\explorer.exe", "ParentCommandLine": "C:\\Windows\\explorer.exe"}}
{"Source": "Microsoft-Windows-Security-Auditing", "ProviderName": "Microsoft-Windows-Security-Auditing", "Computer": "FIN-WS-027", "TimeCreated": "2026-06-15T22:35:33.584020", "Channel": "Security", "event_id": "evt-normal-350530", "ground_truth": false, "attack_stage": null, "scenario": null, "mitre": null, "attacker": null, "victim": null, "confidence": 0, "EventID": 9999, "Description": "Generic Windows Log", "EventData": {"event_id": "evt-normal-350530", "timestamp": "2026-06-15T22:35:33.584020", "company_id": "06992447-dfb8-467b-9a68-e403e3958657", "host": "FIN-WS-027", "ip_address": "10.71.2.77", "username": "klee", "user_role": "Finance_Analyst", "os_type": "Windows", "ground_truth": false, "scenario": null, "mitre": null, "attacker": null, "victim": null, "confidence": 0, "event_type": "DNSQuery", "query": "stripe.com", "record_type": "A", "resolved_ip": "192.168.157.81"}}
{"Source": "Microsoft-Windows-Sysmon", "ProviderName": "Microsoft-Windows-Sysmon", "Computer": "FIN-WS-001", "TimeCreated": "2026-06-15T23:34:03.584020", "Channel": "Microsoft-Windows-Sysmon/Operational", "event_id": "evt-100003", "ground_truth": true, "attack_stage": "Privilege Escalation", "scenario": "APT29", "mitre": "T1078", "attacker": "APT29-Actor", "victim": "FIN-WS-001", "confidence": 100, "EventID": 1, "Description": "Process Create", "EventData": {"UtcTime": "2026-06-15T23:34:03.584020", "ProcessGuid": "{A2C21C30-D321-6B65-0000-0010DF6D2000}", "ProcessId": 4820, "Image": "C:\\Windows\\System32\\powershell.exe", "CommandLine": "powershell.exe -ExecutionPolicy Bypass -File C:\\Windows\\Temp\\privesc.ps1", "CurrentDirectory": "C:\\Windows\\system32\\", "User": "CORP\\SYSTEM", "ParentProcessGuid": "{A2C21C30-D320-6B65-0000-0010C46D2000}", "ParentProcessId": 1024, "ParentImage": "C:\\Windows\\explorer.exe", "ParentCommandLine": "C:\\Windows\\explorer.exe"}}
{"Source": "Microsoft-Windows-Sysmon", "ProviderName": "Microsoft-Windows-Sysmon", "Computer": "FIN-WS-001", "TimeCreated": "2026-06-15T23:44:03.584020", "Channel": "Microsoft-Windows-Sysmon/Operational", "event_id": "evt-100004", "ground_truth": true, "attack_stage": "Discovery", "scenario": "APT29", "mitre": "T1078", "attacker": "APT29-Actor", "victim": "FIN-WS-001", "confidence": 100, "EventID": 1, "Description": "Process Create", "EventData": {"UtcTime": "2026-06-15T23:44:03.584020", "ProcessGuid": "{A2C21C30-D321-6B65-0000-0010DF6D2000}", "ProcessId": 4820, "Image": "C:\\Windows\\System32\\net.exe", "CommandLine": "net group \"domain admins\" /domain", "CurrentDirectory": "C:\\Windows\\system32\\", "User": "CORP\\SYSTEM", "ParentProcessGuid": "{A2C21C30-D320-6B65-0000-0010C46D2000}", "ParentProcessId": 1024, "ParentImage": "C:\\Windows\\explorer.exe", "ParentCommandLine": "C:\\Windows\\explorer.exe"}}
{"Source": "Microsoft-Windows-Security-Auditing", "ProviderName": "Microsoft-Windows-Security-Auditing", "Computer": "FIN-WS-001", "TimeCreated": "2026-06-16T01:44:03.584020", "Channel": "Security", "event_id": "evt-100005", "ground_truth": true, "attack_stage": "Lateral Movement", "scenario": "APT29", "mitre": "T1021", "attacker": "FIN-WS-001", "victim": "FIN-DC-01", "confidence": 100, "EventID": 9999, "Description": "Generic Windows Log", "EventData": {"event_id": "evt-100005", "timestamp": "2026-06-16T01:44:03.584020", "event_type": "NetworkConnection", "host": "FIN-WS-001", "ip_address": "10.71.2.51", "username": "mmartin", "os_type": "Windows", "ground_truth": true, "attack_stage": "Lateral Movement", "scenario": "APT29", "mitre": "T1021", "attacker": "FIN-WS-001", "victim": "FIN-DC-01", "confidence": 100, "destination_ip": "10.71.1.10", "destination_port": 445, "protocol": "TCP"}}
{"Source": "Microsoft-Windows-Security-Auditing", "ProviderName": "Microsoft-Windows-Security-Auditing", "Computer": "FIN-DC-01", "TimeCreated": "2026-06-16T01:44:03.584020", "Channel": "Security", "event_id": "evt-100006", "ground_truth": true, "attack_stage": "Lateral Movement", "scenario": "APT29", "mitre": "T1021", "attacker": "10.71.2.51", "victim": "FIN-DC-01", "confidence": 100, "EventID": 4624, "Description": "An account was successfully logged on.", "EventData": {"TargetUserName": "Administrator", "TargetDomainName": "WORKGROUP", "LogonType": 3, "IpAddress": "127.0.0.1", "IpPort": "0"}}
{"Source": "Microsoft-Windows-Sysmon", "ProviderName": "Microsoft-Windows-Sysmon", "Computer": "FIN-DC-01", "TimeCreated": "2026-06-16T02:14:03.584020", "Channel": "Microsoft-Windows-Sysmon/Operational", "event_id": "evt-100007", "ground_truth": true, "attack_stage": "Collection", "scenario": "APT29", "mitre": "T1114", "attacker": "APT29-Actor", "victim": "FIN-DC-01", "confidence": 100, "EventID": 1, "Description": "Process Create", "EventData": {"UtcTime": "2026-06-16T02:14:03.584020", "ProcessGuid": "{A2C21C30-D321-6B65-0000-0010DF6D2000}", "ProcessId": 4820, "Image": "C:\\Windows\\System32\\ntdsutil.exe", "CommandLine": "ntdsutil \"ac i ntds\" \"ifm\" \"create full C:\\temp\\ntds\" q q", "CurrentDirectory": "C:\\Windows\\system32\\", "User": "CORP\\Administrator", "ParentProcessGuid": "{A2C21C30-D320-6B65-0000-0010C46D2000}", "ParentProcessId": 1024, "ParentImage": "C:\\Windows\\explorer.exe", "ParentCommandLine": "C:\\Windows\\explorer.exe"}}
{"Source": "Microsoft-Windows-Security-Auditing", "ProviderName": "Microsoft-Windows-Security-Auditing", "Computer": "FIN-DC-01", "TimeCreated": "2026-06-16T02:24:03.584020", "Channel": "Security", "event_id": "evt-100008", "ground_truth": true, "attack_stage": "Exfiltration", "scenario": "APT29", "mitre": "T1048", "attacker": "FIN-DC-01", "victim": "203.0.113.50", "confidence": 100, "EventID": 9999, "Description": "Generic Windows Log", "EventData": {"event_id": "evt-100008", "timestamp": "2026-06-16T02:24:03.584020", "event_type": "NetworkConnection", "host": "FIN-DC-01", "ip_address": "10.71.1.10", "username": "Administrator", "os_type": "Windows", "ground_truth": true, "attack_stage": "Exfiltration", "scenario": "APT29", "mitre": "T1048", "attacker": "FIN-DC-01", "victim": "203.0.113.50", "confidence": 100, "destination_ip": "203.0.113.50", "destination_port": 443, "bytes_sent": 45000000}}
{"Source": "Microsoft-Windows-Sysmon", "ProviderName": "Microsoft-Windows-Sysmon", "Computer": "FIN-WS-038", "TimeCreated": "2026-06-16T04:11:33.584020", "Channel": "Microsoft-Windows-Sysmon/Operational", "event_id": "evt-normal-291538", "ground_truth": false, "attack_stage": null, "scenario": null, "mitre": null, "attacker": null, "victim": null, "confidence": 0, "EventID": 1, "Description": "Process Create", "EventData": {"UtcTime": "2026-06-16T04:11:33.584020", "ProcessGuid": "{A2C21C30-D321-6B65-0000-0010DF6D2000}", "ProcessId": 4820, "Image": "C:\\Windows\\System32\\resumes-viewer.exe", "CommandLine": "C:\\Windows\\System32\\resumes-viewer.exe", "CurrentDirectory": "C:\\Windows\\system32\\", "User": "CORP\\kwhite", "ParentProcessGuid": "{A2C21C30-D320-6B65-0000-0010C46D2000}", "ParentProcessId": 1024, "ParentImage": "C:\\Windows\\explorer.exe", "ParentCommandLine": "C:\\Windows\\explorer.exe"}}
{"Source": "Microsoft-Windows-Security-Auditing", "ProviderName": "Microsoft-Windows-Security-Auditing", "Computer": "FIN-WS-010", "TimeCreated": "2026-06-16T04:15:03.584020", "Channel": "Security", "event_id": "evt-normal-619287", "ground_truth": false, "attack_stage": null, "scenario": null, "mitre": null, "attacker": null, "victim": null, "confidence": 0, "EventID": 9999, "Description": "Generic Windows Log", "EventData": {"event_id": "evt-normal-619287", "timestamp": "2026-06-16T04:15:03.584020", "company_id": "06992447-dfb8-467b-9a68-e403e3958657", "host": "FIN-WS-010", "ip_address": "10.71.2.60", "username": "cjones", "user_role": "Accountant", "os_type": "Windows", "ground_truth": false, "scenario": null, "mitre": null, "attacker": null, "victim": null, "confidence": 0, "event_type": "NetworkConnection", "destination_ip": "192.168.94.250", "destination_port": 80, "direction": "Outbound", "protocol": "TCP"}}
{"log_source": "syslog", "Computer": "FIN-WS-016", "TimeCreated": "2026-06-16T04:42:33.584020", "event_id": "evt-normal-917181", "ground_truth": false, "attack_stage": null, "scenario": null, "mitre": null, "attacker": null, "victim": null, "confidence": 0, "message": "2026-06-16T04:42:33.584020 FIN-WS-016 systemd[1]: Started SOCForge Simulated Activity."}
{"Source": "Microsoft-Windows-Security-Auditing", "ProviderName": "Microsoft-Windows-Security-Auditing", "Computer": "FIN-WS-049", "TimeCreated": "2026-06-16T06:17:33.584020", "Channel": "Security", "event_id": "evt-normal-301711", "ground_truth": false, "attack_stage": null, "scenario": null, "mitre": null, "attacker": null, "victim": null, "confidence": 0, "EventID": 9999, "Description": "Generic Windows Log", "EventData": {"event_id": "evt-normal-301711", "timestamp": "2026-06-16T06:17:33.584020", "company_id": "06992447-dfb8-467b-9a68-e403e3958657", "host": "FIN-WS-049", "ip_address": "10.71.2.99", "username": "mwhitaker", "user_role": "Finance_Analyst", "os_type": "Windows", "ground_truth": false, "scenario": null, "mitre": null, "attacker": null, "victim": null, "confidence": 0, "event_type": "DNSQuery", "query": "stackoverflow.com", "record_type": "A", "resolved_ip": "192.168.122.167"}}
{"Source": "Microsoft-Windows-Security-Auditing", "ProviderName": "Microsoft-Windows-Security-Auditing", "Computer": "FIN-WS-044", "TimeCreated": "2026-06-16T08:13:03.584020", "Channel": "Security", "event_id": "evt-normal-132461", "ground_truth": false, "attack_stage": null, "scenario": null, "mitre": null, "attacker": null, "victim": null, "confidence": 0, "EventID": 9999, "Description": "Generic Windows Log", "EventData": {"event_id": "evt-normal-132461", "timestamp": "2026-06-16T08:13:03.584020", "company_id": "06992447-dfb8-467b-9a68-e403e3958657", "host": "FIN-WS-044", "ip_address": "10.71.2.94", "username": "jbrown", "user_role": "Executive", "os_type": "Windows", "ground_truth": false, "scenario": null, "mitre": null, "attacker": null, "victim": null, "confidence": 0, "event_type": "USBInsert", "device_id": "USBSTOR\\DISK&VEN_SANDISK&PROD_CRUZER\\ad73f057-851b-471e-9ee5-2510570ec39c", "drive_letter": "F:"}}
{"Source": "Microsoft-Windows-Security-Auditing", "ProviderName": "Microsoft-Windows-Security-Auditing", "Computer": "FIN-WS-007", "TimeCreated": "2026-06-16T08:20:33.584020", "Channel": "Security", "event_id": "evt-normal-544543", "ground_truth": false, "attack_stage": null, "scenario": null, "mitre": null, "attacker": null, "victim": null, "confidence": 0, "EventID": 9999, "Description": "Generic Windows Log", "EventData": {"event_id": "evt-normal-544543", "timestamp": "2026-06-16T08:20:33.584020", "company_id": "06992447-dfb8-467b-9a68-e403e3958657", "host": "FIN-WS-007", "ip_address": "10.71.2.57", "username": "csanchez", "user_role": "Marketing_Specialist", "os_type": "Windows", "ground_truth": false, "scenario": null, "mitre": null, "attacker": null, "victim": null, "confidence": 0, "event_type": "PrintJob", "document_name": "Monthly_Review.pdf", "printer_name": "PRN-OFFICE-COLOR-01", "pages": 2}}
