{"Source": "Microsoft-Windows-Sysmon", "ProviderName": "Microsoft-Windows-Sysmon", "Computer": "FIN-WS-025", "TimeCreated": "2026-06-18T08:22:33.584020", "Channel": "Microsoft-Windows-Sysmon/Operational", "event_id": "evt-normal-395466", "ground_truth": false, "attack_stage": null, "scenario": null, "mitre": null, "attacker": null, "victim": null, "confidence": 0, "EventID": 1, "Description": "Process Create", "EventData": {"UtcTime": "2026-06-18T08:22:33.584020", "ProcessGuid": "{A2C21C30-D321-6B65-0000-0010DF6D2000}", "ProcessId": 4820, "Image": "C:\\Windows\\System32\\explorer.exe", "CommandLine": "C:\\Windows\\System32\\explorer.exe", "CurrentDirectory": "C:\\Windows\\system32\\", "User": "CORP\\nstout", "ParentProcessGuid": "{A2C21C30-D320-6B65-0000-0010C46D2000}", "ParentProcessId": 1024, "ParentImage": "C:\\Windows\\explorer.exe", "ParentCommandLine": "C:\\Windows\\explorer.exe"}}
{"Source": "Microsoft-Windows-Security-Auditing", "ProviderName": "Microsoft-Windows-Security-Auditing", "Computer": "FIN-WS-040", "TimeCreated": "2026-06-18T08:46:33.584020", "Channel": "Security", "event_id": "evt-normal-389059", "ground_truth": false, "attack_stage": null, "scenario": null, "mitre": null, "attacker": null, "victim": null, "confidence": 0, "EventID": 9999, "Description": "Generic Windows Log", "EventData": {"event_id": "evt-normal-389059", "timestamp": "2026-06-18T08:46:33.584020", "company_id": "06992447-dfb8-467b-9a68-e403e3958657", "host": "FIN-WS-040", "ip_address": "10.71.2.90", "username": "bcastro", "user_role": "Executive", "os_type": "Windows", "ground_truth": false, "scenario": null, "mitre": null, "attacker": null, "victim": null, "confidence": 0, "event_type": "DNSQuery", "query": "google.com", "record_type": "A", "resolved_ip": "192.168.217.209"}}
{"Source": "Microsoft-Windows-Security-Auditing", "ProviderName": "Microsoft-Windows-Security-Auditing", "Computer": "FIN-WS-005", "TimeCreated": "2026-06-18T08:49:33.584020", "Channel": "Security", "event_id": "evt-normal-692426", "ground_truth": false, "attack_stage": null, "scenario": null, "mitre": null, "attacker": null, "victim": null, "confidence": 0, "EventID": 4624, "Description": "An account was successfully logged on.", "EventData": {"TargetUserName": "jthompson", "TargetDomainName": "WORKGROUP", "LogonType": 2, "IpAddress": "10.24.127.159", "IpPort": "0"}}
{"log_source": "auth.log", "Computer": "FIN-WS-028", "TimeCreated": "2026-06-18T09:08:03.584020", "event_id": "evt-normal-474774", "ground_truth": false, "attack_stage": null, "scenario": null, "mitre": null, "attacker": null, "victim": null, "confidence": 0, "message": "2026-06-18T09:08:03.584020 FIN-WS-028 sshd[4102]: Accepted publickey for nstout from 10.71.2.78 port 64574 ssh2"}
{"Source": "Microsoft-Windows-Security-Auditing", "ProviderName": "Microsoft-Windows-Security-Auditing", "Computer": "FIN-WS-014", "TimeCreated": "2026-06-18T09:11:03.584020", "Channel": "Security", "event_id": "evt-normal-430419", "ground_truth": false, "attack_stage": null, "scenario": null, "mitre": null, "attacker": null, "victim": null, "confidence": 0, "EventID": 9999, "Description": "Generic Windows Log", "EventData": {"event_id": "evt-normal-430419", "timestamp": "2026-06-18T09:11:03.584020", "company_id": "06992447-dfb8-467b-9a68-e403e3958657", "host": "FIN-WS-014", "ip_address": "10.71.2.64", "username": "sarroyo", "user_role": "Marketing_Specialist", "os_type": "Windows", "ground_truth": false, "scenario": null, "mitre": null, "attacker": null, "victim": null, "confidence": 0, "event_type": "USBInsert", "device_id": "USBSTOR\\DISK&VEN_SANDISK&PROD_CRUZER\\669a3f5b-8056-441b-9da5-5115656a715b", "drive_letter": "G:"}}
{"Source": "Microsoft-Windows-Sysmon", "ProviderName": "Microsoft-Windows-Sysmon", "Computer": "FIN-WS-006", "TimeCreated": "2026-06-18T09:21:03.584020", "Channel": "Microsoft-Windows-Sysmon/Operational", "event_id": "evt-normal-977584", "ground_truth": false, "attack_stage": null, "scenario": null, "mitre": null, "attacker": null, "victim": null, "confidence": 0, "EventID": 11, "Description": "File created", "EventData": {"UtcTime": "2026-06-18T09:21:03.584020", "ProcessGuid": "{A2C21C30-D321-6B65-0000-0010DF6D2000}", "ProcessId": 4820, "Image": "C:\\Windows\\System32\\notepad.exe", "TargetFilename": "C:\\Users\\dstewart\\Documents\\report.txt", "CreationUtcTime": "2026-06-18T09:21:03.584020"}}
{"Source": "Microsoft-Windows-Security-Auditing", "ProviderName": "Microsoft-Windows-Security-Auditing", "Computer": "FIN-WS-042", "TimeCreated": "2026-06-18T09:22:33.584020", "Channel": "Security", "event_id": "evt-normal-718527", "ground_truth": false, "attack_stage": null, "scenario": null, "mitre": null, "attacker": null, "victim": null, "confidence": 0, "EventID": 4624, "Description": "An account was successfully logged on.", "EventData": {"TargetUserName": "csanchez", "TargetDomainName": "WORKGROUP", "LogonType": 2, "IpAddress": "10.195.104.228", "IpPort": "0"}}
{"Source": "Microsoft-Windows-Sysmon", "ProviderName": "Microsoft-Windows-Sysmon", "Computer": "FIN-WS-013", "TimeCreated": "2026-06-18T09:25:33.584020", "Channel": "Microsoft-Windows-Sysmon/Operational", "event_id": "evt-normal-135032", "ground_truth": false, "attack_stage": null, "scenario": null, "mitre": null, "attacker": null, "victim": null, "confidence": 0, "EventID": 11, "Description": "File created", "EventData": {"UtcTime": "2026-06-18T09:25:33.584020", "ProcessGuid": "{A2C21C30-D321-6B65-0000-0010DF6D2000}", "ProcessId": 4820, "Image": "C:\\Windows\\System32\\notepad.exe", "TargetFilename": "C:\\Users\\jluna\\Documents\\report.txt", "CreationUtcTime": "2026-06-18T09:25:33.584020"}}
{"Source": "Microsoft-Windows-Security-Auditing", "ProviderName": "Microsoft-Windows-Security-Auditing", "Computer": "FIN-WS-007", "TimeCreated": "2026-06-18T09:31:03.584020", "Channel": "Security", "event_id": "evt-normal-466069", "ground_truth": false, "attack_stage": null, "scenario": null, "mitre": null, "attacker": null, "victim": null, "confidence": 0, "EventID": 9999, "Description": "Generic Windows Log", "EventData": {"event_id": "evt-normal-466069", "timestamp": "2026-06-18T09:31:03.584020", "company_id": "06992447-dfb8-467b-9a68-e403e3958657", "host": "FIN-WS-007", "ip_address": "10.71.2.57", "username": "dbooth", "user_role": "Helpdesk", "os_type": "Windows", "ground_truth": false, "scenario": null, "mitre": null, "attacker": null, "victim": null, "confidence": 0, "event_type": "USBInsert", "device_id": "USBSTOR\\DISK&VEN_SANDISK&PROD_CRUZER\\553c66c5-f5a3-4a96-9c23-4fefde00cf8e", "drive_letter": "F:"}}
{"Source": "Microsoft-Windows-Sysmon", "ProviderName": "Microsoft-Windows-Sysmon", "Computer": "FIN-WS-012", "TimeCreated": "2026-06-18T09:35:03.584020", "Channel": "Microsoft-Windows-Sysmon/Operational", "event_id": "evt-normal-224940", "ground_truth": false, "attack_stage": null, "scenario": null, "mitre": null, "attacker": null, "victim": null, "confidence": 0, "EventID": 11, "Description": "File created", "EventData": {"UtcTime": "2026-06-18T09:35:03.584020", "ProcessGuid": "{A2C21C30-D321-6B65-0000-0010DF6D2000}", "ProcessId": 4820, "Image": "C:\\Windows\\System32\\notepad.exe", "TargetFilename": "C:\\Users\\kmurphy\\Documents\\report.txt", "CreationUtcTime": "2026-06-18T09:35:03.584020"}}
{"Source": "Microsoft-Windows-Security-Auditing", "ProviderName": "Microsoft-Windows-Security-Auditing", "Computer": "FIN-WS-015", "TimeCreated": "2026-06-18T09:36:33.584020", "Channel": "Security", "event_id": "evt-normal-996921", "ground_truth": false, "attack_stage": null, "scenario": null, "mitre": null, "attacker": null, "victim": null, "confidence": 0, "EventID": 9999, "Description": "Generic Windows Log", "EventData": {"event_id": "evt-normal-996921", "timestamp": "2026-06-18T09:36:33.584020", "company_id": "06992447-dfb8-467b-9a68-e403e3958657", "host": "FIN-WS-015", "ip_address": "10.71.2.65", "username": "dpowell", "user_role": "Executive", "os_type": "Windows", "ground_truth": false, "scenario": null, "mitre": null, "attacker": null, "victim": null, "confidence": 0, "event_type": "PrintJob", "document_name": "Monthly_Review.pdf", "printer_name": "PRN-OFFICE-COLOR-01", "pages": 3}}
{"Source": "Microsoft-Windows-Sysmon", "ProviderName": "Microsoft-Windows-Sysmon", "Computer": "FIN-WS-015", "TimeCreated": "2026-06-18T09:38:03.584020", "Channel": "Microsoft-Windows-Sysmon/Operational", "event_id": "evt-normal-290186", "ground_truth": false, "attack_stage": null, "scenario": null, "mitre": null, "attacker": null, "victim": null, "confidence": 0, "EventID": 1, "Description": "Process Create", "EventData": {"UtcTime": "2026-06-18T09:38:03.584020", "ProcessGuid": "{A2C21C30-D321-6B65-0000-0010DF6D2000}", "ProcessId": 4820, "Image": "C:\\Windows\\System32\\explorer.exe", "CommandLine": "C:\\Windows\\System32\\explorer.exe", "CurrentDirectory": "C:\\Windows\\system32\\", "User": "CORP\\dpowell", "ParentProcessGuid": "{A2C21C30-D320-6B65-0000-0010C46D2000}", "ParentProcessId": 1024, "ParentImage": "C:\\Windows\\explorer.exe", "ParentCommandLine": "C:\\Windows\\explorer.exe"}}
{"Source": "Microsoft-Windows-Security-Auditing", "ProviderName": "Microsoft-Windows-Security-Auditing", "Computer": "FIN-WS-007", "TimeCreated": "2026-06-18T10:04:03.584020", "Channel": "Security", "event_id": "evt-normal-484635", "ground_truth": false, "attack_stage": null, "scenario": null, "mitre": null, "attacker": null, "victim": null, "confidence": 0, "EventID": 9999, "Description": "Generic Windows Log", "EventData": {"event_id": "evt-normal-484635", "timestamp": "2026-06-18T10:04:03.584020", "company_id": "06992447-dfb8-467b-9a68-e403e3958657", "host": "FIN-WS-007", "ip_address": "10.71.2.57", "username": "mlopez", "user_role": "Security_Analyst", "os_type": "Windows", "ground_truth": false, "scenario": null, "mitre": null, "attacker": null, "victim": null, "confidence": 0, "event_type": "PrintJob", "document_name": "Monthly_Review.pdf", "printer_name": "PRN-OFFICE-COLOR-01", "pages": 1}}
{"Source": "Microsoft-Windows-Security-Auditing", "ProviderName": "Microsoft-Windows-Security-Auditing", "Computer": "FIN-WS-038", "TimeCreated": "2026-06-18T10:05:33.584020", "Channel": "Security", "event_id": "evt-normal-672644", "ground_truth": false, "attack_stage": null, "scenario": null, "mitre": null, "attacker": null, "victim": null, "confidence": 0, "EventID": 9999, "Description": "Generic Windows Log", "EventData": {"event_id": "evt-normal-672644", "timestamp": "2026-06-18T10:05:33.584020", "company_id": "06992447-dfb8-467b-9a68-e403e3958657", "host": "FIN-WS-038", "ip_address": "10.71.2.88", "username": "sjordan", "user_role": "Helpdesk", "os_type": "Windows", "ground_truth": false, "scenario": null, "mitre": null, "attacker": null, "victim": null, "confidence": 0, "event_type": "USBInsert", "device_id": "USBSTOR\\DISK&VEN_SANDISK&PROD_CRUZER\\0253f24a-1525-4c97-a47b-24615c5cdd08", "drive_letter": "F:"}}
{"Source": "Microsoft-Windows-Security-Auditing", "ProviderName": "Microsoft-Windows-Security-Auditing", "Computer": "FIN-WS-022", "TimeCreated": "2026-06-18T10:08:03.584020", "Channel": "Security", "event_id": "evt-normal-848197", "ground_truth": false, "attack_stage": null, "scenario": null, "mitre": null, "attacker": null, "victim": null, "confidence": 0, "EventID": 9999, "Description": "Generic Windows Log", "EventData": {"event_id": "evt-normal-848197", "timestamp": "2026-06-18T10:08:03.584020", "company_id": "06992447-dfb8-467b-9a68-e403e3958657", "host": "FIN-WS-022", "ip_address": "10.71.2.72", "username": "bvelazquez", "user_role": "Accountant", "os_type": "Windows", "ground_truth": false, "scenario": null, "mitre": null, "attacker": null, "victim": null, "confidence": 0, "event_type": "NetworkConnection", "destination_ip": "192.168.248.39", "destination_port": 80, "direction": "Outbound", "protocol": "TCP"}}
{"log_source": "syslog", "Computer": "FIN-WS-002", "TimeCreated": "2026-06-18T10:11:33.584020", "event_id": "evt-normal-306581", "ground_truth": false, "attack_stage": null, "scenario": null, "mitre": null, "attacker": null, "victim": null, "confidence": 0, "message": "2026-06-18T10:11:33.584020 FIN-WS-002 systemd[1]: Started SOCForge Simulated Activity."}
{"Source": "Microsoft-Windows-Security-Auditing", "ProviderName": "Microsoft-Windows-Security-Auditing", "Computer": "FIN-SRV-FILE", "TimeCreated": "2026-06-18T10:37:03.584020", "Channel": "Security", "event_id": "evt-normal-483509", "ground_truth": false, "attack_stage": null, "scenario": null, "mitre": null, "attacker": null, "victim": null, "confidence": 0, "EventID": 9999, "Description": "Generic Windows Log", "EventData": {"event_id": "evt-normal-483509", "timestamp": "2026-06-18T10:37:03.584020", "company_id": "06992447-dfb8-467b-9a68-e403e3958657", "host": "FIN-SRV-FILE", "ip_address": "10.71.1.20", "username": "ppierce", "user_role": "Security_Analyst", "os_type": "Windows", "ground_truth": false, "scenario": null, "mitre": null, "attacker": null, "victim": null, "confidence": 0, "event_type": "DNSQuery", "query": "linkedin.com", "record_type": "A", "resolved_ip": "192.168.133.231"}}
{"Source": "Microsoft-Windows-Security-Auditing", "ProviderName": "Microsoft-Windows-Security-Auditing", "Computer": "FIN-WS-039", "TimeCreated": "2026-06-18T10:56:33.584020", "Channel": "Security", "event_id": "evt-normal-862395", "ground_truth": false, "attack_stage": null, "scenario": null, "mitre": null, "attacker": null, "victim": null, "confidence": 0, "EventID": 9999, "Description": "Generic Windows Log", "EventData": {"event_id": "evt-normal-862395", "timestamp": "2026-06-18T10:56:33.584020", "company_id": "06992447-dfb8-467b-9a68-e403e3958657", "host": "FIN-WS-039", "ip_address": "10.71.2.89", "username": "aharris", "user_role": "HR_Manager", "os_type": "Windows", "ground_truth": false, "scenario": null, "mitre": null, "attacker": null, "victim": null, "confidence": 0, "event_type": "USBInsert", "device_id": "USBSTOR\\DISK&VEN_SANDISK&PROD_CRUZER\\07713573-6575-4acf-96df-b441f472f890", "drive_letter": "G:"}}
{"Source": "Microsoft-Windows-Sysmon", "ProviderName": "Microsoft-Windows-Sysmon", "Computer": "FIN-WS-009", "TimeCreated": "2026-06-18T10:57:03.584020", "Channel": "Microsoft-Windows-Sysmon/Operational", "event_id": "evt-normal-980725", "ground_truth": false, "attack_stage": null, "scenario": null, "mitre": null, "attacker": null, "victim": null, "confidence": 0, "EventID": 1, "Description": "Process Create", "EventData": {"UtcTime": "2026-06-18T10:57:03.584020", "ProcessGuid": "{A2C21C30-D321-6B65-0000-0010DF6D2000}", "ProcessId": 4820, "Image": "C:\\Windows\\System32\\excel.exe", "CommandLine": "C:\\Windows\\System32\\excel.exe", "CurrentDirectory": "C:\\Windows\\system32\\", "User": "CORP\\rtaylor", "ParentProcessGuid": "{A2C21C30-D320-6B65-0000-0010C46D2000}", "ParentProcessId": 1024, "ParentImage": "C:\\Windows\\explorer.exe", "ParentCommandLine": "C:\\Windows\\explorer.exe"}}
{"Source": "Microsoft-Windows-Security-Auditing", "ProviderName": "Microsoft-Windows-Security-Auditing", "Computer": "FIN-WS-037", "TimeCreated": "2026-06-18T10:57:33.584020", "Channel": "Security", "event_id": "evt-normal-834948", "ground_truth": false, "attack_stage": null, "scenario": null, "mitre": null, "attacker": null, "victim": null, "confidence": 0, "EventID": 9999, "Description": "Generic Windows Log", "EventData": {"event_id": "evt-normal-834948", "timestamp": "2026-06-18T10:57:33.584020", "company_id": "06992447-dfb8-467b-9a68-e403e3958657", "host": "FIN-WS-037", "ip_address": "10.71.2.87", "username": "mmeyer", "user_role": "Incident_Responder", "os_type": "Windows", "ground_truth": false, "scenario": null, "mitre": null, "attacker": null, "victim": null, "confidence": 0, "event_type": "USBInsert", "device_id": "USBSTOR\\DISK&VEN_SANDISK&PROD_CRUZER\\ee516294-e210-4e38-86d4-9c543b80362a", "drive_letter": "F:"}}
{"Source": "Microsoft-Windows-Security-Auditing", "ProviderName": "Microsoft-Windows-Security-Auditing", "Computer": "FIN-WS-014", "TimeCreated": "2026-06-18T11:01:03.584020", "Channel": "Security", "event_id": "evt-normal-301244", "ground_truth": false, "attack_stage": null, "scenario": null, "mitre": null, "attacker": null, "victim": null, "confidence": 0, "EventID": 9999, "Description": "Generic Windows Log", "EventData": {"event_id": "evt-normal-301244", "timestamp": "2026-06-18T11:01:03.584020", "company_id": "06992447-dfb8-467b-9a68-e403e3958657", "host": "FIN-WS-014", "ip_address": "10.71.2.64", "username": "mthompson", "user_role": "SysAdmin", "os_type": "Windows", "ground_truth": false, "scenario": null, "mitre": null, "attacker": null, "victim": null, "confidence": 0, "event_type": "NetworkConnection", "destination_ip": "192.168.212.200", "destination_port": 80, "direction": "Outbound", "protocol": "TCP"}}
{"Source": "Microsoft-Windows-Sysmon", "ProviderName": "Microsoft-Windows-Sysmon", "Computer": "FIN-WS-032", "TimeCreated": "2026-06-18T11:12:03.584020", "Channel": "Microsoft-Windows-Sysmon/Operational", "event_id": "evt-normal-717478", "ground_truth": false, "attack_stage": null, "scenario": null, "mitre": null, "attacker": null, "victim": null, "confidence": 0, "EventID": 1, "Description": "Process Create", "EventData": {"UtcTime": "2026-06-18T11:12:03.584020", "ProcessGuid": "{A2C21C30-D321-6B65-0000-0010DF6D2000}", "ProcessId": 4820, "Image": "C:\\Windows\\System32\\teams.exe", "CommandLine": "C:\\Windows\\System32\\teams.exe", "CurrentDirectory": "C:\\Windows\\system32\\", "User": "CORP\\gjensen", "ParentProcessGuid": "{A2C21C30-D320-6B65-0000-0010C46D2000}", "ParentProcessId": 1024, "ParentImage": "C:\\Windows\\explorer.exe", "ParentCommandLine": "C:\\Windows\\explorer.exe"}}
{"Source": "Microsoft-Windows-Sysmon", "ProviderName": "Microsoft-Windows-Sysmon", "Computer": "FIN-WS-019", "TimeCreated": "2026-06-18T11:13:03.584020", "Channel": "Microsoft-Windows-Sysmon/Operational", "event_id": "evt-normal-622137", "ground_truth": false, "attack_stage": null, "scenario": null, "mitre": null, "attacker": null, "victim": null, "confidence": 0, "EventID": 1, "Description": "Process Create", "EventData": {"UtcTime": "2026-06-18T11:13:03.584020", "ProcessGuid": "{A2C21C30-D321-6B65-0000-0010DF6D2000}", "ProcessId": 4820, "Image": "C:\\Windows\\System32\\excel.exe", "CommandLine": "C:\\Windows\\System32\\excel.exe", "CurrentDirectory": "C:\\Windows\\system32\\", "User": "CORP\\jluna", "ParentProcessGuid": "{A2C21C30-D320-6B65-0000-0010C46D2000}", "ParentProcessId": 1024, "ParentImage": "C:\\Windows\\explorer.exe", "ParentCommandLine": "C:\\Windows\\explorer.exe"}}
{"Source": "Microsoft-Windows-Sysmon", "ProviderName": "Microsoft-Windows-Sysmon", "Computer": "FIN-WS-015", "TimeCreated": "2026-06-18T11:29:33.584020", "Channel": "Microsoft-Windows-Sysmon/Operational", "event_id": "evt-normal-768284", "ground_truth": false, "attack_stage": null, "scenario": null, "mitre": null, "attacker": null, "victim": null, "confidence": 0, "EventID": 11, "Description": "File created", "EventData": {"UtcTime": "2026-06-18T11:29:33.584020", "ProcessGuid": "{A2C21C30-D321-6B65-0000-0010DF6D2000}", "ProcessId": 4820, "Image": "C:\\Windows\\System32\\notepad.exe", "TargetFilename": "C:\\Users\\boliver\\Documents\\report.txt", "CreationUtcTime": "2026-06-18T11:29:33.584020"}}
{"Source": "Microsoft-Windows-Security-Auditing", "ProviderName": "Microsoft-Windows-Security-Auditing", "Computer": "FIN-WS-014", "TimeCreated": "2026-06-18T11:34:33.584020", "Channel": "Security", "event_id": "evt-normal-514745", "ground_truth": false, "attack_stage": null, "scenario": null, "mitre": null, "attacker": null, "victim": null, "confidence": 0, "EventID": 9999, "Description": "Generic Windows Log", "EventData": {"event_id": "evt-normal-514745", "timestamp": "2026-06-18T11:34:33.584020", "company_id": "06992447-dfb8-467b-9a68-e403e3958657", "host": "FIN-WS-014", "ip_address": "10.71.2.64", "username": "bmorrison", "user_role": "Security_Analyst", "os_type": "Windows", "ground_truth": false, "scenario": null, "mitre": null, "attacker": null, "victim": null, "confidence": 0, "event_type": "USBInsert", "device_id": "USBSTOR\\DISK&VEN_SANDISK&PROD_CRUZER\\e094228c-0698-479f-b80c-0a5571fabc0f", "drive_letter": "G:"}}
{"Source": "Microsoft-Windows-Security-Auditing", "ProviderName": "Microsoft-Windows-Security-Auditing", "Computer": "FIN-WS-014", "TimeCreated": "2026-06-18T11:47:03.584020", "Channel": "Security", "event_id": "evt-normal-548286", "ground_truth": false, "attack_stage": null, "scenario": null, "mitre": null, "attacker": null, "victim": null, "confidence": 0, "EventID": 9999, "Description": "Generic Windows Log", "EventData": {"event_id": "evt-normal-548286", "timestamp": "2026-06-18T11:47:03.584020", "company_id": "06992447-dfb8-467b-9a68-e403e3958657", "host": "FIN-WS-014", "ip_address": "10.71.2.64", "username": "mrobinson", "user_role": "CFO", "os_type": "Windows", "ground_truth": false, "scenario": null, "mitre": null, "attacker": null, "victim": null, "confidence": 0, "event_type": "PrintJob", "document_name": "Monthly_Review.pdf", "printer_name": "PRN-OFFICE-COLOR-01", "pages": 5}}
{"Source": "Microsoft-Windows-Security-Auditing", "ProviderName": "Microsoft-Windows-Security-Auditing", "Computer": "FIN-WS-046", "TimeCreated": "2026-06-18T11:51:03.584020", "Channel": "Security", "event_id": "evt-normal-398678", "ground_truth": false, "attack_stage": null, "scenario": null, "mitre": null, "attacker": null, "victim": null, "confidence": 0, "EventID": 9999, "Description": "Generic Windows Log", "EventData": {"event_id": "evt-normal-398678", "timestamp": "2026-06-18T11:51:03.584020", "company_id": "06992447-dfb8-467b-9a68-e403e3958657", "host": "FIN-WS-046", "ip_address": "10.71.2.96", "username": "newing", "user_role": "Accountant", "os_type": "Windows", "ground_truth": false, "scenario": null, "mitre": null, "attacker": null, "victim": null, "confidence": 0, "event_type": "NetworkConnection", "destination_ip": "192.168.242.160", "destination_port": 80, "direction": "Outbound", "protocol": "TCP"}}
{"Source": "Microsoft-Windows-Security-Auditing", "ProviderName": "Microsoft-Windows-Security-Auditing", "Computer": "FIN-WS-017", "TimeCreated": "2026-06-18T11:52:33.584020", "Channel": "Security", "event_id": "evt-normal-304925", "ground_truth": false, "attack_stage": null, "scenario": null, "mitre": null, "attacker": null, "victim": null, "confidence": 0, "EventID": 4624, "Description": "An account was successfully logged on.", "EventData": {"TargetUserName": "jcurtis", "TargetDomainName": "WORKGROUP", "LogonType": 2, "IpAddress": "10.71.2.67", "IpPort": "0"}}
{"Source": "Microsoft-Windows-Security-Auditing", "ProviderName": "Microsoft-Windows-Security-Auditing", "Computer": "FIN-WS-022", "TimeCreated": "2026-06-18T12:01:33.584020", "Channel": "Security", "event_id": "evt-normal-974561", "ground_truth": false, "attack_stage": null, "scenario": null, "mitre": null, "attacker": null, "victim": null, "confidence": 0, "EventID": 9999, "Description": "Generic Windows Log", "EventData": {"event_id": "evt-normal-974561", "timestamp": "2026-06-18T12:01:33.584020", "company_id": "06992447-dfb8-467b-9a68-e403e3958657", "host": "FIN-WS-022", "ip_address": "10.71.2.72", "username": "kmeyer", "user_role": "Security_Analyst", "os_type": "Windows", "ground_truth": false, "scenario": null, "mitre": null, "attacker": null, "victim": null, "confidence": 0, "event_type": "DNSQuery", "query": "stackoverflow.com", "record_type": "A", "resolved_ip": "192.168.124.218"}}
{"log_source": "syslog", "Computer": "FIN-WS-026", "TimeCreated": "2026-06-18T12:09:33.584020", "event_id": "evt-normal-561617", "ground_truth": false, "attack_stage": null, "scenario": null, "mitre": null, "attacker": null, "victim": null, "confidence": 0, "message": "2026-06-18T12:09:33.584020 FIN-WS-026 systemd[1]: Started SOCForge Simulated Activity."}
{"Source": "Microsoft-Windows-Security-Auditing", "ProviderName": "Microsoft-Windows-Security-Auditing", "Computer": "FIN-WS-009", "TimeCreated": "2026-06-18T12:11:33.584020", "Channel": "Security", "event_id": "evt-normal-308456", "ground_truth": false, "attack_stage": null, "scenario": null, "mitre": null, "attacker": null, "victim": null, "confidence": 0, "EventID": 9999, "Description": "Generic Windows Log", "EventData": {"event_id": "evt-normal-308456", "timestamp": "2026-06-18T12:11:33.584020", "company_id": "06992447-dfb8-467b-9a68-e403e3958657", "host": "FIN-WS-009", "ip_address": "10.71.2.59", "username": "boliver", "user_role": "Marketing_Specialist", "os_type": "Windows", "ground_truth": false, "scenario": null, "mitre": null, "attacker": null, "victim": null, "confidence": 0, "event_type": "PrintJob", "document_name": "Monthly_Review.pdf", "printer_name": "PRN-OFFICE-COLOR-01", "pages": 3}}
{"Source": "Microsoft-Windows-Security-Auditing", "ProviderName": "Microsoft-Windows-Security-Auditing", "Computer": "FIN-WS-034", "TimeCreated": "2026-06-18T13:03:33.584020", "Channel": "Security", "event_id": "evt-normal-593203", "ground_truth": false, "attack_stage": null, "scenario": null, "mitre": null, "attacker": null, "victim": null, "confidence": 0, "EventID": 9999, "Description": "Generic Windows Log", "EventData": {"event_id": "evt-normal-593203", "timestamp": "2026-06-18T13:03:33.584020", "company_id": "06992447-dfb8-467b-9a68-e403e3958657", "host": "FIN-WS-034", "ip_address": "10.71.2.84", "username": "bmartinez", "user_role": "Helpdesk", "os_type": "Windows", "ground_truth": false, "scenario": null, "mitre": null, "attacker": null, "victim": null, "confidence": 0, "event_type": "DNSQuery", "query": "internal-wiki.local", "record_type": "A", "resolved_ip": "192.168.42.175"}}
{"Source": "Microsoft-Windows-Security-Auditing", "ProviderName": "Microsoft-Windows-Security-Auditing", "Computer": "FIN-WS-010", "TimeCreated": "2026-06-18T13:14:03.584020", "Channel": "Security", "event_id": "evt-normal-799979", "ground_truth": false, "attack_stage": null, "scenario": null, "mitre": null, "attacker": null, "victim": null, "confidence": 0, "EventID": 9999, "Description": "Generic Windows Log", "EventData": {"event_id": "evt-normal-799979", "timestamp": "2026-06-18T13:14:03.584020", "company_id": "06992447-dfb8-467b-9a68-e403e3958657", "host": "FIN-WS-010", "ip_address": "10.71.2.60", "username": "cyork", "user_role": "Incident_Responder", "os_type": "Windows", "ground_truth": false, "scenario": null, "mitre": null, "attacker": null, "victim": null, "confidence": 0, "event_type": "DNSQuery", "query": "outlook.office365.com", "record_type": "A", "resolved_ip": "192.168.187.60"}}
{"Source": "Microsoft-Windows-Sysmon", "ProviderName": "Microsoft-Windows-Sysmon", "Computer": "FIN-WS-050", "TimeCreated": "2026-06-18T13:17:33.584020", "Channel": "Microsoft-Windows-Sysmon/Operational", "event_id": "evt-normal-427745", "ground_truth": false, "attack_stage": null, "scenario": null, "mitre": null, "attacker": null, "victim": null, "confidence": 0, "EventID": 11, "Description": "File created", "EventData": {"UtcTime": "2026-06-18T13:17:33.584020", "ProcessGuid": "{A2C21C30-D321-6B65-0000-0010DF6D2000}", "ProcessId": 4820, "Image": "C:\\Windows\\System32\\notepad.exe", "TargetFilename": "C:\\Users\\landerson\\Documents\\report.txt", "CreationUtcTime": "2026-06-18T13:17:33.584020"}}
{"Source": "Microsoft-Windows-Security-Auditing", "ProviderName": "Microsoft-Windows-Security-Auditing", "Computer": "FIN-WS-019", "TimeCreated": "2026-06-18T13:20:33.584020", "Channel": "Security", "event_id": "evt-normal-421653", "ground_truth": false, "attack_stage": null, "scenario": null, "mitre": null, "attacker": null, "victim": null, "confidence": 0, "EventID": 9999, "Description": "Generic Windows Log", "EventData": {"event_id": "evt-normal-421653", "timestamp": "2026-06-18T13:20:33.584020", "company_id": "06992447-dfb8-467b-9a68-e403e3958657", "host": "FIN-WS-019", "ip_address": "10.71.2.69", "username": "rfuller", "user_role": "CFO", "os_type": "Windows", "ground_truth": false, "scenario": null, "mitre": null, "attacker": null, "victim": null, "confidence": 0, "event_type": "DNSQuery", "query": "zoom.us", "record_type": "A", "resolved_ip": "192.168.221.17"}}
{"log_source": "syslog", "Computer": "FIN-WS-043", "TimeCreated": "2026-06-18T13:42:33.584020", "event_id": "evt-normal-519330", "ground_truth": false, "attack_stage": null, "scenario": null, "mitre": null, "attacker": null, "victim": null, "confidence": 0, "message": "2026-06-18T13:42:33.584020 FIN-WS-043 systemd[1]: Started SOCForge Simulated Activity."}
{"log_source": "syslog", "Computer": "FIN-WS-043", "TimeCreated": "2026-06-18T13:48:33.584020", "event_id": "evt-normal-106482", "ground_truth": false, "attack_stage": null, "scenario": null, "mitre": null, "attacker": null, "victim": null, "confidence": 0, "message": "2026-06-18T13:48:33.584020 FIN-WS-043 systemd[1]: Started SOCForge Simulated Activity."}
{"Source": "Microsoft-Windows-Security-Auditing", "ProviderName": "Microsoft-Windows-Security-Auditing", "Computer": "FIN-WS-011", "TimeCreated": "2026-06-18T13:49:33.584020", "Channel": "Security", "event_id": "evt-normal-598357", "ground_truth": false, "attack_stage": null, "scenario": null, "mitre": null, "attacker": null, "victim": null, "confidence": 0, "EventID": 9999, "Description": "Generic Windows Log", "EventData": {"event_id": "evt-normal-598357", "timestamp": "2026-06-18T13:49:33.584020", "company_id": "06992447-dfb8-467b-9a68-e403e3958657", "host": "FIN-WS-011", "ip_address": "10.71.2.61", "username": "bbeck", "user_role": "HR_Specialist", "os_type": "Windows", "ground_truth": false, "scenario": null, "mitre": null, "attacker": null, "victim": null, "confidence": 0, "event_type": "NetworkConnection", "destination_ip": "192.168.213.195", "destination_port": 80, "direction": "Outbound", "protocol": "TCP"}}
{"Source": "Microsoft-Windows-Sysmon", "ProviderName": "Microsoft-Windows-Sysmon", "Computer": "FIN-WS-042", "TimeCreated": "2026-06-18T13:56:33.584020", "Channel": "Microsoft-Windows-Sysmon/Operational", "event_id": "evt-normal-380030", "ground_truth": false, "attack_stage": null, "scenario": null, "mitre": null, "attacker": null, "victim": null, "confidence": 0, "EventID": 1, "Description": "Process Create", "EventData": {"UtcTime": "2026-06-18T13:56:33.584020", "ProcessGuid": "{A2C21C30-D321-6B65-0000-0010DF6D2000}", "ProcessId": 4820, "Image": "C:\\Windows\\System32\\powershell.exe", "CommandLine": "C:\\Windows\\System32\\powershell.exe", "CurrentDirectory": "C:\\Windows\\system32\\", "User": "CORP\\ogonzalez", "ParentProcessGuid": "{A2C21C30-D320-6B65-0000-0010C46D2000}", "ParentProcessId": 1024, "ParentImage": "C:\\Windows\\explorer.exe", "ParentCommandLine": "C:\\Windows\\explorer.exe"}}
{"Source": "Microsoft-Windows-Security-Auditing", "ProviderName": "Microsoft-Windows-Security-Auditing", "Computer": "FIN-WS-037", "TimeCreated": "2026-06-18T14:02:03.584020", "Channel": "Security", "event_id": "evt-normal-379947", "ground_truth": false, "attack_stage": null, "scenario": null, "mitre": null, "attacker": null, "victim": null, "confidence": 0, "EventID": 9999, "Description": "Generic Windows Log", "EventData": {"event_id": "evt-normal-379947", "timestamp": "2026-06-18T14:02:03.584020", "company_id": "06992447-dfb8-467b-9a68-e403e3958657", "host": "FIN-WS-037", "ip_address": "10.71.2.87", "username": "ogonzalez", "user_role": "SysAdmin", "os_type": "Windows", "ground_truth": false, "scenario": null, "mitre": null, "attacker": null, "victim": null, "confidence": 0, "event_type": "PrintJob", "document_name": "Monthly_Review.pdf", "printer_name": "PRN-OFFICE-COLOR-01", "pages": 10}}
{"Source": "Microsoft-Windows-Security-Auditing", "ProviderName": "Microsoft-Windows-Security-Auditing", "Computer": "FIN-WS-030", "TimeCreated": "2026-06-18T14:17:03.584020", "Channel": "Security", "event_id": "evt-normal-166042", "ground_truth": false, "attack_stage": null, "scenario": null, "mitre": null, "attacker": null, "victim": null, "confidence": 0, "EventID": 9999, "Description": "Generic Windows Log", "EventData": {"event_id": "evt-normal-166042", "timestamp": "2026-06-18T14:17:03.584020", "company_id": "06992447-dfb8-467b-9a68-e403e3958657", "host": "FIN-WS-030", "ip_address": "10.71.2.80", "username": "ssanchez", "user_role": "Executive", "os_type": "Windows", "ground_truth": false, "scenario": null, "mitre": null, "attacker": null, "victim": null, "confidence": 0, "event_type": "USBInsert", "device_id": "USBSTOR\\DISK&VEN_SANDISK&PROD_CRUZER\\87e74185-771d-4c4d-bf6c-d938de78e6bc", "drive_letter": "G:"}}
{"log_source": "syslog", "Computer": "FIN-WS-023", "TimeCreated": "2026-06-18T14:21:03.584020", "event_id": "evt-normal-726859", "ground_truth": false, "attack_stage": null, "scenario": null, "mitre": null, "attacker": null, "victim": null, "confidence": 0, "message": "2026-06-18T14:21:03.584020 FIN-WS-023 systemd[1]: Started SOCForge Simulated Activity."}
{"Source": "Microsoft-Windows-Sysmon", "ProviderName": "Microsoft-Windows-Sysmon", "Computer": "FIN-WS-007", "TimeCreated": "2026-06-18T14:52:03.584020", "Channel": "Microsoft-Windows-Sysmon/Operational", "event_id": "evt-normal-755533", "ground_truth": false, "attack_stage": null, "scenario": null, "mitre": null, "attacker": null, "victim": null, "confidence": 0, "EventID": 11, "Description": "File created", "EventData": {"UtcTime": "2026-06-18T14:52:03.584020", "ProcessGuid": "{A2C21C30-D321-6B65-0000-0010DF6D2000}", "ProcessId": 4820, "Image": "C:\\Windows\\System32\\notepad.exe", "TargetFilename": "C:\\Users\\cjones\\Documents\\report.txt", "CreationUtcTime": "2026-06-18T14:52:03.584020"}}
{"Source": "Microsoft-Windows-Security-Auditing", "ProviderName": "Microsoft-Windows-Security-Auditing", "Computer": "FIN-SRV-FILE", "TimeCreated": "2026-06-18T14:53:33.584020", "Channel": "Security", "event_id": "evt-normal-153849", "ground_truth": false, "attack_stage": null, "scenario": null, "mitre": null, "attacker": null, "victim": null, "confidence": 0, "EventID": 9999, "Description": "Generic Windows Log", "EventData": {"event_id": "evt-normal-153849", "timestamp": "2026-06-18T14:53:33.584020", "company_id": "06992447-dfb8-467b-9a68-e403e3958657", "host": "FIN-SRV-FILE", "ip_address": "10.71.1.20", "username": "nstout", "user_role": "CFO", "os_type": "Windows", "ground_truth": false, "scenario": null, "mitre": null, "attacker": null, "victim": null, "confidence": 0, "event_type": "USBInsert", "device_id": "USBSTOR\\DISK&VEN_SANDISK&PROD_CRUZER\\e4956419-5da5-4b8f-bf4b-ef05916d32bb", "drive_letter": "F:"}}
{"log_source": "syslog", "Computer": "FIN-WS-043", "TimeCreated": "2026-06-18T14:55:03.584020", "event_id": "evt-normal-379155", "ground_truth": false, "attack_stage": null, "scenario": null, "mitre": null, "attacker": null, "victim": null, "confidence": 0, "message": "2026-06-18T14:55:03.584020 FIN-WS-043 systemd[1]: Started SOCForge Simulated Activity."}
{"Source": "Microsoft-Windows-Sysmon", "ProviderName": "Microsoft-Windows-Sysmon", "Computer": "FIN-WS-049", "TimeCreated": "2026-06-18T14:56:03.584020", "Channel": "Microsoft-Windows-Sysmon/Operational", "event_id": "evt-normal-642293", "ground_truth": false, "attack_stage": null, "scenario": null, "mitre": null, "attacker": null, "victim": null, "confidence": 0, "EventID": 11, "Description": "File created", "EventData": {"UtcTime": "2026-06-18T14:56:03.584020", "ProcessGuid": "{A2C21C30-D321-6B65-0000-0010DF6D2000}", "ProcessId": 4820, "Image": "C:\\Windows\\System32\\notepad.exe", "TargetFilename": "C:\\Users\\boliver\\Documents\\report.txt", "CreationUtcTime": "2026-06-18T14:56:03.584020"}}
{"Source": "Microsoft-Windows-Security-Auditing", "ProviderName": "Microsoft-Windows-Security-Auditing", "Computer": "FIN-WS-017", "TimeCreated": "2026-06-18T15:05:33.584020", "Channel": "Security", "event_id": "evt-normal-577590", "ground_truth": false, "attack_stage": null, "scenario": null, "mitre": null, "attacker": null, "victim": null, "confidence": 0, "EventID": 9999, "Description": "Generic Windows Log", "EventData": {"event_id": "evt-normal-577590", "timestamp": "2026-06-18T15:05:33.584020", "company_id": "06992447-dfb8-467b-9a68-e403e3958657", "host": "FIN-WS-017", "ip_address": "10.71.2.67", "username": "klee", "user_role": "Finance_Analyst", "os_type": "Windows", "ground_truth": false, "scenario": null, "mitre": null, "attacker": null, "victim": null, "confidence": 0, "event_type": "PrintJob", "document_name": "Monthly_Review.pdf", "printer_name": "PRN-OFFICE-COLOR-01", "pages": 3}}
{"Source": "Microsoft-Windows-Sysmon", "ProviderName": "Microsoft-Windows-Sysmon", "Computer": "FIN-WS-004", "TimeCreated": "2026-06-18T15:07:33.584020", "Channel": "Microsoft-Windows-Sysmon/Operational", "event_id": "evt-normal-735441", "ground_truth": false, "attack_stage": null, "scenario": null, "mitre": null, "attacker": null, "victim": null, "confidence": 0, "EventID": 11, "Description": "File created", "EventData": {"UtcTime": "2026-06-18T15:07:33.584020", "ProcessGuid": "{A2C21C30-D321-6B65-0000-0010DF6D2000}", "ProcessId": 4820, "Image": "C:\\Windows\\System32\\notepad.exe", "TargetFilename": "C:\\Users\\jluna\\Documents\\report.txt", "CreationUtcTime": "2026-06-18T15:07:33.584020"}}
{"Source": "Microsoft-Windows-Security-Auditing", "ProviderName": "Microsoft-Windows-Security-Auditing", "Computer": "FIN-SRV-FILE", "TimeCreated": "2026-06-18T15:08:03.584020", "Channel": "Security", "event_id": "evt-normal-718155", "ground_truth": false, "attack_stage": null, "scenario": null, "mitre": null, "attacker": null, "victim": null, "confidence": 0, "EventID": 9999, "Description": "Generic Windows Log", "EventData": {"event_id": "evt-normal-718155", "timestamp": "2026-06-18T15:08:03.584020", "company_id": "06992447-dfb8-467b-9a68-e403e3958657", "host": "FIN-SRV-FILE", "ip_address": "10.71.1.20", "username": "clara", "user_role": "Sales_Rep", "os_type": "Windows", "ground_truth": false, "scenario": null, "mitre": null, "attacker": null, "victim": null, "confidence": 0, "event_type": "NetworkConnection", "destination_ip": "192.168.10.181", "destination_port": 443, "direction": "Outbound", "protocol": "TCP"}}
{"log_source": "syslog", "Computer": "FIN-WS-041", "TimeCreated": "2026-06-18T15:09:33.584020", "event_id": "evt-normal-147054", "ground_truth": false, "attack_stage": null, "scenario": null, "mitre": null, "attacker": null, "victim": null, "confidence": 0, "message": "2026-06-18T15:09:33.584020 FIN-WS-041 systemd[1]: Started SOCForge Simulated Activity."}
{"log_source": "syslog", "Computer": "FIN-WS-041", "TimeCreated": "2026-06-18T15:12:33.584020", "event_id": "evt-normal-601375", "ground_truth": false, "attack_stage": null, "scenario": null, "mitre": null, "attacker": null, "victim": null, "confidence": 0, "message": "2026-06-18T15:12:33.584020 FIN-WS-041 systemd[1]: Started SOCForge Simulated Activity."}
{"Source": "Microsoft-Windows-Sysmon", "ProviderName": "Microsoft-Windows-Sysmon", "Computer": "FIN-WS-003", "TimeCreated": "2026-06-18T15:17:03.584020", "Channel": "Microsoft-Windows-Sysmon/Operational", "event_id": "evt-normal-800983", "ground_truth": false, "attack_stage": null, "scenario": null, "mitre": null, "attacker": null, "victim": null, "confidence": 0, "EventID": 1, "Description": "Process Create", "EventData": {"UtcTime": "2026-06-18T15:17:03.584020", "ProcessGuid": "{A2C21C30-D321-6B65-0000-0010DF6D2000}", "ProcessId": 4820, "Image": "C:\\Windows\\System32\\qb-client.exe", "CommandLine": "C:\\Windows\\System32\\qb-client.exe", "CurrentDirectory": "C:\\Windows\\system32\\", "User": "CORP\\mwhitaker", "ParentProcessGuid": "{A2C21C30-D320-6B65-0000-0010C46D2000}", "ParentProcessId": 1024, "ParentImage": "C:\\Windows\\explorer.exe", "ParentCommandLine": "C:\\Windows\\explorer.exe"}}
{"Source": "Microsoft-Windows-Security-Auditing", "ProviderName": "Microsoft-Windows-Security-Auditing", "Computer": "FIN-WS-027", "TimeCreated": "2026-06-18T15:19:03.584020", "Channel": "Security", "event_id": "evt-normal-955097", "ground_truth": false, "attack_stage": null, "scenario": null, "mitre": null, "attacker": null, "victim": null, "confidence": 0, "EventID": 9999, "Description": "Generic Windows Log", "EventData": {"event_id": "evt-normal-955097", "timestamp": "2026-06-18T15:19:03.584020", "company_id": "06992447-dfb8-467b-9a68-e403e3958657", "host": "FIN-WS-027", "ip_address": "10.71.2.77", "username": "tsullivan", "user_role": "Security_Analyst", "os_type": "Windows", "ground_truth": false, "scenario": null, "mitre": null, "attacker": null, "victim": null, "confidence": 0, "event_type": "NetworkConnection", "destination_ip": "192.168.100.146", "destination_port": 443, "direction": "Outbound", "protocol": "TCP"}}
{"Source": "Microsoft-Windows-Security-Auditing", "ProviderName": "Microsoft-Windows-Security-Auditing", "Computer": "FIN-WS-008", "TimeCreated": "2026-06-18T15:36:33.584020", "Channel": "Security", "event_id": "evt-normal-710436", "ground_truth": false, "attack_stage": null, "scenario": null, "mitre": null, "attacker": null, "victim": null, "confidence": 0, "EventID": 9999, "Description": "Generic Windows Log", "EventData": {"event_id": "evt-normal-710436", "timestamp": "2026-06-18T15:36:33.584020", "company_id": "06992447-dfb8-467b-9a68-e403e3958657", "host": "FIN-WS-008", "ip_address": "10.71.2.58", "username": "nstout", "user_role": "CFO", "os_type": "Windows", "ground_truth": false, "scenario": null, "mitre": null, "attacker": null, "victim": null, "confidence": 0, "event_type": "USBInsert", "device_id": "USBSTOR\\DISK&VEN_SANDISK&PROD_CRUZER\\f3225512-7b83-4b40-8ea2-cdfb35cc5b34", "drive_letter": "E:"}}
{"Source": "Microsoft-Windows-Sysmon", "ProviderName": "Microsoft-Windows-Sysmon", "Computer": "FIN-WS-006", "TimeCreated": "2026-06-18T15:39:33.584020", "Channel": "Microsoft-Windows-Sysmon/Operational", "event_id": "evt-normal-661199", "ground_truth": false, "attack_stage": null, "scenario": null, "mitre": null, "attacker": null, "victim": null, "confidence": 0, "EventID": 1, "Description": "Process Create", "EventData": {"UtcTime": "2026-06-18T15:39:33.584020", "ProcessGuid": "{A2C21C30-D321-6B65-0000-0010DF6D2000}", "ProcessId": 4820, "Image": "C:\\Windows\\System32\\excel.exe", "CommandLine": "C:\\Windows\\System32\\excel.exe", "CurrentDirectory": "C:\\Windows\\system32\\", "User": "CORP\\mmartin", "ParentProcessGuid": "{A2C21C30-D320-6B65-0000-0010C46D2000}", "ParentProcessId": 1024, "ParentImage": "C:\\Windows\\explorer.exe", "ParentCommandLine": "C:\\Windows\\explorer.exe"}}
{"log_source": "syslog", "Computer": "FIN-WS-023", "TimeCreated": "2026-06-18T15:40:33.584020", "event_id": "evt-normal-783335", "ground_truth": false, "attack_stage": null, "scenario": null, "mitre": null, "attacker": null, "victim": null, "confidence": 0, "message": "2026-06-18T15:40:33.584020 FIN-WS-023 systemd[1]: Started SOCForge Simulated Activity."}
{"Source": "Microsoft-Windows-Security-Auditing", "ProviderName": "Microsoft-Windows-Security-Auditing", "Computer": "FIN-WS-006", "TimeCreated": "2026-06-18T15:47:33.584020", "Channel": "Security", "event_id": "evt-normal-385026", "ground_truth": false, "attack_stage": null, "scenario": null, "mitre": null, "attacker": null, "victim": null, "confidence": 0, "EventID": 9999, "Description": "Generic Windows Log", "EventData": {"event_id": "evt-normal-385026", "timestamp": "2026-06-18T15:47:33.584020", "company_id": "06992447-dfb8-467b-9a68-e403e3958657", "host": "FIN-WS-006", "ip_address": "10.71.2.56", "username": "kfisher", "user_role": "CFO", "os_type": "Windows", "ground_truth": false, "scenario": null, "mitre": null, "attacker": null, "victim": null, "confidence": 0, "event_type": "PrintJob", "document_name": "Monthly_Review.pdf", "printer_name": "PRN-OFFICE-COLOR-01", "pages": 8}}
{"Source": "Microsoft-Windows-Security-Auditing", "ProviderName": "Microsoft-Windows-Security-Auditing", "Computer": "FIN-WS-010", "TimeCreated": "2026-06-18T15:57:33.584020", "Channel": "Security", "event_id": "evt-normal-693991", "ground_truth": false, "attack_stage": null, "scenario": null, "mitre": null, "attacker": null, "victim": null, "confidence": 0, "EventID": 9999, "Description": "Generic Windows Log", "EventData": {"event_id": "evt-normal-693991", "timestamp": "2026-06-18T15:57:33.584020", "company_id": "06992447-dfb8-467b-9a68-e403e3958657", "host": "FIN-WS-010", "ip_address": "10.71.2.60", "username": "bcastro", "user_role": "Executive", "os_type": "Windows", "ground_truth": false, "scenario": null, "mitre": null, "attacker": null, "victim": null, "confidence": 0, "event_type": "DNSQuery", "query": "internal-wiki.local", "record_type": "A", "resolved_ip": "192.168.140.43"}}
{"log_source": "syslog", "Computer": "FIN-WS-045", "TimeCreated": "2026-06-18T16:00:33.584020", "event_id": "evt-normal-903107", "ground_truth": false, "attack_stage": null, "scenario": null, "mitre": null, "attacker": null, "victim": null, "confidence": 0, "message": "2026-06-18T16:00:33.584020 FIN-WS-045 systemd[1]: Started SOCForge Simulated Activity."}
{"log_source": "syslog", "Computer": "FIN-SRV-WEB", "TimeCreated": "2026-06-18T16:05:03.584020", "event_id": "evt-normal-734392", "ground_truth": false, "attack_stage": null, "scenario": null, "mitre": null, "attacker": null, "victim": null, "confidence": 0, "message": "2026-06-18T16:05:03.584020 FIN-SRV-WEB systemd[1]: Started SOCForge Simulated Activity."}
{"log_source": "auth.log", "Computer": "FIN-WS-048", "TimeCreated": "2026-06-18T16:13:03.584020", "event_id": "evt-normal-517049", "ground_truth": false, "attack_stage": null, "scenario": null, "mitre": null, "attacker": null, "victim": null, "confidence": 0, "message": "2026-06-18T16:13:03.584020 FIN-WS-048 sshd[4102]: Accepted publickey for mgriffith from 10.71.2.98 port 51456 ssh2"}
{"Source": "Microsoft-Windows-Security-Auditing", "ProviderName": "Microsoft-Windows-Security-Auditing", "Computer": "FIN-WS-022", "TimeCreated": "2026-06-18T16:31:03.584020", "Channel": "Security", "event_id": "evt-normal-513185", "ground_truth": false, "attack_stage": null, "scenario": null, "mitre": null, "attacker": null, "victim": null, "confidence": 0, "EventID": 4624, "Description": "An account was successfully logged on.", "EventData": {"TargetUserName": "bvelazquez", "TargetDomainName": "WORKGROUP", "LogonType": 2, "IpAddress": "10.71.2.72", "IpPort": "0"}}
{"Source": "Microsoft-Windows-Security-Auditing", "ProviderName": "Microsoft-Windows-Security-Auditing", "Computer": "FIN-WS-049", "TimeCreated": "2026-06-18T16:33:33.584020", "Channel": "Security", "event_id": "evt-normal-992650", "ground_truth": false, "attack_stage": null, "scenario": null, "mitre": null, "attacker": null, "victim": null, "confidence": 0, "EventID": 9999, "Description": "Generic Windows Log", "EventData": {"event_id": "evt-normal-992650", "timestamp": "2026-06-18T16:33:33.584020", "company_id": "06992447-dfb8-467b-9a68-e403e3958657", "host": "FIN-WS-049", "ip_address": "10.71.2.99", "username": "jluna", "user_role": "Marketing_Specialist", "os_type": "Windows", "ground_truth": false, "scenario": null, "mitre": null, "attacker": null, "victim": null, "confidence": 0, "event_type": "USBInsert", "device_id": "USBSTOR\\DISK&VEN_SANDISK&PROD_CRUZER\\f1ed2996-631e-44d1-8907-95d36a3fa023", "drive_letter": "G:"}}
{"Source": "Microsoft-Windows-Security-Auditing", "ProviderName": "Microsoft-Windows-Security-Auditing", "Computer": "FIN-WS-044", "TimeCreated": "2026-06-18T16:40:03.584020", "Channel": "Security", "event_id": "evt-normal-649383", "ground_truth": false, "attack_stage": null, "scenario": null, "mitre": null, "attacker": null, "victim": null, "confidence": 0, "EventID": 4624, "Description": "An account was successfully logged on.", "EventData": {"TargetUserName": "nstout", "TargetDomainName": "WORKGROUP", "LogonType": 2, "IpAddress": "10.71.2.94", "IpPort": "0"}}
{"Source": "Microsoft-Windows-Security-Auditing", "ProviderName": "Microsoft-Windows-Security-Auditing", "Computer": "FIN-WS-004", "TimeCreated": "2026-06-18T16:45:33.584020", "Channel": "Security", "event_id": "evt-normal-559329", "ground_truth": false, "attack_stage": null, "scenario": null, "mitre": null, "attacker": null, "victim": null, "confidence": 0, "EventID": 9999, "Description": "Generic Windows Log", "EventData": {"event_id": "evt-normal-559329", "timestamp": "2026-06-18T16:45:33.584020", "company_id": "06992447-dfb8-467b-9a68-e403e3958657", "host": "FIN-WS-004", "ip_address": "10.71.2.54", "username": "ogonzalez", "user_role": "SysAdmin", "os_type": "Windows", "ground_truth": false, "scenario": null, "mitre": null, "attacker": null, "victim": null, "confidence": 0, "event_type": "DNSQuery", "query": "aws.amazon.com", "record_type": "A", "resolved_ip": "192.168.176.210"}}
