{"Source": "Microsoft-Windows-Security-Auditing", "ProviderName": "Microsoft-Windows-Security-Auditing", "Computer": "FIN-WS-008", "TimeCreated": "2026-06-16T08:22:33.584020", "Channel": "Security", "event_id": "evt-normal-467652", "ground_truth": false, "attack_stage": null, "scenario": null, "mitre": null, "attacker": null, "victim": null, "confidence": 0, "EventID": 9999, "Description": "Generic Windows Log", "EventData": {"event_id": "evt-normal-467652", "timestamp": "2026-06-16T08:22:33.584020", "company_id": "06992447-dfb8-467b-9a68-e403e3958657", "host": "FIN-WS-008", "ip_address": "10.71.2.58", "username": "kmurphy", "user_role": "Marketing_Specialist", "os_type": "Windows", "ground_truth": false, "scenario": null, "mitre": null, "attacker": null, "victim": null, "confidence": 0, "event_type": "PrintJob", "document_name": "Monthly_Review.pdf", "printer_name": "PRN-OFFICE-COLOR-01", "pages": 2}}
{"log_source": "syslog", "Computer": "FIN-WS-043", "TimeCreated": "2026-06-16T08:28:33.584020", "event_id": "evt-normal-596884", "ground_truth": false, "attack_stage": null, "scenario": null, "mitre": null, "attacker": null, "victim": null, "confidence": 0, "message": "2026-06-16T08:28:33.584020 FIN-WS-043 systemd[1]: Started SOCForge Simulated Activity."}
{"log_source": "syslog", "Computer": "FIN-WS-041", "TimeCreated": "2026-06-16T08:29:03.584020", "event_id": "evt-normal-913263", "ground_truth": false, "attack_stage": null, "scenario": null, "mitre": null, "attacker": null, "victim": null, "confidence": 0, "message": "2026-06-16T08:29:03.584020 FIN-WS-041 systemd[1]: Started SOCForge Simulated Activity."}
{"Source": "Microsoft-Windows-Security-Auditing", "ProviderName": "Microsoft-Windows-Security-Auditing", "Computer": "FIN-DC-01", "TimeCreated": "2026-06-16T08:29:33.584020", "Channel": "Security", "event_id": "evt-normal-781119", "ground_truth": false, "attack_stage": null, "scenario": null, "mitre": null, "attacker": null, "victim": null, "confidence": 0, "EventID": 9999, "Description": "Generic Windows Log", "EventData": {"event_id": "evt-normal-781119", "timestamp": "2026-06-16T08:29:33.584020", "company_id": "06992447-dfb8-467b-9a68-e403e3958657", "host": "FIN-DC-01", "ip_address": "10.71.1.10", "username": "spage", "user_role": "Finance_Analyst", "os_type": "Windows", "ground_truth": false, "scenario": null, "mitre": null, "attacker": null, "victim": null, "confidence": 0, "event_type": "USBInsert", "device_id": "USBSTOR\\DISK&VEN_SANDISK&PROD_CRUZER\\059f6f79-0710-47e0-87a3-f785ae20bd48", "drive_letter": "F:"}}
{"log_source": "auth.log", "Computer": "FIN-WS-023", "TimeCreated": "2026-06-16T08:35:33.584020", "event_id": "evt-normal-908812", "ground_truth": false, "attack_stage": null, "scenario": null, "mitre": null, "attacker": null, "victim": null, "confidence": 0, "message": "2026-06-16T08:35:33.584020 FIN-WS-023 sshd[4102]: Accepted publickey for boliver from 10.71.2.73 port 64418 ssh2"}
{"Source": "Microsoft-Windows-Sysmon", "ProviderName": "Microsoft-Windows-Sysmon", "Computer": "FIN-WS-017", "TimeCreated": "2026-06-16T08:42:03.584020", "Channel": "Microsoft-Windows-Sysmon/Operational", "event_id": "evt-normal-658661", "ground_truth": false, "attack_stage": null, "scenario": null, "mitre": null, "attacker": null, "victim": null, "confidence": 0, "EventID": 11, "Description": "File created", "EventData": {"UtcTime": "2026-06-16T08:42:03.584020", "ProcessGuid": "{A2C21C30-D321-6B65-0000-0010DF6D2000}", "ProcessId": 4820, "Image": "C:\\Windows\\System32\\notepad.exe", "TargetFilename": "C:\\Users\\bcastro\\Documents\\report.txt", "CreationUtcTime": "2026-06-16T08:42:03.584020"}}
{"Source": "Microsoft-Windows-Security-Auditing", "ProviderName": "Microsoft-Windows-Security-Auditing", "Computer": "FIN-WS-034", "TimeCreated": "2026-06-16T08:45:33.584020", "Channel": "Security", "event_id": "evt-normal-300231", "ground_truth": false, "attack_stage": null, "scenario": null, "mitre": null, "attacker": null, "victim": null, "confidence": 0, "EventID": 9999, "Description": "Generic Windows Log", "EventData": {"event_id": "evt-normal-300231", "timestamp": "2026-06-16T08:45:33.584020", "company_id": "06992447-dfb8-467b-9a68-e403e3958657", "host": "FIN-WS-034", "ip_address": "10.71.2.84", "username": "rsimpson", "user_role": "HR_Specialist", "os_type": "Windows", "ground_truth": false, "scenario": null, "mitre": null, "attacker": null, "victim": null, "confidence": 0, "event_type": "NetworkConnection", "destination_ip": "192.168.115.225", "destination_port": 80, "direction": "Outbound", "protocol": "TCP"}}
{"Source": "Microsoft-Windows-Security-Auditing", "ProviderName": "Microsoft-Windows-Security-Auditing", "Computer": "FIN-WS-019", "TimeCreated": "2026-06-16T08:47:33.584020", "Channel": "Security", "event_id": "evt-normal-833696", "ground_truth": false, "attack_stage": null, "scenario": null, "mitre": null, "attacker": null, "victim": null, "confidence": 0, "EventID": 4624, "Description": "An account was successfully logged on.", "EventData": {"TargetUserName": "bnorman", "TargetDomainName": "WORKGROUP", "LogonType": 2, "IpAddress": "10.71.2.69", "IpPort": "0"}}
{"log_source": "syslog", "Computer": "FIN-WS-045", "TimeCreated": "2026-06-16T08:53:33.584020", "event_id": "evt-normal-304835", "ground_truth": false, "attack_stage": null, "scenario": null, "mitre": null, "attacker": null, "victim": null, "confidence": 0, "message": "2026-06-16T08:53:33.584020 FIN-WS-045 systemd[1]: Started SOCForge Simulated Activity."}
{"Source": "Microsoft-Windows-Security-Auditing", "ProviderName": "Microsoft-Windows-Security-Auditing", "Computer": "FIN-WS-040", "TimeCreated": "2026-06-16T09:10:33.584020", "Channel": "Security", "event_id": "evt-normal-475760", "ground_truth": false, "attack_stage": null, "scenario": null, "mitre": null, "attacker": null, "victim": null, "confidence": 0, "EventID": 4624, "Description": "An account was successfully logged on.", "EventData": {"TargetUserName": "agraves", "TargetDomainName": "WORKGROUP", "LogonType": 2, "IpAddress": "10.71.2.90", "IpPort": "0"}}
{"log_source": "syslog", "Computer": "FIN-WS-036", "TimeCreated": "2026-06-16T09:19:33.584020", "event_id": "evt-normal-807347", "ground_truth": false, "attack_stage": null, "scenario": null, "mitre": null, "attacker": null, "victim": null, "confidence": 0, "message": "2026-06-16T09:19:33.584020 FIN-WS-036 systemd[1]: Started SOCForge Simulated Activity."}
{"Source": "Microsoft-Windows-Security-Auditing", "ProviderName": "Microsoft-Windows-Security-Auditing", "Computer": "FIN-WS-040", "TimeCreated": "2026-06-16T09:24:33.584020", "Channel": "Security", "event_id": "evt-normal-455110", "ground_truth": false, "attack_stage": null, "scenario": null, "mitre": null, "attacker": null, "victim": null, "confidence": 0, "EventID": 9999, "Description": "Generic Windows Log", "EventData": {"event_id": "evt-normal-455110", "timestamp": "2026-06-16T09:24:33.584020", "company_id": "06992447-dfb8-467b-9a68-e403e3958657", "host": "FIN-WS-040", "ip_address": "10.71.2.90", "username": "kcunningham", "user_role": "Accountant", "os_type": "Windows", "ground_truth": false, "scenario": null, "mitre": null, "attacker": null, "victim": null, "confidence": 0, "event_type": "PrintJob", "document_name": "Monthly_Review.pdf", "printer_name": "PRN-OFFICE-COLOR-01", "pages": 2}}
{"Source": "Microsoft-Windows-Sysmon", "ProviderName": "Microsoft-Windows-Sysmon", "Computer": "FIN-WS-024", "TimeCreated": "2026-06-16T09:37:33.584020", "Channel": "Microsoft-Windows-Sysmon/Operational", "event_id": "evt-normal-723585", "ground_truth": false, "attack_stage": null, "scenario": null, "mitre": null, "attacker": null, "victim": null, "confidence": 0, "EventID": 11, "Description": "File created", "EventData": {"UtcTime": "2026-06-16T09:37:33.584020", "ProcessGuid": "{A2C21C30-D321-6B65-0000-0010DF6D2000}", "ProcessId": 4820, "Image": "C:\\Windows\\System32\\notepad.exe", "TargetFilename": "C:\\Users\\ogonzalez\\Documents\\report.txt", "CreationUtcTime": "2026-06-16T09:37:33.584020"}}
{"Source": "Microsoft-Windows-Sysmon", "ProviderName": "Microsoft-Windows-Sysmon", "Computer": "FIN-WS-010", "TimeCreated": "2026-06-16T09:51:03.584020", "Channel": "Microsoft-Windows-Sysmon/Operational", "event_id": "evt-normal-475321", "ground_truth": false, "attack_stage": null, "scenario": null, "mitre": null, "attacker": null, "victim": null, "confidence": 0, "EventID": 11, "Description": "File created", "EventData": {"UtcTime": "2026-06-16T09:51:03.584020", "ProcessGuid": "{A2C21C30-D321-6B65-0000-0010DF6D2000}", "ProcessId": 4820, "Image": "C:\\Windows\\System32\\notepad.exe", "TargetFilename": "C:\\Users\\cyork\\Documents\\report.txt", "CreationUtcTime": "2026-06-16T09:51:03.584020"}}
{"Source": "Microsoft-Windows-Security-Auditing", "ProviderName": "Microsoft-Windows-Security-Auditing", "Computer": "FIN-WS-051", "TimeCreated": "2026-06-16T10:10:03.584020", "Channel": "Security", "event_id": "evt-normal-103092", "ground_truth": false, "attack_stage": null, "scenario": null, "mitre": null, "attacker": null, "victim": null, "confidence": 0, "EventID": 9999, "Description": "Generic Windows Log", "EventData": {"event_id": "evt-normal-103092", "timestamp": "2026-06-16T10:10:03.584020", "company_id": "06992447-dfb8-467b-9a68-e403e3958657", "host": "FIN-WS-051", "ip_address": "10.71.2.101", "username": "mwhitaker", "user_role": "Finance_Analyst", "os_type": "Windows", "ground_truth": false, "scenario": null, "mitre": null, "attacker": null, "victim": null, "confidence": 0, "event_type": "NetworkConnection", "destination_ip": "192.168.107.235", "destination_port": 80, "direction": "Outbound", "protocol": "TCP"}}
{"Source": "Microsoft-Windows-Sysmon", "ProviderName": "Microsoft-Windows-Sysmon", "Computer": "FIN-WS-024", "TimeCreated": "2026-06-16T10:10:33.584020", "Channel": "Microsoft-Windows-Sysmon/Operational", "event_id": "evt-normal-373460", "ground_truth": false, "attack_stage": null, "scenario": null, "mitre": null, "attacker": null, "victim": null, "confidence": 0, "EventID": 1, "Description": "Process Create", "EventData": {"UtcTime": "2026-06-16T10:10:33.584020", "ProcessGuid": "{A2C21C30-D321-6B65-0000-0010DF6D2000}", "ProcessId": 4820, "Image": "C:\\Windows\\System32\\powershell.exe", "CommandLine": "C:\\Windows\\System32\\powershell.exe", "CurrentDirectory": "C:\\Windows\\system32\\", "User": "CORP\\kmeyer", "ParentProcessGuid": "{A2C21C30-D320-6B65-0000-0010C46D2000}", "ParentProcessId": 1024, "ParentImage": "C:\\Windows\\explorer.exe", "ParentCommandLine": "C:\\Windows\\explorer.exe"}}
{"Source": "Microsoft-Windows-Security-Auditing", "ProviderName": "Microsoft-Windows-Security-Auditing", "Computer": "FIN-WS-012", "TimeCreated": "2026-06-16T10:11:03.584020", "Channel": "Security", "event_id": "evt-normal-575161", "ground_truth": false, "attack_stage": null, "scenario": null, "mitre": null, "attacker": null, "victim": null, "confidence": 0, "EventID": 9999, "Description": "Generic Windows Log", "EventData": {"event_id": "evt-normal-575161", "timestamp": "2026-06-16T10:11:03.584020", "company_id": "06992447-dfb8-467b-9a68-e403e3958657", "host": "FIN-WS-012", "ip_address": "10.71.2.62", "username": "newing", "user_role": "Accountant", "os_type": "Windows", "ground_truth": false, "scenario": null, "mitre": null, "attacker": null, "victim": null, "confidence": 0, "event_type": "DNSQuery", "query": "outlook.office365.com", "record_type": "A", "resolved_ip": "192.168.181.14"}}
{"Source": "Microsoft-Windows-Security-Auditing", "ProviderName": "Microsoft-Windows-Security-Auditing", "Computer": "FIN-WS-018", "TimeCreated": "2026-06-16T10:12:33.584020", "Channel": "Security", "event_id": "evt-normal-604873", "ground_truth": false, "attack_stage": null, "scenario": null, "mitre": null, "attacker": null, "victim": null, "confidence": 0, "EventID": 9999, "Description": "Generic Windows Log", "EventData": {"event_id": "evt-normal-604873", "timestamp": "2026-06-16T10:12:33.584020", "company_id": "06992447-dfb8-467b-9a68-e403e3958657", "host": "FIN-WS-018", "ip_address": "10.71.2.68", "username": "jcurtis", "user_role": "Incident_Responder", "os_type": "Windows", "ground_truth": false, "scenario": null, "mitre": null, "attacker": null, "victim": null, "confidence": 0, "event_type": "NetworkConnection", "destination_ip": "192.168.144.88", "destination_port": 443, "direction": "Outbound", "protocol": "TCP"}}
{"Source": "Microsoft-Windows-Security-Auditing", "ProviderName": "Microsoft-Windows-Security-Auditing", "Computer": "FIN-WS-030", "TimeCreated": "2026-06-16T10:14:03.584020", "Channel": "Security", "event_id": "evt-normal-328148", "ground_truth": false, "attack_stage": null, "scenario": null, "mitre": null, "attacker": null, "victim": null, "confidence": 0, "EventID": 9999, "Description": "Generic Windows Log", "EventData": {"event_id": "evt-normal-328148", "timestamp": "2026-06-16T10:14:03.584020", "company_id": "06992447-dfb8-467b-9a68-e403e3958657", "host": "FIN-WS-030", "ip_address": "10.71.2.80", "username": "pallen", "user_role": "Executive", "os_type": "Windows", "ground_truth": false, "scenario": null, "mitre": null, "attacker": null, "victim": null, "confidence": 0, "event_type": "DNSQuery", "query": "slack.com", "record_type": "A", "resolved_ip": "192.168.63.226"}}
{"log_source": "auth.log", "Computer": "FIN-WS-041", "TimeCreated": "2026-06-16T10:15:03.584020", "event_id": "evt-normal-844784", "ground_truth": false, "attack_stage": null, "scenario": null, "mitre": null, "attacker": null, "victim": null, "confidence": 0, "message": "2026-06-16T10:15:03.584020 FIN-WS-041 sshd[4102]: Accepted publickey for tbates from 10.71.2.91 port 50576 ssh2"}
{"Source": "Microsoft-Windows-Security-Auditing", "ProviderName": "Microsoft-Windows-Security-Auditing", "Computer": "FIN-WS-047", "TimeCreated": "2026-06-16T10:22:03.584020", "Channel": "Security", "event_id": "evt-normal-661578", "ground_truth": false, "attack_stage": null, "scenario": null, "mitre": null, "attacker": null, "victim": null, "confidence": 0, "EventID": 4624, "Description": "An account was successfully logged on.", "EventData": {"TargetUserName": "dsmith", "TargetDomainName": "WORKGROUP", "LogonType": 2, "IpAddress": "10.92.21.49", "IpPort": "0"}}
{"log_source": "syslog", "Computer": "FIN-WS-023", "TimeCreated": "2026-06-16T10:35:03.584020", "event_id": "evt-normal-362387", "ground_truth": false, "attack_stage": null, "scenario": null, "mitre": null, "attacker": null, "victim": null, "confidence": 0, "message": "2026-06-16T10:35:03.584020 FIN-WS-023 systemd[1]: Started SOCForge Simulated Activity."}
{"log_source": "syslog", "Computer": "FIN-WS-043", "TimeCreated": "2026-06-16T10:35:33.584020", "event_id": "evt-normal-320726", "ground_truth": false, "attack_stage": null, "scenario": null, "mitre": null, "attacker": null, "victim": null, "confidence": 0, "message": "2026-06-16T10:35:33.584020 FIN-WS-043 systemd[1]: Started SOCForge Simulated Activity."}
{"Source": "Microsoft-Windows-Security-Auditing", "ProviderName": "Microsoft-Windows-Security-Auditing", "Computer": "FIN-WS-030", "TimeCreated": "2026-06-16T10:36:03.584020", "Channel": "Security", "event_id": "evt-normal-453563", "ground_truth": false, "attack_stage": null, "scenario": null, "mitre": null, "attacker": null, "victim": null, "confidence": 0, "EventID": 4624, "Description": "An account was successfully logged on.", "EventData": {"TargetUserName": "bnorman", "TargetDomainName": "WORKGROUP", "LogonType": 2, "IpAddress": "10.71.2.80", "IpPort": "0"}}
{"Source": "Microsoft-Windows-Sysmon", "ProviderName": "Microsoft-Windows-Sysmon", "Computer": "FIN-WS-025", "TimeCreated": "2026-06-16T10:46:33.584020", "Channel": "Microsoft-Windows-Sysmon/Operational", "event_id": "evt-normal-757271", "ground_truth": false, "attack_stage": null, "scenario": null, "mitre": null, "attacker": null, "victim": null, "confidence": 0, "EventID": 11, "Description": "File created", "EventData": {"UtcTime": "2026-06-16T10:46:33.584020", "ProcessGuid": "{A2C21C30-D321-6B65-0000-0010DF6D2000}", "ProcessId": 4820, "Image": "C:\\Windows\\System32\\notepad.exe", "TargetFilename": "C:\\Users\\bcastro\\Documents\\report.txt", "CreationUtcTime": "2026-06-16T10:46:33.584020"}}
{"Source": "Microsoft-Windows-Security-Auditing", "ProviderName": "Microsoft-Windows-Security-Auditing", "Computer": "FIN-WS-027", "TimeCreated": "2026-06-16T10:54:03.584020", "Channel": "Security", "event_id": "evt-normal-569656", "ground_truth": false, "attack_stage": null, "scenario": null, "mitre": null, "attacker": null, "victim": null, "confidence": 0, "EventID": 9999, "Description": "Generic Windows Log", "EventData": {"event_id": "evt-normal-569656", "timestamp": "2026-06-16T10:54:03.584020", "company_id": "06992447-dfb8-467b-9a68-e403e3958657", "host": "FIN-WS-027", "ip_address": "10.71.2.77", "username": "ssanchez", "user_role": "Executive", "os_type": "Windows", "ground_truth": false, "scenario": null, "mitre": null, "attacker": null, "victim": null, "confidence": 0, "event_type": "PrintJob", "document_name": "Monthly_Review.pdf", "printer_name": "PRN-OFFICE-COLOR-01", "pages": 2}}
{"Source": "Microsoft-Windows-Sysmon", "ProviderName": "Microsoft-Windows-Sysmon", "Computer": "FIN-WS-021", "TimeCreated": "2026-06-16T10:56:03.584020", "Channel": "Microsoft-Windows-Sysmon/Operational", "event_id": "evt-normal-635130", "ground_truth": false, "attack_stage": null, "scenario": null, "mitre": null, "attacker": null, "victim": null, "confidence": 0, "EventID": 11, "Description": "File created", "EventData": {"UtcTime": "2026-06-16T10:56:03.584020", "ProcessGuid": "{A2C21C30-D321-6B65-0000-0010DF6D2000}", "ProcessId": 4820, "Image": "C:\\Windows\\System32\\notepad.exe", "TargetFilename": "C:\\Users\\mgriffith\\Documents\\report.docx", "CreationUtcTime": "2026-06-16T10:56:03.584020"}}
{"Source": "Microsoft-Windows-Security-Auditing", "ProviderName": "Microsoft-Windows-Security-Auditing", "Computer": "FIN-WS-007", "TimeCreated": "2026-06-16T10:57:03.584020", "Channel": "Security", "event_id": "evt-normal-923468", "ground_truth": false, "attack_stage": null, "scenario": null, "mitre": null, "attacker": null, "victim": null, "confidence": 0, "EventID": 9999, "Description": "Generic Windows Log", "EventData": {"event_id": "evt-normal-923468", "timestamp": "2026-06-16T10:57:03.584020", "company_id": "06992447-dfb8-467b-9a68-e403e3958657", "host": "FIN-WS-007", "ip_address": "10.71.2.57", "username": "mlopez", "user_role": "Security_Analyst", "os_type": "Windows", "ground_truth": false, "scenario": null, "mitre": null, "attacker": null, "victim": null, "confidence": 0, "event_type": "PrintJob", "document_name": "Monthly_Review.pdf", "printer_name": "PRN-OFFICE-COLOR-01", "pages": 8}}
{"Source": "Microsoft-Windows-Sysmon", "ProviderName": "Microsoft-Windows-Sysmon", "Computer": "FIN-WS-015", "TimeCreated": "2026-06-16T11:10:33.584020", "Channel": "Microsoft-Windows-Sysmon/Operational", "event_id": "evt-normal-596068", "ground_truth": false, "attack_stage": null, "scenario": null, "mitre": null, "attacker": null, "victim": null, "confidence": 0, "EventID": 1, "Description": "Process Create", "EventData": {"UtcTime": "2026-06-16T11:10:33.584020", "ProcessGuid": "{A2C21C30-D321-6B65-0000-0010DF6D2000}", "ProcessId": 4820, "Image": "C:\\Windows\\System32\\outlook.exe", "CommandLine": "C:\\Windows\\System32\\outlook.exe", "CurrentDirectory": "C:\\Windows\\system32\\", "User": "CORP\\nstout", "ParentProcessGuid": "{A2C21C30-D320-6B65-0000-0010C46D2000}", "ParentProcessId": 1024, "ParentImage": "C:\\Windows\\explorer.exe", "ParentCommandLine": "C:\\Windows\\explorer.exe"}}
{"Source": "Microsoft-Windows-Sysmon", "ProviderName": "Microsoft-Windows-Sysmon", "Computer": "FIN-DC-01", "TimeCreated": "2026-06-16T11:19:33.584020", "Channel": "Microsoft-Windows-Sysmon/Operational", "event_id": "evt-normal-877329", "ground_truth": false, "attack_stage": null, "scenario": null, "mitre": null, "attacker": null, "victim": null, "confidence": 0, "EventID": 11, "Description": "File created", "EventData": {"UtcTime": "2026-06-16T11:19:33.584020", "ProcessGuid": "{A2C21C30-D321-6B65-0000-0010DF6D2000}", "ProcessId": 4820, "Image": "C:\\Windows\\System32\\notepad.exe", "TargetFilename": "C:\\Users\\aharris\\Documents\\report.docx", "CreationUtcTime": "2026-06-16T11:19:33.584020"}}
{"log_source": "syslog", "Computer": "FIN-WS-041", "TimeCreated": "2026-06-16T11:20:33.584020", "event_id": "evt-normal-295504", "ground_truth": false, "attack_stage": null, "scenario": null, "mitre": null, "attacker": null, "victim": null, "confidence": 0, "message": "2026-06-16T11:20:33.584020 FIN-WS-041 systemd[1]: Started SOCForge Simulated Activity."}
{"log_source": "auth.log", "Computer": "FIN-WS-002", "TimeCreated": "2026-06-16T11:24:33.584020", "event_id": "evt-normal-948256", "ground_truth": false, "attack_stage": null, "scenario": null, "mitre": null, "attacker": null, "victim": null, "confidence": 0, "message": "2026-06-16T11:24:33.584020 FIN-WS-002 sshd[4102]: Accepted publickey for pallen from 10.71.2.52 port 52365 ssh2"}
{"log_source": "syslog", "Computer": "FIN-WS-045", "TimeCreated": "2026-06-16T11:31:33.584020", "event_id": "evt-normal-164820", "ground_truth": false, "attack_stage": null, "scenario": null, "mitre": null, "attacker": null, "victim": null, "confidence": 0, "message": "2026-06-16T11:31:33.584020 FIN-WS-045 systemd[1]: Started SOCForge Simulated Activity."}
{"Source": "Microsoft-Windows-Security-Auditing", "ProviderName": "Microsoft-Windows-Security-Auditing", "Computer": "FIN-WS-044", "TimeCreated": "2026-06-16T11:33:33.584020", "Channel": "Security", "event_id": "evt-normal-590595", "ground_truth": false, "attack_stage": null, "scenario": null, "mitre": null, "attacker": null, "victim": null, "confidence": 0, "EventID": 9999, "Description": "Generic Windows Log", "EventData": {"event_id": "evt-normal-590595", "timestamp": "2026-06-16T11:33:33.584020", "company_id": "06992447-dfb8-467b-9a68-e403e3958657", "host": "FIN-WS-044", "ip_address": "10.71.2.94", "username": "gjensen", "user_role": "Accountant", "os_type": "Windows", "ground_truth": false, "scenario": null, "mitre": null, "attacker": null, "victim": null, "confidence": 0, "event_type": "PrintJob", "document_name": "Monthly_Review.pdf", "printer_name": "PRN-OFFICE-COLOR-01", "pages": 2}}
{"Source": "Microsoft-Windows-Security-Auditing", "ProviderName": "Microsoft-Windows-Security-Auditing", "Computer": "FIN-WS-033", "TimeCreated": "2026-06-16T11:35:03.584020", "Channel": "Security", "event_id": "evt-normal-230996", "ground_truth": false, "attack_stage": null, "scenario": null, "mitre": null, "attacker": null, "victim": null, "confidence": 0, "EventID": 9999, "Description": "Generic Windows Log", "EventData": {"event_id": "evt-normal-230996", "timestamp": "2026-06-16T11:35:03.584020", "company_id": "06992447-dfb8-467b-9a68-e403e3958657", "host": "FIN-WS-033", "ip_address": "10.71.2.83", "username": "cbrown", "user_role": "Marketing_Specialist", "os_type": "Windows", "ground_truth": false, "scenario": null, "mitre": null, "attacker": null, "victim": null, "confidence": 0, "event_type": "PrintJob", "document_name": "Monthly_Review.pdf", "printer_name": "PRN-OFFICE-COLOR-01", "pages": 3}}
{"Source": "Microsoft-Windows-Security-Auditing", "ProviderName": "Microsoft-Windows-Security-Auditing", "Computer": "FIN-WS-042", "TimeCreated": "2026-06-16T11:36:03.584020", "Channel": "Security", "event_id": "evt-normal-879611", "ground_truth": false, "attack_stage": null, "scenario": null, "mitre": null, "attacker": null, "victim": null, "confidence": 0, "EventID": 9999, "Description": "Generic Windows Log", "EventData": {"event_id": "evt-normal-879611", "timestamp": "2026-06-16T11:36:03.584020", "company_id": "06992447-dfb8-467b-9a68-e403e3958657", "host": "FIN-WS-042", "ip_address": "10.71.2.92", "username": "ogonzalez", "user_role": "SysAdmin", "os_type": "Windows", "ground_truth": false, "scenario": null, "mitre": null, "attacker": null, "victim": null, "confidence": 0, "event_type": "DNSQuery", "query": "slack.com", "record_type": "A", "resolved_ip": "192.168.17.123"}}
{"Source": "Microsoft-Windows-Sysmon", "ProviderName": "Microsoft-Windows-Sysmon", "Computer": "FIN-WS-029", "TimeCreated": "2026-06-16T11:41:33.584020", "Channel": "Microsoft-Windows-Sysmon/Operational", "event_id": "evt-normal-210845", "ground_truth": false, "attack_stage": null, "scenario": null, "mitre": null, "attacker": null, "victim": null, "confidence": 0, "EventID": 1, "Description": "Process Create", "EventData": {"UtcTime": "2026-06-16T11:41:33.584020", "ProcessGuid": "{A2C21C30-D321-6B65-0000-0010DF6D2000}", "ProcessId": 4820, "Image": "C:\\Windows\\System32\\outlook.exe", "CommandLine": "C:\\Windows\\System32\\outlook.exe", "CurrentDirectory": "C:\\Windows\\system32\\", "User": "CORP\\jbrown", "ParentProcessGuid": "{A2C21C30-D320-6B65-0000-0010C46D2000}", "ParentProcessId": 1024, "ParentImage": "C:\\Windows\\explorer.exe", "ParentCommandLine": "C:\\Windows\\explorer.exe"}}
{"Source": "Microsoft-Windows-Security-Auditing", "ProviderName": "Microsoft-Windows-Security-Auditing", "Computer": "FIN-WS-009", "TimeCreated": "2026-06-16T11:42:03.584020", "Channel": "Security", "event_id": "evt-normal-560181", "ground_truth": false, "attack_stage": null, "scenario": null, "mitre": null, "attacker": null, "victim": null, "confidence": 0, "EventID": 9999, "Description": "Generic Windows Log", "EventData": {"event_id": "evt-normal-560181", "timestamp": "2026-06-16T11:42:03.584020", "company_id": "06992447-dfb8-467b-9a68-e403e3958657", "host": "FIN-WS-009", "ip_address": "10.71.2.59", "username": "eosborn", "user_role": "Sales_Rep", "os_type": "Windows", "ground_truth": false, "scenario": null, "mitre": null, "attacker": null, "victim": null, "confidence": 0, "event_type": "PrintJob", "document_name": "Monthly_Review.pdf", "printer_name": "PRN-OFFICE-COLOR-01", "pages": 7}}
{"Source": "Microsoft-Windows-Security-Auditing", "ProviderName": "Microsoft-Windows-Security-Auditing", "Computer": "FIN-WS-003", "TimeCreated": "2026-06-16T11:43:33.584020", "Channel": "Security", "event_id": "evt-normal-220148", "ground_truth": false, "attack_stage": null, "scenario": null, "mitre": null, "attacker": null, "victim": null, "confidence": 0, "EventID": 9999, "Description": "Generic Windows Log", "EventData": {"event_id": "evt-normal-220148", "timestamp": "2026-06-16T11:43:33.584020", "company_id": "06992447-dfb8-467b-9a68-e403e3958657", "host": "FIN-WS-003", "ip_address": "10.71.2.53", "username": "mrobinson", "user_role": "Assistant", "os_type": "Windows", "ground_truth": false, "scenario": null, "mitre": null, "attacker": null, "victim": null, "confidence": 0, "event_type": "PrintJob", "document_name": "Monthly_Review.pdf", "printer_name": "PRN-OFFICE-COLOR-01", "pages": 3}}
{"log_source": "syslog", "Computer": "FIN-WS-036", "TimeCreated": "2026-06-16T11:47:33.584020", "event_id": "evt-normal-737849", "ground_truth": false, "attack_stage": null, "scenario": null, "mitre": null, "attacker": null, "victim": null, "confidence": 0, "message": "2026-06-16T11:47:33.584020 FIN-WS-036 systemd[1]: Started SOCForge Simulated Activity."}
{"Source": "Microsoft-Windows-Security-Auditing", "ProviderName": "Microsoft-Windows-Security-Auditing", "Computer": "FIN-WS-042", "TimeCreated": "2026-06-16T11:51:33.584020", "Channel": "Security", "event_id": "evt-normal-902181", "ground_truth": false, "attack_stage": null, "scenario": null, "mitre": null, "attacker": null, "victim": null, "confidence": 0, "EventID": 9999, "Description": "Generic Windows Log", "EventData": {"event_id": "evt-normal-902181", "timestamp": "2026-06-16T11:51:33.584020", "company_id": "06992447-dfb8-467b-9a68-e403e3958657", "host": "FIN-WS-042", "ip_address": "10.71.2.92", "username": "mrobinson", "user_role": "Assistant", "os_type": "Windows", "ground_truth": false, "scenario": null, "mitre": null, "attacker": null, "victim": null, "confidence": 0, "event_type": "NetworkConnection", "destination_ip": "192.168.18.171", "destination_port": 80, "direction": "Outbound", "protocol": "TCP"}}
{"log_source": "syslog", "Computer": "FIN-WS-002", "TimeCreated": "2026-06-16T11:53:33.584020", "event_id": "evt-normal-749313", "ground_truth": false, "attack_stage": null, "scenario": null, "mitre": null, "attacker": null, "victim": null, "confidence": 0, "message": "2026-06-16T11:53:33.584020 FIN-WS-002 systemd[1]: Started SOCForge Simulated Activity."}
{"log_source": "auth.log", "Computer": "FIN-WS-043", "TimeCreated": "2026-06-16T12:08:03.584020", "event_id": "evt-normal-709586", "ground_truth": false, "attack_stage": null, "scenario": null, "mitre": null, "attacker": null, "victim": null, "confidence": 0, "message": "2026-06-16T12:08:03.584020 FIN-WS-043 sshd[4102]: Accepted publickey for mwhitaker from 10.71.2.93 port 54430 ssh2"}
{"log_source": "auth.log", "Computer": "FIN-SRV-WEB", "TimeCreated": "2026-06-16T12:10:33.584020", "event_id": "evt-normal-231311", "ground_truth": false, "attack_stage": null, "scenario": null, "mitre": null, "attacker": null, "victim": null, "confidence": 0, "message": "2026-06-16T12:10:33.584020 FIN-SRV-WEB sshd[4102]: Accepted publickey for ddodson from 10.71.1.30 port 53323 ssh2"}
{"Source": "Microsoft-Windows-Security-Auditing", "ProviderName": "Microsoft-Windows-Security-Auditing", "Computer": "FIN-WS-001", "TimeCreated": "2026-06-16T12:59:33.584020", "Channel": "Security", "event_id": "evt-normal-900761", "ground_truth": false, "attack_stage": null, "scenario": null, "mitre": null, "attacker": null, "victim": null, "confidence": 0, "EventID": 9999, "Description": "Generic Windows Log", "EventData": {"event_id": "evt-normal-900761", "timestamp": "2026-06-16T12:59:33.584020", "company_id": "06992447-dfb8-467b-9a68-e403e3958657", "host": "FIN-WS-001", "ip_address": "10.71.2.51", "username": "rtaylor", "user_role": "Helpdesk", "os_type": "Windows", "ground_truth": false, "scenario": null, "mitre": null, "attacker": null, "victim": null, "confidence": 0, "event_type": "USBInsert", "device_id": "USBSTOR\\DISK&VEN_SANDISK&PROD_CRUZER\\029d7986-fa8f-49a3-bf1e-c1ec79678799", "drive_letter": "E:"}}
{"log_source": "auth.log", "Computer": "FIN-WS-045", "TimeCreated": "2026-06-16T13:07:03.584020", "event_id": "evt-normal-530352", "ground_truth": false, "attack_stage": null, "scenario": null, "mitre": null, "attacker": null, "victim": null, "confidence": 0, "message": "2026-06-16T13:07:03.584020 FIN-WS-045 sshd[4102]: Accepted publickey for mrussell from 10.199.67.9 port 52894 ssh2"}
{"Source": "Microsoft-Windows-Security-Auditing", "ProviderName": "Microsoft-Windows-Security-Auditing", "Computer": "FIN-WS-038", "TimeCreated": "2026-06-16T13:09:03.584020", "Channel": "Security", "event_id": "evt-normal-933504", "ground_truth": false, "attack_stage": null, "scenario": null, "mitre": null, "attacker": null, "victim": null, "confidence": 0, "EventID": 4624, "Description": "An account was successfully logged on.", "EventData": {"TargetUserName": "sfarmer", "TargetDomainName": "WORKGROUP", "LogonType": 2, "IpAddress": "10.71.2.88", "IpPort": "0"}}
{"log_source": "syslog", "Computer": "FIN-WS-026", "TimeCreated": "2026-06-16T13:22:33.584020", "event_id": "evt-normal-677681", "ground_truth": false, "attack_stage": null, "scenario": null, "mitre": null, "attacker": null, "victim": null, "confidence": 0, "message": "2026-06-16T13:22:33.584020 FIN-WS-026 systemd[1]: Started SOCForge Simulated Activity."}
{"Source": "Microsoft-Windows-Security-Auditing", "ProviderName": "Microsoft-Windows-Security-Auditing", "Computer": "FIN-WS-017", "TimeCreated": "2026-06-16T13:26:33.584020", "Channel": "Security", "event_id": "evt-normal-783779", "ground_truth": false, "attack_stage": null, "scenario": null, "mitre": null, "attacker": null, "victim": null, "confidence": 0, "EventID": 9999, "Description": "Generic Windows Log", "EventData": {"event_id": "evt-normal-783779", "timestamp": "2026-06-16T13:26:33.584020", "company_id": "06992447-dfb8-467b-9a68-e403e3958657", "host": "FIN-WS-017", "ip_address": "10.71.2.67", "username": "dsilva", "user_role": "HR_Specialist", "os_type": "Windows", "ground_truth": false, "scenario": null, "mitre": null, "attacker": null, "victim": null, "confidence": 0, "event_type": "PrintJob", "document_name": "Monthly_Review.pdf", "printer_name": "PRN-OFFICE-COLOR-01", "pages": 8}}
{"Source": "Microsoft-Windows-Sysmon", "ProviderName": "Microsoft-Windows-Sysmon", "Computer": "FIN-WS-018", "TimeCreated": "2026-06-16T13:34:33.584020", "Channel": "Microsoft-Windows-Sysmon/Operational", "event_id": "evt-normal-941780", "ground_truth": false, "attack_stage": null, "scenario": null, "mitre": null, "attacker": null, "victim": null, "confidence": 0, "EventID": 11, "Description": "File created", "EventData": {"UtcTime": "2026-06-16T13:34:33.584020", "ProcessGuid": "{A2C21C30-D321-6B65-0000-0010DF6D2000}", "ProcessId": 4820, "Image": "C:\\Windows\\System32\\notepad.exe", "TargetFilename": "C:\\Users\\chunt\\Documents\\report.docx", "CreationUtcTime": "2026-06-16T13:34:33.584020"}}
{"log_source": "syslog", "Computer": "FIN-WS-048", "TimeCreated": "2026-06-16T13:35:03.584020", "event_id": "evt-normal-333892", "ground_truth": false, "attack_stage": null, "scenario": null, "mitre": null, "attacker": null, "victim": null, "confidence": 0, "message": "2026-06-16T13:35:03.584020 FIN-WS-048 systemd[1]: Started SOCForge Simulated Activity."}
{"Source": "Microsoft-Windows-Security-Auditing", "ProviderName": "Microsoft-Windows-Security-Auditing", "Computer": "FIN-WS-025", "TimeCreated": "2026-06-16T13:43:03.584020", "Channel": "Security", "event_id": "evt-normal-506486", "ground_truth": false, "attack_stage": null, "scenario": null, "mitre": null, "attacker": null, "victim": null, "confidence": 0, "EventID": 9999, "Description": "Generic Windows Log", "EventData": {"event_id": "evt-normal-506486", "timestamp": "2026-06-16T13:43:03.584020", "company_id": "06992447-dfb8-467b-9a68-e403e3958657", "host": "FIN-WS-025", "ip_address": "10.71.2.75", "username": "bnorman", "user_role": "Helpdesk", "os_type": "Windows", "ground_truth": false, "scenario": null, "mitre": null, "attacker": null, "victim": null, "confidence": 0, "event_type": "USBInsert", "device_id": "USBSTOR\\DISK&VEN_SANDISK&PROD_CRUZER\\ac42bf8a-32f1-4cc8-8ecf-738a2f490f98", "drive_letter": "E:"}}
{"Source": "Microsoft-Windows-Sysmon", "ProviderName": "Microsoft-Windows-Sysmon", "Computer": "FIN-SRV-FILE", "TimeCreated": "2026-06-16T13:43:33.584020", "Channel": "Microsoft-Windows-Sysmon/Operational", "event_id": "evt-normal-116562", "ground_truth": false, "attack_stage": null, "scenario": null, "mitre": null, "attacker": null, "victim": null, "confidence": 0, "EventID": 11, "Description": "File created", "EventData": {"UtcTime": "2026-06-16T13:43:33.584020", "ProcessGuid": "{A2C21C30-D321-6B65-0000-0010DF6D2000}", "ProcessId": 4820, "Image": "C:\\Windows\\System32\\notepad.exe", "TargetFilename": "C:\\Users\\dmosley\\Documents\\report.txt", "CreationUtcTime": "2026-06-16T13:43:33.584020"}}
{"Source": "Microsoft-Windows-Sysmon", "ProviderName": "Microsoft-Windows-Sysmon", "Computer": "FIN-WS-001", "TimeCreated": "2026-06-16T13:45:33.584020", "Channel": "Microsoft-Windows-Sysmon/Operational", "event_id": "evt-normal-802943", "ground_truth": false, "attack_stage": null, "scenario": null, "mitre": null, "attacker": null, "victim": null, "confidence": 0, "EventID": 1, "Description": "Process Create", "EventData": {"UtcTime": "2026-06-16T13:45:33.584020", "ProcessGuid": "{A2C21C30-D321-6B65-0000-0010DF6D2000}", "ProcessId": 4820, "Image": "C:\\Windows\\System32\\powershell.exe", "CommandLine": "C:\\Windows\\System32\\powershell.exe", "CurrentDirectory": "C:\\Windows\\system32\\", "User": "CORP\\jreid", "ParentProcessGuid": "{A2C21C30-D320-6B65-0000-0010C46D2000}", "ParentProcessId": 1024, "ParentImage": "C:\\Windows\\explorer.exe", "ParentCommandLine": "C:\\Windows\\explorer.exe"}}
{"Source": "Microsoft-Windows-Security-Auditing", "ProviderName": "Microsoft-Windows-Security-Auditing", "Computer": "FIN-WS-009", "TimeCreated": "2026-06-16T13:50:33.584020", "Channel": "Security", "event_id": "evt-normal-920543", "ground_truth": false, "attack_stage": null, "scenario": null, "mitre": null, "attacker": null, "victim": null, "confidence": 0, "EventID": 9999, "Description": "Generic Windows Log", "EventData": {"event_id": "evt-normal-920543", "timestamp": "2026-06-16T13:50:33.584020", "company_id": "06992447-dfb8-467b-9a68-e403e3958657", "host": "FIN-WS-009", "ip_address": "10.71.2.59", "username": "cjones", "user_role": "Accountant", "os_type": "Windows", "ground_truth": false, "scenario": null, "mitre": null, "attacker": null, "victim": null, "confidence": 0, "event_type": "PrintJob", "document_name": "Monthly_Review.pdf", "printer_name": "PRN-OFFICE-COLOR-01", "pages": 2}}
{"Source": "Microsoft-Windows-Security-Auditing", "ProviderName": "Microsoft-Windows-Security-Auditing", "Computer": "FIN-WS-022", "TimeCreated": "2026-06-16T13:53:03.584020", "Channel": "Security", "event_id": "evt-normal-560343", "ground_truth": false, "attack_stage": null, "scenario": null, "mitre": null, "attacker": null, "victim": null, "confidence": 0, "EventID": 9999, "Description": "Generic Windows Log", "EventData": {"event_id": "evt-normal-560343", "timestamp": "2026-06-16T13:53:03.584020", "company_id": "06992447-dfb8-467b-9a68-e403e3958657", "host": "FIN-WS-022", "ip_address": "10.71.2.72", "username": "ablair", "user_role": "Sales_Rep", "os_type": "Windows", "ground_truth": false, "scenario": null, "mitre": null, "attacker": null, "victim": null, "confidence": 0, "event_type": "PrintJob", "document_name": "Monthly_Review.pdf", "printer_name": "PRN-OFFICE-COLOR-01", "pages": 10}}
{"log_source": "syslog", "Computer": "FIN-WS-026", "TimeCreated": "2026-06-16T13:58:33.584020", "event_id": "evt-normal-432772", "ground_truth": false, "attack_stage": null, "scenario": null, "mitre": null, "attacker": null, "victim": null, "confidence": 0, "message": "2026-06-16T13:58:33.584020 FIN-WS-026 systemd[1]: Started SOCForge Simulated Activity."}
{"Source": "Microsoft-Windows-Security-Auditing", "ProviderName": "Microsoft-Windows-Security-Auditing", "Computer": "FIN-WS-037", "TimeCreated": "2026-06-16T14:02:03.584020", "Channel": "Security", "event_id": "evt-normal-308303", "ground_truth": false, "attack_stage": null, "scenario": null, "mitre": null, "attacker": null, "victim": null, "confidence": 0, "EventID": 9999, "Description": "Generic Windows Log", "EventData": {"event_id": "evt-normal-308303", "timestamp": "2026-06-16T14:02:03.584020", "company_id": "06992447-dfb8-467b-9a68-e403e3958657", "host": "FIN-WS-037", "ip_address": "10.71.2.87", "username": "erowe", "user_role": "HR_Specialist", "os_type": "Windows", "ground_truth": false, "scenario": null, "mitre": null, "attacker": null, "victim": null, "confidence": 0, "event_type": "DNSQuery", "query": "wikipedia.org", "record_type": "A", "resolved_ip": "192.168.10.138"}}
{"Source": "Microsoft-Windows-Security-Auditing", "ProviderName": "Microsoft-Windows-Security-Auditing", "Computer": "FIN-WS-029", "TimeCreated": "2026-06-16T14:10:33.584020", "Channel": "Security", "event_id": "evt-normal-654679", "ground_truth": false, "attack_stage": null, "scenario": null, "mitre": null, "attacker": null, "victim": null, "confidence": 0, "EventID": 9999, "Description": "Generic Windows Log", "EventData": {"event_id": "evt-normal-654679", "timestamp": "2026-06-16T14:10:33.584020", "company_id": "06992447-dfb8-467b-9a68-e403e3958657", "host": "FIN-WS-029", "ip_address": "10.71.2.79", "username": "klee", "user_role": "Finance_Analyst", "os_type": "Windows", "ground_truth": false, "scenario": null, "mitre": null, "attacker": null, "victim": null, "confidence": 0, "event_type": "USBInsert", "device_id": "USBSTOR\\DISK&VEN_SANDISK&PROD_CRUZER\\de1d8cc7-07fd-4c06-a2d5-f5bdd2e4135f", "drive_letter": "E:"}}
{"Source": "Microsoft-Windows-Sysmon", "ProviderName": "Microsoft-Windows-Sysmon", "Computer": "FIN-WS-003", "TimeCreated": "2026-06-16T14:14:33.584020", "Channel": "Microsoft-Windows-Sysmon/Operational", "event_id": "evt-normal-787050", "ground_truth": false, "attack_stage": null, "scenario": null, "mitre": null, "attacker": null, "victim": null, "confidence": 0, "EventID": 11, "Description": "File created", "EventData": {"UtcTime": "2026-06-16T14:14:33.584020", "ProcessGuid": "{A2C21C30-D321-6B65-0000-0010DF6D2000}", "ProcessId": 4820, "Image": "C:\\Windows\\System32\\notepad.exe", "TargetFilename": "C:\\Users\\kwhite\\Documents\\report.docx", "CreationUtcTime": "2026-06-16T14:14:33.584020"}}
{"Source": "Microsoft-Windows-Sysmon", "ProviderName": "Microsoft-Windows-Sysmon", "Computer": "FIN-WS-029", "TimeCreated": "2026-06-16T14:17:03.584020", "Channel": "Microsoft-Windows-Sysmon/Operational", "event_id": "evt-normal-217850", "ground_truth": false, "attack_stage": null, "scenario": null, "mitre": null, "attacker": null, "victim": null, "confidence": 0, "EventID": 1, "Description": "Process Create", "EventData": {"UtcTime": "2026-06-16T14:17:03.584020", "ProcessGuid": "{A2C21C30-D321-6B65-0000-0010DF6D2000}", "ProcessId": 4820, "Image": "C:\\Windows\\System32\\resumes-viewer.exe", "CommandLine": "C:\\Windows\\System32\\resumes-viewer.exe", "CurrentDirectory": "C:\\Windows\\system32\\", "User": "CORP\\kwhite", "ParentProcessGuid": "{A2C21C30-D320-6B65-0000-0010C46D2000}", "ParentProcessId": 1024, "ParentImage": "C:\\Windows\\explorer.exe", "ParentCommandLine": "C:\\Windows\\explorer.exe"}}
{"Source": "Microsoft-Windows-Sysmon", "ProviderName": "Microsoft-Windows-Sysmon", "Computer": "FIN-WS-049", "TimeCreated": "2026-06-16T14:17:33.584020", "Channel": "Microsoft-Windows-Sysmon/Operational", "event_id": "evt-normal-332367", "ground_truth": false, "attack_stage": null, "scenario": null, "mitre": null, "attacker": null, "victim": null, "confidence": 0, "EventID": 11, "Description": "File created", "EventData": {"UtcTime": "2026-06-16T14:17:33.584020", "ProcessGuid": "{A2C21C30-D321-6B65-0000-0010DF6D2000}", "ProcessId": 4820, "Image": "C:\\Windows\\System32\\notepad.exe", "TargetFilename": "C:\\Users\\kbuchanan\\Documents\\report.txt", "CreationUtcTime": "2026-06-16T14:17:33.584020"}}
{"Source": "Microsoft-Windows-Security-Auditing", "ProviderName": "Microsoft-Windows-Security-Auditing", "Computer": "FIN-WS-004", "TimeCreated": "2026-06-16T14:19:33.584020", "Channel": "Security", "event_id": "evt-normal-678408", "ground_truth": false, "attack_stage": null, "scenario": null, "mitre": null, "attacker": null, "victim": null, "confidence": 0, "EventID": 9999, "Description": "Generic Windows Log", "EventData": {"event_id": "evt-normal-678408", "timestamp": "2026-06-16T14:19:33.584020", "company_id": "06992447-dfb8-467b-9a68-e403e3958657", "host": "FIN-WS-004", "ip_address": "10.71.2.54", "username": "bcastro", "user_role": "Executive", "os_type": "Windows", "ground_truth": false, "scenario": null, "mitre": null, "attacker": null, "victim": null, "confidence": 0, "event_type": "PrintJob", "document_name": "Monthly_Review.pdf", "printer_name": "PRN-OFFICE-COLOR-01", "pages": 8}}
{"Source": "Microsoft-Windows-Security-Auditing", "ProviderName": "Microsoft-Windows-Security-Auditing", "Computer": "FIN-WS-037", "TimeCreated": "2026-06-16T14:20:03.584020", "Channel": "Security", "event_id": "evt-normal-265137", "ground_truth": false, "attack_stage": null, "scenario": null, "mitre": null, "attacker": null, "victim": null, "confidence": 0, "EventID": 9999, "Description": "Generic Windows Log", "EventData": {"event_id": "evt-normal-265137", "timestamp": "2026-06-16T14:20:03.584020", "company_id": "06992447-dfb8-467b-9a68-e403e3958657", "host": "FIN-WS-037", "ip_address": "10.71.2.87", "username": "tjones", "user_role": "Executive", "os_type": "Windows", "ground_truth": false, "scenario": null, "mitre": null, "attacker": null, "victim": null, "confidence": 0, "event_type": "NetworkConnection", "destination_ip": "192.168.147.46", "destination_port": 443, "direction": "Outbound", "protocol": "TCP"}}
{"Source": "Microsoft-Windows-Security-Auditing", "ProviderName": "Microsoft-Windows-Security-Auditing", "Computer": "FIN-WS-017", "TimeCreated": "2026-06-16T14:22:03.584020", "Channel": "Security", "event_id": "evt-normal-689033", "ground_truth": false, "attack_stage": null, "scenario": null, "mitre": null, "attacker": null, "victim": null, "confidence": 0, "EventID": 9999, "Description": "Generic Windows Log", "EventData": {"event_id": "evt-normal-689033", "timestamp": "2026-06-16T14:22:03.584020", "company_id": "06992447-dfb8-467b-9a68-e403e3958657", "host": "FIN-WS-017", "ip_address": "10.71.2.67", "username": "mgriffith", "user_role": "HR_Specialist", "os_type": "Windows", "ground_truth": false, "scenario": null, "mitre": null, "attacker": null, "victim": null, "confidence": 0, "event_type": "USBInsert", "device_id": "USBSTOR\\DISK&VEN_SANDISK&PROD_CRUZER\\62223f05-b0fc-456f-b347-ecd09990528f", "drive_letter": "G:"}}
{"Source": "Microsoft-Windows-Sysmon", "ProviderName": "Microsoft-Windows-Sysmon", "Computer": "FIN-WS-018", "TimeCreated": "2026-06-16T14:25:33.584020", "Channel": "Microsoft-Windows-Sysmon/Operational", "event_id": "evt-normal-387778", "ground_truth": false, "attack_stage": null, "scenario": null, "mitre": null, "attacker": null, "victim": null, "confidence": 0, "EventID": 1, "Description": "Process Create", "EventData": {"UtcTime": "2026-06-16T14:25:33.584020", "ProcessGuid": "{A2C21C30-D321-6B65-0000-0010DF6D2000}", "ProcessId": 4820, "Image": "C:\\Windows\\System32\\notepad.exe", "CommandLine": "C:\\Windows\\System32\\notepad.exe", "CurrentDirectory": "C:\\Windows\\system32\\", "User": "CORP\\jbrown", "ParentProcessGuid": "{A2C21C30-D320-6B65-0000-0010C46D2000}", "ParentProcessId": 1024, "ParentImage": "C:\\Windows\\explorer.exe", "ParentCommandLine": "C:\\Windows\\explorer.exe"}}
{"Source": "Microsoft-Windows-Sysmon", "ProviderName": "Microsoft-Windows-Sysmon", "Computer": "FIN-WS-007", "TimeCreated": "2026-06-16T14:31:03.584020", "Channel": "Microsoft-Windows-Sysmon/Operational", "event_id": "evt-normal-926297", "ground_truth": false, "attack_stage": null, "scenario": null, "mitre": null, "attacker": null, "victim": null, "confidence": 0, "EventID": 1, "Description": "Process Create", "EventData": {"UtcTime": "2026-06-16T14:31:03.584020", "ProcessGuid": "{A2C21C30-D321-6B65-0000-0010DF6D2000}", "ProcessId": 4820, "Image": "C:\\Windows\\System32\\resumes-viewer.exe", "CommandLine": "C:\\Windows\\System32\\resumes-viewer.exe", "CurrentDirectory": "C:\\Windows\\system32\\", "User": "CORP\\ralvarado", "ParentProcessGuid": "{A2C21C30-D320-6B65-0000-0010C46D2000}", "ParentProcessId": 1024, "ParentImage": "C:\\Windows\\explorer.exe", "ParentCommandLine": "C:\\Windows\\explorer.exe"}}
{"Source": "Microsoft-Windows-Sysmon", "ProviderName": "Microsoft-Windows-Sysmon", "Computer": "FIN-WS-049", "TimeCreated": "2026-06-16T14:35:33.584020", "Channel": "Microsoft-Windows-Sysmon/Operational", "event_id": "evt-normal-277991", "ground_truth": false, "attack_stage": null, "scenario": null, "mitre": null, "attacker": null, "victim": null, "confidence": 0, "EventID": 11, "Description": "File created", "EventData": {"UtcTime": "2026-06-16T14:35:33.584020", "ProcessGuid": "{A2C21C30-D321-6B65-0000-0010DF6D2000}", "ProcessId": 4820, "Image": "C:\\Windows\\System32\\notepad.exe", "TargetFilename": "C:\\Users\\agraves\\Documents\\report.txt", "CreationUtcTime": "2026-06-16T14:35:33.584020"}}
{"Source": "Microsoft-Windows-Sysmon", "ProviderName": "Microsoft-Windows-Sysmon", "Computer": "FIN-WS-020", "TimeCreated": "2026-06-16T14:39:03.584020", "Channel": "Microsoft-Windows-Sysmon/Operational", "event_id": "evt-normal-658545", "ground_truth": false, "attack_stage": null, "scenario": null, "mitre": null, "attacker": null, "victim": null, "confidence": 0, "EventID": 11, "Description": "File created", "EventData": {"UtcTime": "2026-06-16T14:39:03.584020", "ProcessGuid": "{A2C21C30-D321-6B65-0000-0010DF6D2000}", "ProcessId": 4820, "Image": "C:\\Windows\\System32\\notepad.exe", "TargetFilename": "C:\\Users\\jsmith\\Documents\\report.txt", "CreationUtcTime": "2026-06-16T14:39:03.584020"}}
{"Source": "Microsoft-Windows-Sysmon", "ProviderName": "Microsoft-Windows-Sysmon", "Computer": "FIN-WS-020", "TimeCreated": "2026-06-16T14:42:33.584020", "Channel": "Microsoft-Windows-Sysmon/Operational", "event_id": "evt-normal-278930", "ground_truth": false, "attack_stage": null, "scenario": null, "mitre": null, "attacker": null, "victim": null, "confidence": 0, "EventID": 1, "Description": "Process Create", "EventData": {"UtcTime": "2026-06-16T14:42:33.584020", "ProcessGuid": "{A2C21C30-D321-6B65-0000-0010DF6D2000}", "ProcessId": 4820, "Image": "C:\\Windows\\System32\\teams.exe", "CommandLine": "C:\\Windows\\System32\\teams.exe", "CurrentDirectory": "C:\\Windows\\system32\\", "User": "CORP\\perickson", "ParentProcessGuid": "{A2C21C30-D320-6B65-0000-0010C46D2000}", "ParentProcessId": 1024, "ParentImage": "C:\\Windows\\explorer.exe", "ParentCommandLine": "C:\\Windows\\explorer.exe"}}
